CRITICAL - 2023-12-07 10:27:03 --> Undefined variable $roles
in APPPATH\Views\UserManagementView\AddUser.php on line 73.
 1 APPPATH\Views\UserManagementView\AddUser.php(73): CodeIgniter\Debug\Exceptions->errorHandler(2, 'Undefined variable $roles', 'APPPATH\\Views\\UserManagementView\\AddUser.php', 73)
 2 SYSTEMPATH\View\View.php(213): include('APPPATH\\Views\\UserManagementView\\AddUser.php')
 3 SYSTEMPATH\View\View.php(216): CodeIgniter\View\View->CodeIgniter\View\{closure}()
 4 SYSTEMPATH\Common.php(1135): CodeIgniter\View\View->render('UserManagementView/AddUser', [], true)
 5 APPPATH\Controllers\UserManagementController.php(86): view('UserManagementView/AddUser', [...])
 6 SYSTEMPATH\CodeIgniter.php(925): App\Controllers\UserManagementController->getuserlisttoadd()
 7 SYSTEMPATH\CodeIgniter.php(480): CodeIgniter\CodeIgniter->runController(Object(App\Controllers\UserManagementController))
 8 SYSTEMPATH\CodeIgniter.php(349): CodeIgniter\CodeIgniter->handleRequest(null, Object(Config\Cache), false)
 9 FCPATH\index.php(67): CodeIgniter\CodeIgniter->run()
CRITICAL - 2023-12-07 10:27:34 --> Undefined variable $roles
in APPPATH\Views\UserManagementView\AddUser.php on line 73.
 1 APPPATH\Views\UserManagementView\AddUser.php(73): CodeIgniter\Debug\Exceptions->errorHandler(2, 'Undefined variable $roles', 'APPPATH\\Views\\UserManagementView\\AddUser.php', 73)
 2 SYSTEMPATH\View\View.php(213): include('APPPATH\\Views\\UserManagementView\\AddUser.php')
 3 SYSTEMPATH\View\View.php(216): CodeIgniter\View\View->CodeIgniter\View\{closure}()
 4 SYSTEMPATH\Common.php(1135): CodeIgniter\View\View->render('UserManagementView/AddUser', [], true)
 5 APPPATH\Controllers\UserManagementController.php(86): view('UserManagementView/AddUser', [...])
 6 SYSTEMPATH\CodeIgniter.php(925): App\Controllers\UserManagementController->getuserlisttoadd()
 7 SYSTEMPATH\CodeIgniter.php(480): CodeIgniter\CodeIgniter->runController(Object(App\Controllers\UserManagementController))
 8 SYSTEMPATH\CodeIgniter.php(349): CodeIgniter\CodeIgniter->handleRequest(null, Object(Config\Cache), false)
 9 FCPATH\index.php(67): CodeIgniter\CodeIgniter->run()
CRITICAL - 2023-12-07 10:27:35 --> Undefined variable $roles
in APPPATH\Views\UserManagementView\AddUser.php on line 73.
 1 APPPATH\Views\UserManagementView\AddUser.php(73): CodeIgniter\Debug\Exceptions->errorHandler(2, 'Undefined variable $roles', 'APPPATH\\Views\\UserManagementView\\AddUser.php', 73)
 2 SYSTEMPATH\View\View.php(213): include('APPPATH\\Views\\UserManagementView\\AddUser.php')
 3 SYSTEMPATH\View\View.php(216): CodeIgniter\View\View->CodeIgniter\View\{closure}()
 4 SYSTEMPATH\Common.php(1135): CodeIgniter\View\View->render('UserManagementView/AddUser', [], true)
 5 APPPATH\Controllers\UserManagementController.php(86): view('UserManagementView/AddUser', [...])
 6 SYSTEMPATH\CodeIgniter.php(925): App\Controllers\UserManagementController->getuserlisttoadd()
 7 SYSTEMPATH\CodeIgniter.php(480): CodeIgniter\CodeIgniter->runController(Object(App\Controllers\UserManagementController))
 8 SYSTEMPATH\CodeIgniter.php(349): CodeIgniter\CodeIgniter->handleRequest(null, Object(Config\Cache), false)
 9 FCPATH\index.php(67): CodeIgniter\CodeIgniter->run()
ERROR - 2023-12-07 11:39:18 --> mysqli_sql_exception: Table 'ithelpdesk.firewallrequestmaster' doesn't exist in C:\xampp\htdocs\ITHelpDesk\system\Database\MySQLi\Connection.php:292
Stack trace:
#0 C:\xampp\htdocs\ITHelpDesk\system\Database\MySQLi\Connection.php(292): mysqli->query('INSERT INTO `fi...', 0)
#1 C:\xampp\htdocs\ITHelpDesk\system\Database\BaseConnection.php(666): CodeIgniter\Database\MySQLi\Connection->execute('INSERT INTO `fi...')
#2 C:\xampp\htdocs\ITHelpDesk\system\Database\BaseConnection.php(593): CodeIgniter\Database\BaseConnection->simpleQuery('INSERT INTO `fi...')
#3 C:\xampp\htdocs\ITHelpDesk\system\Database\BaseBuilder.php(1916): CodeIgniter\Database\BaseConnection->query('INSERT INTO `fi...', Array, false)
#4 C:\xampp\htdocs\ITHelpDesk\system\Model.php(303): CodeIgniter\Database\BaseBuilder->insert()
#5 C:\xampp\htdocs\ITHelpDesk\system\BaseModel.php(750): CodeIgniter\Model->doInsert(Array)
#6 C:\xampp\htdocs\ITHelpDesk\system\Model.php(695): CodeIgniter\BaseModel->insert(Array, true)
#7 C:\xampp\htdocs\ITHelpDesk\app\Models\FirewallRequestModel.php(41): CodeIgniter\Model->insert(Array)
#8 C:\xampp\htdocs\ITHelpDesk\app\Controllers\Firewallrequest.php(53): App\Models\FirewallRequestModel->saveRequest(Array)
#9 C:\xampp\htdocs\ITHelpDesk\system\CodeIgniter.php(925): App\Controllers\Firewallrequest->save()
#10 C:\xampp\htdocs\ITHelpDesk\system\CodeIgniter.php(480): CodeIgniter\CodeIgniter->runController(Object(App\Controllers\Firewallrequest))
#11 C:\xampp\htdocs\ITHelpDesk\system\CodeIgniter.php(349): CodeIgniter\CodeIgniter->handleRequest(NULL, Object(Config\Cache), false)
#12 C:\xampp\htdocs\ITHelpDesk\public\index.php(67): CodeIgniter\CodeIgniter->run()
#13 {main}
CRITICAL - 2023-12-07 11:39:18 --> Table 'ithelpdesk.firewallrequestmaster' doesn't exist
in SYSTEMPATH\Database\MySQLi\Connection.php on line 292.
 1 SYSTEMPATH\Database\MySQLi\Connection.php(292): mysqli->query('INSERT INTO `firewallrequestmaster` (`staffmember`, `pfno`, `email`, `mobile`, `extention`, `date`, `department`, `position`, `approvedby`, `typeofchange`, `category`, `effectdate`, `expiredate`, `explanation`, `source`, `destination`, `protocol`, `ports`, `direction`, `action`) VALUES (\'\', \'\', \'\', \'\', \'\', \'\', \'IT\', 1, \'IT\', \'\', \'\', \'\', \'\', \'\', \'\', \'\', \'\', \'\', \'\', \'\')', 0)
 2 SYSTEMPATH\Database\BaseConnection.php(666): CodeIgniter\Database\MySQLi\Connection->execute('INSERT INTO `firewallrequestmaster` (`staffmember`, `pfno`, `email`, `mobile`, `extention`, `date`, `department`, `position`, `approvedby`, `typeofchange`, `category`, `effectdate`, `expiredate`, `explanation`, `source`, `destination`, `protocol`, `ports`, `direction`, `action`) VALUES (\'\', \'\', \'\', \'\', \'\', \'\', \'IT\', 1, \'IT\', \'\', \'\', \'\', \'\', \'\', \'\', \'\', \'\', \'\', \'\', \'\')')
 3 SYSTEMPATH\Database\BaseConnection.php(593): CodeIgniter\Database\BaseConnection->simpleQuery('INSERT INTO `firewallrequestmaster` (`staffmember`, `pfno`, `email`, `mobile`, `extention`, `date`, `department`, `position`, `approvedby`, `typeofchange`, `category`, `effectdate`, `expiredate`, `explanation`, `source`, `destination`, `protocol`, `ports`, `direction`, `action`) VALUES (\'\', \'\', \'\', \'\', \'\', \'\', \'IT\', 1, \'IT\', \'\', \'\', \'\', \'\', \'\', \'\', \'\', \'\', \'\', \'\', \'\')')
 4 SYSTEMPATH\Database\BaseBuilder.php(1916): CodeIgniter\Database\BaseConnection->query('INSERT INTO `firewallrequestmaster` (`staffmember`, `pfno`, `email`, `mobile`, `extention`, `date`, `department`, `position`, `approvedby`, `typeofchange`, `category`, `effectdate`, `expiredate`, `explanation`, `source`, `destination`, `protocol`, `ports`, `direction`, `action`) VALUES (:staffmember:, :pfno:, :email:, :mobile:, :extention:, :date:, :department:, :position:, :approvedby:, :typeofchange:, :category:, :effectdate:, :expiredate:, :explanation:, :source:, :destination:, :protocol:, :ports:, :direction:, :action:)', [...], false)
 5 SYSTEMPATH\Model.php(303): CodeIgniter\Database\BaseBuilder->insert()
 6 SYSTEMPATH\BaseModel.php(750): CodeIgniter\Model->doInsert([...])
 7 SYSTEMPATH\Model.php(695): CodeIgniter\BaseModel->insert([...], true)
 8 APPPATH\Models\FirewallRequestModel.php(41): CodeIgniter\Model->insert([...])
 9 APPPATH\Controllers\Firewallrequest.php(53): App\Models\FirewallRequestModel->saveRequest([...])
10 SYSTEMPATH\CodeIgniter.php(925): App\Controllers\Firewallrequest->save()
11 SYSTEMPATH\CodeIgniter.php(480): CodeIgniter\CodeIgniter->runController(Object(App\Controllers\Firewallrequest))
12 SYSTEMPATH\CodeIgniter.php(349): CodeIgniter\CodeIgniter->handleRequest(null, Object(Config\Cache), false)
13 FCPATH\index.php(67): CodeIgniter\CodeIgniter->run()
