CRITICAL - 2024-02-09 10:59:50 --> Undefined variable $brandlist
in APPPATH\Views\HardwareManagementView\EditHardwareBrand.php on line 95.
 1 APPPATH\Views\HardwareManagementView\EditHardwareBrand.php(95): CodeIgniter\Debug\Exceptions->errorHandler(2, 'Undefined variable $brandlist', 'APPPATH\\Views\\HardwareManagementView\\EditHardwareBrand.php', 95)
 2 SYSTEMPATH\View\View.php(213): include('APPPATH\\Views\\HardwareManagementView\\EditHardwareBrand.php')
 3 SYSTEMPATH\View\View.php(216): CodeIgniter\View\View->CodeIgniter\View\{closure}()
 4 SYSTEMPATH\Common.php(1135): CodeIgniter\View\View->render('HardwareManagementView/EditHardwareBrand', [], true)
 5 APPPATH\Controllers\HardwareController.php(54): view('HardwareManagementView/EditHardwareBrand', [...])
 6 SYSTEMPATH\CodeIgniter.php(925): App\Controllers\HardwareController->getselectedmodel('1')
 7 SYSTEMPATH\CodeIgniter.php(480): CodeIgniter\CodeIgniter->runController(Object(App\Controllers\HardwareController))
 8 SYSTEMPATH\CodeIgniter.php(349): CodeIgniter\CodeIgniter->handleRequest(null, Object(Config\Cache), false)
 9 FCPATH\index.php(67): CodeIgniter\CodeIgniter->run()
CRITICAL - 2024-02-09 11:25:38 --> Undefined variable $brandlist
in APPPATH\Views\HardwareManagementView\EditHardwareBrand.php on line 95.
 1 APPPATH\Views\HardwareManagementView\EditHardwareBrand.php(95): CodeIgniter\Debug\Exceptions->errorHandler(2, 'Undefined variable $brandlist', 'APPPATH\\Views\\HardwareManagementView\\EditHardwareBrand.php', 95)
 2 SYSTEMPATH\View\View.php(213): include('APPPATH\\Views\\HardwareManagementView\\EditHardwareBrand.php')
 3 SYSTEMPATH\View\View.php(216): CodeIgniter\View\View->CodeIgniter\View\{closure}()
 4 SYSTEMPATH\Common.php(1135): CodeIgniter\View\View->render('HardwareManagementView/EditHardwareBrand', [], true)
 5 APPPATH\Controllers\HardwareController.php(54): view('HardwareManagementView/EditHardwareBrand', [...])
 6 SYSTEMPATH\CodeIgniter.php(925): App\Controllers\HardwareController->getselectedmodel('1')
 7 SYSTEMPATH\CodeIgniter.php(480): CodeIgniter\CodeIgniter->runController(Object(App\Controllers\HardwareController))
 8 SYSTEMPATH\CodeIgniter.php(349): CodeIgniter\CodeIgniter->handleRequest(null, Object(Config\Cache), false)
 9 FCPATH\index.php(67): CodeIgniter\CodeIgniter->run()
CRITICAL - 2024-02-09 11:25:39 --> Undefined variable $brandlist
in APPPATH\Views\HardwareManagementView\EditHardwareBrand.php on line 95.
 1 APPPATH\Views\HardwareManagementView\EditHardwareBrand.php(95): CodeIgniter\Debug\Exceptions->errorHandler(2, 'Undefined variable $brandlist', 'APPPATH\\Views\\HardwareManagementView\\EditHardwareBrand.php', 95)
 2 SYSTEMPATH\View\View.php(213): include('APPPATH\\Views\\HardwareManagementView\\EditHardwareBrand.php')
 3 SYSTEMPATH\View\View.php(216): CodeIgniter\View\View->CodeIgniter\View\{closure}()
 4 SYSTEMPATH\Common.php(1135): CodeIgniter\View\View->render('HardwareManagementView/EditHardwareBrand', [], true)
 5 APPPATH\Controllers\HardwareController.php(54): view('HardwareManagementView/EditHardwareBrand', [...])
 6 SYSTEMPATH\CodeIgniter.php(925): App\Controllers\HardwareController->getselectedmodel('1')
 7 SYSTEMPATH\CodeIgniter.php(480): CodeIgniter\CodeIgniter->runController(Object(App\Controllers\HardwareController))
 8 SYSTEMPATH\CodeIgniter.php(349): CodeIgniter\CodeIgniter->handleRequest(null, Object(Config\Cache), false)
 9 FCPATH\index.php(67): CodeIgniter\CodeIgniter->run()
CRITICAL - 2024-02-09 11:26:31 --> Undefined variable $modellist
in APPPATH\Views\HardwareManagementView\EditHardwareModel.php on line 95.
 1 APPPATH\Views\HardwareManagementView\EditHardwareModel.php(95): CodeIgniter\Debug\Exceptions->errorHandler(2, 'Undefined variable $modellist', 'APPPATH\\Views\\HardwareManagementView\\EditHardwareModel.php', 95)
 2 SYSTEMPATH\View\View.php(213): include('APPPATH\\Views\\HardwareManagementView\\EditHardwareModel.php')
 3 SYSTEMPATH\View\View.php(216): CodeIgniter\View\View->CodeIgniter\View\{closure}()
 4 SYSTEMPATH\Common.php(1135): CodeIgniter\View\View->render('HardwareManagementView/EditHardwareModel', [], true)
 5 APPPATH\Controllers\HardwareController.php(54): view('HardwareManagementView/EditHardwareModel', [...])
 6 SYSTEMPATH\CodeIgniter.php(925): App\Controllers\HardwareController->getselectedmodel('1')
 7 SYSTEMPATH\CodeIgniter.php(480): CodeIgniter\CodeIgniter->runController(Object(App\Controllers\HardwareController))
 8 SYSTEMPATH\CodeIgniter.php(349): CodeIgniter\CodeIgniter->handleRequest(null, Object(Config\Cache), false)
 9 FCPATH\index.php(67): CodeIgniter\CodeIgniter->run()
CRITICAL - 2024-02-09 11:26:32 --> Undefined variable $modellist
in APPPATH\Views\HardwareManagementView\EditHardwareModel.php on line 95.
 1 APPPATH\Views\HardwareManagementView\EditHardwareModel.php(95): CodeIgniter\Debug\Exceptions->errorHandler(2, 'Undefined variable $modellist', 'APPPATH\\Views\\HardwareManagementView\\EditHardwareModel.php', 95)
 2 SYSTEMPATH\View\View.php(213): include('APPPATH\\Views\\HardwareManagementView\\EditHardwareModel.php')
 3 SYSTEMPATH\View\View.php(216): CodeIgniter\View\View->CodeIgniter\View\{closure}()
 4 SYSTEMPATH\Common.php(1135): CodeIgniter\View\View->render('HardwareManagementView/EditHardwareModel', [], true)
 5 APPPATH\Controllers\HardwareController.php(54): view('HardwareManagementView/EditHardwareModel', [...])
 6 SYSTEMPATH\CodeIgniter.php(925): App\Controllers\HardwareController->getselectedmodel('1')
 7 SYSTEMPATH\CodeIgniter.php(480): CodeIgniter\CodeIgniter->runController(Object(App\Controllers\HardwareController))
 8 SYSTEMPATH\CodeIgniter.php(349): CodeIgniter\CodeIgniter->handleRequest(null, Object(Config\Cache), false)
 9 FCPATH\index.php(67): CodeIgniter\CodeIgniter->run()
CRITICAL - 2024-02-09 11:26:35 --> Undefined variable $modellist
in APPPATH\Views\HardwareManagementView\EditHardwareModel.php on line 95.
 1 APPPATH\Views\HardwareManagementView\EditHardwareModel.php(95): CodeIgniter\Debug\Exceptions->errorHandler(2, 'Undefined variable $modellist', 'APPPATH\\Views\\HardwareManagementView\\EditHardwareModel.php', 95)
 2 SYSTEMPATH\View\View.php(213): include('APPPATH\\Views\\HardwareManagementView\\EditHardwareModel.php')
 3 SYSTEMPATH\View\View.php(216): CodeIgniter\View\View->CodeIgniter\View\{closure}()
 4 SYSTEMPATH\Common.php(1135): CodeIgniter\View\View->render('HardwareManagementView/EditHardwareModel', [], true)
 5 APPPATH\Controllers\HardwareController.php(54): view('HardwareManagementView/EditHardwareModel', [...])
 6 SYSTEMPATH\CodeIgniter.php(925): App\Controllers\HardwareController->getselectedmodel('1')
 7 SYSTEMPATH\CodeIgniter.php(480): CodeIgniter\CodeIgniter->runController(Object(App\Controllers\HardwareController))
 8 SYSTEMPATH\CodeIgniter.php(349): CodeIgniter\CodeIgniter->handleRequest(null, Object(Config\Cache), false)
 9 FCPATH\index.php(67): CodeIgniter\CodeIgniter->run()
CRITICAL - 2024-02-09 11:26:41 --> Undefined variable $modellist
in APPPATH\Views\HardwareManagementView\EditHardwareModel.php on line 95.
 1 APPPATH\Views\HardwareManagementView\EditHardwareModel.php(95): CodeIgniter\Debug\Exceptions->errorHandler(2, 'Undefined variable $modellist', 'APPPATH\\Views\\HardwareManagementView\\EditHardwareModel.php', 95)
 2 SYSTEMPATH\View\View.php(213): include('APPPATH\\Views\\HardwareManagementView\\EditHardwareModel.php')
 3 SYSTEMPATH\View\View.php(216): CodeIgniter\View\View->CodeIgniter\View\{closure}()
 4 SYSTEMPATH\Common.php(1135): CodeIgniter\View\View->render('HardwareManagementView/EditHardwareModel', [], true)
 5 APPPATH\Controllers\HardwareController.php(54): view('HardwareManagementView/EditHardwareModel', [...])
 6 SYSTEMPATH\CodeIgniter.php(925): App\Controllers\HardwareController->getselectedmodel('1')
 7 SYSTEMPATH\CodeIgniter.php(480): CodeIgniter\CodeIgniter->runController(Object(App\Controllers\HardwareController))
 8 SYSTEMPATH\CodeIgniter.php(349): CodeIgniter\CodeIgniter->handleRequest(null, Object(Config\Cache), false)
 9 FCPATH\index.php(67): CodeIgniter\CodeIgniter->run()
CRITICAL - 2024-02-09 11:27:07 --> Undefined property: stdClass::$model_name
in APPPATH\Views\HardwareManagementView\EditHardwareModel.php on line 99.
 1 APPPATH\Views\HardwareManagementView\EditHardwareModel.php(99): CodeIgniter\Debug\Exceptions->errorHandler(2, 'Undefined property: stdClass::$model_name', 'APPPATH\\Views\\HardwareManagementView\\EditHardwareModel.php', 99)
 2 SYSTEMPATH\View\View.php(213): include('APPPATH\\Views\\HardwareManagementView\\EditHardwareModel.php')
 3 SYSTEMPATH\View\View.php(216): CodeIgniter\View\View->CodeIgniter\View\{closure}()
 4 SYSTEMPATH\Common.php(1135): CodeIgniter\View\View->render('HardwareManagementView/EditHardwareModel', [], true)
 5 APPPATH\Controllers\HardwareController.php(56): view('HardwareManagementView/EditHardwareModel', [...])
 6 SYSTEMPATH\CodeIgniter.php(925): App\Controllers\HardwareController->getselectedmodel('1')
 7 SYSTEMPATH\CodeIgniter.php(480): CodeIgniter\CodeIgniter->runController(Object(App\Controllers\HardwareController))
 8 SYSTEMPATH\CodeIgniter.php(349): CodeIgniter\CodeIgniter->handleRequest(null, Object(Config\Cache), false)
 9 FCPATH\index.php(67): CodeIgniter\CodeIgniter->run()
CRITICAL - 2024-02-09 11:27:08 --> Undefined property: stdClass::$model_name
in APPPATH\Views\HardwareManagementView\EditHardwareModel.php on line 99.
 1 APPPATH\Views\HardwareManagementView\EditHardwareModel.php(99): CodeIgniter\Debug\Exceptions->errorHandler(2, 'Undefined property: stdClass::$model_name', 'APPPATH\\Views\\HardwareManagementView\\EditHardwareModel.php', 99)
 2 SYSTEMPATH\View\View.php(213): include('APPPATH\\Views\\HardwareManagementView\\EditHardwareModel.php')
 3 SYSTEMPATH\View\View.php(216): CodeIgniter\View\View->CodeIgniter\View\{closure}()
 4 SYSTEMPATH\Common.php(1135): CodeIgniter\View\View->render('HardwareManagementView/EditHardwareModel', [], true)
 5 APPPATH\Controllers\HardwareController.php(56): view('HardwareManagementView/EditHardwareModel', [...])
 6 SYSTEMPATH\CodeIgniter.php(925): App\Controllers\HardwareController->getselectedmodel('1')
 7 SYSTEMPATH\CodeIgniter.php(480): CodeIgniter\CodeIgniter->runController(Object(App\Controllers\HardwareController))
 8 SYSTEMPATH\CodeIgniter.php(349): CodeIgniter\CodeIgniter->handleRequest(null, Object(Config\Cache), false)
 9 FCPATH\index.php(67): CodeIgniter\CodeIgniter->run()
CRITICAL - 2024-02-09 11:45:44 --> Undefined property: stdClass::$model_name
in APPPATH\Views\HardwareManagementView\EditHardwareModel.php on line 99.
 1 APPPATH\Views\HardwareManagementView\EditHardwareModel.php(99): CodeIgniter\Debug\Exceptions->errorHandler(2, 'Undefined property: stdClass::$model_name', 'APPPATH\\Views\\HardwareManagementView\\EditHardwareModel.php', 99)
 2 SYSTEMPATH\View\View.php(213): include('APPPATH\\Views\\HardwareManagementView\\EditHardwareModel.php')
 3 SYSTEMPATH\View\View.php(216): CodeIgniter\View\View->CodeIgniter\View\{closure}()
 4 SYSTEMPATH\Common.php(1135): CodeIgniter\View\View->render('HardwareManagementView/EditHardwareModel', [], true)
 5 APPPATH\Controllers\HardwareController.php(56): view('HardwareManagementView/EditHardwareModel', [...])
 6 SYSTEMPATH\CodeIgniter.php(925): App\Controllers\HardwareController->getselectedmodel('1')
 7 SYSTEMPATH\CodeIgniter.php(480): CodeIgniter\CodeIgniter->runController(Object(App\Controllers\HardwareController))
 8 SYSTEMPATH\CodeIgniter.php(349): CodeIgniter\CodeIgniter->handleRequest(null, Object(Config\Cache), false)
 9 FCPATH\index.php(67): CodeIgniter\CodeIgniter->run()
CRITICAL - 2024-02-09 11:45:45 --> Undefined property: stdClass::$model_name
in APPPATH\Views\HardwareManagementView\EditHardwareModel.php on line 99.
 1 APPPATH\Views\HardwareManagementView\EditHardwareModel.php(99): CodeIgniter\Debug\Exceptions->errorHandler(2, 'Undefined property: stdClass::$model_name', 'APPPATH\\Views\\HardwareManagementView\\EditHardwareModel.php', 99)
 2 SYSTEMPATH\View\View.php(213): include('APPPATH\\Views\\HardwareManagementView\\EditHardwareModel.php')
 3 SYSTEMPATH\View\View.php(216): CodeIgniter\View\View->CodeIgniter\View\{closure}()
 4 SYSTEMPATH\Common.php(1135): CodeIgniter\View\View->render('HardwareManagementView/EditHardwareModel', [], true)
 5 APPPATH\Controllers\HardwareController.php(56): view('HardwareManagementView/EditHardwareModel', [...])
 6 SYSTEMPATH\CodeIgniter.php(925): App\Controllers\HardwareController->getselectedmodel('1')
 7 SYSTEMPATH\CodeIgniter.php(480): CodeIgniter\CodeIgniter->runController(Object(App\Controllers\HardwareController))
 8 SYSTEMPATH\CodeIgniter.php(349): CodeIgniter\CodeIgniter->handleRequest(null, Object(Config\Cache), false)
 9 FCPATH\index.php(67): CodeIgniter\CodeIgniter->run()
CRITICAL - 2024-02-09 11:45:46 --> Undefined property: stdClass::$model_name
in APPPATH\Views\HardwareManagementView\EditHardwareModel.php on line 99.
 1 APPPATH\Views\HardwareManagementView\EditHardwareModel.php(99): CodeIgniter\Debug\Exceptions->errorHandler(2, 'Undefined property: stdClass::$model_name', 'APPPATH\\Views\\HardwareManagementView\\EditHardwareModel.php', 99)
 2 SYSTEMPATH\View\View.php(213): include('APPPATH\\Views\\HardwareManagementView\\EditHardwareModel.php')
 3 SYSTEMPATH\View\View.php(216): CodeIgniter\View\View->CodeIgniter\View\{closure}()
 4 SYSTEMPATH\Common.php(1135): CodeIgniter\View\View->render('HardwareManagementView/EditHardwareModel', [], true)
 5 APPPATH\Controllers\HardwareController.php(56): view('HardwareManagementView/EditHardwareModel', [...])
 6 SYSTEMPATH\CodeIgniter.php(925): App\Controllers\HardwareController->getselectedmodel('1')
 7 SYSTEMPATH\CodeIgniter.php(480): CodeIgniter\CodeIgniter->runController(Object(App\Controllers\HardwareController))
 8 SYSTEMPATH\CodeIgniter.php(349): CodeIgniter\CodeIgniter->handleRequest(null, Object(Config\Cache), false)
 9 FCPATH\index.php(67): CodeIgniter\CodeIgniter->run()
