ERROR - 2024-02-03 02:00:23 --> Error connecting to the database: mysqli_sql_exception: No connection could be made because the target machine actively refused it in C:\xampp\htdocs\ITHelpDesk\system\Database\MySQLi\Connection.php:171
Stack trace:
#0 C:\xampp\htdocs\ITHelpDesk\system\Database\MySQLi\Connection.php(171): mysqli->real_connect('localhost', 'root', '', 'ithelpdesk', 3306, '', 0)
#1 C:\xampp\htdocs\ITHelpDesk\system\Database\BaseConnection.php(382): CodeIgniter\Database\MySQLi\Connection->connect(false)
#2 C:\xampp\htdocs\ITHelpDesk\system\Database\BaseConnection.php(561): CodeIgniter\Database\BaseConnection->initialize()
#3 C:\xampp\htdocs\ITHelpDesk\system\Database\BaseBuilder.php(1585): CodeIgniter\Database\BaseConnection->query('SELECT *\nFROM `...', Array, false)
#4 C:\xampp\htdocs\ITHelpDesk\system\Model.php(805): CodeIgniter\Database\BaseBuilder->get()
#5 C:\xampp\htdocs\ITHelpDesk\app\Models\RoleModel.php(32): CodeIgniter\Model->__call('get', Array)
#6 C:\xampp\htdocs\ITHelpDesk\app\Controllers\RoleManagementController.php(66): App\Models\RoleModel->getRole()
#7 C:\xampp\htdocs\ITHelpDesk\system\CodeIgniter.php(925): App\Controllers\RoleManagementController->getrolelist()
#8 C:\xampp\htdocs\ITHelpDesk\system\CodeIgniter.php(480): CodeIgniter\CodeIgniter->runController(Object(App\Controllers\RoleManagementController))
#9 C:\xampp\htdocs\ITHelpDesk\system\CodeIgniter.php(349): CodeIgniter\CodeIgniter->handleRequest(NULL, Object(Config\Cache), false)
#10 C:\xampp\htdocs\ITHelpDesk\public\index.php(67): CodeIgniter\CodeIgniter->run()
#11 {main}

Next CodeIgniter\Database\Exceptions\DatabaseException: No connection could be made because the target machine actively refused it in C:\xampp\htdocs\ITHelpDesk\system\Database\MySQLi\Connection.php:215
Stack trace:
#0 C:\xampp\htdocs\ITHelpDesk\system\Database\BaseConnection.php(382): CodeIgniter\Database\MySQLi\Connection->connect(false)
#1 C:\xampp\htdocs\ITHelpDesk\system\Database\BaseConnection.php(561): CodeIgniter\Database\BaseConnection->initialize()
#2 C:\xampp\htdocs\ITHelpDesk\system\Database\BaseBuilder.php(1585): CodeIgniter\Database\BaseConnection->query('SELECT *\nFROM `...', Array, false)
#3 C:\xampp\htdocs\ITHelpDesk\system\Model.php(805): CodeIgniter\Database\BaseBuilder->get()
#4 C:\xampp\htdocs\ITHelpDesk\app\Models\RoleModel.php(32): CodeIgniter\Model->__call('get', Array)
#5 C:\xampp\htdocs\ITHelpDesk\app\Controllers\RoleManagementController.php(66): App\Models\RoleModel->getRole()
#6 C:\xampp\htdocs\ITHelpDesk\system\CodeIgniter.php(925): App\Controllers\RoleManagementController->getrolelist()
#7 C:\xampp\htdocs\ITHelpDesk\system\CodeIgniter.php(480): CodeIgniter\CodeIgniter->runController(Object(App\Controllers\RoleManagementController))
#8 C:\xampp\htdocs\ITHelpDesk\system\CodeIgniter.php(349): CodeIgniter\CodeIgniter->handleRequest(NULL, Object(Config\Cache), false)
#9 C:\xampp\htdocs\ITHelpDesk\public\index.php(67): CodeIgniter\CodeIgniter->run()
#10 {main}
CRITICAL - 2024-02-03 02:00:23 --> Unable to connect to the database.
Main connection [MySQLi]: No connection could be made because the target machine actively refused it
in SYSTEMPATH\Database\BaseConnection.php on line 418.
 1 SYSTEMPATH\Database\BaseConnection.php(561): CodeIgniter\Database\BaseConnection->initialize()
 2 SYSTEMPATH\Database\BaseBuilder.php(1585): CodeIgniter\Database\BaseConnection->query('SELECT *
FROM `roles_master`', [], false)
 3 SYSTEMPATH\Model.php(805): CodeIgniter\Database\BaseBuilder->get()
 4 APPPATH\Models\RoleModel.php(32): CodeIgniter\Model->__call('get', [])
 5 APPPATH\Controllers\RoleManagementController.php(66): App\Models\RoleModel->getRole()
 6 SYSTEMPATH\CodeIgniter.php(925): App\Controllers\RoleManagementController->getrolelist()
 7 SYSTEMPATH\CodeIgniter.php(480): CodeIgniter\CodeIgniter->runController(Object(App\Controllers\RoleManagementController))
 8 SYSTEMPATH\CodeIgniter.php(349): CodeIgniter\CodeIgniter->handleRequest(null, Object(Config\Cache), false)
 9 FCPATH\index.php(67): CodeIgniter\CodeIgniter->run()
CRITICAL - 2024-02-03 02:27:38 --> Undefined property: stdClass::$assign_group
in APPPATH\Views\UserManagementView\ViewUser.php on line 73.
 1 APPPATH\Views\UserManagementView\ViewUser.php(73): CodeIgniter\Debug\Exceptions->errorHandler(2, 'Undefined property: stdClass::$assign_group', 'APPPATH\\Views\\UserManagementView\\ViewUser.php', 73)
 2 SYSTEMPATH\View\View.php(213): include('APPPATH\\Views\\UserManagementView\\ViewUser.php')
 3 SYSTEMPATH\View\View.php(216): CodeIgniter\View\View->CodeIgniter\View\{closure}()
 4 SYSTEMPATH\Common.php(1135): CodeIgniter\View\View->render('UserManagementView/ViewUser', [], true)
 5 APPPATH\Controllers\UserManagementController.php(102): view('UserManagementView/ViewUser', [...])
 6 SYSTEMPATH\CodeIgniter.php(925): App\Controllers\UserManagementController->getuserlist()
 7 SYSTEMPATH\CodeIgniter.php(480): CodeIgniter\CodeIgniter->runController(Object(App\Controllers\UserManagementController))
 8 SYSTEMPATH\CodeIgniter.php(349): CodeIgniter\CodeIgniter->handleRequest(null, Object(Config\Cache), false)
 9 FCPATH\index.php(67): CodeIgniter\CodeIgniter->run()
CRITICAL - 2024-02-03 02:28:30 --> Undefined property: stdClass::$assign_group
in APPPATH\Views\UserManagementView\ViewUser.php on line 73.
 1 APPPATH\Views\UserManagementView\ViewUser.php(73): CodeIgniter\Debug\Exceptions->errorHandler(2, 'Undefined property: stdClass::$assign_group', 'APPPATH\\Views\\UserManagementView\\ViewUser.php', 73)
 2 SYSTEMPATH\View\View.php(213): include('APPPATH\\Views\\UserManagementView\\ViewUser.php')
 3 SYSTEMPATH\View\View.php(216): CodeIgniter\View\View->CodeIgniter\View\{closure}()
 4 SYSTEMPATH\Common.php(1135): CodeIgniter\View\View->render('UserManagementView/ViewUser', [], true)
 5 APPPATH\Controllers\UserManagementController.php(102): view('UserManagementView/ViewUser', [...])
 6 SYSTEMPATH\CodeIgniter.php(925): App\Controllers\UserManagementController->getuserlist()
 7 SYSTEMPATH\CodeIgniter.php(480): CodeIgniter\CodeIgniter->runController(Object(App\Controllers\UserManagementController))
 8 SYSTEMPATH\CodeIgniter.php(349): CodeIgniter\CodeIgniter->handleRequest(null, Object(Config\Cache), false)
 9 FCPATH\index.php(67): CodeIgniter\CodeIgniter->run()
CRITICAL - 2024-02-03 02:28:34 --> Undefined property: stdClass::$assign_group
in APPPATH\Views\UserManagementView\ViewUser.php on line 73.
 1 APPPATH\Views\UserManagementView\ViewUser.php(73): CodeIgniter\Debug\Exceptions->errorHandler(2, 'Undefined property: stdClass::$assign_group', 'APPPATH\\Views\\UserManagementView\\ViewUser.php', 73)
 2 SYSTEMPATH\View\View.php(213): include('APPPATH\\Views\\UserManagementView\\ViewUser.php')
 3 SYSTEMPATH\View\View.php(216): CodeIgniter\View\View->CodeIgniter\View\{closure}()
 4 SYSTEMPATH\Common.php(1135): CodeIgniter\View\View->render('UserManagementView/ViewUser', [], true)
 5 APPPATH\Controllers\UserManagementController.php(102): view('UserManagementView/ViewUser', [...])
 6 SYSTEMPATH\CodeIgniter.php(925): App\Controllers\UserManagementController->getuserlist()
 7 SYSTEMPATH\CodeIgniter.php(480): CodeIgniter\CodeIgniter->runController(Object(App\Controllers\UserManagementController))
 8 SYSTEMPATH\CodeIgniter.php(349): CodeIgniter\CodeIgniter->handleRequest(null, Object(Config\Cache), false)
 9 FCPATH\index.php(67): CodeIgniter\CodeIgniter->run()
CRITICAL - 2024-02-03 02:29:36 --> Undefined property: stdClass::$assign_group
in APPPATH\Views\UserManagementView\ViewUser.php on line 73.
 1 APPPATH\Views\UserManagementView\ViewUser.php(73): CodeIgniter\Debug\Exceptions->errorHandler(2, 'Undefined property: stdClass::$assign_group', 'APPPATH\\Views\\UserManagementView\\ViewUser.php', 73)
 2 SYSTEMPATH\View\View.php(213): include('APPPATH\\Views\\UserManagementView\\ViewUser.php')
 3 SYSTEMPATH\View\View.php(216): CodeIgniter\View\View->CodeIgniter\View\{closure}()
 4 SYSTEMPATH\Common.php(1135): CodeIgniter\View\View->render('UserManagementView/ViewUser', [], true)
 5 APPPATH\Controllers\UserManagementController.php(102): view('UserManagementView/ViewUser', [...])
 6 SYSTEMPATH\CodeIgniter.php(925): App\Controllers\UserManagementController->getuserlist()
 7 SYSTEMPATH\CodeIgniter.php(480): CodeIgniter\CodeIgniter->runController(Object(App\Controllers\UserManagementController))
 8 SYSTEMPATH\CodeIgniter.php(349): CodeIgniter\CodeIgniter->handleRequest(null, Object(Config\Cache), false)
 9 FCPATH\index.php(67): CodeIgniter\CodeIgniter->run()
CRITICAL - 2024-02-03 03:02:51 --> Undefined property: stdClass::$assign_group
in APPPATH\Views\UserManagementView\ViewUser.php on line 73.
 1 APPPATH\Views\UserManagementView\ViewUser.php(73): CodeIgniter\Debug\Exceptions->errorHandler(2, 'Undefined property: stdClass::$assign_group', 'APPPATH\\Views\\UserManagementView\\ViewUser.php', 73)
 2 SYSTEMPATH\View\View.php(213): include('APPPATH\\Views\\UserManagementView\\ViewUser.php')
 3 SYSTEMPATH\View\View.php(216): CodeIgniter\View\View->CodeIgniter\View\{closure}()
 4 SYSTEMPATH\Common.php(1135): CodeIgniter\View\View->render('UserManagementView/ViewUser', [], true)
 5 APPPATH\Controllers\UserManagementController.php(102): view('UserManagementView/ViewUser', [...])
 6 SYSTEMPATH\CodeIgniter.php(925): App\Controllers\UserManagementController->getuserlist()
 7 SYSTEMPATH\CodeIgniter.php(480): CodeIgniter\CodeIgniter->runController(Object(App\Controllers\UserManagementController))
 8 SYSTEMPATH\CodeIgniter.php(349): CodeIgniter\CodeIgniter->handleRequest(null, Object(Config\Cache), false)
 9 FCPATH\index.php(67): CodeIgniter\CodeIgniter->run()
CRITICAL - 2024-02-03 03:04:30 --> Undefined property: stdClass::$primary_dpt
in APPPATH\Views\UserManagementView\ViewUser.php on line 72.
 1 APPPATH\Views\UserManagementView\ViewUser.php(72): CodeIgniter\Debug\Exceptions->errorHandler(2, 'Undefined property: stdClass::$primary_dpt', 'APPPATH\\Views\\UserManagementView\\ViewUser.php', 72)
 2 SYSTEMPATH\View\View.php(213): include('APPPATH\\Views\\UserManagementView\\ViewUser.php')
 3 SYSTEMPATH\View\View.php(216): CodeIgniter\View\View->CodeIgniter\View\{closure}()
 4 SYSTEMPATH\Common.php(1135): CodeIgniter\View\View->render('UserManagementView/ViewUser', [], true)
 5 APPPATH\Controllers\UserManagementController.php(102): view('UserManagementView/ViewUser', [...])
 6 SYSTEMPATH\CodeIgniter.php(925): App\Controllers\UserManagementController->getuserlist()
 7 SYSTEMPATH\CodeIgniter.php(480): CodeIgniter\CodeIgniter->runController(Object(App\Controllers\UserManagementController))
 8 SYSTEMPATH\CodeIgniter.php(349): CodeIgniter\CodeIgniter->handleRequest(null, Object(Config\Cache), false)
 9 FCPATH\index.php(67): CodeIgniter\CodeIgniter->run()
CRITICAL - 2024-02-03 03:04:31 --> Undefined property: stdClass::$primary_dpt
in APPPATH\Views\UserManagementView\ViewUser.php on line 72.
 1 APPPATH\Views\UserManagementView\ViewUser.php(72): CodeIgniter\Debug\Exceptions->errorHandler(2, 'Undefined property: stdClass::$primary_dpt', 'APPPATH\\Views\\UserManagementView\\ViewUser.php', 72)
 2 SYSTEMPATH\View\View.php(213): include('APPPATH\\Views\\UserManagementView\\ViewUser.php')
 3 SYSTEMPATH\View\View.php(216): CodeIgniter\View\View->CodeIgniter\View\{closure}()
 4 SYSTEMPATH\Common.php(1135): CodeIgniter\View\View->render('UserManagementView/ViewUser', [], true)
 5 APPPATH\Controllers\UserManagementController.php(102): view('UserManagementView/ViewUser', [...])
 6 SYSTEMPATH\CodeIgniter.php(925): App\Controllers\UserManagementController->getuserlist()
 7 SYSTEMPATH\CodeIgniter.php(480): CodeIgniter\CodeIgniter->runController(Object(App\Controllers\UserManagementController))
 8 SYSTEMPATH\CodeIgniter.php(349): CodeIgniter\CodeIgniter->handleRequest(null, Object(Config\Cache), false)
 9 FCPATH\index.php(67): CodeIgniter\CodeIgniter->run()
CRITICAL - 2024-02-03 03:05:18 --> Undefined property: stdClass::$assign_group
in APPPATH\Views\UserManagementView\AddUser.php on line 189.
 1 APPPATH\Views\UserManagementView\AddUser.php(189): CodeIgniter\Debug\Exceptions->errorHandler(2, 'Undefined property: stdClass::$assign_group', 'APPPATH\\Views\\UserManagementView\\AddUser.php', 189)
 2 SYSTEMPATH\View\View.php(213): include('APPPATH\\Views\\UserManagementView\\AddUser.php')
 3 SYSTEMPATH\View\View.php(216): CodeIgniter\View\View->CodeIgniter\View\{closure}()
 4 SYSTEMPATH\Common.php(1135): CodeIgniter\View\View->render('UserManagementView/AddUser', [], true)
 5 APPPATH\Controllers\UserManagementController.php(116): view('UserManagementView/AddUser', [...])
 6 SYSTEMPATH\CodeIgniter.php(925): App\Controllers\UserManagementController->getuserlisttoadd()
 7 SYSTEMPATH\CodeIgniter.php(480): CodeIgniter\CodeIgniter->runController(Object(App\Controllers\UserManagementController))
 8 SYSTEMPATH\CodeIgniter.php(349): CodeIgniter\CodeIgniter->handleRequest(null, Object(Config\Cache), false)
 9 FCPATH\index.php(67): CodeIgniter\CodeIgniter->run()
CRITICAL - 2024-02-03 03:06:25 --> Undefined array key "assign_group"
in APPPATH\Controllers\UserManagementController.php on line 63.
 1 APPPATH\Controllers\UserManagementController.php(63): CodeIgniter\Debug\Exceptions->errorHandler(2, 'Undefined array key "assign_group"', 'APPPATH\\Controllers\\UserManagementController.php', 63)
 2 SYSTEMPATH\CodeIgniter.php(925): App\Controllers\UserManagementController->getselecteduser('1')
 3 SYSTEMPATH\CodeIgniter.php(480): CodeIgniter\CodeIgniter->runController(Object(App\Controllers\UserManagementController))
 4 SYSTEMPATH\CodeIgniter.php(349): CodeIgniter\CodeIgniter->handleRequest(null, Object(Config\Cache), false)
 5 FCPATH\index.php(67): CodeIgniter\CodeIgniter->run()
CRITICAL - 2024-02-03 03:12:56 --> Undefined array key "assign_group"
in APPPATH\Controllers\UserManagementController.php on line 63.
 1 APPPATH\Controllers\UserManagementController.php(63): CodeIgniter\Debug\Exceptions->errorHandler(2, 'Undefined array key "assign_group"', 'APPPATH\\Controllers\\UserManagementController.php', 63)
 2 SYSTEMPATH\CodeIgniter.php(925): App\Controllers\UserManagementController->getselecteduser('1')
 3 SYSTEMPATH\CodeIgniter.php(480): CodeIgniter\CodeIgniter->runController(Object(App\Controllers\UserManagementController))
 4 SYSTEMPATH\CodeIgniter.php(349): CodeIgniter\CodeIgniter->handleRequest(null, Object(Config\Cache), false)
 5 FCPATH\index.php(67): CodeIgniter\CodeIgniter->run()
CRITICAL - 2024-02-03 03:13:36 --> Undefined array key "primary_dpt"
in APPPATH\Controllers\UserManagementController.php on line 63.
 1 APPPATH\Controllers\UserManagementController.php(63): CodeIgniter\Debug\Exceptions->errorHandler(2, 'Undefined array key "primary_dpt"', 'APPPATH\\Controllers\\UserManagementController.php', 63)
 2 SYSTEMPATH\CodeIgniter.php(925): App\Controllers\UserManagementController->getselecteduser('1')
 3 SYSTEMPATH\CodeIgniter.php(480): CodeIgniter\CodeIgniter->runController(Object(App\Controllers\UserManagementController))
 4 SYSTEMPATH\CodeIgniter.php(349): CodeIgniter\CodeIgniter->handleRequest(null, Object(Config\Cache), false)
 5 FCPATH\index.php(67): CodeIgniter\CodeIgniter->run()
CRITICAL - 2024-02-03 03:13:37 --> Undefined array key "primary_dpt"
in APPPATH\Controllers\UserManagementController.php on line 63.
 1 APPPATH\Controllers\UserManagementController.php(63): CodeIgniter\Debug\Exceptions->errorHandler(2, 'Undefined array key "primary_dpt"', 'APPPATH\\Controllers\\UserManagementController.php', 63)
 2 SYSTEMPATH\CodeIgniter.php(925): App\Controllers\UserManagementController->getselecteduser('1')
 3 SYSTEMPATH\CodeIgniter.php(480): CodeIgniter\CodeIgniter->runController(Object(App\Controllers\UserManagementController))
 4 SYSTEMPATH\CodeIgniter.php(349): CodeIgniter\CodeIgniter->handleRequest(null, Object(Config\Cache), false)
 5 FCPATH\index.php(67): CodeIgniter\CodeIgniter->run()
CRITICAL - 2024-02-03 03:13:54 --> Undefined array key "edituserassign_group"
in APPPATH\Controllers\UserManagementController.php on line 68.
 1 APPPATH\Controllers\UserManagementController.php(68): CodeIgniter\Debug\Exceptions->errorHandler(2, 'Undefined array key "edituserassign_group"', 'APPPATH\\Controllers\\UserManagementController.php', 68)
 2 SYSTEMPATH\CodeIgniter.php(925): App\Controllers\UserManagementController->getselecteduser('1')
 3 SYSTEMPATH\CodeIgniter.php(480): CodeIgniter\CodeIgniter->runController(Object(App\Controllers\UserManagementController))
 4 SYSTEMPATH\CodeIgniter.php(349): CodeIgniter\CodeIgniter->handleRequest(null, Object(Config\Cache), false)
 5 FCPATH\index.php(67): CodeIgniter\CodeIgniter->run()
CRITICAL - 2024-02-03 03:13:55 --> Undefined array key "edituserassign_group"
in APPPATH\Controllers\UserManagementController.php on line 68.
 1 APPPATH\Controllers\UserManagementController.php(68): CodeIgniter\Debug\Exceptions->errorHandler(2, 'Undefined array key "edituserassign_group"', 'APPPATH\\Controllers\\UserManagementController.php', 68)
 2 SYSTEMPATH\CodeIgniter.php(925): App\Controllers\UserManagementController->getselecteduser('1')
 3 SYSTEMPATH\CodeIgniter.php(480): CodeIgniter\CodeIgniter->runController(Object(App\Controllers\UserManagementController))
 4 SYSTEMPATH\CodeIgniter.php(349): CodeIgniter\CodeIgniter->handleRequest(null, Object(Config\Cache), false)
 5 FCPATH\index.php(67): CodeIgniter\CodeIgniter->run()
CRITICAL - 2024-02-03 06:11:47 --> Undefined property: stdClass::$primary_dpt
in APPPATH\Views\UserManagementView\EditUser.php on line 204.
 1 APPPATH\Views\UserManagementView\EditUser.php(204): CodeIgniter\Debug\Exceptions->errorHandler(2, 'Undefined property: stdClass::$primary_dpt', 'APPPATH\\Views\\UserManagementView\\EditUser.php', 204)
 2 SYSTEMPATH\View\View.php(213): include('APPPATH\\Views\\UserManagementView\\EditUser.php')
 3 SYSTEMPATH\View\View.php(216): CodeIgniter\View\View->CodeIgniter\View\{closure}()
 4 SYSTEMPATH\Common.php(1135): CodeIgniter\View\View->render('UserManagementView/EditUser', [], true)
 5 APPPATH\Controllers\UserManagementController.php(75): view('UserManagementView/EditUser', [...])
 6 SYSTEMPATH\CodeIgniter.php(925): App\Controllers\UserManagementController->getselecteduser('1')
 7 SYSTEMPATH\CodeIgniter.php(480): CodeIgniter\CodeIgniter->runController(Object(App\Controllers\UserManagementController))
 8 SYSTEMPATH\CodeIgniter.php(349): CodeIgniter\CodeIgniter->handleRequest(null, Object(Config\Cache), false)
 9 FCPATH\index.php(67): CodeIgniter\CodeIgniter->run()
CRITICAL - 2024-02-03 06:12:04 --> The route for "not_good_id_method" cannot be found.
in SYSTEMPATH\HTTP\RedirectResponse.php on line 60.
 1 SYSTEMPATH\HTTP\RedirectResponse.php(60): CodeIgniter\HTTP\Exceptions\HTTPException::forInvalidRedirectRoute('not_good_id_method')
 2 SYSTEMPATH\Common.php(861): CodeIgniter\HTTP\RedirectResponse->route(false)
 3 APPPATH\Controllers\UserManagementController.php(77): redirect('not_good_id_method', 'refresh')
 4 SYSTEMPATH\CodeIgniter.php(925): App\Controllers\UserManagementController->getselecteduser('FCPATH\\images', 'logo.png')
 5 SYSTEMPATH\CodeIgniter.php(480): CodeIgniter\CodeIgniter->runController(Object(App\Controllers\UserManagementController))
 6 SYSTEMPATH\CodeIgniter.php(349): CodeIgniter\CodeIgniter->handleRequest(null, Object(Config\Cache), false)
 7 FCPATH\index.php(67): CodeIgniter\CodeIgniter->run()
CRITICAL - 2024-02-03 06:12:04 --> The route for "not_good_id_method" cannot be found.
in SYSTEMPATH\HTTP\RedirectResponse.php on line 60.
 1 SYSTEMPATH\HTTP\RedirectResponse.php(60): CodeIgniter\HTTP\Exceptions\HTTPException::forInvalidRedirectRoute('not_good_id_method')
 2 SYSTEMPATH\Common.php(861): CodeIgniter\HTTP\RedirectResponse->route(false)
 3 APPPATH\Controllers\UserManagementController.php(77): redirect('not_good_id_method', 'refresh')
 4 SYSTEMPATH\CodeIgniter.php(925): App\Controllers\UserManagementController->getselecteduser('FCPATH\\images', 'logo-compact.png')
 5 SYSTEMPATH\CodeIgniter.php(480): CodeIgniter\CodeIgniter->runController(Object(App\Controllers\UserManagementController))
 6 SYSTEMPATH\CodeIgniter.php(349): CodeIgniter\CodeIgniter->handleRequest(null, Object(Config\Cache), false)
 7 FCPATH\index.php(67): CodeIgniter\CodeIgniter->run()
CRITICAL - 2024-02-03 06:12:04 --> The route for "not_good_id_method" cannot be found.
in SYSTEMPATH\HTTP\RedirectResponse.php on line 60.
 1 SYSTEMPATH\HTTP\RedirectResponse.php(60): CodeIgniter\HTTP\Exceptions\HTTPException::forInvalidRedirectRoute('not_good_id_method')
 2 SYSTEMPATH\Common.php(861): CodeIgniter\HTTP\RedirectResponse->route(false)
 3 APPPATH\Controllers\UserManagementController.php(77): redirect('not_good_id_method', 'refresh')
 4 SYSTEMPATH\CodeIgniter.php(925): App\Controllers\UserManagementController->getselecteduser('FCPATH\\images', 'avatar', '1.jpg')
 5 SYSTEMPATH\CodeIgniter.php(480): CodeIgniter\CodeIgniter->runController(Object(App\Controllers\UserManagementController))
 6 SYSTEMPATH\CodeIgniter.php(349): CodeIgniter\CodeIgniter->handleRequest(null, Object(Config\Cache), false)
 7 FCPATH\index.php(67): CodeIgniter\CodeIgniter->run()
CRITICAL - 2024-02-03 06:12:04 --> The route for "not_good_id_method" cannot be found.
in SYSTEMPATH\HTTP\RedirectResponse.php on line 60.
 1 SYSTEMPATH\HTTP\RedirectResponse.php(60): CodeIgniter\HTTP\Exceptions\HTTPException::forInvalidRedirectRoute('not_good_id_method')
 2 SYSTEMPATH\Common.php(861): CodeIgniter\HTTP\RedirectResponse->route(false)
 3 APPPATH\Controllers\UserManagementController.php(77): redirect('not_good_id_method', 'refresh')
 4 SYSTEMPATH\CodeIgniter.php(925): App\Controllers\UserManagementController->getselecteduser('FCPATH\\images', 'avatar', '3.jpg')
 5 SYSTEMPATH\CodeIgniter.php(480): CodeIgniter\CodeIgniter->runController(Object(App\Controllers\UserManagementController))
 6 SYSTEMPATH\CodeIgniter.php(349): CodeIgniter\CodeIgniter->handleRequest(null, Object(Config\Cache), false)
 7 FCPATH\index.php(67): CodeIgniter\CodeIgniter->run()
CRITICAL - 2024-02-03 06:12:04 --> The route for "not_good_id_method" cannot be found.
in SYSTEMPATH\HTTP\RedirectResponse.php on line 60.
 1 SYSTEMPATH\HTTP\RedirectResponse.php(60): CodeIgniter\HTTP\Exceptions\HTTPException::forInvalidRedirectRoute('not_good_id_method')
 2 SYSTEMPATH\Common.php(861): CodeIgniter\HTTP\RedirectResponse->route(false)
 3 APPPATH\Controllers\UserManagementController.php(77): redirect('not_good_id_method', 'refresh')
 4 SYSTEMPATH\CodeIgniter.php(925): App\Controllers\UserManagementController->getselecteduser('FCPATH\\images', 'avatar', '2.jpg')
 5 SYSTEMPATH\CodeIgniter.php(480): CodeIgniter\CodeIgniter->runController(Object(App\Controllers\UserManagementController))
 6 SYSTEMPATH\CodeIgniter.php(349): CodeIgniter\CodeIgniter->handleRequest(null, Object(Config\Cache), false)
 7 FCPATH\index.php(67): CodeIgniter\CodeIgniter->run()
CRITICAL - 2024-02-03 06:12:04 --> The route for "not_good_id_method" cannot be found.
in SYSTEMPATH\HTTP\RedirectResponse.php on line 60.
 1 SYSTEMPATH\HTTP\RedirectResponse.php(60): CodeIgniter\HTTP\Exceptions\HTTPException::forInvalidRedirectRoute('not_good_id_method')
 2 SYSTEMPATH\Common.php(861): CodeIgniter\HTTP\RedirectResponse->route(false)
 3 APPPATH\Controllers\UserManagementController.php(77): redirect('not_good_id_method', 'refresh')
 4 SYSTEMPATH\CodeIgniter.php(925): App\Controllers\UserManagementController->getselecteduser('FCPATH\\images', 'user', '1.png')
 5 SYSTEMPATH\CodeIgniter.php(480): CodeIgniter\CodeIgniter->runController(Object(App\Controllers\UserManagementController))
 6 SYSTEMPATH\CodeIgniter.php(349): CodeIgniter\CodeIgniter->handleRequest(null, Object(Config\Cache), false)
 7 FCPATH\index.php(67): CodeIgniter\CodeIgniter->run()
CRITICAL - 2024-02-03 06:12:04 --> The route for "not_good_id_method" cannot be found.
in SYSTEMPATH\HTTP\RedirectResponse.php on line 60.
 1 SYSTEMPATH\HTTP\RedirectResponse.php(60): CodeIgniter\HTTP\Exceptions\HTTPException::forInvalidRedirectRoute('not_good_id_method')
 2 SYSTEMPATH\Common.php(861): CodeIgniter\HTTP\RedirectResponse->route(false)
 3 APPPATH\Controllers\UserManagementController.php(77): redirect('not_good_id_method', 'refresh')
 4 SYSTEMPATH\CodeIgniter.php(925): App\Controllers\UserManagementController->getselecteduser('FCPATH\\images', 'avatar', '4.jpg')
 5 SYSTEMPATH\CodeIgniter.php(480): CodeIgniter\CodeIgniter->runController(Object(App\Controllers\UserManagementController))
 6 SYSTEMPATH\CodeIgniter.php(349): CodeIgniter\CodeIgniter->handleRequest(null, Object(Config\Cache), false)
 7 FCPATH\index.php(67): CodeIgniter\CodeIgniter->run()
CRITICAL - 2024-02-03 06:12:04 --> The route for "not_good_id_method" cannot be found.
in SYSTEMPATH\HTTP\RedirectResponse.php on line 60.
 1 SYSTEMPATH\HTTP\RedirectResponse.php(60): CodeIgniter\HTTP\Exceptions\HTTPException::forInvalidRedirectRoute('not_good_id_method')
 2 SYSTEMPATH\Common.php(861): CodeIgniter\HTTP\RedirectResponse->route(false)
 3 APPPATH\Controllers\UserManagementController.php(77): redirect('not_good_id_method', 'refresh')
 4 SYSTEMPATH\CodeIgniter.php(925): App\Controllers\UserManagementController->getselecteduser('FCPATH\\images', 'favicon.png')
 5 SYSTEMPATH\CodeIgniter.php(480): CodeIgniter\CodeIgniter->runController(Object(App\Controllers\UserManagementController))
 6 SYSTEMPATH\CodeIgniter.php(349): CodeIgniter\CodeIgniter->handleRequest(null, Object(Config\Cache), false)
 7 FCPATH\index.php(67): CodeIgniter\CodeIgniter->run()
CRITICAL - 2024-02-03 06:12:21 --> The route for "not_good_id_method" cannot be found.
in SYSTEMPATH\HTTP\RedirectResponse.php on line 60.
 1 SYSTEMPATH\HTTP\RedirectResponse.php(60): CodeIgniter\HTTP\Exceptions\HTTPException::forInvalidRedirectRoute('not_good_id_method')
 2 SYSTEMPATH\Common.php(861): CodeIgniter\HTTP\RedirectResponse->route(false)
 3 APPPATH\Controllers\UserManagementController.php(77): redirect('not_good_id_method', 'refresh')
 4 SYSTEMPATH\CodeIgniter.php(925): App\Controllers\UserManagementController->getselecteduser('FCPATH\\images', 'logo-compact.png')
 5 SYSTEMPATH\CodeIgniter.php(480): CodeIgniter\CodeIgniter->runController(Object(App\Controllers\UserManagementController))
 6 SYSTEMPATH\CodeIgniter.php(349): CodeIgniter\CodeIgniter->handleRequest(null, Object(Config\Cache), false)
 7 FCPATH\index.php(67): CodeIgniter\CodeIgniter->run()
CRITICAL - 2024-02-03 06:12:21 --> The route for "not_good_id_method" cannot be found.
in SYSTEMPATH\HTTP\RedirectResponse.php on line 60.
 1 SYSTEMPATH\HTTP\RedirectResponse.php(60): CodeIgniter\HTTP\Exceptions\HTTPException::forInvalidRedirectRoute('not_good_id_method')
 2 SYSTEMPATH\Common.php(861): CodeIgniter\HTTP\RedirectResponse->route(false)
 3 APPPATH\Controllers\UserManagementController.php(77): redirect('not_good_id_method', 'refresh')
 4 SYSTEMPATH\CodeIgniter.php(925): App\Controllers\UserManagementController->getselecteduser('FCPATH\\images', 'logo.png')
 5 SYSTEMPATH\CodeIgniter.php(480): CodeIgniter\CodeIgniter->runController(Object(App\Controllers\UserManagementController))
 6 SYSTEMPATH\CodeIgniter.php(349): CodeIgniter\CodeIgniter->handleRequest(null, Object(Config\Cache), false)
 7 FCPATH\index.php(67): CodeIgniter\CodeIgniter->run()
CRITICAL - 2024-02-03 06:12:21 --> The route for "not_good_id_method" cannot be found.
in SYSTEMPATH\HTTP\RedirectResponse.php on line 60.
 1 SYSTEMPATH\HTTP\RedirectResponse.php(60): CodeIgniter\HTTP\Exceptions\HTTPException::forInvalidRedirectRoute('not_good_id_method')
 2 SYSTEMPATH\Common.php(861): CodeIgniter\HTTP\RedirectResponse->route(false)
 3 APPPATH\Controllers\UserManagementController.php(77): redirect('not_good_id_method', 'refresh')
 4 SYSTEMPATH\CodeIgniter.php(925): App\Controllers\UserManagementController->getselecteduser('FCPATH\\images', 'avatar', '1.jpg')
 5 SYSTEMPATH\CodeIgniter.php(480): CodeIgniter\CodeIgniter->runController(Object(App\Controllers\UserManagementController))
 6 SYSTEMPATH\CodeIgniter.php(349): CodeIgniter\CodeIgniter->handleRequest(null, Object(Config\Cache), false)
 7 FCPATH\index.php(67): CodeIgniter\CodeIgniter->run()
CRITICAL - 2024-02-03 06:12:21 --> The route for "not_good_id_method" cannot be found.
in SYSTEMPATH\HTTP\RedirectResponse.php on line 60.
 1 SYSTEMPATH\HTTP\RedirectResponse.php(60): CodeIgniter\HTTP\Exceptions\HTTPException::forInvalidRedirectRoute('not_good_id_method')
 2 SYSTEMPATH\Common.php(861): CodeIgniter\HTTP\RedirectResponse->route(false)
 3 APPPATH\Controllers\UserManagementController.php(77): redirect('not_good_id_method', 'refresh')
 4 SYSTEMPATH\CodeIgniter.php(925): App\Controllers\UserManagementController->getselecteduser('FCPATH\\images', 'avatar', '4.jpg')
 5 SYSTEMPATH\CodeIgniter.php(480): CodeIgniter\CodeIgniter->runController(Object(App\Controllers\UserManagementController))
 6 SYSTEMPATH\CodeIgniter.php(349): CodeIgniter\CodeIgniter->handleRequest(null, Object(Config\Cache), false)
 7 FCPATH\index.php(67): CodeIgniter\CodeIgniter->run()
CRITICAL - 2024-02-03 06:12:21 --> The route for "not_good_id_method" cannot be found.
in SYSTEMPATH\HTTP\RedirectResponse.php on line 60.
 1 SYSTEMPATH\HTTP\RedirectResponse.php(60): CodeIgniter\HTTP\Exceptions\HTTPException::forInvalidRedirectRoute('not_good_id_method')
 2 SYSTEMPATH\Common.php(861): CodeIgniter\HTTP\RedirectResponse->route(false)
 3 APPPATH\Controllers\UserManagementController.php(77): redirect('not_good_id_method', 'refresh')
 4 SYSTEMPATH\CodeIgniter.php(925): App\Controllers\UserManagementController->getselecteduser('FCPATH\\images', 'avatar', '2.jpg')
 5 SYSTEMPATH\CodeIgniter.php(480): CodeIgniter\CodeIgniter->runController(Object(App\Controllers\UserManagementController))
 6 SYSTEMPATH\CodeIgniter.php(349): CodeIgniter\CodeIgniter->handleRequest(null, Object(Config\Cache), false)
 7 FCPATH\index.php(67): CodeIgniter\CodeIgniter->run()
CRITICAL - 2024-02-03 06:12:21 --> The route for "not_good_id_method" cannot be found.
in SYSTEMPATH\HTTP\RedirectResponse.php on line 60.
 1 SYSTEMPATH\HTTP\RedirectResponse.php(60): CodeIgniter\HTTP\Exceptions\HTTPException::forInvalidRedirectRoute('not_good_id_method')
 2 SYSTEMPATH\Common.php(861): CodeIgniter\HTTP\RedirectResponse->route(false)
 3 APPPATH\Controllers\UserManagementController.php(77): redirect('not_good_id_method', 'refresh')
 4 SYSTEMPATH\CodeIgniter.php(925): App\Controllers\UserManagementController->getselecteduser('FCPATH\\images', 'avatar', '3.jpg')
 5 SYSTEMPATH\CodeIgniter.php(480): CodeIgniter\CodeIgniter->runController(Object(App\Controllers\UserManagementController))
 6 SYSTEMPATH\CodeIgniter.php(349): CodeIgniter\CodeIgniter->handleRequest(null, Object(Config\Cache), false)
 7 FCPATH\index.php(67): CodeIgniter\CodeIgniter->run()
CRITICAL - 2024-02-03 06:12:21 --> The route for "not_good_id_method" cannot be found.
in SYSTEMPATH\HTTP\RedirectResponse.php on line 60.
 1 SYSTEMPATH\HTTP\RedirectResponse.php(60): CodeIgniter\HTTP\Exceptions\HTTPException::forInvalidRedirectRoute('not_good_id_method')
 2 SYSTEMPATH\Common.php(861): CodeIgniter\HTTP\RedirectResponse->route(false)
 3 APPPATH\Controllers\UserManagementController.php(77): redirect('not_good_id_method', 'refresh')
 4 SYSTEMPATH\CodeIgniter.php(925): App\Controllers\UserManagementController->getselecteduser('FCPATH\\images', 'user', '1.png')
 5 SYSTEMPATH\CodeIgniter.php(480): CodeIgniter\CodeIgniter->runController(Object(App\Controllers\UserManagementController))
 6 SYSTEMPATH\CodeIgniter.php(349): CodeIgniter\CodeIgniter->handleRequest(null, Object(Config\Cache), false)
 7 FCPATH\index.php(67): CodeIgniter\CodeIgniter->run()
CRITICAL - 2024-02-03 06:12:21 --> The route for "not_good_id_method" cannot be found.
in SYSTEMPATH\HTTP\RedirectResponse.php on line 60.
 1 SYSTEMPATH\HTTP\RedirectResponse.php(60): CodeIgniter\HTTP\Exceptions\HTTPException::forInvalidRedirectRoute('not_good_id_method')
 2 SYSTEMPATH\Common.php(861): CodeIgniter\HTTP\RedirectResponse->route(false)
 3 APPPATH\Controllers\UserManagementController.php(77): redirect('not_good_id_method', 'refresh')
 4 SYSTEMPATH\CodeIgniter.php(925): App\Controllers\UserManagementController->getselecteduser('FCPATH\\images', 'favicon.png')
 5 SYSTEMPATH\CodeIgniter.php(480): CodeIgniter\CodeIgniter->runController(Object(App\Controllers\UserManagementController))
 6 SYSTEMPATH\CodeIgniter.php(349): CodeIgniter\CodeIgniter->handleRequest(null, Object(Config\Cache), false)
 7 FCPATH\index.php(67): CodeIgniter\CodeIgniter->run()
CRITICAL - 2024-02-03 06:12:25 --> The route for "not_good_id_method" cannot be found.
in SYSTEMPATH\HTTP\RedirectResponse.php on line 60.
 1 SYSTEMPATH\HTTP\RedirectResponse.php(60): CodeIgniter\HTTP\Exceptions\HTTPException::forInvalidRedirectRoute('not_good_id_method')
 2 SYSTEMPATH\Common.php(861): CodeIgniter\HTTP\RedirectResponse->route(false)
 3 APPPATH\Controllers\UserManagementController.php(77): redirect('not_good_id_method', 'refresh')
 4 SYSTEMPATH\CodeIgniter.php(925): App\Controllers\UserManagementController->getselecteduser('FCPATH\\images', 'logo.png')
 5 SYSTEMPATH\CodeIgniter.php(480): CodeIgniter\CodeIgniter->runController(Object(App\Controllers\UserManagementController))
 6 SYSTEMPATH\CodeIgniter.php(349): CodeIgniter\CodeIgniter->handleRequest(null, Object(Config\Cache), false)
 7 FCPATH\index.php(67): CodeIgniter\CodeIgniter->run()
CRITICAL - 2024-02-03 06:12:25 --> The route for "not_good_id_method" cannot be found.
in SYSTEMPATH\HTTP\RedirectResponse.php on line 60.
 1 SYSTEMPATH\HTTP\RedirectResponse.php(60): CodeIgniter\HTTP\Exceptions\HTTPException::forInvalidRedirectRoute('not_good_id_method')
 2 SYSTEMPATH\Common.php(861): CodeIgniter\HTTP\RedirectResponse->route(false)
 3 APPPATH\Controllers\UserManagementController.php(77): redirect('not_good_id_method', 'refresh')
 4 SYSTEMPATH\CodeIgniter.php(925): App\Controllers\UserManagementController->getselecteduser('FCPATH\\images', 'logo-compact.png')
 5 SYSTEMPATH\CodeIgniter.php(480): CodeIgniter\CodeIgniter->runController(Object(App\Controllers\UserManagementController))
 6 SYSTEMPATH\CodeIgniter.php(349): CodeIgniter\CodeIgniter->handleRequest(null, Object(Config\Cache), false)
 7 FCPATH\index.php(67): CodeIgniter\CodeIgniter->run()
CRITICAL - 2024-02-03 06:12:25 --> The route for "not_good_id_method" cannot be found.
in SYSTEMPATH\HTTP\RedirectResponse.php on line 60.
 1 SYSTEMPATH\HTTP\RedirectResponse.php(60): CodeIgniter\HTTP\Exceptions\HTTPException::forInvalidRedirectRoute('not_good_id_method')
 2 SYSTEMPATH\Common.php(861): CodeIgniter\HTTP\RedirectResponse->route(false)
 3 APPPATH\Controllers\UserManagementController.php(77): redirect('not_good_id_method', 'refresh')
 4 SYSTEMPATH\CodeIgniter.php(925): App\Controllers\UserManagementController->getselecteduser('FCPATH\\images', 'avatar', '1.jpg')
 5 SYSTEMPATH\CodeIgniter.php(480): CodeIgniter\CodeIgniter->runController(Object(App\Controllers\UserManagementController))
 6 SYSTEMPATH\CodeIgniter.php(349): CodeIgniter\CodeIgniter->handleRequest(null, Object(Config\Cache), false)
 7 FCPATH\index.php(67): CodeIgniter\CodeIgniter->run()
CRITICAL - 2024-02-03 06:12:25 --> The route for "not_good_id_method" cannot be found.
in SYSTEMPATH\HTTP\RedirectResponse.php on line 60.
 1 SYSTEMPATH\HTTP\RedirectResponse.php(60): CodeIgniter\HTTP\Exceptions\HTTPException::forInvalidRedirectRoute('not_good_id_method')
 2 SYSTEMPATH\Common.php(861): CodeIgniter\HTTP\RedirectResponse->route(false)
 3 APPPATH\Controllers\UserManagementController.php(77): redirect('not_good_id_method', 'refresh')
 4 SYSTEMPATH\CodeIgniter.php(925): App\Controllers\UserManagementController->getselecteduser('FCPATH\\images', 'avatar', '2.jpg')
 5 SYSTEMPATH\CodeIgniter.php(480): CodeIgniter\CodeIgniter->runController(Object(App\Controllers\UserManagementController))
 6 SYSTEMPATH\CodeIgniter.php(349): CodeIgniter\CodeIgniter->handleRequest(null, Object(Config\Cache), false)
 7 FCPATH\index.php(67): CodeIgniter\CodeIgniter->run()
CRITICAL - 2024-02-03 06:12:25 --> The route for "not_good_id_method" cannot be found.
in SYSTEMPATH\HTTP\RedirectResponse.php on line 60.
 1 SYSTEMPATH\HTTP\RedirectResponse.php(60): CodeIgniter\HTTP\Exceptions\HTTPException::forInvalidRedirectRoute('not_good_id_method')
 2 SYSTEMPATH\Common.php(861): CodeIgniter\HTTP\RedirectResponse->route(false)
 3 APPPATH\Controllers\UserManagementController.php(77): redirect('not_good_id_method', 'refresh')
 4 SYSTEMPATH\CodeIgniter.php(925): App\Controllers\UserManagementController->getselecteduser('FCPATH\\images', 'avatar', '3.jpg')
 5 SYSTEMPATH\CodeIgniter.php(480): CodeIgniter\CodeIgniter->runController(Object(App\Controllers\UserManagementController))
 6 SYSTEMPATH\CodeIgniter.php(349): CodeIgniter\CodeIgniter->handleRequest(null, Object(Config\Cache), false)
 7 FCPATH\index.php(67): CodeIgniter\CodeIgniter->run()
CRITICAL - 2024-02-03 06:12:25 --> The route for "not_good_id_method" cannot be found.
in SYSTEMPATH\HTTP\RedirectResponse.php on line 60.
 1 SYSTEMPATH\HTTP\RedirectResponse.php(60): CodeIgniter\HTTP\Exceptions\HTTPException::forInvalidRedirectRoute('not_good_id_method')
 2 SYSTEMPATH\Common.php(861): CodeIgniter\HTTP\RedirectResponse->route(false)
 3 APPPATH\Controllers\UserManagementController.php(77): redirect('not_good_id_method', 'refresh')
 4 SYSTEMPATH\CodeIgniter.php(925): App\Controllers\UserManagementController->getselecteduser('FCPATH\\images', 'avatar', '4.jpg')
 5 SYSTEMPATH\CodeIgniter.php(480): CodeIgniter\CodeIgniter->runController(Object(App\Controllers\UserManagementController))
 6 SYSTEMPATH\CodeIgniter.php(349): CodeIgniter\CodeIgniter->handleRequest(null, Object(Config\Cache), false)
 7 FCPATH\index.php(67): CodeIgniter\CodeIgniter->run()
CRITICAL - 2024-02-03 06:12:25 --> The route for "not_good_id_method" cannot be found.
in SYSTEMPATH\HTTP\RedirectResponse.php on line 60.
 1 SYSTEMPATH\HTTP\RedirectResponse.php(60): CodeIgniter\HTTP\Exceptions\HTTPException::forInvalidRedirectRoute('not_good_id_method')
 2 SYSTEMPATH\Common.php(861): CodeIgniter\HTTP\RedirectResponse->route(false)
 3 APPPATH\Controllers\UserManagementController.php(77): redirect('not_good_id_method', 'refresh')
 4 SYSTEMPATH\CodeIgniter.php(925): App\Controllers\UserManagementController->getselecteduser('FCPATH\\images', 'user', '1.png')
 5 SYSTEMPATH\CodeIgniter.php(480): CodeIgniter\CodeIgniter->runController(Object(App\Controllers\UserManagementController))
 6 SYSTEMPATH\CodeIgniter.php(349): CodeIgniter\CodeIgniter->handleRequest(null, Object(Config\Cache), false)
 7 FCPATH\index.php(67): CodeIgniter\CodeIgniter->run()
CRITICAL - 2024-02-03 06:12:25 --> The route for "not_good_id_method" cannot be found.
in SYSTEMPATH\HTTP\RedirectResponse.php on line 60.
 1 SYSTEMPATH\HTTP\RedirectResponse.php(60): CodeIgniter\HTTP\Exceptions\HTTPException::forInvalidRedirectRoute('not_good_id_method')
 2 SYSTEMPATH\Common.php(861): CodeIgniter\HTTP\RedirectResponse->route(false)
 3 APPPATH\Controllers\UserManagementController.php(77): redirect('not_good_id_method', 'refresh')
 4 SYSTEMPATH\CodeIgniter.php(925): App\Controllers\UserManagementController->getselecteduser('FCPATH\\images', 'favicon.png')
 5 SYSTEMPATH\CodeIgniter.php(480): CodeIgniter\CodeIgniter->runController(Object(App\Controllers\UserManagementController))
 6 SYSTEMPATH\CodeIgniter.php(349): CodeIgniter\CodeIgniter->handleRequest(null, Object(Config\Cache), false)
 7 FCPATH\index.php(67): CodeIgniter\CodeIgniter->run()
ERROR - 2024-02-03 06:12:43 --> mysqli_sql_exception: Unknown column 'assign_group' in 'field list' in C:\xampp\htdocs\ITHelpDesk\system\Database\MySQLi\Connection.php:292
Stack trace:
#0 C:\xampp\htdocs\ITHelpDesk\system\Database\MySQLi\Connection.php(292): mysqli->query('UPDATE `user_ma...', 0)
#1 C:\xampp\htdocs\ITHelpDesk\system\Database\BaseConnection.php(666): CodeIgniter\Database\MySQLi\Connection->execute('UPDATE `user_ma...')
#2 C:\xampp\htdocs\ITHelpDesk\system\Database\BaseConnection.php(593): CodeIgniter\Database\BaseConnection->simpleQuery('UPDATE `user_ma...')
#3 C:\xampp\htdocs\ITHelpDesk\system\Database\BaseBuilder.php(2079): CodeIgniter\Database\BaseConnection->query('UPDATE `user_ma...', Array, false)
#4 C:\xampp\htdocs\ITHelpDesk\app\Models\UserModel.php(65): CodeIgniter\Database\BaseBuilder->update(Array)
#5 C:\xampp\htdocs\ITHelpDesk\app\Controllers\UserManagementController.php(212): App\Models\UserModel->updateUser('6', 'dephead', Array)
#6 C:\xampp\htdocs\ITHelpDesk\system\CodeIgniter.php(925): App\Controllers\UserManagementController->searchAndUpdate()
#7 C:\xampp\htdocs\ITHelpDesk\system\CodeIgniter.php(480): CodeIgniter\CodeIgniter->runController(Object(App\Controllers\UserManagementController))
#8 C:\xampp\htdocs\ITHelpDesk\system\CodeIgniter.php(349): CodeIgniter\CodeIgniter->handleRequest(NULL, Object(Config\Cache), false)
#9 C:\xampp\htdocs\ITHelpDesk\public\index.php(67): CodeIgniter\CodeIgniter->run()
#10 {main}
CRITICAL - 2024-02-03 06:12:43 --> Unknown column 'assign_group' in 'field list'
in SYSTEMPATH\Database\MySQLi\Connection.php on line 292.
 1 SYSTEMPATH\Database\MySQLi\Connection.php(292): mysqli->query('UPDATE `user_master` SET `user_name` = \'dephead\', `first_name` = \'chathura\', `last_name` = \'dulanga\', `email` = \'chathura@boc.lk\', `mobile` = \'0711849601\', `active` = \'0\', `ext` = \'13539\', `assign_group` = \'\', `primary_dpt` = \'1\', `role` = \'3\'
WHERE `id` = \'6\'', 0)
 2 SYSTEMPATH\Database\BaseConnection.php(666): CodeIgniter\Database\MySQLi\Connection->execute('UPDATE `user_master` SET `user_name` = \'dephead\', `first_name` = \'chathura\', `last_name` = \'dulanga\', `email` = \'chathura@boc.lk\', `mobile` = \'0711849601\', `active` = \'0\', `ext` = \'13539\', `assign_group` = \'\', `primary_dpt` = \'1\', `role` = \'3\'
WHERE `id` = \'6\'')
 3 SYSTEMPATH\Database\BaseConnection.php(593): CodeIgniter\Database\BaseConnection->simpleQuery('UPDATE `user_master` SET `user_name` = \'dephead\', `first_name` = \'chathura\', `last_name` = \'dulanga\', `email` = \'chathura@boc.lk\', `mobile` = \'0711849601\', `active` = \'0\', `ext` = \'13539\', `assign_group` = \'\', `primary_dpt` = \'1\', `role` = \'3\'
WHERE `id` = \'6\'')
 4 SYSTEMPATH\Database\BaseBuilder.php(2079): CodeIgniter\Database\BaseConnection->query('UPDATE `user_master` SET `user_name` = :user_name:, `first_name` = :first_name:, `last_name` = :last_name:, `email` = :email:, `mobile` = :mobile:, `active` = :active:, `ext` = :ext:, `assign_group` = :assign_group:, `primary_dpt` = :primary_dpt:, `role` = :role:
WHERE `id` = :id:', [...], false)
 5 APPPATH\Models\UserModel.php(65): CodeIgniter\Database\BaseBuilder->update([...])
 6 APPPATH\Controllers\UserManagementController.php(212): App\Models\UserModel->updateUser('6', 'dephead', [...])
 7 SYSTEMPATH\CodeIgniter.php(925): App\Controllers\UserManagementController->searchAndUpdate()
 8 SYSTEMPATH\CodeIgniter.php(480): CodeIgniter\CodeIgniter->runController(Object(App\Controllers\UserManagementController))
 9 SYSTEMPATH\CodeIgniter.php(349): CodeIgniter\CodeIgniter->handleRequest(null, Object(Config\Cache), false)
10 FCPATH\index.php(67): CodeIgniter\CodeIgniter->run()
CRITICAL - 2024-02-03 06:13:45 --> The route for "not_good_id_method" cannot be found.
in SYSTEMPATH\HTTP\RedirectResponse.php on line 60.
 1 SYSTEMPATH\HTTP\RedirectResponse.php(60): CodeIgniter\HTTP\Exceptions\HTTPException::forInvalidRedirectRoute('not_good_id_method')
 2 SYSTEMPATH\Common.php(861): CodeIgniter\HTTP\RedirectResponse->route(false)
 3 APPPATH\Controllers\UserManagementController.php(77): redirect('not_good_id_method', 'refresh')
 4 SYSTEMPATH\CodeIgniter.php(925): App\Controllers\UserManagementController->getselecteduser('FCPATH\\images', 'logo-compact.png')
 5 SYSTEMPATH\CodeIgniter.php(480): CodeIgniter\CodeIgniter->runController(Object(App\Controllers\UserManagementController))
 6 SYSTEMPATH\CodeIgniter.php(349): CodeIgniter\CodeIgniter->handleRequest(null, Object(Config\Cache), false)
 7 FCPATH\index.php(67): CodeIgniter\CodeIgniter->run()
CRITICAL - 2024-02-03 06:13:45 --> The route for "not_good_id_method" cannot be found.
in SYSTEMPATH\HTTP\RedirectResponse.php on line 60.
 1 SYSTEMPATH\HTTP\RedirectResponse.php(60): CodeIgniter\HTTP\Exceptions\HTTPException::forInvalidRedirectRoute('not_good_id_method')
 2 SYSTEMPATH\Common.php(861): CodeIgniter\HTTP\RedirectResponse->route(false)
 3 APPPATH\Controllers\UserManagementController.php(77): redirect('not_good_id_method', 'refresh')
 4 SYSTEMPATH\CodeIgniter.php(925): App\Controllers\UserManagementController->getselecteduser('FCPATH\\images', 'logo.png')
 5 SYSTEMPATH\CodeIgniter.php(480): CodeIgniter\CodeIgniter->runController(Object(App\Controllers\UserManagementController))
 6 SYSTEMPATH\CodeIgniter.php(349): CodeIgniter\CodeIgniter->handleRequest(null, Object(Config\Cache), false)
 7 FCPATH\index.php(67): CodeIgniter\CodeIgniter->run()
CRITICAL - 2024-02-03 06:13:45 --> The route for "not_good_id_method" cannot be found.
in SYSTEMPATH\HTTP\RedirectResponse.php on line 60.
 1 SYSTEMPATH\HTTP\RedirectResponse.php(60): CodeIgniter\HTTP\Exceptions\HTTPException::forInvalidRedirectRoute('not_good_id_method')
 2 SYSTEMPATH\Common.php(861): CodeIgniter\HTTP\RedirectResponse->route(false)
 3 APPPATH\Controllers\UserManagementController.php(77): redirect('not_good_id_method', 'refresh')
 4 SYSTEMPATH\CodeIgniter.php(925): App\Controllers\UserManagementController->getselecteduser('FCPATH\\images', 'avatar', '1.jpg')
 5 SYSTEMPATH\CodeIgniter.php(480): CodeIgniter\CodeIgniter->runController(Object(App\Controllers\UserManagementController))
 6 SYSTEMPATH\CodeIgniter.php(349): CodeIgniter\CodeIgniter->handleRequest(null, Object(Config\Cache), false)
 7 FCPATH\index.php(67): CodeIgniter\CodeIgniter->run()
CRITICAL - 2024-02-03 06:13:45 --> The route for "not_good_id_method" cannot be found.
in SYSTEMPATH\HTTP\RedirectResponse.php on line 60.
 1 SYSTEMPATH\HTTP\RedirectResponse.php(60): CodeIgniter\HTTP\Exceptions\HTTPException::forInvalidRedirectRoute('not_good_id_method')
 2 SYSTEMPATH\Common.php(861): CodeIgniter\HTTP\RedirectResponse->route(false)
 3 APPPATH\Controllers\UserManagementController.php(77): redirect('not_good_id_method', 'refresh')
 4 SYSTEMPATH\CodeIgniter.php(925): App\Controllers\UserManagementController->getselecteduser('FCPATH\\images', 'avatar', '3.jpg')
 5 SYSTEMPATH\CodeIgniter.php(480): CodeIgniter\CodeIgniter->runController(Object(App\Controllers\UserManagementController))
 6 SYSTEMPATH\CodeIgniter.php(349): CodeIgniter\CodeIgniter->handleRequest(null, Object(Config\Cache), false)
 7 FCPATH\index.php(67): CodeIgniter\CodeIgniter->run()
CRITICAL - 2024-02-03 06:13:45 --> The route for "not_good_id_method" cannot be found.
in SYSTEMPATH\HTTP\RedirectResponse.php on line 60.
 1 SYSTEMPATH\HTTP\RedirectResponse.php(60): CodeIgniter\HTTP\Exceptions\HTTPException::forInvalidRedirectRoute('not_good_id_method')
 2 SYSTEMPATH\Common.php(861): CodeIgniter\HTTP\RedirectResponse->route(false)
 3 APPPATH\Controllers\UserManagementController.php(77): redirect('not_good_id_method', 'refresh')
 4 SYSTEMPATH\CodeIgniter.php(925): App\Controllers\UserManagementController->getselecteduser('FCPATH\\images', 'avatar', '2.jpg')
 5 SYSTEMPATH\CodeIgniter.php(480): CodeIgniter\CodeIgniter->runController(Object(App\Controllers\UserManagementController))
 6 SYSTEMPATH\CodeIgniter.php(349): CodeIgniter\CodeIgniter->handleRequest(null, Object(Config\Cache), false)
 7 FCPATH\index.php(67): CodeIgniter\CodeIgniter->run()
CRITICAL - 2024-02-03 06:13:45 --> The route for "not_good_id_method" cannot be found.
in SYSTEMPATH\HTTP\RedirectResponse.php on line 60.
 1 SYSTEMPATH\HTTP\RedirectResponse.php(60): CodeIgniter\HTTP\Exceptions\HTTPException::forInvalidRedirectRoute('not_good_id_method')
 2 SYSTEMPATH\Common.php(861): CodeIgniter\HTTP\RedirectResponse->route(false)
 3 APPPATH\Controllers\UserManagementController.php(77): redirect('not_good_id_method', 'refresh')
 4 SYSTEMPATH\CodeIgniter.php(925): App\Controllers\UserManagementController->getselecteduser('FCPATH\\images', 'avatar', '4.jpg')
 5 SYSTEMPATH\CodeIgniter.php(480): CodeIgniter\CodeIgniter->runController(Object(App\Controllers\UserManagementController))
 6 SYSTEMPATH\CodeIgniter.php(349): CodeIgniter\CodeIgniter->handleRequest(null, Object(Config\Cache), false)
 7 FCPATH\index.php(67): CodeIgniter\CodeIgniter->run()
CRITICAL - 2024-02-03 06:13:45 --> The route for "not_good_id_method" cannot be found.
in SYSTEMPATH\HTTP\RedirectResponse.php on line 60.
 1 SYSTEMPATH\HTTP\RedirectResponse.php(60): CodeIgniter\HTTP\Exceptions\HTTPException::forInvalidRedirectRoute('not_good_id_method')
 2 SYSTEMPATH\Common.php(861): CodeIgniter\HTTP\RedirectResponse->route(false)
 3 APPPATH\Controllers\UserManagementController.php(77): redirect('not_good_id_method', 'refresh')
 4 SYSTEMPATH\CodeIgniter.php(925): App\Controllers\UserManagementController->getselecteduser('FCPATH\\images', 'user', '1.png')
 5 SYSTEMPATH\CodeIgniter.php(480): CodeIgniter\CodeIgniter->runController(Object(App\Controllers\UserManagementController))
 6 SYSTEMPATH\CodeIgniter.php(349): CodeIgniter\CodeIgniter->handleRequest(null, Object(Config\Cache), false)
 7 FCPATH\index.php(67): CodeIgniter\CodeIgniter->run()
CRITICAL - 2024-02-03 06:13:45 --> The route for "not_good_id_method" cannot be found.
in SYSTEMPATH\HTTP\RedirectResponse.php on line 60.
 1 SYSTEMPATH\HTTP\RedirectResponse.php(60): CodeIgniter\HTTP\Exceptions\HTTPException::forInvalidRedirectRoute('not_good_id_method')
 2 SYSTEMPATH\Common.php(861): CodeIgniter\HTTP\RedirectResponse->route(false)
 3 APPPATH\Controllers\UserManagementController.php(77): redirect('not_good_id_method', 'refresh')
 4 SYSTEMPATH\CodeIgniter.php(925): App\Controllers\UserManagementController->getselecteduser('FCPATH\\images', 'favicon.png')
 5 SYSTEMPATH\CodeIgniter.php(480): CodeIgniter\CodeIgniter->runController(Object(App\Controllers\UserManagementController))
 6 SYSTEMPATH\CodeIgniter.php(349): CodeIgniter\CodeIgniter->handleRequest(null, Object(Config\Cache), false)
 7 FCPATH\index.php(67): CodeIgniter\CodeIgniter->run()
CRITICAL - 2024-02-03 06:14:26 --> The route for "not_good_id_method" cannot be found.
in SYSTEMPATH\HTTP\RedirectResponse.php on line 60.
 1 SYSTEMPATH\HTTP\RedirectResponse.php(60): CodeIgniter\HTTP\Exceptions\HTTPException::forInvalidRedirectRoute('not_good_id_method')
 2 SYSTEMPATH\Common.php(861): CodeIgniter\HTTP\RedirectResponse->route(false)
 3 APPPATH\Controllers\UserManagementController.php(77): redirect('not_good_id_method', 'refresh')
 4 SYSTEMPATH\CodeIgniter.php(925): App\Controllers\UserManagementController->getselecteduser('FCPATH\\images', 'logo-compact.png')
 5 SYSTEMPATH\CodeIgniter.php(480): CodeIgniter\CodeIgniter->runController(Object(App\Controllers\UserManagementController))
 6 SYSTEMPATH\CodeIgniter.php(349): CodeIgniter\CodeIgniter->handleRequest(null, Object(Config\Cache), false)
 7 FCPATH\index.php(67): CodeIgniter\CodeIgniter->run()
CRITICAL - 2024-02-03 06:14:26 --> The route for "not_good_id_method" cannot be found.
in SYSTEMPATH\HTTP\RedirectResponse.php on line 60.
 1 SYSTEMPATH\HTTP\RedirectResponse.php(60): CodeIgniter\HTTP\Exceptions\HTTPException::forInvalidRedirectRoute('not_good_id_method')
 2 SYSTEMPATH\Common.php(861): CodeIgniter\HTTP\RedirectResponse->route(false)
 3 APPPATH\Controllers\UserManagementController.php(77): redirect('not_good_id_method', 'refresh')
 4 SYSTEMPATH\CodeIgniter.php(925): App\Controllers\UserManagementController->getselecteduser('FCPATH\\images', 'logo.png')
 5 SYSTEMPATH\CodeIgniter.php(480): CodeIgniter\CodeIgniter->runController(Object(App\Controllers\UserManagementController))
 6 SYSTEMPATH\CodeIgniter.php(349): CodeIgniter\CodeIgniter->handleRequest(null, Object(Config\Cache), false)
 7 FCPATH\index.php(67): CodeIgniter\CodeIgniter->run()
CRITICAL - 2024-02-03 06:14:26 --> The route for "not_good_id_method" cannot be found.
in SYSTEMPATH\HTTP\RedirectResponse.php on line 60.
 1 SYSTEMPATH\HTTP\RedirectResponse.php(60): CodeIgniter\HTTP\Exceptions\HTTPException::forInvalidRedirectRoute('not_good_id_method')
 2 SYSTEMPATH\Common.php(861): CodeIgniter\HTTP\RedirectResponse->route(false)
 3 APPPATH\Controllers\UserManagementController.php(77): redirect('not_good_id_method', 'refresh')
 4 SYSTEMPATH\CodeIgniter.php(925): App\Controllers\UserManagementController->getselecteduser('FCPATH\\images', 'avatar', '1.jpg')
 5 SYSTEMPATH\CodeIgniter.php(480): CodeIgniter\CodeIgniter->runController(Object(App\Controllers\UserManagementController))
 6 SYSTEMPATH\CodeIgniter.php(349): CodeIgniter\CodeIgniter->handleRequest(null, Object(Config\Cache), false)
 7 FCPATH\index.php(67): CodeIgniter\CodeIgniter->run()
CRITICAL - 2024-02-03 06:14:26 --> The route for "not_good_id_method" cannot be found.
in SYSTEMPATH\HTTP\RedirectResponse.php on line 60.
 1 SYSTEMPATH\HTTP\RedirectResponse.php(60): CodeIgniter\HTTP\Exceptions\HTTPException::forInvalidRedirectRoute('not_good_id_method')
 2 SYSTEMPATH\Common.php(861): CodeIgniter\HTTP\RedirectResponse->route(false)
 3 APPPATH\Controllers\UserManagementController.php(77): redirect('not_good_id_method', 'refresh')
 4 SYSTEMPATH\CodeIgniter.php(925): App\Controllers\UserManagementController->getselecteduser('FCPATH\\images', 'avatar', '2.jpg')
 5 SYSTEMPATH\CodeIgniter.php(480): CodeIgniter\CodeIgniter->runController(Object(App\Controllers\UserManagementController))
 6 SYSTEMPATH\CodeIgniter.php(349): CodeIgniter\CodeIgniter->handleRequest(null, Object(Config\Cache), false)
 7 FCPATH\index.php(67): CodeIgniter\CodeIgniter->run()
CRITICAL - 2024-02-03 06:14:26 --> The route for "not_good_id_method" cannot be found.
in SYSTEMPATH\HTTP\RedirectResponse.php on line 60.
 1 SYSTEMPATH\HTTP\RedirectResponse.php(60): CodeIgniter\HTTP\Exceptions\HTTPException::forInvalidRedirectRoute('not_good_id_method')
 2 SYSTEMPATH\Common.php(861): CodeIgniter\HTTP\RedirectResponse->route(false)
 3 APPPATH\Controllers\UserManagementController.php(77): redirect('not_good_id_method', 'refresh')
 4 SYSTEMPATH\CodeIgniter.php(925): App\Controllers\UserManagementController->getselecteduser('FCPATH\\images', 'avatar', '4.jpg')
 5 SYSTEMPATH\CodeIgniter.php(480): CodeIgniter\CodeIgniter->runController(Object(App\Controllers\UserManagementController))
 6 SYSTEMPATH\CodeIgniter.php(349): CodeIgniter\CodeIgniter->handleRequest(null, Object(Config\Cache), false)
 7 FCPATH\index.php(67): CodeIgniter\CodeIgniter->run()
CRITICAL - 2024-02-03 06:14:26 --> The route for "not_good_id_method" cannot be found.
in SYSTEMPATH\HTTP\RedirectResponse.php on line 60.
 1 SYSTEMPATH\HTTP\RedirectResponse.php(60): CodeIgniter\HTTP\Exceptions\HTTPException::forInvalidRedirectRoute('not_good_id_method')
 2 SYSTEMPATH\Common.php(861): CodeIgniter\HTTP\RedirectResponse->route(false)
 3 APPPATH\Controllers\UserManagementController.php(77): redirect('not_good_id_method', 'refresh')
 4 SYSTEMPATH\CodeIgniter.php(925): App\Controllers\UserManagementController->getselecteduser('FCPATH\\images', 'avatar', '3.jpg')
 5 SYSTEMPATH\CodeIgniter.php(480): CodeIgniter\CodeIgniter->runController(Object(App\Controllers\UserManagementController))
 6 SYSTEMPATH\CodeIgniter.php(349): CodeIgniter\CodeIgniter->handleRequest(null, Object(Config\Cache), false)
 7 FCPATH\index.php(67): CodeIgniter\CodeIgniter->run()
CRITICAL - 2024-02-03 06:14:26 --> The route for "not_good_id_method" cannot be found.
in SYSTEMPATH\HTTP\RedirectResponse.php on line 60.
 1 SYSTEMPATH\HTTP\RedirectResponse.php(60): CodeIgniter\HTTP\Exceptions\HTTPException::forInvalidRedirectRoute('not_good_id_method')
 2 SYSTEMPATH\Common.php(861): CodeIgniter\HTTP\RedirectResponse->route(false)
 3 APPPATH\Controllers\UserManagementController.php(77): redirect('not_good_id_method', 'refresh')
 4 SYSTEMPATH\CodeIgniter.php(925): App\Controllers\UserManagementController->getselecteduser('FCPATH\\images', 'user', '1.png')
 5 SYSTEMPATH\CodeIgniter.php(480): CodeIgniter\CodeIgniter->runController(Object(App\Controllers\UserManagementController))
 6 SYSTEMPATH\CodeIgniter.php(349): CodeIgniter\CodeIgniter->handleRequest(null, Object(Config\Cache), false)
 7 FCPATH\index.php(67): CodeIgniter\CodeIgniter->run()
CRITICAL - 2024-02-03 06:14:26 --> The route for "not_good_id_method" cannot be found.
in SYSTEMPATH\HTTP\RedirectResponse.php on line 60.
 1 SYSTEMPATH\HTTP\RedirectResponse.php(60): CodeIgniter\HTTP\Exceptions\HTTPException::forInvalidRedirectRoute('not_good_id_method')
 2 SYSTEMPATH\Common.php(861): CodeIgniter\HTTP\RedirectResponse->route(false)
 3 APPPATH\Controllers\UserManagementController.php(77): redirect('not_good_id_method', 'refresh')
 4 SYSTEMPATH\CodeIgniter.php(925): App\Controllers\UserManagementController->getselecteduser('FCPATH\\images', 'favicon.png')
 5 SYSTEMPATH\CodeIgniter.php(480): CodeIgniter\CodeIgniter->runController(Object(App\Controllers\UserManagementController))
 6 SYSTEMPATH\CodeIgniter.php(349): CodeIgniter\CodeIgniter->handleRequest(null, Object(Config\Cache), false)
 7 FCPATH\index.php(67): CodeIgniter\CodeIgniter->run()
CRITICAL - 2024-02-03 06:14:39 --> The route for "not_good_id_method" cannot be found.
in SYSTEMPATH\HTTP\RedirectResponse.php on line 60.
 1 SYSTEMPATH\HTTP\RedirectResponse.php(60): CodeIgniter\HTTP\Exceptions\HTTPException::forInvalidRedirectRoute('not_good_id_method')
 2 SYSTEMPATH\Common.php(861): CodeIgniter\HTTP\RedirectResponse->route(false)
 3 APPPATH\Controllers\UserManagementController.php(77): redirect('not_good_id_method', 'refresh')
 4 SYSTEMPATH\CodeIgniter.php(925): App\Controllers\UserManagementController->getselecteduser('FCPATH\\images', 'logo-compact.png')
 5 SYSTEMPATH\CodeIgniter.php(480): CodeIgniter\CodeIgniter->runController(Object(App\Controllers\UserManagementController))
 6 SYSTEMPATH\CodeIgniter.php(349): CodeIgniter\CodeIgniter->handleRequest(null, Object(Config\Cache), false)
 7 FCPATH\index.php(67): CodeIgniter\CodeIgniter->run()
CRITICAL - 2024-02-03 06:14:40 --> The route for "not_good_id_method" cannot be found.
in SYSTEMPATH\HTTP\RedirectResponse.php on line 60.
 1 SYSTEMPATH\HTTP\RedirectResponse.php(60): CodeIgniter\HTTP\Exceptions\HTTPException::forInvalidRedirectRoute('not_good_id_method')
 2 SYSTEMPATH\Common.php(861): CodeIgniter\HTTP\RedirectResponse->route(false)
 3 APPPATH\Controllers\UserManagementController.php(77): redirect('not_good_id_method', 'refresh')
 4 SYSTEMPATH\CodeIgniter.php(925): App\Controllers\UserManagementController->getselecteduser('FCPATH\\images', 'logo.png')
 5 SYSTEMPATH\CodeIgniter.php(480): CodeIgniter\CodeIgniter->runController(Object(App\Controllers\UserManagementController))
 6 SYSTEMPATH\CodeIgniter.php(349): CodeIgniter\CodeIgniter->handleRequest(null, Object(Config\Cache), false)
 7 FCPATH\index.php(67): CodeIgniter\CodeIgniter->run()
CRITICAL - 2024-02-03 06:14:40 --> The route for "not_good_id_method" cannot be found.
in SYSTEMPATH\HTTP\RedirectResponse.php on line 60.
 1 SYSTEMPATH\HTTP\RedirectResponse.php(60): CodeIgniter\HTTP\Exceptions\HTTPException::forInvalidRedirectRoute('not_good_id_method')
 2 SYSTEMPATH\Common.php(861): CodeIgniter\HTTP\RedirectResponse->route(false)
 3 APPPATH\Controllers\UserManagementController.php(77): redirect('not_good_id_method', 'refresh')
 4 SYSTEMPATH\CodeIgniter.php(925): App\Controllers\UserManagementController->getselecteduser('FCPATH\\images', 'avatar', '1.jpg')
 5 SYSTEMPATH\CodeIgniter.php(480): CodeIgniter\CodeIgniter->runController(Object(App\Controllers\UserManagementController))
 6 SYSTEMPATH\CodeIgniter.php(349): CodeIgniter\CodeIgniter->handleRequest(null, Object(Config\Cache), false)
 7 FCPATH\index.php(67): CodeIgniter\CodeIgniter->run()
CRITICAL - 2024-02-03 06:14:40 --> The route for "not_good_id_method" cannot be found.
in SYSTEMPATH\HTTP\RedirectResponse.php on line 60.
 1 SYSTEMPATH\HTTP\RedirectResponse.php(60): CodeIgniter\HTTP\Exceptions\HTTPException::forInvalidRedirectRoute('not_good_id_method')
 2 SYSTEMPATH\Common.php(861): CodeIgniter\HTTP\RedirectResponse->route(false)
 3 APPPATH\Controllers\UserManagementController.php(77): redirect('not_good_id_method', 'refresh')
 4 SYSTEMPATH\CodeIgniter.php(925): App\Controllers\UserManagementController->getselecteduser('FCPATH\\images', 'avatar', '3.jpg')
 5 SYSTEMPATH\CodeIgniter.php(480): CodeIgniter\CodeIgniter->runController(Object(App\Controllers\UserManagementController))
 6 SYSTEMPATH\CodeIgniter.php(349): CodeIgniter\CodeIgniter->handleRequest(null, Object(Config\Cache), false)
 7 FCPATH\index.php(67): CodeIgniter\CodeIgniter->run()
CRITICAL - 2024-02-03 06:14:40 --> The route for "not_good_id_method" cannot be found.
in SYSTEMPATH\HTTP\RedirectResponse.php on line 60.
 1 SYSTEMPATH\HTTP\RedirectResponse.php(60): CodeIgniter\HTTP\Exceptions\HTTPException::forInvalidRedirectRoute('not_good_id_method')
 2 SYSTEMPATH\Common.php(861): CodeIgniter\HTTP\RedirectResponse->route(false)
 3 APPPATH\Controllers\UserManagementController.php(77): redirect('not_good_id_method', 'refresh')
 4 SYSTEMPATH\CodeIgniter.php(925): App\Controllers\UserManagementController->getselecteduser('FCPATH\\images', 'avatar', '4.jpg')
 5 SYSTEMPATH\CodeIgniter.php(480): CodeIgniter\CodeIgniter->runController(Object(App\Controllers\UserManagementController))
 6 SYSTEMPATH\CodeIgniter.php(349): CodeIgniter\CodeIgniter->handleRequest(null, Object(Config\Cache), false)
 7 FCPATH\index.php(67): CodeIgniter\CodeIgniter->run()
CRITICAL - 2024-02-03 06:14:40 --> The route for "not_good_id_method" cannot be found.
in SYSTEMPATH\HTTP\RedirectResponse.php on line 60.
 1 SYSTEMPATH\HTTP\RedirectResponse.php(60): CodeIgniter\HTTP\Exceptions\HTTPException::forInvalidRedirectRoute('not_good_id_method')
 2 SYSTEMPATH\Common.php(861): CodeIgniter\HTTP\RedirectResponse->route(false)
 3 APPPATH\Controllers\UserManagementController.php(77): redirect('not_good_id_method', 'refresh')
 4 SYSTEMPATH\CodeIgniter.php(925): App\Controllers\UserManagementController->getselecteduser('FCPATH\\images', 'avatar', '2.jpg')
 5 SYSTEMPATH\CodeIgniter.php(480): CodeIgniter\CodeIgniter->runController(Object(App\Controllers\UserManagementController))
 6 SYSTEMPATH\CodeIgniter.php(349): CodeIgniter\CodeIgniter->handleRequest(null, Object(Config\Cache), false)
 7 FCPATH\index.php(67): CodeIgniter\CodeIgniter->run()
CRITICAL - 2024-02-03 06:14:40 --> The route for "not_good_id_method" cannot be found.
in SYSTEMPATH\HTTP\RedirectResponse.php on line 60.
 1 SYSTEMPATH\HTTP\RedirectResponse.php(60): CodeIgniter\HTTP\Exceptions\HTTPException::forInvalidRedirectRoute('not_good_id_method')
 2 SYSTEMPATH\Common.php(861): CodeIgniter\HTTP\RedirectResponse->route(false)
 3 APPPATH\Controllers\UserManagementController.php(77): redirect('not_good_id_method', 'refresh')
 4 SYSTEMPATH\CodeIgniter.php(925): App\Controllers\UserManagementController->getselecteduser('FCPATH\\images', 'user', '1.png')
 5 SYSTEMPATH\CodeIgniter.php(480): CodeIgniter\CodeIgniter->runController(Object(App\Controllers\UserManagementController))
 6 SYSTEMPATH\CodeIgniter.php(349): CodeIgniter\CodeIgniter->handleRequest(null, Object(Config\Cache), false)
 7 FCPATH\index.php(67): CodeIgniter\CodeIgniter->run()
CRITICAL - 2024-02-03 06:14:40 --> The route for "not_good_id_method" cannot be found.
in SYSTEMPATH\HTTP\RedirectResponse.php on line 60.
 1 SYSTEMPATH\HTTP\RedirectResponse.php(60): CodeIgniter\HTTP\Exceptions\HTTPException::forInvalidRedirectRoute('not_good_id_method')
 2 SYSTEMPATH\Common.php(861): CodeIgniter\HTTP\RedirectResponse->route(false)
 3 APPPATH\Controllers\UserManagementController.php(77): redirect('not_good_id_method', 'refresh')
 4 SYSTEMPATH\CodeIgniter.php(925): App\Controllers\UserManagementController->getselecteduser('FCPATH\\images', 'favicon.png')
 5 SYSTEMPATH\CodeIgniter.php(480): CodeIgniter\CodeIgniter->runController(Object(App\Controllers\UserManagementController))
 6 SYSTEMPATH\CodeIgniter.php(349): CodeIgniter\CodeIgniter->handleRequest(null, Object(Config\Cache), false)
 7 FCPATH\index.php(67): CodeIgniter\CodeIgniter->run()
CRITICAL - 2024-02-03 06:18:41 --> The route for "not_good_id_method" cannot be found.
in SYSTEMPATH\HTTP\RedirectResponse.php on line 60.
 1 SYSTEMPATH\HTTP\RedirectResponse.php(60): CodeIgniter\HTTP\Exceptions\HTTPException::forInvalidRedirectRoute('not_good_id_method')
 2 SYSTEMPATH\Common.php(861): CodeIgniter\HTTP\RedirectResponse->route(false)
 3 APPPATH\Controllers\RoleManagementController.php(48): redirect('not_good_id_method', 'refresh')
 4 SYSTEMPATH\CodeIgniter.php(925): App\Controllers\RoleManagementController->getselectedrole('FCPATH\\images', 'logo-compact.png')
 5 SYSTEMPATH\CodeIgniter.php(480): CodeIgniter\CodeIgniter->runController(Object(App\Controllers\RoleManagementController))
 6 SYSTEMPATH\CodeIgniter.php(349): CodeIgniter\CodeIgniter->handleRequest(null, Object(Config\Cache), false)
 7 FCPATH\index.php(67): CodeIgniter\CodeIgniter->run()
CRITICAL - 2024-02-03 06:18:41 --> The route for "not_good_id_method" cannot be found.
in SYSTEMPATH\HTTP\RedirectResponse.php on line 60.
 1 SYSTEMPATH\HTTP\RedirectResponse.php(60): CodeIgniter\HTTP\Exceptions\HTTPException::forInvalidRedirectRoute('not_good_id_method')
 2 SYSTEMPATH\Common.php(861): CodeIgniter\HTTP\RedirectResponse->route(false)
 3 APPPATH\Controllers\RoleManagementController.php(48): redirect('not_good_id_method', 'refresh')
 4 SYSTEMPATH\CodeIgniter.php(925): App\Controllers\RoleManagementController->getselectedrole('FCPATH\\images', 'logo.png')
 5 SYSTEMPATH\CodeIgniter.php(480): CodeIgniter\CodeIgniter->runController(Object(App\Controllers\RoleManagementController))
 6 SYSTEMPATH\CodeIgniter.php(349): CodeIgniter\CodeIgniter->handleRequest(null, Object(Config\Cache), false)
 7 FCPATH\index.php(67): CodeIgniter\CodeIgniter->run()
CRITICAL - 2024-02-03 06:18:41 --> The route for "not_good_id_method" cannot be found.
in SYSTEMPATH\HTTP\RedirectResponse.php on line 60.
 1 SYSTEMPATH\HTTP\RedirectResponse.php(60): CodeIgniter\HTTP\Exceptions\HTTPException::forInvalidRedirectRoute('not_good_id_method')
 2 SYSTEMPATH\Common.php(861): CodeIgniter\HTTP\RedirectResponse->route(false)
 3 APPPATH\Controllers\RoleManagementController.php(48): redirect('not_good_id_method', 'refresh')
 4 SYSTEMPATH\CodeIgniter.php(925): App\Controllers\RoleManagementController->getselectedrole('FCPATH\\images', 'avatar', '1.jpg')
 5 SYSTEMPATH\CodeIgniter.php(480): CodeIgniter\CodeIgniter->runController(Object(App\Controllers\RoleManagementController))
 6 SYSTEMPATH\CodeIgniter.php(349): CodeIgniter\CodeIgniter->handleRequest(null, Object(Config\Cache), false)
 7 FCPATH\index.php(67): CodeIgniter\CodeIgniter->run()
CRITICAL - 2024-02-03 06:18:41 --> The route for "not_good_id_method" cannot be found.
in SYSTEMPATH\HTTP\RedirectResponse.php on line 60.
 1 SYSTEMPATH\HTTP\RedirectResponse.php(60): CodeIgniter\HTTP\Exceptions\HTTPException::forInvalidRedirectRoute('not_good_id_method')
 2 SYSTEMPATH\Common.php(861): CodeIgniter\HTTP\RedirectResponse->route(false)
 3 APPPATH\Controllers\RoleManagementController.php(48): redirect('not_good_id_method', 'refresh')
 4 SYSTEMPATH\CodeIgniter.php(925): App\Controllers\RoleManagementController->getselectedrole('FCPATH\\images', 'avatar', '3.jpg')
 5 SYSTEMPATH\CodeIgniter.php(480): CodeIgniter\CodeIgniter->runController(Object(App\Controllers\RoleManagementController))
 6 SYSTEMPATH\CodeIgniter.php(349): CodeIgniter\CodeIgniter->handleRequest(null, Object(Config\Cache), false)
 7 FCPATH\index.php(67): CodeIgniter\CodeIgniter->run()
CRITICAL - 2024-02-03 06:18:41 --> The route for "not_good_id_method" cannot be found.
in SYSTEMPATH\HTTP\RedirectResponse.php on line 60.
 1 SYSTEMPATH\HTTP\RedirectResponse.php(60): CodeIgniter\HTTP\Exceptions\HTTPException::forInvalidRedirectRoute('not_good_id_method')
 2 SYSTEMPATH\Common.php(861): CodeIgniter\HTTP\RedirectResponse->route(false)
 3 APPPATH\Controllers\RoleManagementController.php(48): redirect('not_good_id_method', 'refresh')
 4 SYSTEMPATH\CodeIgniter.php(925): App\Controllers\RoleManagementController->getselectedrole('FCPATH\\images', 'avatar', '2.jpg')
 5 SYSTEMPATH\CodeIgniter.php(480): CodeIgniter\CodeIgniter->runController(Object(App\Controllers\RoleManagementController))
 6 SYSTEMPATH\CodeIgniter.php(349): CodeIgniter\CodeIgniter->handleRequest(null, Object(Config\Cache), false)
 7 FCPATH\index.php(67): CodeIgniter\CodeIgniter->run()
CRITICAL - 2024-02-03 06:18:41 --> The route for "not_good_id_method" cannot be found.
in SYSTEMPATH\HTTP\RedirectResponse.php on line 60.
 1 SYSTEMPATH\HTTP\RedirectResponse.php(60): CodeIgniter\HTTP\Exceptions\HTTPException::forInvalidRedirectRoute('not_good_id_method')
 2 SYSTEMPATH\Common.php(861): CodeIgniter\HTTP\RedirectResponse->route(false)
 3 APPPATH\Controllers\RoleManagementController.php(48): redirect('not_good_id_method', 'refresh')
 4 SYSTEMPATH\CodeIgniter.php(925): App\Controllers\RoleManagementController->getselectedrole('FCPATH\\images', 'avatar', '4.jpg')
 5 SYSTEMPATH\CodeIgniter.php(480): CodeIgniter\CodeIgniter->runController(Object(App\Controllers\RoleManagementController))
 6 SYSTEMPATH\CodeIgniter.php(349): CodeIgniter\CodeIgniter->handleRequest(null, Object(Config\Cache), false)
 7 FCPATH\index.php(67): CodeIgniter\CodeIgniter->run()
CRITICAL - 2024-02-03 06:18:41 --> The route for "not_good_id_method" cannot be found.
in SYSTEMPATH\HTTP\RedirectResponse.php on line 60.
 1 SYSTEMPATH\HTTP\RedirectResponse.php(60): CodeIgniter\HTTP\Exceptions\HTTPException::forInvalidRedirectRoute('not_good_id_method')
 2 SYSTEMPATH\Common.php(861): CodeIgniter\HTTP\RedirectResponse->route(false)
 3 APPPATH\Controllers\RoleManagementController.php(48): redirect('not_good_id_method', 'refresh')
 4 SYSTEMPATH\CodeIgniter.php(925): App\Controllers\RoleManagementController->getselectedrole('FCPATH\\images', 'user', '1.png')
 5 SYSTEMPATH\CodeIgniter.php(480): CodeIgniter\CodeIgniter->runController(Object(App\Controllers\RoleManagementController))
 6 SYSTEMPATH\CodeIgniter.php(349): CodeIgniter\CodeIgniter->handleRequest(null, Object(Config\Cache), false)
 7 FCPATH\index.php(67): CodeIgniter\CodeIgniter->run()
CRITICAL - 2024-02-03 06:18:41 --> The route for "not_good_id_method" cannot be found.
in SYSTEMPATH\HTTP\RedirectResponse.php on line 60.
 1 SYSTEMPATH\HTTP\RedirectResponse.php(60): CodeIgniter\HTTP\Exceptions\HTTPException::forInvalidRedirectRoute('not_good_id_method')
 2 SYSTEMPATH\Common.php(861): CodeIgniter\HTTP\RedirectResponse->route(false)
 3 APPPATH\Controllers\RoleManagementController.php(48): redirect('not_good_id_method', 'refresh')
 4 SYSTEMPATH\CodeIgniter.php(925): App\Controllers\RoleManagementController->getselectedrole('FCPATH\\images', 'favicon.png')
 5 SYSTEMPATH\CodeIgniter.php(480): CodeIgniter\CodeIgniter->runController(Object(App\Controllers\RoleManagementController))
 6 SYSTEMPATH\CodeIgniter.php(349): CodeIgniter\CodeIgniter->handleRequest(null, Object(Config\Cache), false)
 7 FCPATH\index.php(67): CodeIgniter\CodeIgniter->run()
CRITICAL - 2024-02-03 06:54:16 --> Invalid file: HardwareManagementView/ViewHardwareTypes.php
in SYSTEMPATH\Exceptions\FrameworkException.php on line 33.
 1 SYSTEMPATH\View\View.php(201): CodeIgniter\Exceptions\FrameworkException::forInvalidFile('HardwareManagementView/ViewHardwareTypes.php')
 2 SYSTEMPATH\Common.php(1135): CodeIgniter\View\View->render('HardwareManagementView/ViewHardwareTypes', [], true)
 3 APPPATH\Controllers\HardwareController.php(94): view('HardwareManagementView/ViewHardwareTypes', [...])
 4 SYSTEMPATH\CodeIgniter.php(925): App\Controllers\HardwareController->gettypelist()
 5 SYSTEMPATH\CodeIgniter.php(480): CodeIgniter\CodeIgniter->runController(Object(App\Controllers\HardwareController))
 6 SYSTEMPATH\CodeIgniter.php(349): CodeIgniter\CodeIgniter->handleRequest(null, Object(Config\Cache), false)
 7 FCPATH\index.php(67): CodeIgniter\CodeIgniter->run()
