CRITICAL - 2024-02-12 11:40:51 --> Undefined variable $typelist
in APPPATH\Views\HardwareManagementView\AddHardwareModel.php on line 82.
 1 APPPATH\Views\HardwareManagementView\AddHardwareModel.php(82): CodeIgniter\Debug\Exceptions->errorHandler(2, 'Undefined variable $typelist', 'APPPATH\\Views\\HardwareManagementView\\AddHardwareModel.php', 82)
 2 SYSTEMPATH\View\View.php(213): include('APPPATH\\Views\\HardwareManagementView\\AddHardwareModel.php')
 3 SYSTEMPATH\View\View.php(216): CodeIgniter\View\View->CodeIgniter\View\{closure}()
 4 SYSTEMPATH\Common.php(1135): CodeIgniter\View\View->render('HardwareManagementView/AddHardwareModel', [], true)
 5 APPPATH\Controllers\HardwareController.php(142): view('HardwareManagementView/AddHardwareModel', [...])
 6 SYSTEMPATH\CodeIgniter.php(925): App\Controllers\HardwareController->getmodellisttoadd()
 7 SYSTEMPATH\CodeIgniter.php(480): CodeIgniter\CodeIgniter->runController(Object(App\Controllers\HardwareController))
 8 SYSTEMPATH\CodeIgniter.php(349): CodeIgniter\CodeIgniter->handleRequest(null, Object(Config\Cache), false)
 9 FCPATH\index.php(67): CodeIgniter\CodeIgniter->run()
CRITICAL - 2024-02-12 11:41:00 --> Undefined variable $typelist
in APPPATH\Views\HardwareManagementView\AddHardwareBrand.php on line 82.
 1 APPPATH\Views\HardwareManagementView\AddHardwareBrand.php(82): CodeIgniter\Debug\Exceptions->errorHandler(2, 'Undefined variable $typelist', 'APPPATH\\Views\\HardwareManagementView\\AddHardwareBrand.php', 82)
 2 SYSTEMPATH\View\View.php(213): include('APPPATH\\Views\\HardwareManagementView\\AddHardwareBrand.php')
 3 SYSTEMPATH\View\View.php(216): CodeIgniter\View\View->CodeIgniter\View\{closure}()
 4 SYSTEMPATH\Common.php(1135): CodeIgniter\View\View->render('HardwareManagementView/AddHardwareBrand', [], true)
 5 APPPATH\Controllers\HardwareController.php(150): view('HardwareManagementView/AddHardwareBrand', [...])
 6 SYSTEMPATH\CodeIgniter.php(925): App\Controllers\HardwareController->getbrandlisttoadd()
 7 SYSTEMPATH\CodeIgniter.php(480): CodeIgniter\CodeIgniter->runController(Object(App\Controllers\HardwareController))
 8 SYSTEMPATH\CodeIgniter.php(349): CodeIgniter\CodeIgniter->handleRequest(null, Object(Config\Cache), false)
 9 FCPATH\index.php(67): CodeIgniter\CodeIgniter->run()
CRITICAL - 2024-02-12 11:41:04 --> Undefined variable $typelist
in APPPATH\Views\HardwareManagementView\AddHardwareBrand.php on line 82.
 1 APPPATH\Views\HardwareManagementView\AddHardwareBrand.php(82): CodeIgniter\Debug\Exceptions->errorHandler(2, 'Undefined variable $typelist', 'APPPATH\\Views\\HardwareManagementView\\AddHardwareBrand.php', 82)
 2 SYSTEMPATH\View\View.php(213): include('APPPATH\\Views\\HardwareManagementView\\AddHardwareBrand.php')
 3 SYSTEMPATH\View\View.php(216): CodeIgniter\View\View->CodeIgniter\View\{closure}()
 4 SYSTEMPATH\Common.php(1135): CodeIgniter\View\View->render('HardwareManagementView/AddHardwareBrand', [], true)
 5 APPPATH\Controllers\HardwareController.php(150): view('HardwareManagementView/AddHardwareBrand', [...])
 6 SYSTEMPATH\CodeIgniter.php(925): App\Controllers\HardwareController->getbrandlisttoadd()
 7 SYSTEMPATH\CodeIgniter.php(480): CodeIgniter\CodeIgniter->runController(Object(App\Controllers\HardwareController))
 8 SYSTEMPATH\CodeIgniter.php(349): CodeIgniter\CodeIgniter->handleRequest(null, Object(Config\Cache), false)
 9 FCPATH\index.php(67): CodeIgniter\CodeIgniter->run()
CRITICAL - 2024-02-12 11:41:39 --> Undefined variable $typelist
in APPPATH\Views\HardwareManagementView\AddHardwareBrand.php on line 82.
 1 APPPATH\Views\HardwareManagementView\AddHardwareBrand.php(82): CodeIgniter\Debug\Exceptions->errorHandler(2, 'Undefined variable $typelist', 'APPPATH\\Views\\HardwareManagementView\\AddHardwareBrand.php', 82)
 2 SYSTEMPATH\View\View.php(213): include('APPPATH\\Views\\HardwareManagementView\\AddHardwareBrand.php')
 3 SYSTEMPATH\View\View.php(216): CodeIgniter\View\View->CodeIgniter\View\{closure}()
 4 SYSTEMPATH\Common.php(1135): CodeIgniter\View\View->render('HardwareManagementView/AddHardwareBrand', [], true)
 5 APPPATH\Controllers\HardwareController.php(150): view('HardwareManagementView/AddHardwareBrand', [...])
 6 SYSTEMPATH\CodeIgniter.php(925): App\Controllers\HardwareController->getbrandlisttoadd()
 7 SYSTEMPATH\CodeIgniter.php(480): CodeIgniter\CodeIgniter->runController(Object(App\Controllers\HardwareController))
 8 SYSTEMPATH\CodeIgniter.php(349): CodeIgniter\CodeIgniter->handleRequest(null, Object(Config\Cache), false)
 9 FCPATH\index.php(67): CodeIgniter\CodeIgniter->run()
ERROR - 2024-02-12 11:44:30 --> mysqli_sql_exception: Duplicate entry '0' for key 'PRIMARY' in C:\xampp\htdocs\ITHelpDesk\system\Database\MySQLi\Connection.php:292
Stack trace:
#0 C:\xampp\htdocs\ITHelpDesk\system\Database\MySQLi\Connection.php(292): mysqli->query('INSERT INTO `ha...', 0)
#1 C:\xampp\htdocs\ITHelpDesk\system\Database\BaseConnection.php(666): CodeIgniter\Database\MySQLi\Connection->execute('INSERT INTO `ha...')
#2 C:\xampp\htdocs\ITHelpDesk\system\Database\BaseConnection.php(593): CodeIgniter\Database\BaseConnection->simpleQuery('INSERT INTO `ha...')
#3 C:\xampp\htdocs\ITHelpDesk\system\Database\BaseBuilder.php(1916): CodeIgniter\Database\BaseConnection->query('INSERT INTO `ha...', Array, false)
#4 C:\xampp\htdocs\ITHelpDesk\system\Model.php(303): CodeIgniter\Database\BaseBuilder->insert()
#5 C:\xampp\htdocs\ITHelpDesk\system\BaseModel.php(750): CodeIgniter\Model->doInsert(Array)
#6 C:\xampp\htdocs\ITHelpDesk\system\Model.php(695): CodeIgniter\BaseModel->insert(Array, true)
#7 C:\xampp\htdocs\ITHelpDesk\app\Models\HardwareBrandsModel.php(39): CodeIgniter\Model->insert(Array)
#8 C:\xampp\htdocs\ITHelpDesk\app\Controllers\HardwareController.php(211): App\Models\HardwareBrandsModel->savedata(Array)
#9 C:\xampp\htdocs\ITHelpDesk\system\CodeIgniter.php(925): App\Controllers\HardwareController->savebrand()
#10 C:\xampp\htdocs\ITHelpDesk\system\CodeIgniter.php(480): CodeIgniter\CodeIgniter->runController(Object(App\Controllers\HardwareController))
#11 C:\xampp\htdocs\ITHelpDesk\system\CodeIgniter.php(349): CodeIgniter\CodeIgniter->handleRequest(NULL, Object(Config\Cache), false)
#12 C:\xampp\htdocs\ITHelpDesk\public\index.php(67): CodeIgniter\CodeIgniter->run()
#13 {main}
CRITICAL - 2024-02-12 11:44:30 --> Duplicate entry '0' for key 'PRIMARY'
in SYSTEMPATH\Database\MySQLi\Connection.php on line 292.
 1 SYSTEMPATH\Database\MySQLi\Connection.php(292): mysqli->query('INSERT INTO `hardware_brands` (`brand_name`) VALUES (\'ggg\')', 0)
 2 SYSTEMPATH\Database\BaseConnection.php(666): CodeIgniter\Database\MySQLi\Connection->execute('INSERT INTO `hardware_brands` (`brand_name`) VALUES (\'ggg\')')
 3 SYSTEMPATH\Database\BaseConnection.php(593): CodeIgniter\Database\BaseConnection->simpleQuery('INSERT INTO `hardware_brands` (`brand_name`) VALUES (\'ggg\')')
 4 SYSTEMPATH\Database\BaseBuilder.php(1916): CodeIgniter\Database\BaseConnection->query('INSERT INTO `hardware_brands` (`brand_name`) VALUES (:brand_name:)', [...], false)
 5 SYSTEMPATH\Model.php(303): CodeIgniter\Database\BaseBuilder->insert()
 6 SYSTEMPATH\BaseModel.php(750): CodeIgniter\Model->doInsert([...])
 7 SYSTEMPATH\Model.php(695): CodeIgniter\BaseModel->insert([...], true)
 8 APPPATH\Models\HardwareBrandsModel.php(39): CodeIgniter\Model->insert([...])
 9 APPPATH\Controllers\HardwareController.php(211): App\Models\HardwareBrandsModel->savedata([...])
10 SYSTEMPATH\CodeIgniter.php(925): App\Controllers\HardwareController->savebrand()
11 SYSTEMPATH\CodeIgniter.php(480): CodeIgniter\CodeIgniter->runController(Object(App\Controllers\HardwareController))
12 SYSTEMPATH\CodeIgniter.php(349): CodeIgniter\CodeIgniter->handleRequest(null, Object(Config\Cache), false)
13 FCPATH\index.php(67): CodeIgniter\CodeIgniter->run()
ERROR - 2024-02-12 11:47:27 --> mysqli_sql_exception: Duplicate entry '6' for key 'PRIMARY' in C:\xampp\htdocs\ITHelpDesk\system\Database\MySQLi\Connection.php:292
Stack trace:
#0 C:\xampp\htdocs\ITHelpDesk\system\Database\MySQLi\Connection.php(292): mysqli->query('INSERT INTO `ha...', 0)
#1 C:\xampp\htdocs\ITHelpDesk\system\Database\BaseConnection.php(666): CodeIgniter\Database\MySQLi\Connection->execute('INSERT INTO `ha...')
#2 C:\xampp\htdocs\ITHelpDesk\system\Database\BaseConnection.php(593): CodeIgniter\Database\BaseConnection->simpleQuery('INSERT INTO `ha...')
#3 C:\xampp\htdocs\ITHelpDesk\system\Database\BaseBuilder.php(1916): CodeIgniter\Database\BaseConnection->query('INSERT INTO `ha...', Array, false)
#4 C:\xampp\htdocs\ITHelpDesk\system\Model.php(303): CodeIgniter\Database\BaseBuilder->insert()
#5 C:\xampp\htdocs\ITHelpDesk\system\BaseModel.php(750): CodeIgniter\Model->doInsert(Array)
#6 C:\xampp\htdocs\ITHelpDesk\system\Model.php(695): CodeIgniter\BaseModel->insert(Array, true)
#7 C:\xampp\htdocs\ITHelpDesk\app\Models\HardwareBrandsModel.php(39): CodeIgniter\Model->insert(Array)
#8 C:\xampp\htdocs\ITHelpDesk\app\Controllers\HardwareController.php(215): App\Models\HardwareBrandsModel->savedata(Array)
#9 C:\xampp\htdocs\ITHelpDesk\system\CodeIgniter.php(925): App\Controllers\HardwareController->savebrand()
#10 C:\xampp\htdocs\ITHelpDesk\system\CodeIgniter.php(480): CodeIgniter\CodeIgniter->runController(Object(App\Controllers\HardwareController))
#11 C:\xampp\htdocs\ITHelpDesk\system\CodeIgniter.php(349): CodeIgniter\CodeIgniter->handleRequest(NULL, Object(Config\Cache), false)
#12 C:\xampp\htdocs\ITHelpDesk\public\index.php(67): CodeIgniter\CodeIgniter->run()
#13 {main}
CRITICAL - 2024-02-12 11:47:27 --> Duplicate entry '6' for key 'PRIMARY'
in SYSTEMPATH\Database\MySQLi\Connection.php on line 292.
 1 SYSTEMPATH\Database\MySQLi\Connection.php(292): mysqli->query('INSERT INTO `hardware_brands` (`id`, `brand_name`, `status`) VALUES (\'6\', \'ggg\', \'1\')', 0)
 2 SYSTEMPATH\Database\BaseConnection.php(666): CodeIgniter\Database\MySQLi\Connection->execute('INSERT INTO `hardware_brands` (`id`, `brand_name`, `status`) VALUES (\'6\', \'ggg\', \'1\')')
 3 SYSTEMPATH\Database\BaseConnection.php(593): CodeIgniter\Database\BaseConnection->simpleQuery('INSERT INTO `hardware_brands` (`id`, `brand_name`, `status`) VALUES (\'6\', \'ggg\', \'1\')')
 4 SYSTEMPATH\Database\BaseBuilder.php(1916): CodeIgniter\Database\BaseConnection->query('INSERT INTO `hardware_brands` (`id`, `brand_name`, `status`) VALUES (:id:, :brand_name:, :status:)', [...], false)
 5 SYSTEMPATH\Model.php(303): CodeIgniter\Database\BaseBuilder->insert()
 6 SYSTEMPATH\BaseModel.php(750): CodeIgniter\Model->doInsert([...])
 7 SYSTEMPATH\Model.php(695): CodeIgniter\BaseModel->insert([...], true)
 8 APPPATH\Models\HardwareBrandsModel.php(39): CodeIgniter\Model->insert([...])
 9 APPPATH\Controllers\HardwareController.php(215): App\Models\HardwareBrandsModel->savedata([...])
10 SYSTEMPATH\CodeIgniter.php(925): App\Controllers\HardwareController->savebrand()
11 SYSTEMPATH\CodeIgniter.php(480): CodeIgniter\CodeIgniter->runController(Object(App\Controllers\HardwareController))
12 SYSTEMPATH\CodeIgniter.php(349): CodeIgniter\CodeIgniter->handleRequest(null, Object(Config\Cache), false)
13 FCPATH\index.php(67): CodeIgniter\CodeIgniter->run()
ERROR - 2024-02-12 11:50:28 --> mysqli_sql_exception: Duplicate entry '4' for key 'PRIMARY' in C:\xampp\htdocs\ITHelpDesk\system\Database\MySQLi\Connection.php:292
Stack trace:
#0 C:\xampp\htdocs\ITHelpDesk\system\Database\MySQLi\Connection.php(292): mysqli->query('INSERT INTO `ha...', 0)
#1 C:\xampp\htdocs\ITHelpDesk\system\Database\BaseConnection.php(666): CodeIgniter\Database\MySQLi\Connection->execute('INSERT INTO `ha...')
#2 C:\xampp\htdocs\ITHelpDesk\system\Database\BaseConnection.php(593): CodeIgniter\Database\BaseConnection->simpleQuery('INSERT INTO `ha...')
#3 C:\xampp\htdocs\ITHelpDesk\system\Database\BaseBuilder.php(1916): CodeIgniter\Database\BaseConnection->query('INSERT INTO `ha...', Array, false)
#4 C:\xampp\htdocs\ITHelpDesk\system\Model.php(303): CodeIgniter\Database\BaseBuilder->insert()
#5 C:\xampp\htdocs\ITHelpDesk\system\BaseModel.php(750): CodeIgniter\Model->doInsert(Array)
#6 C:\xampp\htdocs\ITHelpDesk\system\Model.php(695): CodeIgniter\BaseModel->insert(Array, true)
#7 C:\xampp\htdocs\ITHelpDesk\app\Models\HardwareTypesModel.php(39): CodeIgniter\Model->insert(Array)
#8 C:\xampp\htdocs\ITHelpDesk\app\Controllers\HardwareController.php(175): App\Models\HardwareTypesModel->savedata(Array)
#9 C:\xampp\htdocs\ITHelpDesk\system\CodeIgniter.php(925): App\Controllers\HardwareController->savetype()
#10 C:\xampp\htdocs\ITHelpDesk\system\CodeIgniter.php(480): CodeIgniter\CodeIgniter->runController(Object(App\Controllers\HardwareController))
#11 C:\xampp\htdocs\ITHelpDesk\system\CodeIgniter.php(349): CodeIgniter\CodeIgniter->handleRequest(NULL, Object(Config\Cache), false)
#12 C:\xampp\htdocs\ITHelpDesk\public\index.php(67): CodeIgniter\CodeIgniter->run()
#13 {main}
CRITICAL - 2024-02-12 11:50:28 --> Duplicate entry '4' for key 'PRIMARY'
in SYSTEMPATH\Database\MySQLi\Connection.php on line 292.
 1 SYSTEMPATH\Database\MySQLi\Connection.php(292): mysqli->query('INSERT INTO `hardware_types` (`id`, `hardware_name`, `status`) VALUES (\'4\', \'ddd\', \'1\')', 0)
 2 SYSTEMPATH\Database\BaseConnection.php(666): CodeIgniter\Database\MySQLi\Connection->execute('INSERT INTO `hardware_types` (`id`, `hardware_name`, `status`) VALUES (\'4\', \'ddd\', \'1\')')
 3 SYSTEMPATH\Database\BaseConnection.php(593): CodeIgniter\Database\BaseConnection->simpleQuery('INSERT INTO `hardware_types` (`id`, `hardware_name`, `status`) VALUES (\'4\', \'ddd\', \'1\')')
 4 SYSTEMPATH\Database\BaseBuilder.php(1916): CodeIgniter\Database\BaseConnection->query('INSERT INTO `hardware_types` (`id`, `hardware_name`, `status`) VALUES (:id:, :hardware_name:, :status:)', [...], false)
 5 SYSTEMPATH\Model.php(303): CodeIgniter\Database\BaseBuilder->insert()
 6 SYSTEMPATH\BaseModel.php(750): CodeIgniter\Model->doInsert([...])
 7 SYSTEMPATH\Model.php(695): CodeIgniter\BaseModel->insert([...], true)
 8 APPPATH\Models\HardwareTypesModel.php(39): CodeIgniter\Model->insert([...])
 9 APPPATH\Controllers\HardwareController.php(175): App\Models\HardwareTypesModel->savedata([...])
10 SYSTEMPATH\CodeIgniter.php(925): App\Controllers\HardwareController->savetype()
11 SYSTEMPATH\CodeIgniter.php(480): CodeIgniter\CodeIgniter->runController(Object(App\Controllers\HardwareController))
12 SYSTEMPATH\CodeIgniter.php(349): CodeIgniter\CodeIgniter->handleRequest(null, Object(Config\Cache), false)
13 FCPATH\index.php(67): CodeIgniter\CodeIgniter->run()
ERROR - 2024-02-12 11:51:23 --> mysqli_sql_exception: Duplicate entry '8' for key 'PRIMARY' in C:\xampp\htdocs\ITHelpDesk\system\Database\MySQLi\Connection.php:292
Stack trace:
#0 C:\xampp\htdocs\ITHelpDesk\system\Database\MySQLi\Connection.php(292): mysqli->query('INSERT INTO `ha...', 0)
#1 C:\xampp\htdocs\ITHelpDesk\system\Database\BaseConnection.php(666): CodeIgniter\Database\MySQLi\Connection->execute('INSERT INTO `ha...')
#2 C:\xampp\htdocs\ITHelpDesk\system\Database\BaseConnection.php(593): CodeIgniter\Database\BaseConnection->simpleQuery('INSERT INTO `ha...')
#3 C:\xampp\htdocs\ITHelpDesk\system\Database\BaseBuilder.php(1916): CodeIgniter\Database\BaseConnection->query('INSERT INTO `ha...', Array, false)
#4 C:\xampp\htdocs\ITHelpDesk\system\Model.php(303): CodeIgniter\Database\BaseBuilder->insert()
#5 C:\xampp\htdocs\ITHelpDesk\system\BaseModel.php(750): CodeIgniter\Model->doInsert(Array)
#6 C:\xampp\htdocs\ITHelpDesk\system\Model.php(695): CodeIgniter\BaseModel->insert(Array, true)
#7 C:\xampp\htdocs\ITHelpDesk\app\Models\HardwareTypesModel.php(39): CodeIgniter\Model->insert(Array)
#8 C:\xampp\htdocs\ITHelpDesk\app\Controllers\HardwareController.php(175): App\Models\HardwareTypesModel->savedata(Array)
#9 C:\xampp\htdocs\ITHelpDesk\system\CodeIgniter.php(925): App\Controllers\HardwareController->savetype()
#10 C:\xampp\htdocs\ITHelpDesk\system\CodeIgniter.php(480): CodeIgniter\CodeIgniter->runController(Object(App\Controllers\HardwareController))
#11 C:\xampp\htdocs\ITHelpDesk\system\CodeIgniter.php(349): CodeIgniter\CodeIgniter->handleRequest(NULL, Object(Config\Cache), false)
#12 C:\xampp\htdocs\ITHelpDesk\public\index.php(67): CodeIgniter\CodeIgniter->run()
#13 {main}
CRITICAL - 2024-02-12 11:51:23 --> Duplicate entry '8' for key 'PRIMARY'
in SYSTEMPATH\Database\MySQLi\Connection.php on line 292.
 1 SYSTEMPATH\Database\MySQLi\Connection.php(292): mysqli->query('INSERT INTO `hardware_types` (`id`, `hardware_name`, `status`) VALUES (\'8\', \'dddd\', \'1\')', 0)
 2 SYSTEMPATH\Database\BaseConnection.php(666): CodeIgniter\Database\MySQLi\Connection->execute('INSERT INTO `hardware_types` (`id`, `hardware_name`, `status`) VALUES (\'8\', \'dddd\', \'1\')')
 3 SYSTEMPATH\Database\BaseConnection.php(593): CodeIgniter\Database\BaseConnection->simpleQuery('INSERT INTO `hardware_types` (`id`, `hardware_name`, `status`) VALUES (\'8\', \'dddd\', \'1\')')
 4 SYSTEMPATH\Database\BaseBuilder.php(1916): CodeIgniter\Database\BaseConnection->query('INSERT INTO `hardware_types` (`id`, `hardware_name`, `status`) VALUES (:id:, :hardware_name:, :status:)', [...], false)
 5 SYSTEMPATH\Model.php(303): CodeIgniter\Database\BaseBuilder->insert()
 6 SYSTEMPATH\BaseModel.php(750): CodeIgniter\Model->doInsert([...])
 7 SYSTEMPATH\Model.php(695): CodeIgniter\BaseModel->insert([...], true)
 8 APPPATH\Models\HardwareTypesModel.php(39): CodeIgniter\Model->insert([...])
 9 APPPATH\Controllers\HardwareController.php(175): App\Models\HardwareTypesModel->savedata([...])
10 SYSTEMPATH\CodeIgniter.php(925): App\Controllers\HardwareController->savetype()
11 SYSTEMPATH\CodeIgniter.php(480): CodeIgniter\CodeIgniter->runController(Object(App\Controllers\HardwareController))
12 SYSTEMPATH\CodeIgniter.php(349): CodeIgniter\CodeIgniter->handleRequest(null, Object(Config\Cache), false)
13 FCPATH\index.php(67): CodeIgniter\CodeIgniter->run()
ERROR - 2024-02-12 11:51:42 --> mysqli_sql_exception: Duplicate entry '9' for key 'PRIMARY' in C:\xampp\htdocs\ITHelpDesk\system\Database\MySQLi\Connection.php:292
Stack trace:
#0 C:\xampp\htdocs\ITHelpDesk\system\Database\MySQLi\Connection.php(292): mysqli->query('INSERT INTO `ha...', 0)
#1 C:\xampp\htdocs\ITHelpDesk\system\Database\BaseConnection.php(666): CodeIgniter\Database\MySQLi\Connection->execute('INSERT INTO `ha...')
#2 C:\xampp\htdocs\ITHelpDesk\system\Database\BaseConnection.php(593): CodeIgniter\Database\BaseConnection->simpleQuery('INSERT INTO `ha...')
#3 C:\xampp\htdocs\ITHelpDesk\system\Database\BaseBuilder.php(1916): CodeIgniter\Database\BaseConnection->query('INSERT INTO `ha...', Array, false)
#4 C:\xampp\htdocs\ITHelpDesk\system\Model.php(303): CodeIgniter\Database\BaseBuilder->insert()
#5 C:\xampp\htdocs\ITHelpDesk\system\BaseModel.php(750): CodeIgniter\Model->doInsert(Array)
#6 C:\xampp\htdocs\ITHelpDesk\system\Model.php(695): CodeIgniter\BaseModel->insert(Array, true)
#7 C:\xampp\htdocs\ITHelpDesk\app\Models\HardwareTypesModel.php(39): CodeIgniter\Model->insert(Array)
#8 C:\xampp\htdocs\ITHelpDesk\app\Controllers\HardwareController.php(175): App\Models\HardwareTypesModel->savedata(Array)
#9 C:\xampp\htdocs\ITHelpDesk\system\CodeIgniter.php(925): App\Controllers\HardwareController->savetype()
#10 C:\xampp\htdocs\ITHelpDesk\system\CodeIgniter.php(480): CodeIgniter\CodeIgniter->runController(Object(App\Controllers\HardwareController))
#11 C:\xampp\htdocs\ITHelpDesk\system\CodeIgniter.php(349): CodeIgniter\CodeIgniter->handleRequest(NULL, Object(Config\Cache), false)
#12 C:\xampp\htdocs\ITHelpDesk\public\index.php(67): CodeIgniter\CodeIgniter->run()
#13 {main}
CRITICAL - 2024-02-12 11:51:42 --> Duplicate entry '9' for key 'PRIMARY'
in SYSTEMPATH\Database\MySQLi\Connection.php on line 292.
 1 SYSTEMPATH\Database\MySQLi\Connection.php(292): mysqli->query('INSERT INTO `hardware_types` (`id`, `hardware_name`, `status`) VALUES (\'9\', \'dddd\', \'1\')', 0)
 2 SYSTEMPATH\Database\BaseConnection.php(666): CodeIgniter\Database\MySQLi\Connection->execute('INSERT INTO `hardware_types` (`id`, `hardware_name`, `status`) VALUES (\'9\', \'dddd\', \'1\')')
 3 SYSTEMPATH\Database\BaseConnection.php(593): CodeIgniter\Database\BaseConnection->simpleQuery('INSERT INTO `hardware_types` (`id`, `hardware_name`, `status`) VALUES (\'9\', \'dddd\', \'1\')')
 4 SYSTEMPATH\Database\BaseBuilder.php(1916): CodeIgniter\Database\BaseConnection->query('INSERT INTO `hardware_types` (`id`, `hardware_name`, `status`) VALUES (:id:, :hardware_name:, :status:)', [...], false)
 5 SYSTEMPATH\Model.php(303): CodeIgniter\Database\BaseBuilder->insert()
 6 SYSTEMPATH\BaseModel.php(750): CodeIgniter\Model->doInsert([...])
 7 SYSTEMPATH\Model.php(695): CodeIgniter\BaseModel->insert([...], true)
 8 APPPATH\Models\HardwareTypesModel.php(39): CodeIgniter\Model->insert([...])
 9 APPPATH\Controllers\HardwareController.php(175): App\Models\HardwareTypesModel->savedata([...])
10 SYSTEMPATH\CodeIgniter.php(925): App\Controllers\HardwareController->savetype()
11 SYSTEMPATH\CodeIgniter.php(480): CodeIgniter\CodeIgniter->runController(Object(App\Controllers\HardwareController))
12 SYSTEMPATH\CodeIgniter.php(349): CodeIgniter\CodeIgniter->handleRequest(null, Object(Config\Cache), false)
13 FCPATH\index.php(67): CodeIgniter\CodeIgniter->run()
ERROR - 2024-02-12 11:51:50 --> mysqli_sql_exception: Duplicate entry '9' for key 'PRIMARY' in C:\xampp\htdocs\ITHelpDesk\system\Database\MySQLi\Connection.php:292
Stack trace:
#0 C:\xampp\htdocs\ITHelpDesk\system\Database\MySQLi\Connection.php(292): mysqli->query('INSERT INTO `ha...', 0)
#1 C:\xampp\htdocs\ITHelpDesk\system\Database\BaseConnection.php(666): CodeIgniter\Database\MySQLi\Connection->execute('INSERT INTO `ha...')
#2 C:\xampp\htdocs\ITHelpDesk\system\Database\BaseConnection.php(593): CodeIgniter\Database\BaseConnection->simpleQuery('INSERT INTO `ha...')
#3 C:\xampp\htdocs\ITHelpDesk\system\Database\BaseBuilder.php(1916): CodeIgniter\Database\BaseConnection->query('INSERT INTO `ha...', Array, false)
#4 C:\xampp\htdocs\ITHelpDesk\system\Model.php(303): CodeIgniter\Database\BaseBuilder->insert()
#5 C:\xampp\htdocs\ITHelpDesk\system\BaseModel.php(750): CodeIgniter\Model->doInsert(Array)
#6 C:\xampp\htdocs\ITHelpDesk\system\Model.php(695): CodeIgniter\BaseModel->insert(Array, true)
#7 C:\xampp\htdocs\ITHelpDesk\app\Models\HardwareTypesModel.php(39): CodeIgniter\Model->insert(Array)
#8 C:\xampp\htdocs\ITHelpDesk\app\Controllers\HardwareController.php(175): App\Models\HardwareTypesModel->savedata(Array)
#9 C:\xampp\htdocs\ITHelpDesk\system\CodeIgniter.php(925): App\Controllers\HardwareController->savetype()
#10 C:\xampp\htdocs\ITHelpDesk\system\CodeIgniter.php(480): CodeIgniter\CodeIgniter->runController(Object(App\Controllers\HardwareController))
#11 C:\xampp\htdocs\ITHelpDesk\system\CodeIgniter.php(349): CodeIgniter\CodeIgniter->handleRequest(NULL, Object(Config\Cache), false)
#12 C:\xampp\htdocs\ITHelpDesk\public\index.php(67): CodeIgniter\CodeIgniter->run()
#13 {main}
CRITICAL - 2024-02-12 11:51:50 --> Duplicate entry '9' for key 'PRIMARY'
in SYSTEMPATH\Database\MySQLi\Connection.php on line 292.
 1 SYSTEMPATH\Database\MySQLi\Connection.php(292): mysqli->query('INSERT INTO `hardware_types` (`id`, `hardware_name`, `status`) VALUES (\'9\', \'dddd\', \'h\')', 0)
 2 SYSTEMPATH\Database\BaseConnection.php(666): CodeIgniter\Database\MySQLi\Connection->execute('INSERT INTO `hardware_types` (`id`, `hardware_name`, `status`) VALUES (\'9\', \'dddd\', \'h\')')
 3 SYSTEMPATH\Database\BaseConnection.php(593): CodeIgniter\Database\BaseConnection->simpleQuery('INSERT INTO `hardware_types` (`id`, `hardware_name`, `status`) VALUES (\'9\', \'dddd\', \'h\')')
 4 SYSTEMPATH\Database\BaseBuilder.php(1916): CodeIgniter\Database\BaseConnection->query('INSERT INTO `hardware_types` (`id`, `hardware_name`, `status`) VALUES (:id:, :hardware_name:, :status:)', [...], false)
 5 SYSTEMPATH\Model.php(303): CodeIgniter\Database\BaseBuilder->insert()
 6 SYSTEMPATH\BaseModel.php(750): CodeIgniter\Model->doInsert([...])
 7 SYSTEMPATH\Model.php(695): CodeIgniter\BaseModel->insert([...], true)
 8 APPPATH\Models\HardwareTypesModel.php(39): CodeIgniter\Model->insert([...])
 9 APPPATH\Controllers\HardwareController.php(175): App\Models\HardwareTypesModel->savedata([...])
10 SYSTEMPATH\CodeIgniter.php(925): App\Controllers\HardwareController->savetype()
11 SYSTEMPATH\CodeIgniter.php(480): CodeIgniter\CodeIgniter->runController(Object(App\Controllers\HardwareController))
12 SYSTEMPATH\CodeIgniter.php(349): CodeIgniter\CodeIgniter->handleRequest(null, Object(Config\Cache), false)
13 FCPATH\index.php(67): CodeIgniter\CodeIgniter->run()
