CRITICAL - 2023-12-24 10:06:03 --> syntax error, unexpected token ";", expecting ")"
in APPPATH\Controllers\HardwareController.php on line 331.
 1 SYSTEMPATH\Autoloader\Autoloader.php(260): CodeIgniter\Autoloader\Autoloader->includeFile('APPPATH\\Controllers\\HardwareController.php')
 2 SYSTEMPATH\Autoloader\Autoloader.php(238): CodeIgniter\Autoloader\Autoloader->loadInNamespace('App\\Controllers\\HardwareController')
 3 [internal function]: CodeIgniter\Autoloader\Autoloader->loadClass('App\\Controllers\\HardwareController')
 4 SYSTEMPATH\CodeIgniter.php(875): class_exists('\\App\\Controllers\\HardwareController', true)
 5 SYSTEMPATH\CodeIgniter.php(467): CodeIgniter\CodeIgniter->startController()
 6 SYSTEMPATH\CodeIgniter.php(349): CodeIgniter\CodeIgniter->handleRequest(null, Object(Config\Cache), false)
 7 FCPATH\index.php(67): CodeIgniter\CodeIgniter->run()
CRITICAL - 2023-12-24 10:07:15 --> Declaration of App\Models\HardwareTypesModel::update($id, $data) must be compatible with CodeIgniter\Model::update($id = null, $data = null): bool
in APPPATH\Models\HardwareTypesModel.php on line 53.
 1 [internal function]: CodeIgniter\Debug\Exceptions->shutdownHandler()
CRITICAL - 2023-12-24 10:09:50 --> Declaration of App\Models\HardwareTypesModel::update($id, $data) must be compatible with CodeIgniter\Model::update($id = null, $data = null): bool
in APPPATH\Models\HardwareTypesModel.php on line 53.
 1 [internal function]: CodeIgniter\Debug\Exceptions->shutdownHandler()
CRITICAL - 2023-12-24 10:09:51 --> Declaration of App\Models\HardwareTypesModel::update($id, $data) must be compatible with CodeIgniter\Model::update($id = null, $data = null): bool
in APPPATH\Models\HardwareTypesModel.php on line 53.
 1 [internal function]: CodeIgniter\Debug\Exceptions->shutdownHandler()
CRITICAL - 2023-12-24 10:09:51 --> Declaration of App\Models\HardwareTypesModel::update($id, $data) must be compatible with CodeIgniter\Model::update($id = null, $data = null): bool
in APPPATH\Models\HardwareTypesModel.php on line 53.
 1 [internal function]: CodeIgniter\Debug\Exceptions->shutdownHandler()
CRITICAL - 2023-12-24 10:09:52 --> Declaration of App\Models\HardwareTypesModel::update($id, $data) must be compatible with CodeIgniter\Model::update($id = null, $data = null): bool
in APPPATH\Models\HardwareTypesModel.php on line 53.
 1 [internal function]: CodeIgniter\Debug\Exceptions->shutdownHandler()
CRITICAL - 2023-12-24 10:09:52 --> Declaration of App\Models\HardwareTypesModel::update($id, $data) must be compatible with CodeIgniter\Model::update($id = null, $data = null): bool
in APPPATH\Models\HardwareTypesModel.php on line 53.
 1 [internal function]: CodeIgniter\Debug\Exceptions->shutdownHandler()
CRITICAL - 2023-12-24 10:09:53 --> Declaration of App\Models\HardwareTypesModel::update($id, $data) must be compatible with CodeIgniter\Model::update($id = null, $data = null): bool
in APPPATH\Models\HardwareTypesModel.php on line 53.
 1 [internal function]: CodeIgniter\Debug\Exceptions->shutdownHandler()
CRITICAL - 2023-12-24 10:10:29 --> Declaration of App\Models\HardwareTypesModel::save($data = []) must be compatible with CodeIgniter\BaseModel::save($data): bool
in APPPATH\Models\HardwareTypesModel.php on line 37.
 1 [internal function]: CodeIgniter\Debug\Exceptions->shutdownHandler()
CRITICAL - 2023-12-24 10:10:30 --> Declaration of App\Models\HardwareTypesModel::save($data = []) must be compatible with CodeIgniter\BaseModel::save($data): bool
in APPPATH\Models\HardwareTypesModel.php on line 37.
 1 [internal function]: CodeIgniter\Debug\Exceptions->shutdownHandler()
CRITICAL - 2023-12-24 10:10:30 --> Declaration of App\Models\HardwareTypesModel::save($data = []) must be compatible with CodeIgniter\BaseModel::save($data): bool
in APPPATH\Models\HardwareTypesModel.php on line 37.
 1 [internal function]: CodeIgniter\Debug\Exceptions->shutdownHandler()
CRITICAL - 2023-12-24 10:10:31 --> Declaration of App\Models\HardwareTypesModel::save($data = []) must be compatible with CodeIgniter\BaseModel::save($data): bool
in APPPATH\Models\HardwareTypesModel.php on line 37.
 1 [internal function]: CodeIgniter\Debug\Exceptions->shutdownHandler()
CRITICAL - 2023-12-24 10:10:32 --> Declaration of App\Models\HardwareTypesModel::save($data = []) must be compatible with CodeIgniter\BaseModel::save($data): bool
in APPPATH\Models\HardwareTypesModel.php on line 37.
 1 [internal function]: CodeIgniter\Debug\Exceptions->shutdownHandler()
CRITICAL - 2023-12-24 10:10:32 --> Declaration of App\Models\HardwareTypesModel::save($data = []) must be compatible with CodeIgniter\BaseModel::save($data): bool
in APPPATH\Models\HardwareTypesModel.php on line 37.
 1 [internal function]: CodeIgniter\Debug\Exceptions->shutdownHandler()
CRITICAL - 2023-12-24 10:10:34 --> Declaration of App\Models\HardwareTypesModel::save($data = []) must be compatible with CodeIgniter\BaseModel::save($data): bool
in APPPATH\Models\HardwareTypesModel.php on line 37.
 1 [internal function]: CodeIgniter\Debug\Exceptions->shutdownHandler()
CRITICAL - 2023-12-24 10:10:35 --> Declaration of App\Models\HardwareTypesModel::save($data = []) must be compatible with CodeIgniter\BaseModel::save($data): bool
in APPPATH\Models\HardwareTypesModel.php on line 37.
 1 [internal function]: CodeIgniter\Debug\Exceptions->shutdownHandler()
CRITICAL - 2023-12-24 10:12:35 --> Declaration of App\Models\HardwareTypesBrandModelMapping::save($data = []) must be compatible with CodeIgniter\BaseModel::save($data): bool
in APPPATH\Models\HardwareModelsModel.php on line 37.
 1 [internal function]: CodeIgniter\Debug\Exceptions->shutdownHandler()
CRITICAL - 2023-12-24 10:12:36 --> Declaration of App\Models\HardwareTypesBrandModelMapping::save($data = []) must be compatible with CodeIgniter\BaseModel::save($data): bool
in APPPATH\Models\HardwareModelsModel.php on line 37.
 1 [internal function]: CodeIgniter\Debug\Exceptions->shutdownHandler()
CRITICAL - 2023-12-24 10:12:37 --> Declaration of App\Models\HardwareTypesBrandModelMapping::save($data = []) must be compatible with CodeIgniter\BaseModel::save($data): bool
in APPPATH\Models\HardwareModelsModel.php on line 37.
 1 [internal function]: CodeIgniter\Debug\Exceptions->shutdownHandler()
CRITICAL - 2023-12-24 10:12:37 --> Declaration of App\Models\HardwareTypesBrandModelMapping::save($data = []) must be compatible with CodeIgniter\BaseModel::save($data): bool
in APPPATH\Models\HardwareModelsModel.php on line 37.
 1 [internal function]: CodeIgniter\Debug\Exceptions->shutdownHandler()
CRITICAL - 2023-12-24 10:12:37 --> Declaration of App\Models\HardwareTypesBrandModelMapping::save($data = []) must be compatible with CodeIgniter\BaseModel::save($data): bool
in APPPATH\Models\HardwareModelsModel.php on line 37.
 1 [internal function]: CodeIgniter\Debug\Exceptions->shutdownHandler()
CRITICAL - 2023-12-24 10:12:38 --> Declaration of App\Models\HardwareTypesBrandModelMapping::save($data = []) must be compatible with CodeIgniter\BaseModel::save($data): bool
in APPPATH\Models\HardwareModelsModel.php on line 37.
 1 [internal function]: CodeIgniter\Debug\Exceptions->shutdownHandler()
CRITICAL - 2023-12-24 10:12:38 --> Declaration of App\Models\HardwareTypesBrandModelMapping::save($data = []) must be compatible with CodeIgniter\BaseModel::save($data): bool
in APPPATH\Models\HardwareModelsModel.php on line 37.
 1 [internal function]: CodeIgniter\Debug\Exceptions->shutdownHandler()
CRITICAL - 2023-12-24 10:12:38 --> Declaration of App\Models\HardwareTypesBrandModelMapping::save($data = []) must be compatible with CodeIgniter\BaseModel::save($data): bool
in APPPATH\Models\HardwareModelsModel.php on line 37.
 1 [internal function]: CodeIgniter\Debug\Exceptions->shutdownHandler()
CRITICAL - 2023-12-24 10:12:54 --> Class "App\Models\HardwareModelsModel" not found
in APPPATH\Controllers\HardwareController.php on line 23.
 1 SYSTEMPATH\CodeIgniter.php(887): App\Controllers\HardwareController->__construct()
 2 SYSTEMPATH\CodeIgniter.php(471): CodeIgniter\CodeIgniter->createController()
 3 SYSTEMPATH\CodeIgniter.php(349): CodeIgniter\CodeIgniter->handleRequest(null, Object(Config\Cache), false)
 4 FCPATH\index.php(67): CodeIgniter\CodeIgniter->run()
CRITICAL - 2023-12-24 10:12:55 --> Class "App\Models\HardwareModelsModel" not found
in APPPATH\Controllers\HardwareController.php on line 23.
 1 SYSTEMPATH\CodeIgniter.php(887): App\Controllers\HardwareController->__construct()
 2 SYSTEMPATH\CodeIgniter.php(471): CodeIgniter\CodeIgniter->createController()
 3 SYSTEMPATH\CodeIgniter.php(349): CodeIgniter\CodeIgniter->handleRequest(null, Object(Config\Cache), false)
 4 FCPATH\index.php(67): CodeIgniter\CodeIgniter->run()
CRITICAL - 2023-12-24 10:13:38 --> Undefined variable $user
in APPPATH\Views\HardwareManagementView\ViewHardwareTypes.php on line 61.
 1 APPPATH\Views\HardwareManagementView\ViewHardwareTypes.php(61): CodeIgniter\Debug\Exceptions->errorHandler(2, 'Undefined variable $user', 'APPPATH\\Views\\HardwareManagementView\\ViewHardwareTypes.php', 61)
 2 SYSTEMPATH\View\View.php(213): include('APPPATH\\Views\\HardwareManagementView\\ViewHardwareTypes.php')
 3 SYSTEMPATH\View\View.php(216): CodeIgniter\View\View->CodeIgniter\View\{closure}()
 4 SYSTEMPATH\Common.php(1135): CodeIgniter\View\View->render('HardwareManagementView/ViewHardwareTypes', [], true)
 5 APPPATH\Controllers\HardwareController.php(94): view('HardwareManagementView/ViewHardwareTypes', [...])
 6 SYSTEMPATH\CodeIgniter.php(925): App\Controllers\HardwareController->gettypelist()
 7 SYSTEMPATH\CodeIgniter.php(480): CodeIgniter\CodeIgniter->runController(Object(App\Controllers\HardwareController))
 8 SYSTEMPATH\CodeIgniter.php(349): CodeIgniter\CodeIgniter->handleRequest(null, Object(Config\Cache), false)
 9 FCPATH\index.php(67): CodeIgniter\CodeIgniter->run()
CRITICAL - 2023-12-24 10:14:24 --> Undefined variable $user
in APPPATH\Views\HardwareManagementView\ViewHardwareTypes.php on line 61.
 1 APPPATH\Views\HardwareManagementView\ViewHardwareTypes.php(61): CodeIgniter\Debug\Exceptions->errorHandler(2, 'Undefined variable $user', 'APPPATH\\Views\\HardwareManagementView\\ViewHardwareTypes.php', 61)
 2 SYSTEMPATH\View\View.php(213): include('APPPATH\\Views\\HardwareManagementView\\ViewHardwareTypes.php')
 3 SYSTEMPATH\View\View.php(216): CodeIgniter\View\View->CodeIgniter\View\{closure}()
 4 SYSTEMPATH\Common.php(1135): CodeIgniter\View\View->render('HardwareManagementView/ViewHardwareTypes', [], true)
 5 APPPATH\Controllers\HardwareController.php(94): view('HardwareManagementView/ViewHardwareTypes', [...])
 6 SYSTEMPATH\CodeIgniter.php(925): App\Controllers\HardwareController->gettypelist()
 7 SYSTEMPATH\CodeIgniter.php(480): CodeIgniter\CodeIgniter->runController(Object(App\Controllers\HardwareController))
 8 SYSTEMPATH\CodeIgniter.php(349): CodeIgniter\CodeIgniter->handleRequest(null, Object(Config\Cache), false)
 9 FCPATH\index.php(67): CodeIgniter\CodeIgniter->run()
CRITICAL - 2023-12-24 10:14:26 --> Undefined variable $user
in APPPATH\Views\HardwareManagementView\ViewHardwareTypes.php on line 61.
 1 APPPATH\Views\HardwareManagementView\ViewHardwareTypes.php(61): CodeIgniter\Debug\Exceptions->errorHandler(2, 'Undefined variable $user', 'APPPATH\\Views\\HardwareManagementView\\ViewHardwareTypes.php', 61)
 2 SYSTEMPATH\View\View.php(213): include('APPPATH\\Views\\HardwareManagementView\\ViewHardwareTypes.php')
 3 SYSTEMPATH\View\View.php(216): CodeIgniter\View\View->CodeIgniter\View\{closure}()
 4 SYSTEMPATH\Common.php(1135): CodeIgniter\View\View->render('HardwareManagementView/ViewHardwareTypes', [], true)
 5 APPPATH\Controllers\HardwareController.php(94): view('HardwareManagementView/ViewHardwareTypes', [...])
 6 SYSTEMPATH\CodeIgniter.php(925): App\Controllers\HardwareController->gettypelist()
 7 SYSTEMPATH\CodeIgniter.php(480): CodeIgniter\CodeIgniter->runController(Object(App\Controllers\HardwareController))
 8 SYSTEMPATH\CodeIgniter.php(349): CodeIgniter\CodeIgniter->handleRequest(null, Object(Config\Cache), false)
 9 FCPATH\index.php(67): CodeIgniter\CodeIgniter->run()
CRITICAL - 2023-12-24 10:14:26 --> Undefined variable $user
in APPPATH\Views\HardwareManagementView\ViewHardwareTypes.php on line 61.
 1 APPPATH\Views\HardwareManagementView\ViewHardwareTypes.php(61): CodeIgniter\Debug\Exceptions->errorHandler(2, 'Undefined variable $user', 'APPPATH\\Views\\HardwareManagementView\\ViewHardwareTypes.php', 61)
 2 SYSTEMPATH\View\View.php(213): include('APPPATH\\Views\\HardwareManagementView\\ViewHardwareTypes.php')
 3 SYSTEMPATH\View\View.php(216): CodeIgniter\View\View->CodeIgniter\View\{closure}()
 4 SYSTEMPATH\Common.php(1135): CodeIgniter\View\View->render('HardwareManagementView/ViewHardwareTypes', [], true)
 5 APPPATH\Controllers\HardwareController.php(94): view('HardwareManagementView/ViewHardwareTypes', [...])
 6 SYSTEMPATH\CodeIgniter.php(925): App\Controllers\HardwareController->gettypelist()
 7 SYSTEMPATH\CodeIgniter.php(480): CodeIgniter\CodeIgniter->runController(Object(App\Controllers\HardwareController))
 8 SYSTEMPATH\CodeIgniter.php(349): CodeIgniter\CodeIgniter->handleRequest(null, Object(Config\Cache), false)
 9 FCPATH\index.php(67): CodeIgniter\CodeIgniter->run()
CRITICAL - 2023-12-24 10:14:32 --> Undefined variable $user
in APPPATH\Views\HardwareManagementView\ViewHardwareTypes.php on line 61.
 1 APPPATH\Views\HardwareManagementView\ViewHardwareTypes.php(61): CodeIgniter\Debug\Exceptions->errorHandler(2, 'Undefined variable $user', 'APPPATH\\Views\\HardwareManagementView\\ViewHardwareTypes.php', 61)
 2 SYSTEMPATH\View\View.php(213): include('APPPATH\\Views\\HardwareManagementView\\ViewHardwareTypes.php')
 3 SYSTEMPATH\View\View.php(216): CodeIgniter\View\View->CodeIgniter\View\{closure}()
 4 SYSTEMPATH\Common.php(1135): CodeIgniter\View\View->render('HardwareManagementView/ViewHardwareTypes', [], true)
 5 APPPATH\Controllers\HardwareController.php(94): view('HardwareManagementView/ViewHardwareTypes', [...])
 6 SYSTEMPATH\CodeIgniter.php(925): App\Controllers\HardwareController->gettypelist()
 7 SYSTEMPATH\CodeIgniter.php(480): CodeIgniter\CodeIgniter->runController(Object(App\Controllers\HardwareController))
 8 SYSTEMPATH\CodeIgniter.php(349): CodeIgniter\CodeIgniter->handleRequest(null, Object(Config\Cache), false)
 9 FCPATH\index.php(67): CodeIgniter\CodeIgniter->run()
CRITICAL - 2023-12-24 10:14:32 --> Undefined variable $user
in APPPATH\Views\HardwareManagementView\ViewHardwareTypes.php on line 61.
 1 APPPATH\Views\HardwareManagementView\ViewHardwareTypes.php(61): CodeIgniter\Debug\Exceptions->errorHandler(2, 'Undefined variable $user', 'APPPATH\\Views\\HardwareManagementView\\ViewHardwareTypes.php', 61)
 2 SYSTEMPATH\View\View.php(213): include('APPPATH\\Views\\HardwareManagementView\\ViewHardwareTypes.php')
 3 SYSTEMPATH\View\View.php(216): CodeIgniter\View\View->CodeIgniter\View\{closure}()
 4 SYSTEMPATH\Common.php(1135): CodeIgniter\View\View->render('HardwareManagementView/ViewHardwareTypes', [], true)
 5 APPPATH\Controllers\HardwareController.php(94): view('HardwareManagementView/ViewHardwareTypes', [...])
 6 SYSTEMPATH\CodeIgniter.php(925): App\Controllers\HardwareController->gettypelist()
 7 SYSTEMPATH\CodeIgniter.php(480): CodeIgniter\CodeIgniter->runController(Object(App\Controllers\HardwareController))
 8 SYSTEMPATH\CodeIgniter.php(349): CodeIgniter\CodeIgniter->handleRequest(null, Object(Config\Cache), false)
 9 FCPATH\index.php(67): CodeIgniter\CodeIgniter->run()
CRITICAL - 2023-12-24 10:14:33 --> Undefined variable $user
in APPPATH\Views\HardwareManagementView\ViewHardwareTypes.php on line 61.
 1 APPPATH\Views\HardwareManagementView\ViewHardwareTypes.php(61): CodeIgniter\Debug\Exceptions->errorHandler(2, 'Undefined variable $user', 'APPPATH\\Views\\HardwareManagementView\\ViewHardwareTypes.php', 61)
 2 SYSTEMPATH\View\View.php(213): include('APPPATH\\Views\\HardwareManagementView\\ViewHardwareTypes.php')
 3 SYSTEMPATH\View\View.php(216): CodeIgniter\View\View->CodeIgniter\View\{closure}()
 4 SYSTEMPATH\Common.php(1135): CodeIgniter\View\View->render('HardwareManagementView/ViewHardwareTypes', [], true)
 5 APPPATH\Controllers\HardwareController.php(94): view('HardwareManagementView/ViewHardwareTypes', [...])
 6 SYSTEMPATH\CodeIgniter.php(925): App\Controllers\HardwareController->gettypelist()
 7 SYSTEMPATH\CodeIgniter.php(480): CodeIgniter\CodeIgniter->runController(Object(App\Controllers\HardwareController))
 8 SYSTEMPATH\CodeIgniter.php(349): CodeIgniter\CodeIgniter->handleRequest(null, Object(Config\Cache), false)
 9 FCPATH\index.php(67): CodeIgniter\CodeIgniter->run()
CRITICAL - 2023-12-24 10:14:51 --> Undefined variable $user
in APPPATH\Views\HardwareManagementView\ViewHardwareTypes.php on line 61.
 1 APPPATH\Views\HardwareManagementView\ViewHardwareTypes.php(61): CodeIgniter\Debug\Exceptions->errorHandler(2, 'Undefined variable $user', 'APPPATH\\Views\\HardwareManagementView\\ViewHardwareTypes.php', 61)
 2 SYSTEMPATH\View\View.php(213): include('APPPATH\\Views\\HardwareManagementView\\ViewHardwareTypes.php')
 3 SYSTEMPATH\View\View.php(216): CodeIgniter\View\View->CodeIgniter\View\{closure}()
 4 SYSTEMPATH\Common.php(1135): CodeIgniter\View\View->render('HardwareManagementView/ViewHardwareTypes', [], true)
 5 APPPATH\Controllers\HardwareController.php(94): view('HardwareManagementView/ViewHardwareTypes', [...])
 6 SYSTEMPATH\CodeIgniter.php(925): App\Controllers\HardwareController->gettypelist()
 7 SYSTEMPATH\CodeIgniter.php(480): CodeIgniter\CodeIgniter->runController(Object(App\Controllers\HardwareController))
 8 SYSTEMPATH\CodeIgniter.php(349): CodeIgniter\CodeIgniter->handleRequest(null, Object(Config\Cache), false)
 9 FCPATH\index.php(67): CodeIgniter\CodeIgniter->run()
CRITICAL - 2023-12-24 10:14:52 --> Undefined variable $user
in APPPATH\Views\HardwareManagementView\ViewHardwareTypes.php on line 61.
 1 APPPATH\Views\HardwareManagementView\ViewHardwareTypes.php(61): CodeIgniter\Debug\Exceptions->errorHandler(2, 'Undefined variable $user', 'APPPATH\\Views\\HardwareManagementView\\ViewHardwareTypes.php', 61)
 2 SYSTEMPATH\View\View.php(213): include('APPPATH\\Views\\HardwareManagementView\\ViewHardwareTypes.php')
 3 SYSTEMPATH\View\View.php(216): CodeIgniter\View\View->CodeIgniter\View\{closure}()
 4 SYSTEMPATH\Common.php(1135): CodeIgniter\View\View->render('HardwareManagementView/ViewHardwareTypes', [], true)
 5 APPPATH\Controllers\HardwareController.php(94): view('HardwareManagementView/ViewHardwareTypes', [...])
 6 SYSTEMPATH\CodeIgniter.php(925): App\Controllers\HardwareController->gettypelist()
 7 SYSTEMPATH\CodeIgniter.php(480): CodeIgniter\CodeIgniter->runController(Object(App\Controllers\HardwareController))
 8 SYSTEMPATH\CodeIgniter.php(349): CodeIgniter\CodeIgniter->handleRequest(null, Object(Config\Cache), false)
 9 FCPATH\index.php(67): CodeIgniter\CodeIgniter->run()
CRITICAL - 2023-12-24 10:14:52 --> Undefined variable $user
in APPPATH\Views\HardwareManagementView\ViewHardwareTypes.php on line 61.
 1 APPPATH\Views\HardwareManagementView\ViewHardwareTypes.php(61): CodeIgniter\Debug\Exceptions->errorHandler(2, 'Undefined variable $user', 'APPPATH\\Views\\HardwareManagementView\\ViewHardwareTypes.php', 61)
 2 SYSTEMPATH\View\View.php(213): include('APPPATH\\Views\\HardwareManagementView\\ViewHardwareTypes.php')
 3 SYSTEMPATH\View\View.php(216): CodeIgniter\View\View->CodeIgniter\View\{closure}()
 4 SYSTEMPATH\Common.php(1135): CodeIgniter\View\View->render('HardwareManagementView/ViewHardwareTypes', [], true)
 5 APPPATH\Controllers\HardwareController.php(94): view('HardwareManagementView/ViewHardwareTypes', [...])
 6 SYSTEMPATH\CodeIgniter.php(925): App\Controllers\HardwareController->gettypelist()
 7 SYSTEMPATH\CodeIgniter.php(480): CodeIgniter\CodeIgniter->runController(Object(App\Controllers\HardwareController))
 8 SYSTEMPATH\CodeIgniter.php(349): CodeIgniter\CodeIgniter->handleRequest(null, Object(Config\Cache), false)
 9 FCPATH\index.php(67): CodeIgniter\CodeIgniter->run()
CRITICAL - 2023-12-24 10:15:22 --> Undefined variable $user
in APPPATH\Views\HardwareManagementView\ViewHardwareTypes.php on line 61.
 1 APPPATH\Views\HardwareManagementView\ViewHardwareTypes.php(61): CodeIgniter\Debug\Exceptions->errorHandler(2, 'Undefined variable $user', 'APPPATH\\Views\\HardwareManagementView\\ViewHardwareTypes.php', 61)
 2 SYSTEMPATH\View\View.php(213): include('APPPATH\\Views\\HardwareManagementView\\ViewHardwareTypes.php')
 3 SYSTEMPATH\View\View.php(216): CodeIgniter\View\View->CodeIgniter\View\{closure}()
 4 SYSTEMPATH\Common.php(1135): CodeIgniter\View\View->render('HardwareManagementView/ViewHardwareTypes', [], true)
 5 APPPATH\Controllers\HardwareController.php(94): view('HardwareManagementView/ViewHardwareTypes', [...])
 6 SYSTEMPATH\CodeIgniter.php(925): App\Controllers\HardwareController->gettypelist()
 7 SYSTEMPATH\CodeIgniter.php(480): CodeIgniter\CodeIgniter->runController(Object(App\Controllers\HardwareController))
 8 SYSTEMPATH\CodeIgniter.php(349): CodeIgniter\CodeIgniter->handleRequest(null, Object(Config\Cache), false)
 9 FCPATH\index.php(67): CodeIgniter\CodeIgniter->run()
CRITICAL - 2023-12-24 10:15:26 --> Undefined variable $user
in APPPATH\Views\HardwareManagementView\ViewHardwareTypes.php on line 61.
 1 APPPATH\Views\HardwareManagementView\ViewHardwareTypes.php(61): CodeIgniter\Debug\Exceptions->errorHandler(2, 'Undefined variable $user', 'APPPATH\\Views\\HardwareManagementView\\ViewHardwareTypes.php', 61)
 2 SYSTEMPATH\View\View.php(213): include('APPPATH\\Views\\HardwareManagementView\\ViewHardwareTypes.php')
 3 SYSTEMPATH\View\View.php(216): CodeIgniter\View\View->CodeIgniter\View\{closure}()
 4 SYSTEMPATH\Common.php(1135): CodeIgniter\View\View->render('HardwareManagementView/ViewHardwareTypes', [], true)
 5 APPPATH\Controllers\HardwareController.php(94): view('HardwareManagementView/ViewHardwareTypes', [...])
 6 SYSTEMPATH\CodeIgniter.php(925): App\Controllers\HardwareController->gettypelist()
 7 SYSTEMPATH\CodeIgniter.php(480): CodeIgniter\CodeIgniter->runController(Object(App\Controllers\HardwareController))
 8 SYSTEMPATH\CodeIgniter.php(349): CodeIgniter\CodeIgniter->handleRequest(null, Object(Config\Cache), false)
 9 FCPATH\index.php(67): CodeIgniter\CodeIgniter->run()
