CRITICAL - 2024-02-28 11:58:29 --> The route for "not_good_id_method" cannot be found.
in SYSTEMPATH\HTTP\RedirectResponse.php on line 60.
 1 SYSTEMPATH\HTTP\RedirectResponse.php(60): CodeIgniter\HTTP\Exceptions\HTTPException::forInvalidRedirectRoute('not_good_id_method')
 2 SYSTEMPATH\Common.php(861): CodeIgniter\HTTP\RedirectResponse->route(false)
 3 APPPATH\Controllers\TicketController.php(191): redirect('not_good_id_method', 'refresh')
 4 SYSTEMPATH\CodeIgniter.php(925): App\Controllers\TicketController->getselecteticket('FCPATH\\images', 'user', '1.png')
 5 SYSTEMPATH\CodeIgniter.php(480): CodeIgniter\CodeIgniter->runController(Object(App\Controllers\TicketController))
 6 SYSTEMPATH\CodeIgniter.php(349): CodeIgniter\CodeIgniter->handleRequest(null, Object(Config\Cache), false)
 7 FCPATH\index.php(67): CodeIgniter\CodeIgniter->run()
CRITICAL - 2024-02-28 11:58:29 --> The route for "not_good_id_method" cannot be found.
in SYSTEMPATH\HTTP\RedirectResponse.php on line 60.
 1 SYSTEMPATH\HTTP\RedirectResponse.php(60): CodeIgniter\HTTP\Exceptions\HTTPException::forInvalidRedirectRoute('not_good_id_method')
 2 SYSTEMPATH\Common.php(861): CodeIgniter\HTTP\RedirectResponse->route(false)
 3 APPPATH\Controllers\TicketController.php(191): redirect('not_good_id_method', 'refresh')
 4 SYSTEMPATH\CodeIgniter.php(925): App\Controllers\TicketController->getselecteticket('FCPATH\\images', 'favicon.png')
 5 SYSTEMPATH\CodeIgniter.php(480): CodeIgniter\CodeIgniter->runController(Object(App\Controllers\TicketController))
 6 SYSTEMPATH\CodeIgniter.php(349): CodeIgniter\CodeIgniter->handleRequest(null, Object(Config\Cache), false)
 7 FCPATH\index.php(67): CodeIgniter\CodeIgniter->run()
CRITICAL - 2024-02-28 12:02:13 --> The route for "not_good_id_method" cannot be found.
in SYSTEMPATH\HTTP\RedirectResponse.php on line 60.
 1 SYSTEMPATH\HTTP\RedirectResponse.php(60): CodeIgniter\HTTP\Exceptions\HTTPException::forInvalidRedirectRoute('not_good_id_method')
 2 SYSTEMPATH\Common.php(861): CodeIgniter\HTTP\RedirectResponse->route(false)
 3 APPPATH\Controllers\TicketController.php(191): redirect('not_good_id_method', 'refresh')
 4 SYSTEMPATH\CodeIgniter.php(925): App\Controllers\TicketController->getselecteticket('FCPATH\\images', 'user', '1.png')
 5 SYSTEMPATH\CodeIgniter.php(480): CodeIgniter\CodeIgniter->runController(Object(App\Controllers\TicketController))
 6 SYSTEMPATH\CodeIgniter.php(349): CodeIgniter\CodeIgniter->handleRequest(null, Object(Config\Cache), false)
 7 FCPATH\index.php(67): CodeIgniter\CodeIgniter->run()
CRITICAL - 2024-02-28 12:02:13 --> The route for "not_good_id_method" cannot be found.
in SYSTEMPATH\HTTP\RedirectResponse.php on line 60.
 1 SYSTEMPATH\HTTP\RedirectResponse.php(60): CodeIgniter\HTTP\Exceptions\HTTPException::forInvalidRedirectRoute('not_good_id_method')
 2 SYSTEMPATH\Common.php(861): CodeIgniter\HTTP\RedirectResponse->route(false)
 3 APPPATH\Controllers\TicketController.php(191): redirect('not_good_id_method', 'refresh')
 4 SYSTEMPATH\CodeIgniter.php(925): App\Controllers\TicketController->getselecteticket('FCPATH\\images', 'favicon.png')
 5 SYSTEMPATH\CodeIgniter.php(480): CodeIgniter\CodeIgniter->runController(Object(App\Controllers\TicketController))
 6 SYSTEMPATH\CodeIgniter.php(349): CodeIgniter\CodeIgniter->handleRequest(null, Object(Config\Cache), false)
 7 FCPATH\index.php(67): CodeIgniter\CodeIgniter->run()
CRITICAL - 2024-02-28 12:22:22 --> The route for "not_good_id_method" cannot be found.
in SYSTEMPATH\HTTP\RedirectResponse.php on line 60.
 1 SYSTEMPATH\HTTP\RedirectResponse.php(60): CodeIgniter\HTTP\Exceptions\HTTPException::forInvalidRedirectRoute('not_good_id_method')
 2 SYSTEMPATH\Common.php(861): CodeIgniter\HTTP\RedirectResponse->route(false)
 3 APPPATH\Controllers\TicketController.php(191): redirect('not_good_id_method', 'refresh')
 4 SYSTEMPATH\CodeIgniter.php(925): App\Controllers\TicketController->getselecteticket('FCPATH\\images', 'user', '1.png')
 5 SYSTEMPATH\CodeIgniter.php(480): CodeIgniter\CodeIgniter->runController(Object(App\Controllers\TicketController))
 6 SYSTEMPATH\CodeIgniter.php(349): CodeIgniter\CodeIgniter->handleRequest(null, Object(Config\Cache), false)
 7 FCPATH\index.php(67): CodeIgniter\CodeIgniter->run()
CRITICAL - 2024-02-28 12:22:23 --> The route for "not_good_id_method" cannot be found.
in SYSTEMPATH\HTTP\RedirectResponse.php on line 60.
 1 SYSTEMPATH\HTTP\RedirectResponse.php(60): CodeIgniter\HTTP\Exceptions\HTTPException::forInvalidRedirectRoute('not_good_id_method')
 2 SYSTEMPATH\Common.php(861): CodeIgniter\HTTP\RedirectResponse->route(false)
 3 APPPATH\Controllers\TicketController.php(191): redirect('not_good_id_method', 'refresh')
 4 SYSTEMPATH\CodeIgniter.php(925): App\Controllers\TicketController->getselecteticket('FCPATH\\images', 'favicon.png')
 5 SYSTEMPATH\CodeIgniter.php(480): CodeIgniter\CodeIgniter->runController(Object(App\Controllers\TicketController))
 6 SYSTEMPATH\CodeIgniter.php(349): CodeIgniter\CodeIgniter->handleRequest(null, Object(Config\Cache), false)
 7 FCPATH\index.php(67): CodeIgniter\CodeIgniter->run()
CRITICAL - 2024-02-28 12:46:10 --> The route for "not_good_id_method" cannot be found.
in SYSTEMPATH\HTTP\RedirectResponse.php on line 60.
 1 SYSTEMPATH\HTTP\RedirectResponse.php(60): CodeIgniter\HTTP\Exceptions\HTTPException::forInvalidRedirectRoute('not_good_id_method')
 2 SYSTEMPATH\Common.php(861): CodeIgniter\HTTP\RedirectResponse->route(false)
 3 APPPATH\Controllers\TicketController.php(191): redirect('not_good_id_method', 'refresh')
 4 SYSTEMPATH\CodeIgniter.php(925): App\Controllers\TicketController->getselecteticket('FCPATH\\images', 'user', '1.png')
 5 SYSTEMPATH\CodeIgniter.php(480): CodeIgniter\CodeIgniter->runController(Object(App\Controllers\TicketController))
 6 SYSTEMPATH\CodeIgniter.php(349): CodeIgniter\CodeIgniter->handleRequest(null, Object(Config\Cache), false)
 7 FCPATH\index.php(67): CodeIgniter\CodeIgniter->run()
CRITICAL - 2024-02-28 12:46:11 --> The route for "not_good_id_method" cannot be found.
in SYSTEMPATH\HTTP\RedirectResponse.php on line 60.
 1 SYSTEMPATH\HTTP\RedirectResponse.php(60): CodeIgniter\HTTP\Exceptions\HTTPException::forInvalidRedirectRoute('not_good_id_method')
 2 SYSTEMPATH\Common.php(861): CodeIgniter\HTTP\RedirectResponse->route(false)
 3 APPPATH\Controllers\TicketController.php(191): redirect('not_good_id_method', 'refresh')
 4 SYSTEMPATH\CodeIgniter.php(925): App\Controllers\TicketController->getselecteticket('FCPATH\\images', 'favicon.png')
 5 SYSTEMPATH\CodeIgniter.php(480): CodeIgniter\CodeIgniter->runController(Object(App\Controllers\TicketController))
 6 SYSTEMPATH\CodeIgniter.php(349): CodeIgniter\CodeIgniter->handleRequest(null, Object(Config\Cache), false)
 7 FCPATH\index.php(67): CodeIgniter\CodeIgniter->run()
CRITICAL - 2024-02-28 12:49:59 --> The route for "not_good_id_method" cannot be found.
in SYSTEMPATH\HTTP\RedirectResponse.php on line 60.
 1 SYSTEMPATH\HTTP\RedirectResponse.php(60): CodeIgniter\HTTP\Exceptions\HTTPException::forInvalidRedirectRoute('not_good_id_method')
 2 SYSTEMPATH\Common.php(861): CodeIgniter\HTTP\RedirectResponse->route(false)
 3 APPPATH\Controllers\TicketController.php(191): redirect('not_good_id_method', 'refresh')
 4 SYSTEMPATH\CodeIgniter.php(925): App\Controllers\TicketController->getselecteticket('FCPATH\\images', 'user', '1.png')
 5 SYSTEMPATH\CodeIgniter.php(480): CodeIgniter\CodeIgniter->runController(Object(App\Controllers\TicketController))
 6 SYSTEMPATH\CodeIgniter.php(349): CodeIgniter\CodeIgniter->handleRequest(null, Object(Config\Cache), false)
 7 FCPATH\index.php(67): CodeIgniter\CodeIgniter->run()
CRITICAL - 2024-02-28 12:50:00 --> The route for "not_good_id_method" cannot be found.
in SYSTEMPATH\HTTP\RedirectResponse.php on line 60.
 1 SYSTEMPATH\HTTP\RedirectResponse.php(60): CodeIgniter\HTTP\Exceptions\HTTPException::forInvalidRedirectRoute('not_good_id_method')
 2 SYSTEMPATH\Common.php(861): CodeIgniter\HTTP\RedirectResponse->route(false)
 3 APPPATH\Controllers\TicketController.php(191): redirect('not_good_id_method', 'refresh')
 4 SYSTEMPATH\CodeIgniter.php(925): App\Controllers\TicketController->getselecteticket('FCPATH\\images', 'favicon.png')
 5 SYSTEMPATH\CodeIgniter.php(480): CodeIgniter\CodeIgniter->runController(Object(App\Controllers\TicketController))
 6 SYSTEMPATH\CodeIgniter.php(349): CodeIgniter\CodeIgniter->handleRequest(null, Object(Config\Cache), false)
 7 FCPATH\index.php(67): CodeIgniter\CodeIgniter->run()
