CRITICAL - 2024-03-10 06:01:11 --> Undefined variable $status
in APPPATH\Views\UserManagementView\EditPersonalUserDetails.php on line 112.
 1 APPPATH\Views\UserManagementView\EditPersonalUserDetails.php(112): CodeIgniter\Debug\Exceptions->errorHandler(2, 'Undefined variable $status', 'APPPATH\\Views\\UserManagementView\\EditPersonalUserDetails.php', 112)
 2 SYSTEMPATH\View\View.php(213): include('APPPATH\\Views\\UserManagementView\\EditPersonalUserDetails.php')
 3 SYSTEMPATH\View\View.php(216): CodeIgniter\View\View->CodeIgniter\View\{closure}()
 4 SYSTEMPATH\Common.php(1135): CodeIgniter\View\View->render('UserManagementView/EditPersonalUserDetails', [], true)
 5 APPPATH\Controllers\UserManagementController.php(130): view('UserManagementView/EditPersonalUserDetails', [...])
 6 SYSTEMPATH\CodeIgniter.php(925): App\Controllers\UserManagementController->getloggedUser()
 7 SYSTEMPATH\CodeIgniter.php(480): CodeIgniter\CodeIgniter->runController(Object(App\Controllers\UserManagementController))
 8 SYSTEMPATH\CodeIgniter.php(349): CodeIgniter\CodeIgniter->handleRequest(null, Object(Config\Cache), false)
 9 FCPATH\index.php(67): CodeIgniter\CodeIgniter->run()
CRITICAL - 2024-03-10 06:01:26 --> Undefined variable $status
in APPPATH\Views\UserManagementView\EditPersonalUserDetails.php on line 112.
 1 APPPATH\Views\UserManagementView\EditPersonalUserDetails.php(112): CodeIgniter\Debug\Exceptions->errorHandler(2, 'Undefined variable $status', 'APPPATH\\Views\\UserManagementView\\EditPersonalUserDetails.php', 112)
 2 SYSTEMPATH\View\View.php(213): include('APPPATH\\Views\\UserManagementView\\EditPersonalUserDetails.php')
 3 SYSTEMPATH\View\View.php(216): CodeIgniter\View\View->CodeIgniter\View\{closure}()
 4 SYSTEMPATH\Common.php(1135): CodeIgniter\View\View->render('UserManagementView/EditPersonalUserDetails', [], true)
 5 APPPATH\Controllers\UserManagementController.php(130): view('UserManagementView/EditPersonalUserDetails', [...])
 6 SYSTEMPATH\CodeIgniter.php(925): App\Controllers\UserManagementController->getloggedUser()
 7 SYSTEMPATH\CodeIgniter.php(480): CodeIgniter\CodeIgniter->runController(Object(App\Controllers\UserManagementController))
 8 SYSTEMPATH\CodeIgniter.php(349): CodeIgniter\CodeIgniter->handleRequest(null, Object(Config\Cache), false)
 9 FCPATH\index.php(67): CodeIgniter\CodeIgniter->run()
CRITICAL - 2024-03-10 06:01:28 --> Undefined variable $status
in APPPATH\Views\UserManagementView\EditPersonalUserDetails.php on line 112.
 1 APPPATH\Views\UserManagementView\EditPersonalUserDetails.php(112): CodeIgniter\Debug\Exceptions->errorHandler(2, 'Undefined variable $status', 'APPPATH\\Views\\UserManagementView\\EditPersonalUserDetails.php', 112)
 2 SYSTEMPATH\View\View.php(213): include('APPPATH\\Views\\UserManagementView\\EditPersonalUserDetails.php')
 3 SYSTEMPATH\View\View.php(216): CodeIgniter\View\View->CodeIgniter\View\{closure}()
 4 SYSTEMPATH\Common.php(1135): CodeIgniter\View\View->render('UserManagementView/EditPersonalUserDetails', [], true)
 5 APPPATH\Controllers\UserManagementController.php(130): view('UserManagementView/EditPersonalUserDetails', [...])
 6 SYSTEMPATH\CodeIgniter.php(925): App\Controllers\UserManagementController->getloggedUser()
 7 SYSTEMPATH\CodeIgniter.php(480): CodeIgniter\CodeIgniter->runController(Object(App\Controllers\UserManagementController))
 8 SYSTEMPATH\CodeIgniter.php(349): CodeIgniter\CodeIgniter->handleRequest(null, Object(Config\Cache), false)
 9 FCPATH\index.php(67): CodeIgniter\CodeIgniter->run()
CRITICAL - 2024-03-10 06:01:29 --> Undefined variable $status
in APPPATH\Views\UserManagementView\EditPersonalUserDetails.php on line 112.
 1 APPPATH\Views\UserManagementView\EditPersonalUserDetails.php(112): CodeIgniter\Debug\Exceptions->errorHandler(2, 'Undefined variable $status', 'APPPATH\\Views\\UserManagementView\\EditPersonalUserDetails.php', 112)
 2 SYSTEMPATH\View\View.php(213): include('APPPATH\\Views\\UserManagementView\\EditPersonalUserDetails.php')
 3 SYSTEMPATH\View\View.php(216): CodeIgniter\View\View->CodeIgniter\View\{closure}()
 4 SYSTEMPATH\Common.php(1135): CodeIgniter\View\View->render('UserManagementView/EditPersonalUserDetails', [], true)
 5 APPPATH\Controllers\UserManagementController.php(130): view('UserManagementView/EditPersonalUserDetails', [...])
 6 SYSTEMPATH\CodeIgniter.php(925): App\Controllers\UserManagementController->getloggedUser()
 7 SYSTEMPATH\CodeIgniter.php(480): CodeIgniter\CodeIgniter->runController(Object(App\Controllers\UserManagementController))
 8 SYSTEMPATH\CodeIgniter.php(349): CodeIgniter\CodeIgniter->handleRequest(null, Object(Config\Cache), false)
 9 FCPATH\index.php(67): CodeIgniter\CodeIgniter->run()
CRITICAL - 2024-03-10 07:07:26 --> Undefined variable $user
in APPPATH\Views\RoleManagementView\ViewRole.php on line 79.
 1 APPPATH\Views\RoleManagementView\ViewRole.php(79): CodeIgniter\Debug\Exceptions->errorHandler(2, 'Undefined variable $user', 'APPPATH\\Views\\RoleManagementView\\ViewRole.php', 79)
 2 SYSTEMPATH\View\View.php(213): include('APPPATH\\Views\\RoleManagementView\\ViewRole.php')
 3 SYSTEMPATH\View\View.php(216): CodeIgniter\View\View->CodeIgniter\View\{closure}()
 4 SYSTEMPATH\Common.php(1135): CodeIgniter\View\View->render('RoleManagementView/ViewRole', [], true)
 5 APPPATH\Controllers\RoleManagementController.php(88): view('RoleManagementView/ViewRole', [...])
 6 SYSTEMPATH\CodeIgniter.php(925): App\Controllers\RoleManagementController->getrolelist()
 7 SYSTEMPATH\CodeIgniter.php(480): CodeIgniter\CodeIgniter->runController(Object(App\Controllers\RoleManagementController))
 8 SYSTEMPATH\CodeIgniter.php(349): CodeIgniter\CodeIgniter->handleRequest(null, Object(Config\Cache), false)
 9 FCPATH\index.php(67): CodeIgniter\CodeIgniter->run()
CRITICAL - 2024-03-10 07:08:45 --> Undefined variable $user
in APPPATH\Views\RoleManagementView\ViewRole.php on line 95.
 1 APPPATH\Views\RoleManagementView\ViewRole.php(95): CodeIgniter\Debug\Exceptions->errorHandler(2, 'Undefined variable $user', 'APPPATH\\Views\\RoleManagementView\\ViewRole.php', 95)
 2 SYSTEMPATH\View\View.php(213): include('APPPATH\\Views\\RoleManagementView\\ViewRole.php')
 3 SYSTEMPATH\View\View.php(216): CodeIgniter\View\View->CodeIgniter\View\{closure}()
 4 SYSTEMPATH\Common.php(1135): CodeIgniter\View\View->render('RoleManagementView/ViewRole', [], true)
 5 APPPATH\Controllers\RoleManagementController.php(88): view('RoleManagementView/ViewRole', [...])
 6 SYSTEMPATH\CodeIgniter.php(925): App\Controllers\RoleManagementController->getrolelist()
 7 SYSTEMPATH\CodeIgniter.php(480): CodeIgniter\CodeIgniter->runController(Object(App\Controllers\RoleManagementController))
 8 SYSTEMPATH\CodeIgniter.php(349): CodeIgniter\CodeIgniter->handleRequest(null, Object(Config\Cache), false)
 9 FCPATH\index.php(67): CodeIgniter\CodeIgniter->run()
CRITICAL - 2024-03-10 07:09:17 --> Undefined variable $user
in APPPATH\Views\RoleManagementView\ViewRole.php on line 100.
 1 APPPATH\Views\RoleManagementView\ViewRole.php(100): CodeIgniter\Debug\Exceptions->errorHandler(2, 'Undefined variable $user', 'APPPATH\\Views\\RoleManagementView\\ViewRole.php', 100)
 2 SYSTEMPATH\View\View.php(213): include('APPPATH\\Views\\RoleManagementView\\ViewRole.php')
 3 SYSTEMPATH\View\View.php(216): CodeIgniter\View\View->CodeIgniter\View\{closure}()
 4 SYSTEMPATH\Common.php(1135): CodeIgniter\View\View->render('RoleManagementView/ViewRole', [], true)
 5 APPPATH\Controllers\RoleManagementController.php(88): view('RoleManagementView/ViewRole', [...])
 6 SYSTEMPATH\CodeIgniter.php(925): App\Controllers\RoleManagementController->getrolelist()
 7 SYSTEMPATH\CodeIgniter.php(480): CodeIgniter\CodeIgniter->runController(Object(App\Controllers\RoleManagementController))
 8 SYSTEMPATH\CodeIgniter.php(349): CodeIgniter\CodeIgniter->handleRequest(null, Object(Config\Cache), false)
 9 FCPATH\index.php(67): CodeIgniter\CodeIgniter->run()
CRITICAL - 2024-03-10 07:09:18 --> Undefined variable $user
in APPPATH\Views\RoleManagementView\ViewRole.php on line 100.
 1 APPPATH\Views\RoleManagementView\ViewRole.php(100): CodeIgniter\Debug\Exceptions->errorHandler(2, 'Undefined variable $user', 'APPPATH\\Views\\RoleManagementView\\ViewRole.php', 100)
 2 SYSTEMPATH\View\View.php(213): include('APPPATH\\Views\\RoleManagementView\\ViewRole.php')
 3 SYSTEMPATH\View\View.php(216): CodeIgniter\View\View->CodeIgniter\View\{closure}()
 4 SYSTEMPATH\Common.php(1135): CodeIgniter\View\View->render('RoleManagementView/ViewRole', [], true)
 5 APPPATH\Controllers\RoleManagementController.php(88): view('RoleManagementView/ViewRole', [...])
 6 SYSTEMPATH\CodeIgniter.php(925): App\Controllers\RoleManagementController->getrolelist()
 7 SYSTEMPATH\CodeIgniter.php(480): CodeIgniter\CodeIgniter->runController(Object(App\Controllers\RoleManagementController))
 8 SYSTEMPATH\CodeIgniter.php(349): CodeIgniter\CodeIgniter->handleRequest(null, Object(Config\Cache), false)
 9 FCPATH\index.php(67): CodeIgniter\CodeIgniter->run()
CRITICAL - 2024-03-10 07:10:18 --> Undefined property: stdClass::$id
in APPPATH\Views\RoleManagementView\ViewRole.php on line 100.
 1 APPPATH\Views\RoleManagementView\ViewRole.php(100): CodeIgniter\Debug\Exceptions->errorHandler(2, 'Undefined property: stdClass::$id', 'APPPATH\\Views\\RoleManagementView\\ViewRole.php', 100)
 2 SYSTEMPATH\View\View.php(213): include('APPPATH\\Views\\RoleManagementView\\ViewRole.php')
 3 SYSTEMPATH\View\View.php(216): CodeIgniter\View\View->CodeIgniter\View\{closure}()
 4 SYSTEMPATH\Common.php(1135): CodeIgniter\View\View->render('RoleManagementView/ViewRole', [], true)
 5 APPPATH\Controllers\RoleManagementController.php(88): view('RoleManagementView/ViewRole', [...])
 6 SYSTEMPATH\CodeIgniter.php(925): App\Controllers\RoleManagementController->getrolelist()
 7 SYSTEMPATH\CodeIgniter.php(480): CodeIgniter\CodeIgniter->runController(Object(App\Controllers\RoleManagementController))
 8 SYSTEMPATH\CodeIgniter.php(349): CodeIgniter\CodeIgniter->handleRequest(null, Object(Config\Cache), false)
 9 FCPATH\index.php(67): CodeIgniter\CodeIgniter->run()
CRITICAL - 2024-03-10 07:10:20 --> Undefined property: stdClass::$id
in APPPATH\Views\RoleManagementView\ViewRole.php on line 100.
 1 APPPATH\Views\RoleManagementView\ViewRole.php(100): CodeIgniter\Debug\Exceptions->errorHandler(2, 'Undefined property: stdClass::$id', 'APPPATH\\Views\\RoleManagementView\\ViewRole.php', 100)
 2 SYSTEMPATH\View\View.php(213): include('APPPATH\\Views\\RoleManagementView\\ViewRole.php')
 3 SYSTEMPATH\View\View.php(216): CodeIgniter\View\View->CodeIgniter\View\{closure}()
 4 SYSTEMPATH\Common.php(1135): CodeIgniter\View\View->render('RoleManagementView/ViewRole', [], true)
 5 APPPATH\Controllers\RoleManagementController.php(88): view('RoleManagementView/ViewRole', [...])
 6 SYSTEMPATH\CodeIgniter.php(925): App\Controllers\RoleManagementController->getrolelist()
 7 SYSTEMPATH\CodeIgniter.php(480): CodeIgniter\CodeIgniter->runController(Object(App\Controllers\RoleManagementController))
 8 SYSTEMPATH\CodeIgniter.php(349): CodeIgniter\CodeIgniter->handleRequest(null, Object(Config\Cache), false)
 9 FCPATH\index.php(67): CodeIgniter\CodeIgniter->run()
CRITICAL - 2024-03-10 07:10:21 --> Undefined property: stdClass::$id
in APPPATH\Views\RoleManagementView\ViewRole.php on line 100.
 1 APPPATH\Views\RoleManagementView\ViewRole.php(100): CodeIgniter\Debug\Exceptions->errorHandler(2, 'Undefined property: stdClass::$id', 'APPPATH\\Views\\RoleManagementView\\ViewRole.php', 100)
 2 SYSTEMPATH\View\View.php(213): include('APPPATH\\Views\\RoleManagementView\\ViewRole.php')
 3 SYSTEMPATH\View\View.php(216): CodeIgniter\View\View->CodeIgniter\View\{closure}()
 4 SYSTEMPATH\Common.php(1135): CodeIgniter\View\View->render('RoleManagementView/ViewRole', [], true)
 5 APPPATH\Controllers\RoleManagementController.php(88): view('RoleManagementView/ViewRole', [...])
 6 SYSTEMPATH\CodeIgniter.php(925): App\Controllers\RoleManagementController->getrolelist()
 7 SYSTEMPATH\CodeIgniter.php(480): CodeIgniter\CodeIgniter->runController(Object(App\Controllers\RoleManagementController))
 8 SYSTEMPATH\CodeIgniter.php(349): CodeIgniter\CodeIgniter->handleRequest(null, Object(Config\Cache), false)
 9 FCPATH\index.php(67): CodeIgniter\CodeIgniter->run()
CRITICAL - 2024-03-10 07:24:12 --> Undefined variable $user
in APPPATH\Views\RoleManagementView\ViewRole.php on line 92.
 1 APPPATH\Views\RoleManagementView\ViewRole.php(92): CodeIgniter\Debug\Exceptions->errorHandler(2, 'Undefined variable $user', 'APPPATH\\Views\\RoleManagementView\\ViewRole.php', 92)
 2 SYSTEMPATH\View\View.php(213): include('APPPATH\\Views\\RoleManagementView\\ViewRole.php')
 3 SYSTEMPATH\View\View.php(216): CodeIgniter\View\View->CodeIgniter\View\{closure}()
 4 SYSTEMPATH\Common.php(1135): CodeIgniter\View\View->render('RoleManagementView/ViewRole', [], true)
 5 APPPATH\Controllers\RoleManagementController.php(88): view('RoleManagementView/ViewRole', [...])
 6 SYSTEMPATH\CodeIgniter.php(925): App\Controllers\RoleManagementController->getrolelist()
 7 SYSTEMPATH\CodeIgniter.php(480): CodeIgniter\CodeIgniter->runController(Object(App\Controllers\RoleManagementController))
 8 SYSTEMPATH\CodeIgniter.php(349): CodeIgniter\CodeIgniter->handleRequest(null, Object(Config\Cache), false)
 9 FCPATH\index.php(67): CodeIgniter\CodeIgniter->run()
CRITICAL - 2024-03-10 07:24:14 --> Undefined variable $user
in APPPATH\Views\RoleManagementView\ViewRole.php on line 92.
 1 APPPATH\Views\RoleManagementView\ViewRole.php(92): CodeIgniter\Debug\Exceptions->errorHandler(2, 'Undefined variable $user', 'APPPATH\\Views\\RoleManagementView\\ViewRole.php', 92)
 2 SYSTEMPATH\View\View.php(213): include('APPPATH\\Views\\RoleManagementView\\ViewRole.php')
 3 SYSTEMPATH\View\View.php(216): CodeIgniter\View\View->CodeIgniter\View\{closure}()
 4 SYSTEMPATH\Common.php(1135): CodeIgniter\View\View->render('RoleManagementView/ViewRole', [], true)
 5 APPPATH\Controllers\RoleManagementController.php(88): view('RoleManagementView/ViewRole', [...])
 6 SYSTEMPATH\CodeIgniter.php(925): App\Controllers\RoleManagementController->getrolelist()
 7 SYSTEMPATH\CodeIgniter.php(480): CodeIgniter\CodeIgniter->runController(Object(App\Controllers\RoleManagementController))
 8 SYSTEMPATH\CodeIgniter.php(349): CodeIgniter\CodeIgniter->handleRequest(null, Object(Config\Cache), false)
 9 FCPATH\index.php(67): CodeIgniter\CodeIgniter->run()
CRITICAL - 2024-03-10 07:24:57 --> Undefined variable $user
in APPPATH\Views\RoleManagementView\ViewRole.php on line 92.
 1 APPPATH\Views\RoleManagementView\ViewRole.php(92): CodeIgniter\Debug\Exceptions->errorHandler(2, 'Undefined variable $user', 'APPPATH\\Views\\RoleManagementView\\ViewRole.php', 92)
 2 SYSTEMPATH\View\View.php(213): include('APPPATH\\Views\\RoleManagementView\\ViewRole.php')
 3 SYSTEMPATH\View\View.php(216): CodeIgniter\View\View->CodeIgniter\View\{closure}()
 4 SYSTEMPATH\Common.php(1135): CodeIgniter\View\View->render('RoleManagementView/ViewRole', [], true)
 5 APPPATH\Controllers\RoleManagementController.php(88): view('RoleManagementView/ViewRole', [...])
 6 SYSTEMPATH\CodeIgniter.php(925): App\Controllers\RoleManagementController->getrolelist()
 7 SYSTEMPATH\CodeIgniter.php(480): CodeIgniter\CodeIgniter->runController(Object(App\Controllers\RoleManagementController))
 8 SYSTEMPATH\CodeIgniter.php(349): CodeIgniter\CodeIgniter->handleRequest(null, Object(Config\Cache), false)
 9 FCPATH\index.php(67): CodeIgniter\CodeIgniter->run()
CRITICAL - 2024-03-10 07:24:59 --> Undefined variable $user
in APPPATH\Views\RoleManagementView\ViewRole.php on line 92.
 1 APPPATH\Views\RoleManagementView\ViewRole.php(92): CodeIgniter\Debug\Exceptions->errorHandler(2, 'Undefined variable $user', 'APPPATH\\Views\\RoleManagementView\\ViewRole.php', 92)
 2 SYSTEMPATH\View\View.php(213): include('APPPATH\\Views\\RoleManagementView\\ViewRole.php')
 3 SYSTEMPATH\View\View.php(216): CodeIgniter\View\View->CodeIgniter\View\{closure}()
 4 SYSTEMPATH\Common.php(1135): CodeIgniter\View\View->render('RoleManagementView/ViewRole', [], true)
 5 APPPATH\Controllers\RoleManagementController.php(88): view('RoleManagementView/ViewRole', [...])
 6 SYSTEMPATH\CodeIgniter.php(925): App\Controllers\RoleManagementController->getrolelist()
 7 SYSTEMPATH\CodeIgniter.php(480): CodeIgniter\CodeIgniter->runController(Object(App\Controllers\RoleManagementController))
 8 SYSTEMPATH\CodeIgniter.php(349): CodeIgniter\CodeIgniter->handleRequest(null, Object(Config\Cache), false)
 9 FCPATH\index.php(67): CodeIgniter\CodeIgniter->run()
CRITICAL - 2024-03-10 08:02:03 --> Undefined variable $rolelist
in APPPATH\Views\RoleManagementView\EditRole.php on line 102.
 1 APPPATH\Views\RoleManagementView\EditRole.php(102): CodeIgniter\Debug\Exceptions->errorHandler(2, 'Undefined variable $rolelist', 'APPPATH\\Views\\RoleManagementView\\EditRole.php', 102)
 2 SYSTEMPATH\View\View.php(213): include('APPPATH\\Views\\RoleManagementView\\EditRole.php')
 3 SYSTEMPATH\View\View.php(216): CodeIgniter\View\View->CodeIgniter\View\{closure}()
 4 SYSTEMPATH\Common.php(1135): CodeIgniter\View\View->render('RoleManagementView/EditRole', [], true)
 5 APPPATH\Controllers\RoleManagementController.php(49): view('RoleManagementView/EditRole', [...])
 6 SYSTEMPATH\CodeIgniter.php(925): App\Controllers\RoleManagementController->getselectedrole('5')
 7 SYSTEMPATH\CodeIgniter.php(480): CodeIgniter\CodeIgniter->runController(Object(App\Controllers\RoleManagementController))
 8 SYSTEMPATH\CodeIgniter.php(349): CodeIgniter\CodeIgniter->handleRequest(null, Object(Config\Cache), false)
 9 FCPATH\index.php(67): CodeIgniter\CodeIgniter->run()
CRITICAL - 2024-03-10 08:42:31 --> Undefined constant "short1"
in APPPATH\Views\RoleManagementView\EditRole.php on line 112.
 1 SYSTEMPATH\View\View.php(213): include()
 2 SYSTEMPATH\View\View.php(216): CodeIgniter\View\View->CodeIgniter\View\{closure}()
 3 SYSTEMPATH\Common.php(1135): CodeIgniter\View\View->render('RoleManagementView/EditRole', [], true)
 4 APPPATH\Controllers\RoleManagementController.php(49): view('RoleManagementView/EditRole', [...])
 5 SYSTEMPATH\CodeIgniter.php(925): App\Controllers\RoleManagementController->getselectedrole('5')
 6 SYSTEMPATH\CodeIgniter.php(480): CodeIgniter\CodeIgniter->runController(Object(App\Controllers\RoleManagementController))
 7 SYSTEMPATH\CodeIgniter.php(349): CodeIgniter\CodeIgniter->handleRequest(null, Object(Config\Cache), false)
 8 FCPATH\index.php(67): CodeIgniter\CodeIgniter->run()
CRITICAL - 2024-03-10 08:42:33 --> Undefined constant "short1"
in APPPATH\Views\RoleManagementView\EditRole.php on line 112.
 1 SYSTEMPATH\View\View.php(213): include()
 2 SYSTEMPATH\View\View.php(216): CodeIgniter\View\View->CodeIgniter\View\{closure}()
 3 SYSTEMPATH\Common.php(1135): CodeIgniter\View\View->render('RoleManagementView/EditRole', [], true)
 4 APPPATH\Controllers\RoleManagementController.php(49): view('RoleManagementView/EditRole', [...])
 5 SYSTEMPATH\CodeIgniter.php(925): App\Controllers\RoleManagementController->getselectedrole('5')
 6 SYSTEMPATH\CodeIgniter.php(480): CodeIgniter\CodeIgniter->runController(Object(App\Controllers\RoleManagementController))
 7 SYSTEMPATH\CodeIgniter.php(349): CodeIgniter\CodeIgniter->handleRequest(null, Object(Config\Cache), false)
 8 FCPATH\index.php(67): CodeIgniter\CodeIgniter->run()
CRITICAL - 2024-03-10 08:47:28 --> Undefined variable $short21
in APPPATH\Views\RoleManagementView\EditRole.php on line 118.
 1 APPPATH\Views\RoleManagementView\EditRole.php(118): CodeIgniter\Debug\Exceptions->errorHandler(2, 'Undefined variable $short21', 'APPPATH\\Views\\RoleManagementView\\EditRole.php', 118)
 2 SYSTEMPATH\View\View.php(213): include('APPPATH\\Views\\RoleManagementView\\EditRole.php')
 3 SYSTEMPATH\View\View.php(216): CodeIgniter\View\View->CodeIgniter\View\{closure}()
 4 SYSTEMPATH\Common.php(1135): CodeIgniter\View\View->render('RoleManagementView/EditRole', [], true)
 5 APPPATH\Controllers\RoleManagementController.php(49): view('RoleManagementView/EditRole', [...])
 6 SYSTEMPATH\CodeIgniter.php(925): App\Controllers\RoleManagementController->getselectedrole('5')
 7 SYSTEMPATH\CodeIgniter.php(480): CodeIgniter\CodeIgniter->runController(Object(App\Controllers\RoleManagementController))
 8 SYSTEMPATH\CodeIgniter.php(349): CodeIgniter\CodeIgniter->handleRequest(null, Object(Config\Cache), false)
 9 FCPATH\index.php(67): CodeIgniter\CodeIgniter->run()
CRITICAL - 2024-03-10 12:47:59 --> Trying to access array offset on value of type null
in APPPATH\Controllers\TicketController.php on line 236.
 1 APPPATH\Controllers\TicketController.php(236): CodeIgniter\Debug\Exceptions->errorHandler(2, 'Trying to access array offset on value of type null', 'APPPATH\\Controllers\\TicketController.php', 236)
 2 SYSTEMPATH\CodeIgniter.php(925): App\Controllers\TicketController->getselectedtickettoedit('3')
 3 SYSTEMPATH\CodeIgniter.php(480): CodeIgniter\CodeIgniter->runController(Object(App\Controllers\TicketController))
 4 SYSTEMPATH\CodeIgniter.php(349): CodeIgniter\CodeIgniter->handleRequest(null, Object(Config\Cache), false)
 5 FCPATH\index.php(67): CodeIgniter\CodeIgniter->run()
CRITICAL - 2024-03-10 12:48:06 --> Trying to access array offset on value of type null
in APPPATH\Controllers\TicketController.php on line 236.
 1 APPPATH\Controllers\TicketController.php(236): CodeIgniter\Debug\Exceptions->errorHandler(2, 'Trying to access array offset on value of type null', 'APPPATH\\Controllers\\TicketController.php', 236)
 2 SYSTEMPATH\CodeIgniter.php(925): App\Controllers\TicketController->getselectedtickettoedit('3')
 3 SYSTEMPATH\CodeIgniter.php(480): CodeIgniter\CodeIgniter->runController(Object(App\Controllers\TicketController))
 4 SYSTEMPATH\CodeIgniter.php(349): CodeIgniter\CodeIgniter->handleRequest(null, Object(Config\Cache), false)
 5 FCPATH\index.php(67): CodeIgniter\CodeIgniter->run()
CRITICAL - 2024-03-10 13:34:16 --> Undefined variable $id
in APPPATH\Views\TicketView\ViewPersonalTickets.php on line 202.
 1 APPPATH\Views\TicketView\ViewPersonalTickets.php(202): CodeIgniter\Debug\Exceptions->errorHandler(2, 'Undefined variable $id', 'APPPATH\\Views\\TicketView\\ViewPersonalTickets.php', 202)
 2 SYSTEMPATH\View\View.php(213): include('APPPATH\\Views\\TicketView\\ViewPersonalTickets.php')
 3 SYSTEMPATH\View\View.php(216): CodeIgniter\View\View->CodeIgniter\View\{closure}()
 4 SYSTEMPATH\Common.php(1135): CodeIgniter\View\View->render('TicketView/ViewPersonalTickets', [], true)
 5 APPPATH\Controllers\TicketController.php(81): view('TicketView/ViewPersonalTickets', [...])
 6 SYSTEMPATH\CodeIgniter.php(925): App\Controllers\TicketController->getpersonalticketlist()
 7 SYSTEMPATH\CodeIgniter.php(480): CodeIgniter\CodeIgniter->runController(Object(App\Controllers\TicketController))
 8 SYSTEMPATH\CodeIgniter.php(349): CodeIgniter\CodeIgniter->handleRequest(null, Object(Config\Cache), false)
 9 FCPATH\index.php(67): CodeIgniter\CodeIgniter->run()
CRITICAL - 2024-03-10 13:34:19 --> Undefined variable $id
in APPPATH\Views\TicketView\ViewPersonalTickets.php on line 202.
 1 APPPATH\Views\TicketView\ViewPersonalTickets.php(202): CodeIgniter\Debug\Exceptions->errorHandler(2, 'Undefined variable $id', 'APPPATH\\Views\\TicketView\\ViewPersonalTickets.php', 202)
 2 SYSTEMPATH\View\View.php(213): include('APPPATH\\Views\\TicketView\\ViewPersonalTickets.php')
 3 SYSTEMPATH\View\View.php(216): CodeIgniter\View\View->CodeIgniter\View\{closure}()
 4 SYSTEMPATH\Common.php(1135): CodeIgniter\View\View->render('TicketView/ViewPersonalTickets', [], true)
 5 APPPATH\Controllers\TicketController.php(81): view('TicketView/ViewPersonalTickets', [...])
 6 SYSTEMPATH\CodeIgniter.php(925): App\Controllers\TicketController->getpersonalticketlist()
 7 SYSTEMPATH\CodeIgniter.php(480): CodeIgniter\CodeIgniter->runController(Object(App\Controllers\TicketController))
 8 SYSTEMPATH\CodeIgniter.php(349): CodeIgniter\CodeIgniter->handleRequest(null, Object(Config\Cache), false)
 9 FCPATH\index.php(67): CodeIgniter\CodeIgniter->run()
CRITICAL - 2024-03-10 13:34:30 --> Undefined variable $id
in APPPATH\Views\TicketView\ViewPersonalTickets.php on line 202.
 1 APPPATH\Views\TicketView\ViewPersonalTickets.php(202): CodeIgniter\Debug\Exceptions->errorHandler(2, 'Undefined variable $id', 'APPPATH\\Views\\TicketView\\ViewPersonalTickets.php', 202)
 2 SYSTEMPATH\View\View.php(213): include('APPPATH\\Views\\TicketView\\ViewPersonalTickets.php')
 3 SYSTEMPATH\View\View.php(216): CodeIgniter\View\View->CodeIgniter\View\{closure}()
 4 SYSTEMPATH\Common.php(1135): CodeIgniter\View\View->render('TicketView/ViewPersonalTickets', [], true)
 5 APPPATH\Controllers\TicketController.php(81): view('TicketView/ViewPersonalTickets', [...])
 6 SYSTEMPATH\CodeIgniter.php(925): App\Controllers\TicketController->getpersonalticketlist()
 7 SYSTEMPATH\CodeIgniter.php(480): CodeIgniter\CodeIgniter->runController(Object(App\Controllers\TicketController))
 8 SYSTEMPATH\CodeIgniter.php(349): CodeIgniter\CodeIgniter->handleRequest(null, Object(Config\Cache), false)
 9 FCPATH\index.php(67): CodeIgniter\CodeIgniter->run()
CRITICAL - 2024-03-10 13:34:31 --> Undefined variable $id
in APPPATH\Views\TicketView\ViewPersonalTickets.php on line 202.
 1 APPPATH\Views\TicketView\ViewPersonalTickets.php(202): CodeIgniter\Debug\Exceptions->errorHandler(2, 'Undefined variable $id', 'APPPATH\\Views\\TicketView\\ViewPersonalTickets.php', 202)
 2 SYSTEMPATH\View\View.php(213): include('APPPATH\\Views\\TicketView\\ViewPersonalTickets.php')
 3 SYSTEMPATH\View\View.php(216): CodeIgniter\View\View->CodeIgniter\View\{closure}()
 4 SYSTEMPATH\Common.php(1135): CodeIgniter\View\View->render('TicketView/ViewPersonalTickets', [], true)
 5 APPPATH\Controllers\TicketController.php(81): view('TicketView/ViewPersonalTickets', [...])
 6 SYSTEMPATH\CodeIgniter.php(925): App\Controllers\TicketController->getpersonalticketlist()
 7 SYSTEMPATH\CodeIgniter.php(480): CodeIgniter\CodeIgniter->runController(Object(App\Controllers\TicketController))
 8 SYSTEMPATH\CodeIgniter.php(349): CodeIgniter\CodeIgniter->handleRequest(null, Object(Config\Cache), false)
 9 FCPATH\index.php(67): CodeIgniter\CodeIgniter->run()
CRITICAL - 2024-03-10 13:44:07 --> Undefined variable $id
in APPPATH\Views\TicketView\ViewPersonalTickets.php on line 202.
 1 APPPATH\Views\TicketView\ViewPersonalTickets.php(202): CodeIgniter\Debug\Exceptions->errorHandler(2, 'Undefined variable $id', 'APPPATH\\Views\\TicketView\\ViewPersonalTickets.php', 202)
 2 SYSTEMPATH\View\View.php(213): include('APPPATH\\Views\\TicketView\\ViewPersonalTickets.php')
 3 SYSTEMPATH\View\View.php(216): CodeIgniter\View\View->CodeIgniter\View\{closure}()
 4 SYSTEMPATH\Common.php(1135): CodeIgniter\View\View->render('TicketView/ViewPersonalTickets', [], true)
 5 APPPATH\Controllers\TicketController.php(81): view('TicketView/ViewPersonalTickets', [...])
 6 SYSTEMPATH\CodeIgniter.php(925): App\Controllers\TicketController->getpersonalticketlist()
 7 SYSTEMPATH\CodeIgniter.php(480): CodeIgniter\CodeIgniter->runController(Object(App\Controllers\TicketController))
 8 SYSTEMPATH\CodeIgniter.php(349): CodeIgniter\CodeIgniter->handleRequest(null, Object(Config\Cache), false)
 9 FCPATH\index.php(67): CodeIgniter\CodeIgniter->run()
ERROR - 2024-03-10 14:41:07 --> mysqli_sql_exception: Cannot add or update a child row: a foreign key constraint fails (`ithelpdesk`.`ticket_master`, CONSTRAINT `fk_priority` FOREIGN KEY (`priority`) REFERENCES `priority_master` (`id`) ON DELETE CASCADE ON UPDATE CASCADE) in C:\xampp\htdocs\ITHelpDesk\system\Database\MySQLi\Connection.php:292
Stack trace:
#0 C:\xampp\htdocs\ITHelpDesk\system\Database\MySQLi\Connection.php(292): mysqli->query('UPDATE `ticket_...', 0)
#1 C:\xampp\htdocs\ITHelpDesk\system\Database\BaseConnection.php(666): CodeIgniter\Database\MySQLi\Connection->execute('UPDATE `ticket_...')
#2 C:\xampp\htdocs\ITHelpDesk\system\Database\BaseConnection.php(593): CodeIgniter\Database\BaseConnection->simpleQuery('UPDATE `ticket_...')
#3 C:\xampp\htdocs\ITHelpDesk\system\Database\BaseBuilder.php(2079): CodeIgniter\Database\BaseConnection->query('UPDATE `ticket_...', Array, false)
#4 C:\xampp\htdocs\ITHelpDesk\app\Models\TicketModel.php(110): CodeIgniter\Database\BaseBuilder->update(Array)
#5 C:\xampp\htdocs\ITHelpDesk\app\Controllers\TicketController.php(407): App\Models\TicketModel->updateTicket('1', Array)
#6 C:\xampp\htdocs\ITHelpDesk\system\CodeIgniter.php(925): App\Controllers\TicketController->searchAndUpdate()
#7 C:\xampp\htdocs\ITHelpDesk\system\CodeIgniter.php(480): CodeIgniter\CodeIgniter->runController(Object(App\Controllers\TicketController))
#8 C:\xampp\htdocs\ITHelpDesk\system\CodeIgniter.php(349): CodeIgniter\CodeIgniter->handleRequest(NULL, Object(Config\Cache), false)
#9 C:\xampp\htdocs\ITHelpDesk\public\index.php(67): CodeIgniter\CodeIgniter->run()
#10 {main}
CRITICAL - 2024-03-10 14:41:07 --> Cannot add or update a child row: a foreign key constraint fails (`ithelpdesk`.`ticket_master`, CONSTRAINT `fk_priority` FOREIGN KEY (`priority`) REFERENCES `priority_master` (`id`) ON DELETE CASCADE ON UPDATE CASCADE)
in SYSTEMPATH\Database\MySQLi\Connection.php on line 292.
 1 SYSTEMPATH\Database\MySQLi\Connection.php(292): mysqli->query('UPDATE `ticket_master` SET `contact_no` = \'0711849601\', `priority` = \'\', `status` = \'\', `ip_address` = \'\', `content` = \'\'
WHERE `id` = \'1\'', 0)
 2 SYSTEMPATH\Database\BaseConnection.php(666): CodeIgniter\Database\MySQLi\Connection->execute('UPDATE `ticket_master` SET `contact_no` = \'0711849601\', `priority` = \'\', `status` = \'\', `ip_address` = \'\', `content` = \'\'
WHERE `id` = \'1\'')
 3 SYSTEMPATH\Database\BaseConnection.php(593): CodeIgniter\Database\BaseConnection->simpleQuery('UPDATE `ticket_master` SET `contact_no` = \'0711849601\', `priority` = \'\', `status` = \'\', `ip_address` = \'\', `content` = \'\'
WHERE `id` = \'1\'')
 4 SYSTEMPATH\Database\BaseBuilder.php(2079): CodeIgniter\Database\BaseConnection->query('UPDATE `ticket_master` SET `contact_no` = :contact_no:, `priority` = :priority:, `status` = :status:, `ip_address` = :ip_address:, `content` = :content:
WHERE `id` = :id:', [...], false)
 5 APPPATH\Models\TicketModel.php(110): CodeIgniter\Database\BaseBuilder->update([...])
 6 APPPATH\Controllers\TicketController.php(407): App\Models\TicketModel->updateTicket('1', [...])
 7 SYSTEMPATH\CodeIgniter.php(925): App\Controllers\TicketController->searchAndUpdate()
 8 SYSTEMPATH\CodeIgniter.php(480): CodeIgniter\CodeIgniter->runController(Object(App\Controllers\TicketController))
 9 SYSTEMPATH\CodeIgniter.php(349): CodeIgniter\CodeIgniter->handleRequest(null, Object(Config\Cache), false)
10 FCPATH\index.php(67): CodeIgniter\CodeIgniter->run()
ERROR - 2024-03-10 14:41:19 --> mysqli_sql_exception: Cannot add or update a child row: a foreign key constraint fails (`ithelpdesk`.`ticket_master`, CONSTRAINT `fk_priority` FOREIGN KEY (`priority`) REFERENCES `priority_master` (`id`) ON DELETE CASCADE ON UPDATE CASCADE) in C:\xampp\htdocs\ITHelpDesk\system\Database\MySQLi\Connection.php:292
Stack trace:
#0 C:\xampp\htdocs\ITHelpDesk\system\Database\MySQLi\Connection.php(292): mysqli->query('UPDATE `ticket_...', 0)
#1 C:\xampp\htdocs\ITHelpDesk\system\Database\BaseConnection.php(666): CodeIgniter\Database\MySQLi\Connection->execute('UPDATE `ticket_...')
#2 C:\xampp\htdocs\ITHelpDesk\system\Database\BaseConnection.php(593): CodeIgniter\Database\BaseConnection->simpleQuery('UPDATE `ticket_...')
#3 C:\xampp\htdocs\ITHelpDesk\system\Database\BaseBuilder.php(2079): CodeIgniter\Database\BaseConnection->query('UPDATE `ticket_...', Array, false)
#4 C:\xampp\htdocs\ITHelpDesk\app\Models\TicketModel.php(110): CodeIgniter\Database\BaseBuilder->update(Array)
#5 C:\xampp\htdocs\ITHelpDesk\app\Controllers\TicketController.php(407): App\Models\TicketModel->updateTicket('1', Array)
#6 C:\xampp\htdocs\ITHelpDesk\system\CodeIgniter.php(925): App\Controllers\TicketController->searchAndUpdate()
#7 C:\xampp\htdocs\ITHelpDesk\system\CodeIgniter.php(480): CodeIgniter\CodeIgniter->runController(Object(App\Controllers\TicketController))
#8 C:\xampp\htdocs\ITHelpDesk\system\CodeIgniter.php(349): CodeIgniter\CodeIgniter->handleRequest(NULL, Object(Config\Cache), false)
#9 C:\xampp\htdocs\ITHelpDesk\public\index.php(67): CodeIgniter\CodeIgniter->run()
#10 {main}
CRITICAL - 2024-03-10 14:41:19 --> Cannot add or update a child row: a foreign key constraint fails (`ithelpdesk`.`ticket_master`, CONSTRAINT `fk_priority` FOREIGN KEY (`priority`) REFERENCES `priority_master` (`id`) ON DELETE CASCADE ON UPDATE CASCADE)
in SYSTEMPATH\Database\MySQLi\Connection.php on line 292.
 1 SYSTEMPATH\Database\MySQLi\Connection.php(292): mysqli->query('UPDATE `ticket_master` SET `contact_no` = \'0711849601\', `priority` = \'\', `status` = \'\', `ip_address` = \'\', `content` = \'\'
WHERE `id` = \'1\'', 0)
 2 SYSTEMPATH\Database\BaseConnection.php(666): CodeIgniter\Database\MySQLi\Connection->execute('UPDATE `ticket_master` SET `contact_no` = \'0711849601\', `priority` = \'\', `status` = \'\', `ip_address` = \'\', `content` = \'\'
WHERE `id` = \'1\'')
 3 SYSTEMPATH\Database\BaseConnection.php(593): CodeIgniter\Database\BaseConnection->simpleQuery('UPDATE `ticket_master` SET `contact_no` = \'0711849601\', `priority` = \'\', `status` = \'\', `ip_address` = \'\', `content` = \'\'
WHERE `id` = \'1\'')
 4 SYSTEMPATH\Database\BaseBuilder.php(2079): CodeIgniter\Database\BaseConnection->query('UPDATE `ticket_master` SET `contact_no` = :contact_no:, `priority` = :priority:, `status` = :status:, `ip_address` = :ip_address:, `content` = :content:
WHERE `id` = :id:', [...], false)
 5 APPPATH\Models\TicketModel.php(110): CodeIgniter\Database\BaseBuilder->update([...])
 6 APPPATH\Controllers\TicketController.php(407): App\Models\TicketModel->updateTicket('1', [...])
 7 SYSTEMPATH\CodeIgniter.php(925): App\Controllers\TicketController->searchAndUpdate()
 8 SYSTEMPATH\CodeIgniter.php(480): CodeIgniter\CodeIgniter->runController(Object(App\Controllers\TicketController))
 9 SYSTEMPATH\CodeIgniter.php(349): CodeIgniter\CodeIgniter->handleRequest(null, Object(Config\Cache), false)
10 FCPATH\index.php(67): CodeIgniter\CodeIgniter->run()
CRITICAL - 2024-03-10 14:44:51 --> Unsupported operand types: string + string
in APPPATH\Controllers\TicketController.php on line 411.
 1 SYSTEMPATH\CodeIgniter.php(925): App\Controllers\TicketController->searchAndUpdate()
 2 SYSTEMPATH\CodeIgniter.php(480): CodeIgniter\CodeIgniter->runController(Object(App\Controllers\TicketController))
 3 SYSTEMPATH\CodeIgniter.php(349): CodeIgniter\CodeIgniter->handleRequest(null, Object(Config\Cache), false)
 4 FCPATH\index.php(67): CodeIgniter\CodeIgniter->run()
CRITICAL - 2024-03-10 14:47:26 --> Trying to access array offset on value of type null
in APPPATH\Controllers\TicketController.php on line 240.
 1 APPPATH\Controllers\TicketController.php(240): CodeIgniter\Debug\Exceptions->errorHandler(2, 'Trying to access array offset on value of type null', 'APPPATH\\Controllers\\TicketController.php', 240)
 2 SYSTEMPATH\CodeIgniter.php(925): App\Controllers\TicketController->getselectedtickettoedit('3')
 3 SYSTEMPATH\CodeIgniter.php(480): CodeIgniter\CodeIgniter->runController(Object(App\Controllers\TicketController))
 4 SYSTEMPATH\CodeIgniter.php(349): CodeIgniter\CodeIgniter->handleRequest(null, Object(Config\Cache), false)
 5 FCPATH\index.php(67): CodeIgniter\CodeIgniter->run()
CRITICAL - 2024-03-10 14:50:39 --> The route for "not_good_id_method" cannot be found.
in SYSTEMPATH\HTTP\RedirectResponse.php on line 60.
 1 SYSTEMPATH\HTTP\RedirectResponse.php(60): CodeIgniter\HTTP\Exceptions\HTTPException::forInvalidRedirectRoute('not_good_id_method')
 2 SYSTEMPATH\Common.php(861): CodeIgniter\HTTP\RedirectResponse->route(false)
 3 APPPATH\Controllers\TicketController.php(189): redirect('not_good_id_method', 'refresh')
 4 SYSTEMPATH\CodeIgniter.php(925): App\Controllers\TicketController->getselecteticket('ticket', 'personalviewfull', '20')
 5 SYSTEMPATH\CodeIgniter.php(480): CodeIgniter\CodeIgniter->runController(Object(App\Controllers\TicketController))
 6 SYSTEMPATH\CodeIgniter.php(349): CodeIgniter\CodeIgniter->handleRequest(null, Object(Config\Cache), false)
 7 FCPATH\index.php(67): CodeIgniter\CodeIgniter->run()
CRITICAL - 2024-03-10 14:54:41 --> Trying to access array offset on value of type null
in APPPATH\Controllers\TicketController.php on line 240.
 1 APPPATH\Controllers\TicketController.php(240): CodeIgniter\Debug\Exceptions->errorHandler(2, 'Trying to access array offset on value of type null', 'APPPATH\\Controllers\\TicketController.php', 240)
 2 SYSTEMPATH\CodeIgniter.php(925): App\Controllers\TicketController->getselectedtickettoedit('3')
 3 SYSTEMPATH\CodeIgniter.php(480): CodeIgniter\CodeIgniter->runController(Object(App\Controllers\TicketController))
 4 SYSTEMPATH\CodeIgniter.php(349): CodeIgniter\CodeIgniter->handleRequest(null, Object(Config\Cache), false)
 5 FCPATH\index.php(67): CodeIgniter\CodeIgniter->run()
CRITICAL - 2024-03-10 14:54:58 --> Trying to access array offset on value of type null
in APPPATH\Controllers\TicketController.php on line 240.
 1 APPPATH\Controllers\TicketController.php(240): CodeIgniter\Debug\Exceptions->errorHandler(2, 'Trying to access array offset on value of type null', 'APPPATH\\Controllers\\TicketController.php', 240)
 2 SYSTEMPATH\CodeIgniter.php(925): App\Controllers\TicketController->getselectedtickettoedit('3')
 3 SYSTEMPATH\CodeIgniter.php(480): CodeIgniter\CodeIgniter->runController(Object(App\Controllers\TicketController))
 4 SYSTEMPATH\CodeIgniter.php(349): CodeIgniter\CodeIgniter->handleRequest(null, Object(Config\Cache), false)
 5 FCPATH\index.php(67): CodeIgniter\CodeIgniter->run()
CRITICAL - 2024-03-10 14:55:06 --> Trying to access array offset on value of type null
in APPPATH\Controllers\TicketController.php on line 240.
 1 APPPATH\Controllers\TicketController.php(240): CodeIgniter\Debug\Exceptions->errorHandler(2, 'Trying to access array offset on value of type null', 'APPPATH\\Controllers\\TicketController.php', 240)
 2 SYSTEMPATH\CodeIgniter.php(925): App\Controllers\TicketController->getselectedtickettoedit('3')
 3 SYSTEMPATH\CodeIgniter.php(480): CodeIgniter\CodeIgniter->runController(Object(App\Controllers\TicketController))
 4 SYSTEMPATH\CodeIgniter.php(349): CodeIgniter\CodeIgniter->handleRequest(null, Object(Config\Cache), false)
 5 FCPATH\index.php(67): CodeIgniter\CodeIgniter->run()
CRITICAL - 2024-03-10 20:21:21 --> Trying to access array offset on value of type null
in APPPATH\Controllers\TicketController.php on line 240.
 1 APPPATH\Controllers\TicketController.php(240): CodeIgniter\Debug\Exceptions->errorHandler(2, 'Trying to access array offset on value of type null', 'APPPATH\\Controllers\\TicketController.php', 240)
 2 SYSTEMPATH\CodeIgniter.php(925): App\Controllers\TicketController->getselectedtickettoedit('3')
 3 SYSTEMPATH\CodeIgniter.php(480): CodeIgniter\CodeIgniter->runController(Object(App\Controllers\TicketController))
 4 SYSTEMPATH\CodeIgniter.php(349): CodeIgniter\CodeIgniter->handleRequest(null, Object(Config\Cache), false)
 5 FCPATH\index.php(67): CodeIgniter\CodeIgniter->run()
CRITICAL - 2024-03-10 23:33:33 --> Undefined property: stdClass::$issue_description
in APPPATH\Views\TicketView\ViewTickets.php on line 71.
 1 APPPATH\Views\TicketView\ViewTickets.php(71): CodeIgniter\Debug\Exceptions->errorHandler(2, 'Undefined property: stdClass::$issue_description', 'APPPATH\\Views\\TicketView\\ViewTickets.php', 71)
 2 SYSTEMPATH\View\View.php(213): include('APPPATH\\Views\\TicketView\\ViewTickets.php')
 3 SYSTEMPATH\View\View.php(216): CodeIgniter\View\View->CodeIgniter\View\{closure}()
 4 SYSTEMPATH\Common.php(1135): CodeIgniter\View\View->render('TicketView/ViewTickets', [], true)
 5 APPPATH\Controllers\TicketController.php(84): view('TicketView/ViewTickets', [...])
 6 SYSTEMPATH\CodeIgniter.php(925): App\Controllers\TicketController->getallticketlist()
 7 SYSTEMPATH\CodeIgniter.php(480): CodeIgniter\CodeIgniter->runController(Object(App\Controllers\TicketController))
 8 SYSTEMPATH\CodeIgniter.php(349): CodeIgniter\CodeIgniter->handleRequest(null, Object(Config\Cache), false)
 9 FCPATH\index.php(67): CodeIgniter\CodeIgniter->run()
