ERROR - 2024-03-08 21:32:49 --> mysqli_sql_exception: Cannot add or update a child row: a foreign key constraint fails (`ithelpdesk`.`login_attempts`, CONSTRAINT `fk_luser` FOREIGN KEY (`user_id`) REFERENCES `user_master` (`id`) ON DELETE CASCADE ON UPDATE CASCADE) in C:\xampp\htdocs\ITHelpDesk\system\Database\MySQLi\Connection.php:292
Stack trace:
#0 C:\xampp\htdocs\ITHelpDesk\system\Database\MySQLi\Connection.php(292): mysqli->query('INSERT INTO `lo...', 0)
#1 C:\xampp\htdocs\ITHelpDesk\system\Database\BaseConnection.php(666): CodeIgniter\Database\MySQLi\Connection->execute('INSERT INTO `lo...')
#2 C:\xampp\htdocs\ITHelpDesk\system\Database\BaseConnection.php(593): CodeIgniter\Database\BaseConnection->simpleQuery('INSERT INTO `lo...')
#3 C:\xampp\htdocs\ITHelpDesk\system\Database\BaseBuilder.php(1916): CodeIgniter\Database\BaseConnection->query('INSERT INTO `lo...', Array, false)
#4 C:\xampp\htdocs\ITHelpDesk\system\Model.php(303): CodeIgniter\Database\BaseBuilder->insert()
#5 C:\xampp\htdocs\ITHelpDesk\system\BaseModel.php(750): CodeIgniter\Model->doInsert(Array)
#6 C:\xampp\htdocs\ITHelpDesk\system\Model.php(695): CodeIgniter\BaseModel->insert(Array, true)
#7 C:\xampp\htdocs\ITHelpDesk\app\Models\LoginAttemptsModel.php(38): CodeIgniter\Model->insert(Array)
#8 C:\xampp\htdocs\ITHelpDesk\app\Controllers\Login.php(87): App\Models\LoginAttemptsModel->saveLogin(Array)
#9 C:\xampp\htdocs\ITHelpDesk\system\CodeIgniter.php(925): App\Controllers\Login->login()
#10 C:\xampp\htdocs\ITHelpDesk\system\CodeIgniter.php(480): CodeIgniter\CodeIgniter->runController(Object(App\Controllers\Login))
#11 C:\xampp\htdocs\ITHelpDesk\system\CodeIgniter.php(349): CodeIgniter\CodeIgniter->handleRequest(NULL, Object(Config\Cache), false)
#12 C:\xampp\htdocs\ITHelpDesk\public\index.php(67): CodeIgniter\CodeIgniter->run()
#13 {main}
ERROR - 2024-03-08 21:33:30 --> mysqli_sql_exception: Cannot add or update a child row: a foreign key constraint fails (`ithelpdesk`.`login_attempts`, CONSTRAINT `fk_luser` FOREIGN KEY (`user_id`) REFERENCES `user_master` (`id`) ON DELETE CASCADE ON UPDATE CASCADE) in C:\xampp\htdocs\ITHelpDesk\system\Database\MySQLi\Connection.php:292
Stack trace:
#0 C:\xampp\htdocs\ITHelpDesk\system\Database\MySQLi\Connection.php(292): mysqli->query('INSERT INTO `lo...', 0)
#1 C:\xampp\htdocs\ITHelpDesk\system\Database\BaseConnection.php(666): CodeIgniter\Database\MySQLi\Connection->execute('INSERT INTO `lo...')
#2 C:\xampp\htdocs\ITHelpDesk\system\Database\BaseConnection.php(593): CodeIgniter\Database\BaseConnection->simpleQuery('INSERT INTO `lo...')
#3 C:\xampp\htdocs\ITHelpDesk\system\Database\BaseBuilder.php(1916): CodeIgniter\Database\BaseConnection->query('INSERT INTO `lo...', Array, false)
#4 C:\xampp\htdocs\ITHelpDesk\system\Model.php(303): CodeIgniter\Database\BaseBuilder->insert()
#5 C:\xampp\htdocs\ITHelpDesk\system\BaseModel.php(750): CodeIgniter\Model->doInsert(Array)
#6 C:\xampp\htdocs\ITHelpDesk\system\Model.php(695): CodeIgniter\BaseModel->insert(Array, true)
#7 C:\xampp\htdocs\ITHelpDesk\app\Models\LoginAttemptsModel.php(38): CodeIgniter\Model->insert(Array)
#8 C:\xampp\htdocs\ITHelpDesk\app\Controllers\Login.php(87): App\Models\LoginAttemptsModel->saveLogin(Array)
#9 C:\xampp\htdocs\ITHelpDesk\system\CodeIgniter.php(925): App\Controllers\Login->login()
#10 C:\xampp\htdocs\ITHelpDesk\system\CodeIgniter.php(480): CodeIgniter\CodeIgniter->runController(Object(App\Controllers\Login))
#11 C:\xampp\htdocs\ITHelpDesk\system\CodeIgniter.php(349): CodeIgniter\CodeIgniter->handleRequest(NULL, Object(Config\Cache), false)
#12 C:\xampp\htdocs\ITHelpDesk\public\index.php(67): CodeIgniter\CodeIgniter->run()
#13 {main}
ERROR - 2024-03-08 21:34:49 --> mysqli_sql_exception: Cannot add or update a child row: a foreign key constraint fails (`ithelpdesk`.`login_attempts`, CONSTRAINT `fk_luser` FOREIGN KEY (`user_id`) REFERENCES `user_master` (`id`) ON DELETE CASCADE ON UPDATE CASCADE) in C:\xampp\htdocs\ITHelpDesk\system\Database\MySQLi\Connection.php:292
Stack trace:
#0 C:\xampp\htdocs\ITHelpDesk\system\Database\MySQLi\Connection.php(292): mysqli->query('INSERT INTO `lo...', 0)
#1 C:\xampp\htdocs\ITHelpDesk\system\Database\BaseConnection.php(666): CodeIgniter\Database\MySQLi\Connection->execute('INSERT INTO `lo...')
#2 C:\xampp\htdocs\ITHelpDesk\system\Database\BaseConnection.php(593): CodeIgniter\Database\BaseConnection->simpleQuery('INSERT INTO `lo...')
#3 C:\xampp\htdocs\ITHelpDesk\system\Database\BaseBuilder.php(1916): CodeIgniter\Database\BaseConnection->query('INSERT INTO `lo...', Array, false)
#4 C:\xampp\htdocs\ITHelpDesk\system\Model.php(303): CodeIgniter\Database\BaseBuilder->insert()
#5 C:\xampp\htdocs\ITHelpDesk\system\BaseModel.php(750): CodeIgniter\Model->doInsert(Array)
#6 C:\xampp\htdocs\ITHelpDesk\system\Model.php(695): CodeIgniter\BaseModel->insert(Array, true)
#7 C:\xampp\htdocs\ITHelpDesk\app\Models\LoginAttemptsModel.php(38): CodeIgniter\Model->insert(Array)
#8 C:\xampp\htdocs\ITHelpDesk\app\Controllers\Login.php(89): App\Models\LoginAttemptsModel->saveLogin(Array)
#9 C:\xampp\htdocs\ITHelpDesk\system\CodeIgniter.php(925): App\Controllers\Login->login()
#10 C:\xampp\htdocs\ITHelpDesk\system\CodeIgniter.php(480): CodeIgniter\CodeIgniter->runController(Object(App\Controllers\Login))
#11 C:\xampp\htdocs\ITHelpDesk\system\CodeIgniter.php(349): CodeIgniter\CodeIgniter->handleRequest(NULL, Object(Config\Cache), false)
#12 C:\xampp\htdocs\ITHelpDesk\public\index.php(67): CodeIgniter\CodeIgniter->run()
#13 {main}
ERROR - 2024-03-08 21:35:06 --> mysqli_sql_exception: Cannot add or update a child row: a foreign key constraint fails (`ithelpdesk`.`login_attempts`, CONSTRAINT `fk_luser` FOREIGN KEY (`user_id`) REFERENCES `user_master` (`id`) ON DELETE CASCADE ON UPDATE CASCADE) in C:\xampp\htdocs\ITHelpDesk\system\Database\MySQLi\Connection.php:292
Stack trace:
#0 C:\xampp\htdocs\ITHelpDesk\system\Database\MySQLi\Connection.php(292): mysqli->query('INSERT INTO `lo...', 0)
#1 C:\xampp\htdocs\ITHelpDesk\system\Database\BaseConnection.php(666): CodeIgniter\Database\MySQLi\Connection->execute('INSERT INTO `lo...')
#2 C:\xampp\htdocs\ITHelpDesk\system\Database\BaseConnection.php(593): CodeIgniter\Database\BaseConnection->simpleQuery('INSERT INTO `lo...')
#3 C:\xampp\htdocs\ITHelpDesk\system\Database\BaseBuilder.php(1916): CodeIgniter\Database\BaseConnection->query('INSERT INTO `lo...', Array, false)
#4 C:\xampp\htdocs\ITHelpDesk\system\Model.php(303): CodeIgniter\Database\BaseBuilder->insert()
#5 C:\xampp\htdocs\ITHelpDesk\system\BaseModel.php(750): CodeIgniter\Model->doInsert(Array)
#6 C:\xampp\htdocs\ITHelpDesk\system\Model.php(695): CodeIgniter\BaseModel->insert(Array, true)
#7 C:\xampp\htdocs\ITHelpDesk\app\Models\LoginAttemptsModel.php(38): CodeIgniter\Model->insert(Array)
#8 C:\xampp\htdocs\ITHelpDesk\app\Controllers\Login.php(89): App\Models\LoginAttemptsModel->saveLogin(Array)
#9 C:\xampp\htdocs\ITHelpDesk\system\CodeIgniter.php(925): App\Controllers\Login->login()
#10 C:\xampp\htdocs\ITHelpDesk\system\CodeIgniter.php(480): CodeIgniter\CodeIgniter->runController(Object(App\Controllers\Login))
#11 C:\xampp\htdocs\ITHelpDesk\system\CodeIgniter.php(349): CodeIgniter\CodeIgniter->handleRequest(NULL, Object(Config\Cache), false)
#12 C:\xampp\htdocs\ITHelpDesk\public\index.php(67): CodeIgniter\CodeIgniter->run()
#13 {main}
ERROR - 2024-03-08 21:36:05 --> mysqli_sql_exception: Cannot add or update a child row: a foreign key constraint fails (`ithelpdesk`.`login_attempts`, CONSTRAINT `fk_luser` FOREIGN KEY (`user_id`) REFERENCES `user_master` (`id`) ON DELETE CASCADE ON UPDATE CASCADE) in C:\xampp\htdocs\ITHelpDesk\system\Database\MySQLi\Connection.php:292
Stack trace:
#0 C:\xampp\htdocs\ITHelpDesk\system\Database\MySQLi\Connection.php(292): mysqli->query('INSERT INTO `lo...', 0)
#1 C:\xampp\htdocs\ITHelpDesk\system\Database\BaseConnection.php(666): CodeIgniter\Database\MySQLi\Connection->execute('INSERT INTO `lo...')
#2 C:\xampp\htdocs\ITHelpDesk\system\Database\BaseConnection.php(593): CodeIgniter\Database\BaseConnection->simpleQuery('INSERT INTO `lo...')
#3 C:\xampp\htdocs\ITHelpDesk\system\Database\BaseBuilder.php(1916): CodeIgniter\Database\BaseConnection->query('INSERT INTO `lo...', Array, false)
#4 C:\xampp\htdocs\ITHelpDesk\system\Model.php(303): CodeIgniter\Database\BaseBuilder->insert()
#5 C:\xampp\htdocs\ITHelpDesk\system\BaseModel.php(750): CodeIgniter\Model->doInsert(Array)
#6 C:\xampp\htdocs\ITHelpDesk\system\Model.php(695): CodeIgniter\BaseModel->insert(Array, true)
#7 C:\xampp\htdocs\ITHelpDesk\app\Models\LoginAttemptsModel.php(38): CodeIgniter\Model->insert(Array)
#8 C:\xampp\htdocs\ITHelpDesk\app\Controllers\Login.php(89): App\Models\LoginAttemptsModel->saveLogin(Array)
#9 C:\xampp\htdocs\ITHelpDesk\system\CodeIgniter.php(925): App\Controllers\Login->login()
#10 C:\xampp\htdocs\ITHelpDesk\system\CodeIgniter.php(480): CodeIgniter\CodeIgniter->runController(Object(App\Controllers\Login))
#11 C:\xampp\htdocs\ITHelpDesk\system\CodeIgniter.php(349): CodeIgniter\CodeIgniter->handleRequest(NULL, Object(Config\Cache), false)
#12 C:\xampp\htdocs\ITHelpDesk\public\index.php(67): CodeIgniter\CodeIgniter->run()
#13 {main}
ERROR - 2024-03-08 21:36:47 --> mysqli_sql_exception: Cannot add or update a child row: a foreign key constraint fails (`ithelpdesk`.`login_attempts`, CONSTRAINT `fk_luser` FOREIGN KEY (`user_id`) REFERENCES `user_master` (`id`) ON DELETE CASCADE ON UPDATE CASCADE) in C:\xampp\htdocs\ITHelpDesk\system\Database\MySQLi\Connection.php:292
Stack trace:
#0 C:\xampp\htdocs\ITHelpDesk\system\Database\MySQLi\Connection.php(292): mysqli->query('INSERT INTO `lo...', 0)
#1 C:\xampp\htdocs\ITHelpDesk\system\Database\BaseConnection.php(666): CodeIgniter\Database\MySQLi\Connection->execute('INSERT INTO `lo...')
#2 C:\xampp\htdocs\ITHelpDesk\system\Database\BaseConnection.php(593): CodeIgniter\Database\BaseConnection->simpleQuery('INSERT INTO `lo...')
#3 C:\xampp\htdocs\ITHelpDesk\system\Database\BaseBuilder.php(1916): CodeIgniter\Database\BaseConnection->query('INSERT INTO `lo...', Array, false)
#4 C:\xampp\htdocs\ITHelpDesk\system\Model.php(303): CodeIgniter\Database\BaseBuilder->insert()
#5 C:\xampp\htdocs\ITHelpDesk\system\BaseModel.php(750): CodeIgniter\Model->doInsert(Array)
#6 C:\xampp\htdocs\ITHelpDesk\system\Model.php(695): CodeIgniter\BaseModel->insert(Array, true)
#7 C:\xampp\htdocs\ITHelpDesk\app\Models\LoginAttemptsModel.php(38): CodeIgniter\Model->insert(Array)
#8 C:\xampp\htdocs\ITHelpDesk\app\Controllers\Login.php(91): App\Models\LoginAttemptsModel->saveLogin(Array)
#9 C:\xampp\htdocs\ITHelpDesk\system\CodeIgniter.php(925): App\Controllers\Login->login()
#10 C:\xampp\htdocs\ITHelpDesk\system\CodeIgniter.php(480): CodeIgniter\CodeIgniter->runController(Object(App\Controllers\Login))
#11 C:\xampp\htdocs\ITHelpDesk\system\CodeIgniter.php(349): CodeIgniter\CodeIgniter->handleRequest(NULL, Object(Config\Cache), false)
#12 C:\xampp\htdocs\ITHelpDesk\public\index.php(67): CodeIgniter\CodeIgniter->run()
#13 {main}
ERROR - 2024-03-08 21:37:05 --> mysqli_sql_exception: Cannot add or update a child row: a foreign key constraint fails (`ithelpdesk`.`login_attempts`, CONSTRAINT `fk_luser` FOREIGN KEY (`user_id`) REFERENCES `user_master` (`id`) ON DELETE CASCADE ON UPDATE CASCADE) in C:\xampp\htdocs\ITHelpDesk\system\Database\MySQLi\Connection.php:292
Stack trace:
#0 C:\xampp\htdocs\ITHelpDesk\system\Database\MySQLi\Connection.php(292): mysqli->query('INSERT INTO `lo...', 0)
#1 C:\xampp\htdocs\ITHelpDesk\system\Database\BaseConnection.php(666): CodeIgniter\Database\MySQLi\Connection->execute('INSERT INTO `lo...')
#2 C:\xampp\htdocs\ITHelpDesk\system\Database\BaseConnection.php(593): CodeIgniter\Database\BaseConnection->simpleQuery('INSERT INTO `lo...')
#3 C:\xampp\htdocs\ITHelpDesk\system\Database\BaseBuilder.php(1916): CodeIgniter\Database\BaseConnection->query('INSERT INTO `lo...', Array, false)
#4 C:\xampp\htdocs\ITHelpDesk\system\Model.php(303): CodeIgniter\Database\BaseBuilder->insert()
#5 C:\xampp\htdocs\ITHelpDesk\system\BaseModel.php(750): CodeIgniter\Model->doInsert(Array)
#6 C:\xampp\htdocs\ITHelpDesk\system\Model.php(695): CodeIgniter\BaseModel->insert(Array, true)
#7 C:\xampp\htdocs\ITHelpDesk\app\Models\LoginAttemptsModel.php(38): CodeIgniter\Model->insert(Array)
#8 C:\xampp\htdocs\ITHelpDesk\app\Controllers\Login.php(91): App\Models\LoginAttemptsModel->saveLogin(Array)
#9 C:\xampp\htdocs\ITHelpDesk\system\CodeIgniter.php(925): App\Controllers\Login->login()
#10 C:\xampp\htdocs\ITHelpDesk\system\CodeIgniter.php(480): CodeIgniter\CodeIgniter->runController(Object(App\Controllers\Login))
#11 C:\xampp\htdocs\ITHelpDesk\system\CodeIgniter.php(349): CodeIgniter\CodeIgniter->handleRequest(NULL, Object(Config\Cache), false)
#12 C:\xampp\htdocs\ITHelpDesk\public\index.php(67): CodeIgniter\CodeIgniter->run()
#13 {main}
CRITICAL - 2024-03-08 23:21:37 --> Undefined array key "firstname"
in APPPATH\Views\common\baselayout.php on line 185.
 1 APPPATH\Views\common\baselayout.php(185): CodeIgniter\Debug\Exceptions->errorHandler(2, 'Undefined array key "firstname"', 'APPPATH\\Views\\common\\baselayout.php', 185)
 2 SYSTEMPATH\View\View.php(213): include('APPPATH\\Views\\common\\baselayout.php')
 3 SYSTEMPATH\View\View.php(216): CodeIgniter\View\View->CodeIgniter\View\{closure}()
 4 SYSTEMPATH\View\View.php(229): CodeIgniter\View\View->render('App\\Views\\common\\baselayout', [], true)
 5 SYSTEMPATH\Common.php(1135): CodeIgniter\View\View->render('common/dashboard', [], true)
 6 APPPATH\Controllers\Home.php(94): view('common/dashboard', [...])
 7 SYSTEMPATH\CodeIgniter.php(925): App\Controllers\Home->homepage()
 8 SYSTEMPATH\CodeIgniter.php(480): CodeIgniter\CodeIgniter->runController(Object(App\Controllers\Home))
 9 SYSTEMPATH\CodeIgniter.php(349): CodeIgniter\CodeIgniter->handleRequest(null, Object(Config\Cache), false)
10 FCPATH\index.php(67): CodeIgniter\CodeIgniter->run()
CRITICAL - 2024-03-08 23:27:30 --> Class "App\Models\GroupModel" not found
in APPPATH\Controllers\UserManagementController.php on line 23.
 1 SYSTEMPATH\CodeIgniter.php(887): App\Controllers\UserManagementController->__construct()
 2 SYSTEMPATH\CodeIgniter.php(471): CodeIgniter\CodeIgniter->createController()
 3 SYSTEMPATH\CodeIgniter.php(349): CodeIgniter\CodeIgniter->handleRequest(null, Object(Config\Cache), false)
 4 FCPATH\index.php(67): CodeIgniter\CodeIgniter->run()
CRITICAL - 2024-03-08 23:27:40 --> Class "App\Models\GroupModel" not found
in APPPATH\Controllers\UserManagementController.php on line 23.
 1 SYSTEMPATH\CodeIgniter.php(887): App\Controllers\UserManagementController->__construct()
 2 SYSTEMPATH\CodeIgniter.php(471): CodeIgniter\CodeIgniter->createController()
 3 SYSTEMPATH\CodeIgniter.php(349): CodeIgniter\CodeIgniter->handleRequest(null, Object(Config\Cache), false)
 4 FCPATH\index.php(67): CodeIgniter\CodeIgniter->run()
CRITICAL - 2024-03-08 23:29:56 --> Class "App\Models\GroupModel" not found
in APPPATH\Controllers\UserManagementController.php on line 23.
 1 SYSTEMPATH\CodeIgniter.php(887): App\Controllers\UserManagementController->__construct()
 2 SYSTEMPATH\CodeIgniter.php(471): CodeIgniter\CodeIgniter->createController()
 3 SYSTEMPATH\CodeIgniter.php(349): CodeIgniter\CodeIgniter->handleRequest(null, Object(Config\Cache), false)
 4 FCPATH\index.php(67): CodeIgniter\CodeIgniter->run()
CRITICAL - 2024-03-08 23:34:42 --> Class "App\Models\GroupModel" not found
in APPPATH\Controllers\UserManagementController.php on line 23.
 1 SYSTEMPATH\CodeIgniter.php(887): App\Controllers\UserManagementController->__construct()
 2 SYSTEMPATH\CodeIgniter.php(471): CodeIgniter\CodeIgniter->createController()
 3 SYSTEMPATH\CodeIgniter.php(349): CodeIgniter\CodeIgniter->handleRequest(null, Object(Config\Cache), false)
 4 FCPATH\index.php(67): CodeIgniter\CodeIgniter->run()
CRITICAL - 2024-03-08 23:37:12 --> Class "App\Models\GroupModel" not found
in APPPATH\Controllers\UserManagementController.php on line 23.
 1 SYSTEMPATH\CodeIgniter.php(887): App\Controllers\UserManagementController->__construct()
 2 SYSTEMPATH\CodeIgniter.php(471): CodeIgniter\CodeIgniter->createController()
 3 SYSTEMPATH\CodeIgniter.php(349): CodeIgniter\CodeIgniter->handleRequest(null, Object(Config\Cache), false)
 4 FCPATH\index.php(67): CodeIgniter\CodeIgniter->run()
CRITICAL - 2024-03-08 23:37:29 --> Class "App\Models\GroupModel" not found
in APPPATH\Controllers\UserManagementController.php on line 23.
 1 SYSTEMPATH\CodeIgniter.php(887): App\Controllers\UserManagementController->__construct()
 2 SYSTEMPATH\CodeIgniter.php(471): CodeIgniter\CodeIgniter->createController()
 3 SYSTEMPATH\CodeIgniter.php(349): CodeIgniter\CodeIgniter->handleRequest(null, Object(Config\Cache), false)
 4 FCPATH\index.php(67): CodeIgniter\CodeIgniter->run()
CRITICAL - 2024-03-08 23:49:26 --> Class "App\Models\GroupModel" not found
in APPPATH\Controllers\UserManagementController.php on line 23.
 1 SYSTEMPATH\CodeIgniter.php(887): App\Controllers\UserManagementController->__construct()
 2 SYSTEMPATH\CodeIgniter.php(471): CodeIgniter\CodeIgniter->createController()
 3 SYSTEMPATH\CodeIgniter.php(349): CodeIgniter\CodeIgniter->handleRequest(null, Object(Config\Cache), false)
 4 FCPATH\index.php(67): CodeIgniter\CodeIgniter->run()
