CRITICAL - 2023-12-17 02:23:06 --> Attempt to read property "user_name" on array
in APPPATH\Controllers\Login.php on line 46.
 1 APPPATH\Controllers\Login.php(46): CodeIgniter\Debug\Exceptions->errorHandler(2, 'Attempt to read property "user_name" on array', 'APPPATH\\Controllers\\Login.php', 46)
 2 SYSTEMPATH\CodeIgniter.php(925): App\Controllers\Login->login()
 3 SYSTEMPATH\CodeIgniter.php(480): CodeIgniter\CodeIgniter->runController(Object(App\Controllers\Login))
 4 SYSTEMPATH\CodeIgniter.php(349): CodeIgniter\CodeIgniter->handleRequest(null, Object(Config\Cache), false)
 5 FCPATH\index.php(67): CodeIgniter\CodeIgniter->run()
CRITICAL - 2023-12-17 02:27:43 --> Attempt to read property "user_name" on array
in APPPATH\Controllers\Login.php on line 46.
 1 APPPATH\Controllers\Login.php(46): CodeIgniter\Debug\Exceptions->errorHandler(2, 'Attempt to read property "user_name" on array', 'APPPATH\\Controllers\\Login.php', 46)
 2 SYSTEMPATH\CodeIgniter.php(925): App\Controllers\Login->login()
 3 SYSTEMPATH\CodeIgniter.php(480): CodeIgniter\CodeIgniter->runController(Object(App\Controllers\Login))
 4 SYSTEMPATH\CodeIgniter.php(349): CodeIgniter\CodeIgniter->handleRequest(null, Object(Config\Cache), false)
 5 FCPATH\index.php(67): CodeIgniter\CodeIgniter->run()
CRITICAL - 2023-12-17 02:30:00 --> Attempt to read property "user_name" on array
in APPPATH\Controllers\Login.php on line 48.
 1 APPPATH\Controllers\Login.php(48): CodeIgniter\Debug\Exceptions->errorHandler(2, 'Attempt to read property "user_name" on array', 'APPPATH\\Controllers\\Login.php', 48)
 2 SYSTEMPATH\CodeIgniter.php(925): App\Controllers\Login->login()
 3 SYSTEMPATH\CodeIgniter.php(480): CodeIgniter\CodeIgniter->runController(Object(App\Controllers\Login))
 4 SYSTEMPATH\CodeIgniter.php(349): CodeIgniter\CodeIgniter->handleRequest(null, Object(Config\Cache), false)
 5 FCPATH\index.php(67): CodeIgniter\CodeIgniter->run()
CRITICAL - 2023-12-17 02:30:15 --> Attempt to read property "user_name" on array
in APPPATH\Controllers\Login.php on line 48.
 1 APPPATH\Controllers\Login.php(48): CodeIgniter\Debug\Exceptions->errorHandler(2, 'Attempt to read property "user_name" on array', 'APPPATH\\Controllers\\Login.php', 48)
 2 SYSTEMPATH\CodeIgniter.php(925): App\Controllers\Login->login()
 3 SYSTEMPATH\CodeIgniter.php(480): CodeIgniter\CodeIgniter->runController(Object(App\Controllers\Login))
 4 SYSTEMPATH\CodeIgniter.php(349): CodeIgniter\CodeIgniter->handleRequest(null, Object(Config\Cache), false)
 5 FCPATH\index.php(67): CodeIgniter\CodeIgniter->run()
CRITICAL - 2023-12-17 02:30:57 --> Attempt to read property "user_name" on array
in APPPATH\Controllers\Login.php on line 48.
 1 APPPATH\Controllers\Login.php(48): CodeIgniter\Debug\Exceptions->errorHandler(2, 'Attempt to read property "user_name" on array', 'APPPATH\\Controllers\\Login.php', 48)
 2 SYSTEMPATH\CodeIgniter.php(925): App\Controllers\Login->login()
 3 SYSTEMPATH\CodeIgniter.php(480): CodeIgniter\CodeIgniter->runController(Object(App\Controllers\Login))
 4 SYSTEMPATH\CodeIgniter.php(349): CodeIgniter\CodeIgniter->handleRequest(null, Object(Config\Cache), false)
 5 FCPATH\index.php(67): CodeIgniter\CodeIgniter->run()
CRITICAL - 2023-12-17 02:32:49 --> Cannot redeclare App\Models\UserModel::getUser()
in APPPATH\Models\UserModel.php on line 43.
 1 [internal function]: CodeIgniter\Debug\Exceptions->shutdownHandler()
ERROR - 2023-12-17 02:34:48 --> mysqli_sql_exception: Unknown column 'u_fname' in 'where clause' in C:\xampp\htdocs\ITHelpDesk\system\Database\MySQLi\Connection.php:292
Stack trace:
#0 C:\xampp\htdocs\ITHelpDesk\system\Database\MySQLi\Connection.php(292): mysqli->query('SELECT *\nFROM `...', 0)
#1 C:\xampp\htdocs\ITHelpDesk\system\Database\BaseConnection.php(666): CodeIgniter\Database\MySQLi\Connection->execute('SELECT *\nFROM `...')
#2 C:\xampp\htdocs\ITHelpDesk\system\Database\BaseConnection.php(593): CodeIgniter\Database\BaseConnection->simpleQuery('SELECT *\nFROM `...')
#3 C:\xampp\htdocs\ITHelpDesk\system\Database\BaseBuilder.php(1585): CodeIgniter\Database\BaseConnection->query('SELECT *\nFROM `...', Array, false)
#4 C:\xampp\htdocs\ITHelpDesk\system\Model.php(805): CodeIgniter\Database\BaseBuilder->get()
#5 C:\xampp\htdocs\ITHelpDesk\app\Models\UserModel.php(45): CodeIgniter\Model->__call('get', Array)
#6 C:\xampp\htdocs\ITHelpDesk\app\Controllers\Login.php(36): App\Models\UserModel->getUser('chathura')
#7 C:\xampp\htdocs\ITHelpDesk\system\CodeIgniter.php(925): App\Controllers\Login->login()
#8 C:\xampp\htdocs\ITHelpDesk\system\CodeIgniter.php(480): CodeIgniter\CodeIgniter->runController(Object(App\Controllers\Login))
#9 C:\xampp\htdocs\ITHelpDesk\system\CodeIgniter.php(349): CodeIgniter\CodeIgniter->handleRequest(NULL, Object(Config\Cache), false)
#10 C:\xampp\htdocs\ITHelpDesk\public\index.php(67): CodeIgniter\CodeIgniter->run()
#11 {main}
CRITICAL - 2023-12-17 02:34:48 --> Unknown column 'u_fname' in 'where clause'
in SYSTEMPATH\Database\MySQLi\Connection.php on line 292.
 1 SYSTEMPATH\Database\MySQLi\Connection.php(292): mysqli->query('SELECT *
FROM `user_master`
WHERE `u_fname` = \'chathura\'', 0)
 2 SYSTEMPATH\Database\BaseConnection.php(666): CodeIgniter\Database\MySQLi\Connection->execute('SELECT *
FROM `user_master`
WHERE `u_fname` = \'chathura\'')
 3 SYSTEMPATH\Database\BaseConnection.php(593): CodeIgniter\Database\BaseConnection->simpleQuery('SELECT *
FROM `user_master`
WHERE `u_fname` = \'chathura\'')
 4 SYSTEMPATH\Database\BaseBuilder.php(1585): CodeIgniter\Database\BaseConnection->query('SELECT *
FROM `user_master`
WHERE `u_fname` = :u_fname:', [...], false)
 5 SYSTEMPATH\Model.php(805): CodeIgniter\Database\BaseBuilder->get()
 6 APPPATH\Models\UserModel.php(45): CodeIgniter\Model->__call('get', [])
 7 APPPATH\Controllers\Login.php(36): App\Models\UserModel->getUser('chathura')
 8 SYSTEMPATH\CodeIgniter.php(925): App\Controllers\Login->login()
 9 SYSTEMPATH\CodeIgniter.php(480): CodeIgniter\CodeIgniter->runController(Object(App\Controllers\Login))
10 SYSTEMPATH\CodeIgniter.php(349): CodeIgniter\CodeIgniter->handleRequest(null, Object(Config\Cache), false)
11 FCPATH\index.php(67): CodeIgniter\CodeIgniter->run()
ERROR - 2023-12-17 02:35:07 --> mysqli_sql_exception: Table 'ithelpdesk.rolepermissionmng' doesn't exist in C:\xampp\htdocs\ITHelpDesk\system\Database\MySQLi\Connection.php:292
Stack trace:
#0 C:\xampp\htdocs\ITHelpDesk\system\Database\MySQLi\Connection.php(292): mysqli->query('SELECT `feature...', 0)
#1 C:\xampp\htdocs\ITHelpDesk\system\Database\BaseConnection.php(666): CodeIgniter\Database\MySQLi\Connection->execute('SELECT `feature...')
#2 C:\xampp\htdocs\ITHelpDesk\system\Database\BaseConnection.php(593): CodeIgniter\Database\BaseConnection->simpleQuery('SELECT `feature...')
#3 C:\xampp\htdocs\ITHelpDesk\system\Database\BaseBuilder.php(1585): CodeIgniter\Database\BaseConnection->query('SELECT `feature...', Array, false)
#4 C:\xampp\htdocs\ITHelpDesk\system\Model.php(805): CodeIgniter\Database\BaseBuilder->get()
#5 C:\xampp\htdocs\ITHelpDesk\app\Models\RolepermissionsModel.php(23): CodeIgniter\Model->__call('get', Array)
#6 C:\xampp\htdocs\ITHelpDesk\app\Controllers\Login.php(50): App\Models\RolepermissionsModel->getPermissions('1')
#7 C:\xampp\htdocs\ITHelpDesk\system\CodeIgniter.php(925): App\Controllers\Login->login()
#8 C:\xampp\htdocs\ITHelpDesk\system\CodeIgniter.php(480): CodeIgniter\CodeIgniter->runController(Object(App\Controllers\Login))
#9 C:\xampp\htdocs\ITHelpDesk\system\CodeIgniter.php(349): CodeIgniter\CodeIgniter->handleRequest(NULL, Object(Config\Cache), false)
#10 C:\xampp\htdocs\ITHelpDesk\public\index.php(67): CodeIgniter\CodeIgniter->run()
#11 {main}
CRITICAL - 2023-12-17 02:35:07 --> Table 'ithelpdesk.rolepermissionmng' doesn't exist
in SYSTEMPATH\Database\MySQLi\Connection.php on line 292.
 1 SYSTEMPATH\Database\MySQLi\Connection.php(292): mysqli->query('SELECT `featurename`, `is_access`
FROM `rolepermissionmng`
JOIN `permissionmaster` ON `permissionmaster`.`id` = `rolepermissionmng`.`per_id`
WHERE `rolepermissionmng`.`role_id` = \'1\'', 0)
 2 SYSTEMPATH\Database\BaseConnection.php(666): CodeIgniter\Database\MySQLi\Connection->execute('SELECT `featurename`, `is_access`
FROM `rolepermissionmng`
JOIN `permissionmaster` ON `permissionmaster`.`id` = `rolepermissionmng`.`per_id`
WHERE `rolepermissionmng`.`role_id` = \'1\'')
 3 SYSTEMPATH\Database\BaseConnection.php(593): CodeIgniter\Database\BaseConnection->simpleQuery('SELECT `featurename`, `is_access`
FROM `rolepermissionmng`
JOIN `permissionmaster` ON `permissionmaster`.`id` = `rolepermissionmng`.`per_id`
WHERE `rolepermissionmng`.`role_id` = \'1\'')
 4 SYSTEMPATH\Database\BaseBuilder.php(1585): CodeIgniter\Database\BaseConnection->query('SELECT `featurename`, `is_access`
FROM `rolepermissionmng`
JOIN `permissionmaster` ON `permissionmaster`.`id` = `rolepermissionmng`.`per_id`
WHERE `rolepermissionmng`.`role_id` = :rolepermissionmng.role_id:', [...], false)
 5 SYSTEMPATH\Model.php(805): CodeIgniter\Database\BaseBuilder->get()
 6 APPPATH\Models\RolepermissionsModel.php(23): CodeIgniter\Model->__call('get', [])
 7 APPPATH\Controllers\Login.php(50): App\Models\RolepermissionsModel->getPermissions('1')
 8 SYSTEMPATH\CodeIgniter.php(925): App\Controllers\Login->login()
 9 SYSTEMPATH\CodeIgniter.php(480): CodeIgniter\CodeIgniter->runController(Object(App\Controllers\Login))
10 SYSTEMPATH\CodeIgniter.php(349): CodeIgniter\CodeIgniter->handleRequest(null, Object(Config\Cache), false)
11 FCPATH\index.php(67): CodeIgniter\CodeIgniter->run()
ERROR - 2023-12-17 02:35:47 --> mysqli_sql_exception: Table 'ithelpdesk.permissionmaster' doesn't exist in C:\xampp\htdocs\ITHelpDesk\system\Database\MySQLi\Connection.php:292
Stack trace:
#0 C:\xampp\htdocs\ITHelpDesk\system\Database\MySQLi\Connection.php(292): mysqli->query('SELECT `feature...', 0)
#1 C:\xampp\htdocs\ITHelpDesk\system\Database\BaseConnection.php(666): CodeIgniter\Database\MySQLi\Connection->execute('SELECT `feature...')
#2 C:\xampp\htdocs\ITHelpDesk\system\Database\BaseConnection.php(593): CodeIgniter\Database\BaseConnection->simpleQuery('SELECT `feature...')
#3 C:\xampp\htdocs\ITHelpDesk\system\Database\BaseBuilder.php(1585): CodeIgniter\Database\BaseConnection->query('SELECT `feature...', Array, false)
#4 C:\xampp\htdocs\ITHelpDesk\system\Model.php(805): CodeIgniter\Database\BaseBuilder->get()
#5 C:\xampp\htdocs\ITHelpDesk\app\Models\RolepermissionsModel.php(23): CodeIgniter\Model->__call('get', Array)
#6 C:\xampp\htdocs\ITHelpDesk\app\Controllers\Login.php(50): App\Models\RolepermissionsModel->getPermissions('1')
#7 C:\xampp\htdocs\ITHelpDesk\system\CodeIgniter.php(925): App\Controllers\Login->login()
#8 C:\xampp\htdocs\ITHelpDesk\system\CodeIgniter.php(480): CodeIgniter\CodeIgniter->runController(Object(App\Controllers\Login))
#9 C:\xampp\htdocs\ITHelpDesk\system\CodeIgniter.php(349): CodeIgniter\CodeIgniter->handleRequest(NULL, Object(Config\Cache), false)
#10 C:\xampp\htdocs\ITHelpDesk\public\index.php(67): CodeIgniter\CodeIgniter->run()
#11 {main}
CRITICAL - 2023-12-17 02:35:47 --> Table 'ithelpdesk.permissionmaster' doesn't exist
in SYSTEMPATH\Database\MySQLi\Connection.php on line 292.
 1 SYSTEMPATH\Database\MySQLi\Connection.php(292): mysqli->query('SELECT `featurename`, `is_access`
FROM `role_permission_mapping`
JOIN `permissionmaster` ON `permissionmaster`.`id` = `rolepermissionmng`.`per_id`
WHERE `rolepermissionmng`.`role_id` = \'1\'', 0)
 2 SYSTEMPATH\Database\BaseConnection.php(666): CodeIgniter\Database\MySQLi\Connection->execute('SELECT `featurename`, `is_access`
FROM `role_permission_mapping`
JOIN `permissionmaster` ON `permissionmaster`.`id` = `rolepermissionmng`.`per_id`
WHERE `rolepermissionmng`.`role_id` = \'1\'')
 3 SYSTEMPATH\Database\BaseConnection.php(593): CodeIgniter\Database\BaseConnection->simpleQuery('SELECT `featurename`, `is_access`
FROM `role_permission_mapping`
JOIN `permissionmaster` ON `permissionmaster`.`id` = `rolepermissionmng`.`per_id`
WHERE `rolepermissionmng`.`role_id` = \'1\'')
 4 SYSTEMPATH\Database\BaseBuilder.php(1585): CodeIgniter\Database\BaseConnection->query('SELECT `featurename`, `is_access`
FROM `role_permission_mapping`
JOIN `permissionmaster` ON `permissionmaster`.`id` = `rolepermissionmng`.`per_id`
WHERE `rolepermissionmng`.`role_id` = :rolepermissionmng.role_id:', [...], false)
 5 SYSTEMPATH\Model.php(805): CodeIgniter\Database\BaseBuilder->get()
 6 APPPATH\Models\RolepermissionsModel.php(23): CodeIgniter\Model->__call('get', [])
 7 APPPATH\Controllers\Login.php(50): App\Models\RolepermissionsModel->getPermissions('1')
 8 SYSTEMPATH\CodeIgniter.php(925): App\Controllers\Login->login()
 9 SYSTEMPATH\CodeIgniter.php(480): CodeIgniter\CodeIgniter->runController(Object(App\Controllers\Login))
10 SYSTEMPATH\CodeIgniter.php(349): CodeIgniter\CodeIgniter->handleRequest(null, Object(Config\Cache), false)
11 FCPATH\index.php(67): CodeIgniter\CodeIgniter->run()
