CRITICAL - 2024-02-04 02:14:18 --> Undefined variable $edituserid
in APPPATH\Views\HardwareManagementView\EditHardwareType.php on line 68.
 1 APPPATH\Views\HardwareManagementView\EditHardwareType.php(68): CodeIgniter\Debug\Exceptions->errorHandler(2, 'Undefined variable $edituserid', 'APPPATH\\Views\\HardwareManagementView\\EditHardwareType.php', 68)
 2 SYSTEMPATH\View\View.php(213): include('APPPATH\\Views\\HardwareManagementView\\EditHardwareType.php')
 3 SYSTEMPATH\View\View.php(216): CodeIgniter\View\View->CodeIgniter\View\{closure}()
 4 SYSTEMPATH\Common.php(1135): CodeIgniter\View\View->render('HardwareManagementView/EditHardwareType', [], true)
 5 APPPATH\Controllers\HardwareController.php(36): view('HardwareManagementView/EditHardwareType', [...])
 6 SYSTEMPATH\CodeIgniter.php(925): App\Controllers\HardwareController->getselectedtype('1')
 7 SYSTEMPATH\CodeIgniter.php(480): CodeIgniter\CodeIgniter->runController(Object(App\Controllers\HardwareController))
 8 SYSTEMPATH\CodeIgniter.php(349): CodeIgniter\CodeIgniter->handleRequest(null, Object(Config\Cache), false)
 9 FCPATH\index.php(67): CodeIgniter\CodeIgniter->run()
CRITICAL - 2024-02-04 04:04:45 --> Undefined variable $typelist
in APPPATH\Views\HardwareManagementView\EditHardwareType.php on line 95.
 1 APPPATH\Views\HardwareManagementView\EditHardwareType.php(95): CodeIgniter\Debug\Exceptions->errorHandler(2, 'Undefined variable $typelist', 'APPPATH\\Views\\HardwareManagementView\\EditHardwareType.php', 95)
 2 SYSTEMPATH\View\View.php(213): include('APPPATH\\Views\\HardwareManagementView\\EditHardwareType.php')
 3 SYSTEMPATH\View\View.php(216): CodeIgniter\View\View->CodeIgniter\View\{closure}()
 4 SYSTEMPATH\Common.php(1135): CodeIgniter\View\View->render('HardwareManagementView/EditHardwareType', [], true)
 5 APPPATH\Controllers\HardwareController.php(36): view('HardwareManagementView/EditHardwareType', [...])
 6 SYSTEMPATH\CodeIgniter.php(925): App\Controllers\HardwareController->getselectedtype('1')
 7 SYSTEMPATH\CodeIgniter.php(480): CodeIgniter\CodeIgniter->runController(Object(App\Controllers\HardwareController))
 8 SYSTEMPATH\CodeIgniter.php(349): CodeIgniter\CodeIgniter->handleRequest(null, Object(Config\Cache), false)
 9 FCPATH\index.php(67): CodeIgniter\CodeIgniter->run()
CRITICAL - 2024-02-04 04:06:04 --> The route for "not_good_id_method" cannot be found.
in SYSTEMPATH\HTTP\RedirectResponse.php on line 60.
 1 SYSTEMPATH\HTTP\RedirectResponse.php(60): CodeIgniter\HTTP\Exceptions\HTTPException::forInvalidRedirectRoute('not_good_id_method')
 2 SYSTEMPATH\Common.php(861): CodeIgniter\HTTP\RedirectResponse->route(false)
 3 APPPATH\Controllers\HardwareController.php(40): redirect('not_good_id_method', 'refresh')
 4 SYSTEMPATH\CodeIgniter.php(925): App\Controllers\HardwareController->getselectedtype('FCPATH\\images', 'logo-compact.png')
 5 SYSTEMPATH\CodeIgniter.php(480): CodeIgniter\CodeIgniter->runController(Object(App\Controllers\HardwareController))
 6 SYSTEMPATH\CodeIgniter.php(349): CodeIgniter\CodeIgniter->handleRequest(null, Object(Config\Cache), false)
 7 FCPATH\index.php(67): CodeIgniter\CodeIgniter->run()
CRITICAL - 2024-02-04 04:06:04 --> The route for "not_good_id_method" cannot be found.
in SYSTEMPATH\HTTP\RedirectResponse.php on line 60.
 1 SYSTEMPATH\HTTP\RedirectResponse.php(60): CodeIgniter\HTTP\Exceptions\HTTPException::forInvalidRedirectRoute('not_good_id_method')
 2 SYSTEMPATH\Common.php(861): CodeIgniter\HTTP\RedirectResponse->route(false)
 3 APPPATH\Controllers\HardwareController.php(40): redirect('not_good_id_method', 'refresh')
 4 SYSTEMPATH\CodeIgniter.php(925): App\Controllers\HardwareController->getselectedtype('FCPATH\\images', 'logo.png')
 5 SYSTEMPATH\CodeIgniter.php(480): CodeIgniter\CodeIgniter->runController(Object(App\Controllers\HardwareController))
 6 SYSTEMPATH\CodeIgniter.php(349): CodeIgniter\CodeIgniter->handleRequest(null, Object(Config\Cache), false)
 7 FCPATH\index.php(67): CodeIgniter\CodeIgniter->run()
CRITICAL - 2024-02-04 04:06:04 --> The route for "not_good_id_method" cannot be found.
in SYSTEMPATH\HTTP\RedirectResponse.php on line 60.
 1 SYSTEMPATH\HTTP\RedirectResponse.php(60): CodeIgniter\HTTP\Exceptions\HTTPException::forInvalidRedirectRoute('not_good_id_method')
 2 SYSTEMPATH\Common.php(861): CodeIgniter\HTTP\RedirectResponse->route(false)
 3 APPPATH\Controllers\HardwareController.php(40): redirect('not_good_id_method', 'refresh')
 4 SYSTEMPATH\CodeIgniter.php(925): App\Controllers\HardwareController->getselectedtype('FCPATH\\images', 'avatar', '1.jpg')
 5 SYSTEMPATH\CodeIgniter.php(480): CodeIgniter\CodeIgniter->runController(Object(App\Controllers\HardwareController))
 6 SYSTEMPATH\CodeIgniter.php(349): CodeIgniter\CodeIgniter->handleRequest(null, Object(Config\Cache), false)
 7 FCPATH\index.php(67): CodeIgniter\CodeIgniter->run()
CRITICAL - 2024-02-04 04:06:04 --> The route for "not_good_id_method" cannot be found.
in SYSTEMPATH\HTTP\RedirectResponse.php on line 60.
 1 SYSTEMPATH\HTTP\RedirectResponse.php(60): CodeIgniter\HTTP\Exceptions\HTTPException::forInvalidRedirectRoute('not_good_id_method')
 2 SYSTEMPATH\Common.php(861): CodeIgniter\HTTP\RedirectResponse->route(false)
 3 APPPATH\Controllers\HardwareController.php(40): redirect('not_good_id_method', 'refresh')
 4 SYSTEMPATH\CodeIgniter.php(925): App\Controllers\HardwareController->getselectedtype('FCPATH\\images', 'avatar', '4.jpg')
 5 SYSTEMPATH\CodeIgniter.php(480): CodeIgniter\CodeIgniter->runController(Object(App\Controllers\HardwareController))
 6 SYSTEMPATH\CodeIgniter.php(349): CodeIgniter\CodeIgniter->handleRequest(null, Object(Config\Cache), false)
 7 FCPATH\index.php(67): CodeIgniter\CodeIgniter->run()
CRITICAL - 2024-02-04 04:06:04 --> The route for "not_good_id_method" cannot be found.
in SYSTEMPATH\HTTP\RedirectResponse.php on line 60.
 1 SYSTEMPATH\HTTP\RedirectResponse.php(60): CodeIgniter\HTTP\Exceptions\HTTPException::forInvalidRedirectRoute('not_good_id_method')
 2 SYSTEMPATH\Common.php(861): CodeIgniter\HTTP\RedirectResponse->route(false)
 3 APPPATH\Controllers\HardwareController.php(40): redirect('not_good_id_method', 'refresh')
 4 SYSTEMPATH\CodeIgniter.php(925): App\Controllers\HardwareController->getselectedtype('FCPATH\\images', 'avatar', '2.jpg')
 5 SYSTEMPATH\CodeIgniter.php(480): CodeIgniter\CodeIgniter->runController(Object(App\Controllers\HardwareController))
 6 SYSTEMPATH\CodeIgniter.php(349): CodeIgniter\CodeIgniter->handleRequest(null, Object(Config\Cache), false)
 7 FCPATH\index.php(67): CodeIgniter\CodeIgniter->run()
CRITICAL - 2024-02-04 04:06:04 --> The route for "not_good_id_method" cannot be found.
in SYSTEMPATH\HTTP\RedirectResponse.php on line 60.
 1 SYSTEMPATH\HTTP\RedirectResponse.php(60): CodeIgniter\HTTP\Exceptions\HTTPException::forInvalidRedirectRoute('not_good_id_method')
 2 SYSTEMPATH\Common.php(861): CodeIgniter\HTTP\RedirectResponse->route(false)
 3 APPPATH\Controllers\HardwareController.php(40): redirect('not_good_id_method', 'refresh')
 4 SYSTEMPATH\CodeIgniter.php(925): App\Controllers\HardwareController->getselectedtype('FCPATH\\images', 'avatar', '3.jpg')
 5 SYSTEMPATH\CodeIgniter.php(480): CodeIgniter\CodeIgniter->runController(Object(App\Controllers\HardwareController))
 6 SYSTEMPATH\CodeIgniter.php(349): CodeIgniter\CodeIgniter->handleRequest(null, Object(Config\Cache), false)
 7 FCPATH\index.php(67): CodeIgniter\CodeIgniter->run()
CRITICAL - 2024-02-04 04:06:04 --> The route for "not_good_id_method" cannot be found.
in SYSTEMPATH\HTTP\RedirectResponse.php on line 60.
 1 SYSTEMPATH\HTTP\RedirectResponse.php(60): CodeIgniter\HTTP\Exceptions\HTTPException::forInvalidRedirectRoute('not_good_id_method')
 2 SYSTEMPATH\Common.php(861): CodeIgniter\HTTP\RedirectResponse->route(false)
 3 APPPATH\Controllers\HardwareController.php(40): redirect('not_good_id_method', 'refresh')
 4 SYSTEMPATH\CodeIgniter.php(925): App\Controllers\HardwareController->getselectedtype('FCPATH\\images', 'user', '1.png')
 5 SYSTEMPATH\CodeIgniter.php(480): CodeIgniter\CodeIgniter->runController(Object(App\Controllers\HardwareController))
 6 SYSTEMPATH\CodeIgniter.php(349): CodeIgniter\CodeIgniter->handleRequest(null, Object(Config\Cache), false)
 7 FCPATH\index.php(67): CodeIgniter\CodeIgniter->run()
CRITICAL - 2024-02-04 04:06:04 --> The route for "not_good_id_method" cannot be found.
in SYSTEMPATH\HTTP\RedirectResponse.php on line 60.
 1 SYSTEMPATH\HTTP\RedirectResponse.php(60): CodeIgniter\HTTP\Exceptions\HTTPException::forInvalidRedirectRoute('not_good_id_method')
 2 SYSTEMPATH\Common.php(861): CodeIgniter\HTTP\RedirectResponse->route(false)
 3 APPPATH\Controllers\HardwareController.php(40): redirect('not_good_id_method', 'refresh')
 4 SYSTEMPATH\CodeIgniter.php(925): App\Controllers\HardwareController->getselectedtype('FCPATH\\images', 'favicon.png')
 5 SYSTEMPATH\CodeIgniter.php(480): CodeIgniter\CodeIgniter->runController(Object(App\Controllers\HardwareController))
 6 SYSTEMPATH\CodeIgniter.php(349): CodeIgniter\CodeIgniter->handleRequest(null, Object(Config\Cache), false)
 7 FCPATH\index.php(67): CodeIgniter\CodeIgniter->run()
CRITICAL - 2024-02-04 04:06:09 --> The route for "not_good_id_method" cannot be found.
in SYSTEMPATH\HTTP\RedirectResponse.php on line 60.
 1 SYSTEMPATH\HTTP\RedirectResponse.php(60): CodeIgniter\HTTP\Exceptions\HTTPException::forInvalidRedirectRoute('not_good_id_method')
 2 SYSTEMPATH\Common.php(861): CodeIgniter\HTTP\RedirectResponse->route(false)
 3 APPPATH\Controllers\HardwareController.php(40): redirect('not_good_id_method', 'refresh')
 4 SYSTEMPATH\CodeIgniter.php(925): App\Controllers\HardwareController->getselectedtype('FCPATH\\images', 'logo.png')
 5 SYSTEMPATH\CodeIgniter.php(480): CodeIgniter\CodeIgniter->runController(Object(App\Controllers\HardwareController))
 6 SYSTEMPATH\CodeIgniter.php(349): CodeIgniter\CodeIgniter->handleRequest(null, Object(Config\Cache), false)
 7 FCPATH\index.php(67): CodeIgniter\CodeIgniter->run()
CRITICAL - 2024-02-04 04:06:09 --> The route for "not_good_id_method" cannot be found.
in SYSTEMPATH\HTTP\RedirectResponse.php on line 60.
 1 SYSTEMPATH\HTTP\RedirectResponse.php(60): CodeIgniter\HTTP\Exceptions\HTTPException::forInvalidRedirectRoute('not_good_id_method')
 2 SYSTEMPATH\Common.php(861): CodeIgniter\HTTP\RedirectResponse->route(false)
 3 APPPATH\Controllers\HardwareController.php(40): redirect('not_good_id_method', 'refresh')
 4 SYSTEMPATH\CodeIgniter.php(925): App\Controllers\HardwareController->getselectedtype('FCPATH\\images', 'logo-compact.png')
 5 SYSTEMPATH\CodeIgniter.php(480): CodeIgniter\CodeIgniter->runController(Object(App\Controllers\HardwareController))
 6 SYSTEMPATH\CodeIgniter.php(349): CodeIgniter\CodeIgniter->handleRequest(null, Object(Config\Cache), false)
 7 FCPATH\index.php(67): CodeIgniter\CodeIgniter->run()
CRITICAL - 2024-02-04 04:06:09 --> The route for "not_good_id_method" cannot be found.
in SYSTEMPATH\HTTP\RedirectResponse.php on line 60.
 1 SYSTEMPATH\HTTP\RedirectResponse.php(60): CodeIgniter\HTTP\Exceptions\HTTPException::forInvalidRedirectRoute('not_good_id_method')
 2 SYSTEMPATH\Common.php(861): CodeIgniter\HTTP\RedirectResponse->route(false)
 3 APPPATH\Controllers\HardwareController.php(40): redirect('not_good_id_method', 'refresh')
 4 SYSTEMPATH\CodeIgniter.php(925): App\Controllers\HardwareController->getselectedtype('FCPATH\\images', 'avatar', '1.jpg')
 5 SYSTEMPATH\CodeIgniter.php(480): CodeIgniter\CodeIgniter->runController(Object(App\Controllers\HardwareController))
 6 SYSTEMPATH\CodeIgniter.php(349): CodeIgniter\CodeIgniter->handleRequest(null, Object(Config\Cache), false)
 7 FCPATH\index.php(67): CodeIgniter\CodeIgniter->run()
CRITICAL - 2024-02-04 04:06:09 --> The route for "not_good_id_method" cannot be found.
in SYSTEMPATH\HTTP\RedirectResponse.php on line 60.
 1 SYSTEMPATH\HTTP\RedirectResponse.php(60): CodeIgniter\HTTP\Exceptions\HTTPException::forInvalidRedirectRoute('not_good_id_method')
 2 SYSTEMPATH\Common.php(861): CodeIgniter\HTTP\RedirectResponse->route(false)
 3 APPPATH\Controllers\HardwareController.php(40): redirect('not_good_id_method', 'refresh')
 4 SYSTEMPATH\CodeIgniter.php(925): App\Controllers\HardwareController->getselectedtype('FCPATH\\images', 'avatar', '2.jpg')
 5 SYSTEMPATH\CodeIgniter.php(480): CodeIgniter\CodeIgniter->runController(Object(App\Controllers\HardwareController))
 6 SYSTEMPATH\CodeIgniter.php(349): CodeIgniter\CodeIgniter->handleRequest(null, Object(Config\Cache), false)
 7 FCPATH\index.php(67): CodeIgniter\CodeIgniter->run()
CRITICAL - 2024-02-04 04:06:09 --> The route for "not_good_id_method" cannot be found.
in SYSTEMPATH\HTTP\RedirectResponse.php on line 60.
 1 SYSTEMPATH\HTTP\RedirectResponse.php(60): CodeIgniter\HTTP\Exceptions\HTTPException::forInvalidRedirectRoute('not_good_id_method')
 2 SYSTEMPATH\Common.php(861): CodeIgniter\HTTP\RedirectResponse->route(false)
 3 APPPATH\Controllers\HardwareController.php(40): redirect('not_good_id_method', 'refresh')
 4 SYSTEMPATH\CodeIgniter.php(925): App\Controllers\HardwareController->getselectedtype('FCPATH\\images', 'avatar', '3.jpg')
 5 SYSTEMPATH\CodeIgniter.php(480): CodeIgniter\CodeIgniter->runController(Object(App\Controllers\HardwareController))
 6 SYSTEMPATH\CodeIgniter.php(349): CodeIgniter\CodeIgniter->handleRequest(null, Object(Config\Cache), false)
 7 FCPATH\index.php(67): CodeIgniter\CodeIgniter->run()
CRITICAL - 2024-02-04 04:06:09 --> The route for "not_good_id_method" cannot be found.
in SYSTEMPATH\HTTP\RedirectResponse.php on line 60.
 1 SYSTEMPATH\HTTP\RedirectResponse.php(60): CodeIgniter\HTTP\Exceptions\HTTPException::forInvalidRedirectRoute('not_good_id_method')
 2 SYSTEMPATH\Common.php(861): CodeIgniter\HTTP\RedirectResponse->route(false)
 3 APPPATH\Controllers\HardwareController.php(40): redirect('not_good_id_method', 'refresh')
 4 SYSTEMPATH\CodeIgniter.php(925): App\Controllers\HardwareController->getselectedtype('FCPATH\\images', 'avatar', '4.jpg')
 5 SYSTEMPATH\CodeIgniter.php(480): CodeIgniter\CodeIgniter->runController(Object(App\Controllers\HardwareController))
 6 SYSTEMPATH\CodeIgniter.php(349): CodeIgniter\CodeIgniter->handleRequest(null, Object(Config\Cache), false)
 7 FCPATH\index.php(67): CodeIgniter\CodeIgniter->run()
CRITICAL - 2024-02-04 04:06:09 --> The route for "not_good_id_method" cannot be found.
in SYSTEMPATH\HTTP\RedirectResponse.php on line 60.
 1 SYSTEMPATH\HTTP\RedirectResponse.php(60): CodeIgniter\HTTP\Exceptions\HTTPException::forInvalidRedirectRoute('not_good_id_method')
 2 SYSTEMPATH\Common.php(861): CodeIgniter\HTTP\RedirectResponse->route(false)
 3 APPPATH\Controllers\HardwareController.php(40): redirect('not_good_id_method', 'refresh')
 4 SYSTEMPATH\CodeIgniter.php(925): App\Controllers\HardwareController->getselectedtype('FCPATH\\images', 'user', '1.png')
 5 SYSTEMPATH\CodeIgniter.php(480): CodeIgniter\CodeIgniter->runController(Object(App\Controllers\HardwareController))
 6 SYSTEMPATH\CodeIgniter.php(349): CodeIgniter\CodeIgniter->handleRequest(null, Object(Config\Cache), false)
 7 FCPATH\index.php(67): CodeIgniter\CodeIgniter->run()
CRITICAL - 2024-02-04 04:06:10 --> The route for "not_good_id_method" cannot be found.
in SYSTEMPATH\HTTP\RedirectResponse.php on line 60.
 1 SYSTEMPATH\HTTP\RedirectResponse.php(60): CodeIgniter\HTTP\Exceptions\HTTPException::forInvalidRedirectRoute('not_good_id_method')
 2 SYSTEMPATH\Common.php(861): CodeIgniter\HTTP\RedirectResponse->route(false)
 3 APPPATH\Controllers\HardwareController.php(40): redirect('not_good_id_method', 'refresh')
 4 SYSTEMPATH\CodeIgniter.php(925): App\Controllers\HardwareController->getselectedtype('FCPATH\\images', 'favicon.png')
 5 SYSTEMPATH\CodeIgniter.php(480): CodeIgniter\CodeIgniter->runController(Object(App\Controllers\HardwareController))
 6 SYSTEMPATH\CodeIgniter.php(349): CodeIgniter\CodeIgniter->handleRequest(null, Object(Config\Cache), false)
 7 FCPATH\index.php(67): CodeIgniter\CodeIgniter->run()
CRITICAL - 2024-02-04 10:12:40 --> The route for "not_good_id_method" cannot be found.
in SYSTEMPATH\HTTP\RedirectResponse.php on line 60.
 1 SYSTEMPATH\HTTP\RedirectResponse.php(60): CodeIgniter\HTTP\Exceptions\HTTPException::forInvalidRedirectRoute('not_good_id_method')
 2 SYSTEMPATH\Common.php(861): CodeIgniter\HTTP\RedirectResponse->route(false)
 3 APPPATH\Controllers\HardwareController.php(40): redirect('not_good_id_method', 'refresh')
 4 SYSTEMPATH\CodeIgniter.php(925): App\Controllers\HardwareController->getselectedtype('FCPATH\\images', 'logo.png')
 5 SYSTEMPATH\CodeIgniter.php(480): CodeIgniter\CodeIgniter->runController(Object(App\Controllers\HardwareController))
 6 SYSTEMPATH\CodeIgniter.php(349): CodeIgniter\CodeIgniter->handleRequest(null, Object(Config\Cache), false)
 7 FCPATH\index.php(67): CodeIgniter\CodeIgniter->run()
CRITICAL - 2024-02-04 10:12:40 --> The route for "not_good_id_method" cannot be found.
in SYSTEMPATH\HTTP\RedirectResponse.php on line 60.
 1 SYSTEMPATH\HTTP\RedirectResponse.php(60): CodeIgniter\HTTP\Exceptions\HTTPException::forInvalidRedirectRoute('not_good_id_method')
 2 SYSTEMPATH\Common.php(861): CodeIgniter\HTTP\RedirectResponse->route(false)
 3 APPPATH\Controllers\HardwareController.php(40): redirect('not_good_id_method', 'refresh')
 4 SYSTEMPATH\CodeIgniter.php(925): App\Controllers\HardwareController->getselectedtype('FCPATH\\images', 'logo-compact.png')
 5 SYSTEMPATH\CodeIgniter.php(480): CodeIgniter\CodeIgniter->runController(Object(App\Controllers\HardwareController))
 6 SYSTEMPATH\CodeIgniter.php(349): CodeIgniter\CodeIgniter->handleRequest(null, Object(Config\Cache), false)
 7 FCPATH\index.php(67): CodeIgniter\CodeIgniter->run()
CRITICAL - 2024-02-04 10:12:40 --> The route for "not_good_id_method" cannot be found.
in SYSTEMPATH\HTTP\RedirectResponse.php on line 60.
 1 SYSTEMPATH\HTTP\RedirectResponse.php(60): CodeIgniter\HTTP\Exceptions\HTTPException::forInvalidRedirectRoute('not_good_id_method')
 2 SYSTEMPATH\Common.php(861): CodeIgniter\HTTP\RedirectResponse->route(false)
 3 APPPATH\Controllers\HardwareController.php(40): redirect('not_good_id_method', 'refresh')
 4 SYSTEMPATH\CodeIgniter.php(925): App\Controllers\HardwareController->getselectedtype('FCPATH\\images', 'avatar', '1.jpg')
 5 SYSTEMPATH\CodeIgniter.php(480): CodeIgniter\CodeIgniter->runController(Object(App\Controllers\HardwareController))
 6 SYSTEMPATH\CodeIgniter.php(349): CodeIgniter\CodeIgniter->handleRequest(null, Object(Config\Cache), false)
 7 FCPATH\index.php(67): CodeIgniter\CodeIgniter->run()
CRITICAL - 2024-02-04 10:12:40 --> The route for "not_good_id_method" cannot be found.
in SYSTEMPATH\HTTP\RedirectResponse.php on line 60.
 1 SYSTEMPATH\HTTP\RedirectResponse.php(60): CodeIgniter\HTTP\Exceptions\HTTPException::forInvalidRedirectRoute('not_good_id_method')
 2 SYSTEMPATH\Common.php(861): CodeIgniter\HTTP\RedirectResponse->route(false)
 3 APPPATH\Controllers\HardwareController.php(40): redirect('not_good_id_method', 'refresh')
 4 SYSTEMPATH\CodeIgniter.php(925): App\Controllers\HardwareController->getselectedtype('FCPATH\\images', 'avatar', '4.jpg')
 5 SYSTEMPATH\CodeIgniter.php(480): CodeIgniter\CodeIgniter->runController(Object(App\Controllers\HardwareController))
 6 SYSTEMPATH\CodeIgniter.php(349): CodeIgniter\CodeIgniter->handleRequest(null, Object(Config\Cache), false)
 7 FCPATH\index.php(67): CodeIgniter\CodeIgniter->run()
CRITICAL - 2024-02-04 10:12:40 --> The route for "not_good_id_method" cannot be found.
in SYSTEMPATH\HTTP\RedirectResponse.php on line 60.
 1 SYSTEMPATH\HTTP\RedirectResponse.php(60): CodeIgniter\HTTP\Exceptions\HTTPException::forInvalidRedirectRoute('not_good_id_method')
 2 SYSTEMPATH\Common.php(861): CodeIgniter\HTTP\RedirectResponse->route(false)
 3 APPPATH\Controllers\HardwareController.php(40): redirect('not_good_id_method', 'refresh')
 4 SYSTEMPATH\CodeIgniter.php(925): App\Controllers\HardwareController->getselectedtype('FCPATH\\images', 'avatar', '3.jpg')
 5 SYSTEMPATH\CodeIgniter.php(480): CodeIgniter\CodeIgniter->runController(Object(App\Controllers\HardwareController))
 6 SYSTEMPATH\CodeIgniter.php(349): CodeIgniter\CodeIgniter->handleRequest(null, Object(Config\Cache), false)
 7 FCPATH\index.php(67): CodeIgniter\CodeIgniter->run()
CRITICAL - 2024-02-04 10:12:40 --> The route for "not_good_id_method" cannot be found.
in SYSTEMPATH\HTTP\RedirectResponse.php on line 60.
 1 SYSTEMPATH\HTTP\RedirectResponse.php(60): CodeIgniter\HTTP\Exceptions\HTTPException::forInvalidRedirectRoute('not_good_id_method')
 2 SYSTEMPATH\Common.php(861): CodeIgniter\HTTP\RedirectResponse->route(false)
 3 APPPATH\Controllers\HardwareController.php(40): redirect('not_good_id_method', 'refresh')
 4 SYSTEMPATH\CodeIgniter.php(925): App\Controllers\HardwareController->getselectedtype('FCPATH\\images', 'avatar', '2.jpg')
 5 SYSTEMPATH\CodeIgniter.php(480): CodeIgniter\CodeIgniter->runController(Object(App\Controllers\HardwareController))
 6 SYSTEMPATH\CodeIgniter.php(349): CodeIgniter\CodeIgniter->handleRequest(null, Object(Config\Cache), false)
 7 FCPATH\index.php(67): CodeIgniter\CodeIgniter->run()
CRITICAL - 2024-02-04 10:12:40 --> The route for "not_good_id_method" cannot be found.
in SYSTEMPATH\HTTP\RedirectResponse.php on line 60.
 1 SYSTEMPATH\HTTP\RedirectResponse.php(60): CodeIgniter\HTTP\Exceptions\HTTPException::forInvalidRedirectRoute('not_good_id_method')
 2 SYSTEMPATH\Common.php(861): CodeIgniter\HTTP\RedirectResponse->route(false)
 3 APPPATH\Controllers\HardwareController.php(40): redirect('not_good_id_method', 'refresh')
 4 SYSTEMPATH\CodeIgniter.php(925): App\Controllers\HardwareController->getselectedtype('FCPATH\\images', 'user', '1.png')
 5 SYSTEMPATH\CodeIgniter.php(480): CodeIgniter\CodeIgniter->runController(Object(App\Controllers\HardwareController))
 6 SYSTEMPATH\CodeIgniter.php(349): CodeIgniter\CodeIgniter->handleRequest(null, Object(Config\Cache), false)
 7 FCPATH\index.php(67): CodeIgniter\CodeIgniter->run()
CRITICAL - 2024-02-04 10:12:41 --> The route for "not_good_id_method" cannot be found.
in SYSTEMPATH\HTTP\RedirectResponse.php on line 60.
 1 SYSTEMPATH\HTTP\RedirectResponse.php(60): CodeIgniter\HTTP\Exceptions\HTTPException::forInvalidRedirectRoute('not_good_id_method')
 2 SYSTEMPATH\Common.php(861): CodeIgniter\HTTP\RedirectResponse->route(false)
 3 APPPATH\Controllers\HardwareController.php(40): redirect('not_good_id_method', 'refresh')
 4 SYSTEMPATH\CodeIgniter.php(925): App\Controllers\HardwareController->getselectedtype('FCPATH\\images', 'favicon.png')
 5 SYSTEMPATH\CodeIgniter.php(480): CodeIgniter\CodeIgniter->runController(Object(App\Controllers\HardwareController))
 6 SYSTEMPATH\CodeIgniter.php(349): CodeIgniter\CodeIgniter->handleRequest(null, Object(Config\Cache), false)
 7 FCPATH\index.php(67): CodeIgniter\CodeIgniter->run()
