CRITICAL - 2024-02-21 08:51:57 --> The route for "not_good_id_method" cannot be found.
in SYSTEMPATH\HTTP\RedirectResponse.php on line 60.
 1 SYSTEMPATH\HTTP\RedirectResponse.php(60): CodeIgniter\HTTP\Exceptions\HTTPException::forInvalidRedirectRoute('not_good_id_method')
 2 SYSTEMPATH\Common.php(861): CodeIgniter\HTTP\RedirectResponse->route(false)
 3 APPPATH\Controllers\IssueVsUnitController.php(46): redirect('not_good_id_method', 'refresh')
 4 SYSTEMPATH\CodeIgniter.php(925): App\Controllers\IssueVsUnitController->getSelectedIssueVsUnit('FCPATH\\images', 'logo-compact.png')
 5 SYSTEMPATH\CodeIgniter.php(480): CodeIgniter\CodeIgniter->runController(Object(App\Controllers\IssueVsUnitController))
 6 SYSTEMPATH\CodeIgniter.php(349): CodeIgniter\CodeIgniter->handleRequest(null, Object(Config\Cache), false)
 7 FCPATH\index.php(67): CodeIgniter\CodeIgniter->run()
CRITICAL - 2024-02-21 08:51:57 --> The route for "not_good_id_method" cannot be found.
in SYSTEMPATH\HTTP\RedirectResponse.php on line 60.
 1 SYSTEMPATH\HTTP\RedirectResponse.php(60): CodeIgniter\HTTP\Exceptions\HTTPException::forInvalidRedirectRoute('not_good_id_method')
 2 SYSTEMPATH\Common.php(861): CodeIgniter\HTTP\RedirectResponse->route(false)
 3 APPPATH\Controllers\IssueVsUnitController.php(46): redirect('not_good_id_method', 'refresh')
 4 SYSTEMPATH\CodeIgniter.php(925): App\Controllers\IssueVsUnitController->getSelectedIssueVsUnit('FCPATH\\images', 'logo.png')
 5 SYSTEMPATH\CodeIgniter.php(480): CodeIgniter\CodeIgniter->runController(Object(App\Controllers\IssueVsUnitController))
 6 SYSTEMPATH\CodeIgniter.php(349): CodeIgniter\CodeIgniter->handleRequest(null, Object(Config\Cache), false)
 7 FCPATH\index.php(67): CodeIgniter\CodeIgniter->run()
CRITICAL - 2024-02-21 08:51:57 --> The route for "not_good_id_method" cannot be found.
in SYSTEMPATH\HTTP\RedirectResponse.php on line 60.
 1 SYSTEMPATH\HTTP\RedirectResponse.php(60): CodeIgniter\HTTP\Exceptions\HTTPException::forInvalidRedirectRoute('not_good_id_method')
 2 SYSTEMPATH\Common.php(861): CodeIgniter\HTTP\RedirectResponse->route(false)
 3 APPPATH\Controllers\IssueVsUnitController.php(46): redirect('not_good_id_method', 'refresh')
 4 SYSTEMPATH\CodeIgniter.php(925): App\Controllers\IssueVsUnitController->getSelectedIssueVsUnit('FCPATH\\images', 'avatar', '1.jpg')
 5 SYSTEMPATH\CodeIgniter.php(480): CodeIgniter\CodeIgniter->runController(Object(App\Controllers\IssueVsUnitController))
 6 SYSTEMPATH\CodeIgniter.php(349): CodeIgniter\CodeIgniter->handleRequest(null, Object(Config\Cache), false)
 7 FCPATH\index.php(67): CodeIgniter\CodeIgniter->run()
CRITICAL - 2024-02-21 08:51:57 --> The route for "not_good_id_method" cannot be found.
in SYSTEMPATH\HTTP\RedirectResponse.php on line 60.
 1 SYSTEMPATH\HTTP\RedirectResponse.php(60): CodeIgniter\HTTP\Exceptions\HTTPException::forInvalidRedirectRoute('not_good_id_method')
 2 SYSTEMPATH\Common.php(861): CodeIgniter\HTTP\RedirectResponse->route(false)
 3 APPPATH\Controllers\IssueVsUnitController.php(46): redirect('not_good_id_method', 'refresh')
 4 SYSTEMPATH\CodeIgniter.php(925): App\Controllers\IssueVsUnitController->getSelectedIssueVsUnit('FCPATH\\images', 'avatar', '2.jpg')
 5 SYSTEMPATH\CodeIgniter.php(480): CodeIgniter\CodeIgniter->runController(Object(App\Controllers\IssueVsUnitController))
 6 SYSTEMPATH\CodeIgniter.php(349): CodeIgniter\CodeIgniter->handleRequest(null, Object(Config\Cache), false)
 7 FCPATH\index.php(67): CodeIgniter\CodeIgniter->run()
CRITICAL - 2024-02-21 08:51:57 --> The route for "not_good_id_method" cannot be found.
in SYSTEMPATH\HTTP\RedirectResponse.php on line 60.
 1 SYSTEMPATH\HTTP\RedirectResponse.php(60): CodeIgniter\HTTP\Exceptions\HTTPException::forInvalidRedirectRoute('not_good_id_method')
 2 SYSTEMPATH\Common.php(861): CodeIgniter\HTTP\RedirectResponse->route(false)
 3 APPPATH\Controllers\IssueVsUnitController.php(46): redirect('not_good_id_method', 'refresh')
 4 SYSTEMPATH\CodeIgniter.php(925): App\Controllers\IssueVsUnitController->getSelectedIssueVsUnit('FCPATH\\images', 'avatar', '3.jpg')
 5 SYSTEMPATH\CodeIgniter.php(480): CodeIgniter\CodeIgniter->runController(Object(App\Controllers\IssueVsUnitController))
 6 SYSTEMPATH\CodeIgniter.php(349): CodeIgniter\CodeIgniter->handleRequest(null, Object(Config\Cache), false)
 7 FCPATH\index.php(67): CodeIgniter\CodeIgniter->run()
CRITICAL - 2024-02-21 08:51:57 --> The route for "not_good_id_method" cannot be found.
in SYSTEMPATH\HTTP\RedirectResponse.php on line 60.
 1 SYSTEMPATH\HTTP\RedirectResponse.php(60): CodeIgniter\HTTP\Exceptions\HTTPException::forInvalidRedirectRoute('not_good_id_method')
 2 SYSTEMPATH\Common.php(861): CodeIgniter\HTTP\RedirectResponse->route(false)
 3 APPPATH\Controllers\IssueVsUnitController.php(46): redirect('not_good_id_method', 'refresh')
 4 SYSTEMPATH\CodeIgniter.php(925): App\Controllers\IssueVsUnitController->getSelectedIssueVsUnit('FCPATH\\images', 'avatar', '4.jpg')
 5 SYSTEMPATH\CodeIgniter.php(480): CodeIgniter\CodeIgniter->runController(Object(App\Controllers\IssueVsUnitController))
 6 SYSTEMPATH\CodeIgniter.php(349): CodeIgniter\CodeIgniter->handleRequest(null, Object(Config\Cache), false)
 7 FCPATH\index.php(67): CodeIgniter\CodeIgniter->run()
CRITICAL - 2024-02-21 08:51:57 --> The route for "not_good_id_method" cannot be found.
in SYSTEMPATH\HTTP\RedirectResponse.php on line 60.
 1 SYSTEMPATH\HTTP\RedirectResponse.php(60): CodeIgniter\HTTP\Exceptions\HTTPException::forInvalidRedirectRoute('not_good_id_method')
 2 SYSTEMPATH\Common.php(861): CodeIgniter\HTTP\RedirectResponse->route(false)
 3 APPPATH\Controllers\IssueVsUnitController.php(46): redirect('not_good_id_method', 'refresh')
 4 SYSTEMPATH\CodeIgniter.php(925): App\Controllers\IssueVsUnitController->getSelectedIssueVsUnit('FCPATH\\images', 'user', '1.png')
 5 SYSTEMPATH\CodeIgniter.php(480): CodeIgniter\CodeIgniter->runController(Object(App\Controllers\IssueVsUnitController))
 6 SYSTEMPATH\CodeIgniter.php(349): CodeIgniter\CodeIgniter->handleRequest(null, Object(Config\Cache), false)
 7 FCPATH\index.php(67): CodeIgniter\CodeIgniter->run()
CRITICAL - 2024-02-21 08:51:58 --> The route for "not_good_id_method" cannot be found.
in SYSTEMPATH\HTTP\RedirectResponse.php on line 60.
 1 SYSTEMPATH\HTTP\RedirectResponse.php(60): CodeIgniter\HTTP\Exceptions\HTTPException::forInvalidRedirectRoute('not_good_id_method')
 2 SYSTEMPATH\Common.php(861): CodeIgniter\HTTP\RedirectResponse->route(false)
 3 APPPATH\Controllers\IssueVsUnitController.php(46): redirect('not_good_id_method', 'refresh')
 4 SYSTEMPATH\CodeIgniter.php(925): App\Controllers\IssueVsUnitController->getSelectedIssueVsUnit('FCPATH\\images', 'favicon.png')
 5 SYSTEMPATH\CodeIgniter.php(480): CodeIgniter\CodeIgniter->runController(Object(App\Controllers\IssueVsUnitController))
 6 SYSTEMPATH\CodeIgniter.php(349): CodeIgniter\CodeIgniter->handleRequest(null, Object(Config\Cache), false)
 7 FCPATH\index.php(67): CodeIgniter\CodeIgniter->run()
CRITICAL - 2024-02-21 08:55:42 --> The route for "not_good_id_method" cannot be found.
in SYSTEMPATH\HTTP\RedirectResponse.php on line 60.
 1 SYSTEMPATH\HTTP\RedirectResponse.php(60): CodeIgniter\HTTP\Exceptions\HTTPException::forInvalidRedirectRoute('not_good_id_method')
 2 SYSTEMPATH\Common.php(861): CodeIgniter\HTTP\RedirectResponse->route(false)
 3 APPPATH\Controllers\IssueVsUnitController.php(46): redirect('not_good_id_method', 'refresh')
 4 SYSTEMPATH\CodeIgniter.php(925): App\Controllers\IssueVsUnitController->getSelectedIssueVsUnit('FCPATH\\images', 'logo-compact.png')
 5 SYSTEMPATH\CodeIgniter.php(480): CodeIgniter\CodeIgniter->runController(Object(App\Controllers\IssueVsUnitController))
 6 SYSTEMPATH\CodeIgniter.php(349): CodeIgniter\CodeIgniter->handleRequest(null, Object(Config\Cache), false)
 7 FCPATH\index.php(67): CodeIgniter\CodeIgniter->run()
CRITICAL - 2024-02-21 08:55:42 --> The route for "not_good_id_method" cannot be found.
in SYSTEMPATH\HTTP\RedirectResponse.php on line 60.
 1 SYSTEMPATH\HTTP\RedirectResponse.php(60): CodeIgniter\HTTP\Exceptions\HTTPException::forInvalidRedirectRoute('not_good_id_method')
 2 SYSTEMPATH\Common.php(861): CodeIgniter\HTTP\RedirectResponse->route(false)
 3 APPPATH\Controllers\IssueVsUnitController.php(46): redirect('not_good_id_method', 'refresh')
 4 SYSTEMPATH\CodeIgniter.php(925): App\Controllers\IssueVsUnitController->getSelectedIssueVsUnit('FCPATH\\images', 'logo.png')
 5 SYSTEMPATH\CodeIgniter.php(480): CodeIgniter\CodeIgniter->runController(Object(App\Controllers\IssueVsUnitController))
 6 SYSTEMPATH\CodeIgniter.php(349): CodeIgniter\CodeIgniter->handleRequest(null, Object(Config\Cache), false)
 7 FCPATH\index.php(67): CodeIgniter\CodeIgniter->run()
CRITICAL - 2024-02-21 08:55:42 --> The route for "not_good_id_method" cannot be found.
in SYSTEMPATH\HTTP\RedirectResponse.php on line 60.
 1 SYSTEMPATH\HTTP\RedirectResponse.php(60): CodeIgniter\HTTP\Exceptions\HTTPException::forInvalidRedirectRoute('not_good_id_method')
 2 SYSTEMPATH\Common.php(861): CodeIgniter\HTTP\RedirectResponse->route(false)
 3 APPPATH\Controllers\IssueVsUnitController.php(46): redirect('not_good_id_method', 'refresh')
 4 SYSTEMPATH\CodeIgniter.php(925): App\Controllers\IssueVsUnitController->getSelectedIssueVsUnit('FCPATH\\images', 'avatar', '1.jpg')
 5 SYSTEMPATH\CodeIgniter.php(480): CodeIgniter\CodeIgniter->runController(Object(App\Controllers\IssueVsUnitController))
 6 SYSTEMPATH\CodeIgniter.php(349): CodeIgniter\CodeIgniter->handleRequest(null, Object(Config\Cache), false)
 7 FCPATH\index.php(67): CodeIgniter\CodeIgniter->run()
CRITICAL - 2024-02-21 08:55:42 --> The route for "not_good_id_method" cannot be found.
in SYSTEMPATH\HTTP\RedirectResponse.php on line 60.
 1 SYSTEMPATH\HTTP\RedirectResponse.php(60): CodeIgniter\HTTP\Exceptions\HTTPException::forInvalidRedirectRoute('not_good_id_method')
 2 SYSTEMPATH\Common.php(861): CodeIgniter\HTTP\RedirectResponse->route(false)
 3 APPPATH\Controllers\IssueVsUnitController.php(46): redirect('not_good_id_method', 'refresh')
 4 SYSTEMPATH\CodeIgniter.php(925): App\Controllers\IssueVsUnitController->getSelectedIssueVsUnit('FCPATH\\images', 'avatar', '3.jpg')
 5 SYSTEMPATH\CodeIgniter.php(480): CodeIgniter\CodeIgniter->runController(Object(App\Controllers\IssueVsUnitController))
 6 SYSTEMPATH\CodeIgniter.php(349): CodeIgniter\CodeIgniter->handleRequest(null, Object(Config\Cache), false)
 7 FCPATH\index.php(67): CodeIgniter\CodeIgniter->run()
CRITICAL - 2024-02-21 08:55:42 --> The route for "not_good_id_method" cannot be found.
in SYSTEMPATH\HTTP\RedirectResponse.php on line 60.
 1 SYSTEMPATH\HTTP\RedirectResponse.php(60): CodeIgniter\HTTP\Exceptions\HTTPException::forInvalidRedirectRoute('not_good_id_method')
 2 SYSTEMPATH\Common.php(861): CodeIgniter\HTTP\RedirectResponse->route(false)
 3 APPPATH\Controllers\IssueVsUnitController.php(46): redirect('not_good_id_method', 'refresh')
 4 SYSTEMPATH\CodeIgniter.php(925): App\Controllers\IssueVsUnitController->getSelectedIssueVsUnit('FCPATH\\images', 'avatar', '4.jpg')
 5 SYSTEMPATH\CodeIgniter.php(480): CodeIgniter\CodeIgniter->runController(Object(App\Controllers\IssueVsUnitController))
 6 SYSTEMPATH\CodeIgniter.php(349): CodeIgniter\CodeIgniter->handleRequest(null, Object(Config\Cache), false)
 7 FCPATH\index.php(67): CodeIgniter\CodeIgniter->run()
CRITICAL - 2024-02-21 08:55:42 --> The route for "not_good_id_method" cannot be found.
in SYSTEMPATH\HTTP\RedirectResponse.php on line 60.
 1 SYSTEMPATH\HTTP\RedirectResponse.php(60): CodeIgniter\HTTP\Exceptions\HTTPException::forInvalidRedirectRoute('not_good_id_method')
 2 SYSTEMPATH\Common.php(861): CodeIgniter\HTTP\RedirectResponse->route(false)
 3 APPPATH\Controllers\IssueVsUnitController.php(46): redirect('not_good_id_method', 'refresh')
 4 SYSTEMPATH\CodeIgniter.php(925): App\Controllers\IssueVsUnitController->getSelectedIssueVsUnit('FCPATH\\images', 'avatar', '2.jpg')
 5 SYSTEMPATH\CodeIgniter.php(480): CodeIgniter\CodeIgniter->runController(Object(App\Controllers\IssueVsUnitController))
 6 SYSTEMPATH\CodeIgniter.php(349): CodeIgniter\CodeIgniter->handleRequest(null, Object(Config\Cache), false)
 7 FCPATH\index.php(67): CodeIgniter\CodeIgniter->run()
CRITICAL - 2024-02-21 08:55:42 --> The route for "not_good_id_method" cannot be found.
in SYSTEMPATH\HTTP\RedirectResponse.php on line 60.
 1 SYSTEMPATH\HTTP\RedirectResponse.php(60): CodeIgniter\HTTP\Exceptions\HTTPException::forInvalidRedirectRoute('not_good_id_method')
 2 SYSTEMPATH\Common.php(861): CodeIgniter\HTTP\RedirectResponse->route(false)
 3 APPPATH\Controllers\IssueVsUnitController.php(46): redirect('not_good_id_method', 'refresh')
 4 SYSTEMPATH\CodeIgniter.php(925): App\Controllers\IssueVsUnitController->getSelectedIssueVsUnit('FCPATH\\images', 'user', '1.png')
 5 SYSTEMPATH\CodeIgniter.php(480): CodeIgniter\CodeIgniter->runController(Object(App\Controllers\IssueVsUnitController))
 6 SYSTEMPATH\CodeIgniter.php(349): CodeIgniter\CodeIgniter->handleRequest(null, Object(Config\Cache), false)
 7 FCPATH\index.php(67): CodeIgniter\CodeIgniter->run()
CRITICAL - 2024-02-21 08:55:42 --> The route for "not_good_id_method" cannot be found.
in SYSTEMPATH\HTTP\RedirectResponse.php on line 60.
 1 SYSTEMPATH\HTTP\RedirectResponse.php(60): CodeIgniter\HTTP\Exceptions\HTTPException::forInvalidRedirectRoute('not_good_id_method')
 2 SYSTEMPATH\Common.php(861): CodeIgniter\HTTP\RedirectResponse->route(false)
 3 APPPATH\Controllers\IssueVsUnitController.php(46): redirect('not_good_id_method', 'refresh')
 4 SYSTEMPATH\CodeIgniter.php(925): App\Controllers\IssueVsUnitController->getSelectedIssueVsUnit('FCPATH\\images', 'favicon.png')
 5 SYSTEMPATH\CodeIgniter.php(480): CodeIgniter\CodeIgniter->runController(Object(App\Controllers\IssueVsUnitController))
 6 SYSTEMPATH\CodeIgniter.php(349): CodeIgniter\CodeIgniter->handleRequest(null, Object(Config\Cache), false)
 7 FCPATH\index.php(67): CodeIgniter\CodeIgniter->run()
CRITICAL - 2024-02-21 08:57:22 --> Undefined variable $issuelist
in APPPATH\Views\IssueAssignView\AddIssueVsUnit.php on line 82.
 1 APPPATH\Views\IssueAssignView\AddIssueVsUnit.php(82): CodeIgniter\Debug\Exceptions->errorHandler(2, 'Undefined variable $issuelist', 'APPPATH\\Views\\IssueAssignView\\AddIssueVsUnit.php', 82)
 2 SYSTEMPATH\View\View.php(213): include('APPPATH\\Views\\IssueAssignView\\AddIssueVsUnit.php')
 3 SYSTEMPATH\View\View.php(216): CodeIgniter\View\View->CodeIgniter\View\{closure}()
 4 SYSTEMPATH\Common.php(1135): CodeIgniter\View\View->render('IssueAssignView/AddIssueVsUnit', [], true)
 5 APPPATH\Controllers\IssueVsUnitController.php(68): view('IssueAssignView/AddIssueVsUnit', [...])
 6 SYSTEMPATH\CodeIgniter.php(925): App\Controllers\IssueVsUnitController->getIssueVsUnitListToAdd()
 7 SYSTEMPATH\CodeIgniter.php(480): CodeIgniter\CodeIgniter->runController(Object(App\Controllers\IssueVsUnitController))
 8 SYSTEMPATH\CodeIgniter.php(349): CodeIgniter\CodeIgniter->handleRequest(null, Object(Config\Cache), false)
 9 FCPATH\index.php(67): CodeIgniter\CodeIgniter->run()
CRITICAL - 2024-02-21 09:04:31 --> Undefined variable $edituid
in APPPATH\Views\IssueAssignView\AddIssueVsUnit.php on line 59.
 1 APPPATH\Views\IssueAssignView\AddIssueVsUnit.php(59): CodeIgniter\Debug\Exceptions->errorHandler(2, 'Undefined variable $edituid', 'APPPATH\\Views\\IssueAssignView\\AddIssueVsUnit.php', 59)
 2 SYSTEMPATH\View\View.php(213): include('APPPATH\\Views\\IssueAssignView\\AddIssueVsUnit.php')
 3 SYSTEMPATH\View\View.php(216): CodeIgniter\View\View->CodeIgniter\View\{closure}()
 4 SYSTEMPATH\Common.php(1135): CodeIgniter\View\View->render('IssueAssignView/AddIssueVsUnit', [], true)
 5 APPPATH\Controllers\IssueVsUnitController.php(68): view('IssueAssignView/AddIssueVsUnit', [...])
 6 SYSTEMPATH\CodeIgniter.php(925): App\Controllers\IssueVsUnitController->getIssueVsUnitListToAdd()
 7 SYSTEMPATH\CodeIgniter.php(480): CodeIgniter\CodeIgniter->runController(Object(App\Controllers\IssueVsUnitController))
 8 SYSTEMPATH\CodeIgniter.php(349): CodeIgniter\CodeIgniter->handleRequest(null, Object(Config\Cache), false)
 9 FCPATH\index.php(67): CodeIgniter\CodeIgniter->run()
CRITICAL - 2024-02-21 09:06:04 --> Undefined variable $unitlist
in APPPATH\Views\IssueAssignView\AddIssueVsUnit.php on line 60.
 1 APPPATH\Views\IssueAssignView\AddIssueVsUnit.php(60): CodeIgniter\Debug\Exceptions->errorHandler(2, 'Undefined variable $unitlist', 'APPPATH\\Views\\IssueAssignView\\AddIssueVsUnit.php', 60)
 2 SYSTEMPATH\View\View.php(213): include('APPPATH\\Views\\IssueAssignView\\AddIssueVsUnit.php')
 3 SYSTEMPATH\View\View.php(216): CodeIgniter\View\View->CodeIgniter\View\{closure}()
 4 SYSTEMPATH\Common.php(1135): CodeIgniter\View\View->render('IssueAssignView/AddIssueVsUnit', [], true)
 5 APPPATH\Controllers\IssueVsUnitController.php(68): view('IssueAssignView/AddIssueVsUnit', [...])
 6 SYSTEMPATH\CodeIgniter.php(925): App\Controllers\IssueVsUnitController->getIssueVsUnitListToAdd()
 7 SYSTEMPATH\CodeIgniter.php(480): CodeIgniter\CodeIgniter->runController(Object(App\Controllers\IssueVsUnitController))
 8 SYSTEMPATH\CodeIgniter.php(349): CodeIgniter\CodeIgniter->handleRequest(null, Object(Config\Cache), false)
 9 FCPATH\index.php(67): CodeIgniter\CodeIgniter->run()
ERROR - 2024-02-21 09:12:12 --> mysqli_sql_exception: Cannot add or update a child row: a foreign key constraint fails (`ithelpdesk`.`issue_unit_mapping`, CONSTRAINT `fk_issue` FOREIGN KEY (`issue_id`) REFERENCES `issue_base` (`id`) ON DELETE NO ACTION ON UPDATE NO ACTION) in C:\xampp\htdocs\ITHelpDesk\system\Database\MySQLi\Connection.php:292
Stack trace:
#0 C:\xampp\htdocs\ITHelpDesk\system\Database\MySQLi\Connection.php(292): mysqli->query('INSERT INTO `is...', 0)
#1 C:\xampp\htdocs\ITHelpDesk\system\Database\BaseConnection.php(666): CodeIgniter\Database\MySQLi\Connection->execute('INSERT INTO `is...')
#2 C:\xampp\htdocs\ITHelpDesk\system\Database\BaseConnection.php(593): CodeIgniter\Database\BaseConnection->simpleQuery('INSERT INTO `is...')
#3 C:\xampp\htdocs\ITHelpDesk\system\Database\BaseBuilder.php(1916): CodeIgniter\Database\BaseConnection->query('INSERT INTO `is...', Array, false)
#4 C:\xampp\htdocs\ITHelpDesk\system\Model.php(303): CodeIgniter\Database\BaseBuilder->insert()
#5 C:\xampp\htdocs\ITHelpDesk\system\BaseModel.php(750): CodeIgniter\Model->doInsert(Array)
#6 C:\xampp\htdocs\ITHelpDesk\system\Model.php(695): CodeIgniter\BaseModel->insert(Array, false)
#7 C:\xampp\htdocs\ITHelpDesk\system\BaseModel.php(660): CodeIgniter\Model->insert(Array, false)
#8 C:\xampp\htdocs\ITHelpDesk\app\Controllers\IssueVsUnitController.php(88): CodeIgniter\BaseModel->save(Array)
#9 C:\xampp\htdocs\ITHelpDesk\system\CodeIgniter.php(925): App\Controllers\IssueVsUnitController->saveIssueVsUnit()
#10 C:\xampp\htdocs\ITHelpDesk\system\CodeIgniter.php(480): CodeIgniter\CodeIgniter->runController(Object(App\Controllers\IssueVsUnitController))
#11 C:\xampp\htdocs\ITHelpDesk\system\CodeIgniter.php(349): CodeIgniter\CodeIgniter->handleRequest(NULL, Object(Config\Cache), false)
#12 C:\xampp\htdocs\ITHelpDesk\public\index.php(67): CodeIgniter\CodeIgniter->run()
#13 {main}
CRITICAL - 2024-02-21 09:12:12 --> Cannot add or update a child row: a foreign key constraint fails (`ithelpdesk`.`issue_unit_mapping`, CONSTRAINT `fk_issue` FOREIGN KEY (`issue_id`) REFERENCES `issue_base` (`id`) ON DELETE NO ACTION ON UPDATE NO ACTION)
in SYSTEMPATH\Database\MySQLi\Connection.php on line 292.
 1 SYSTEMPATH\Database\MySQLi\Connection.php(292): mysqli->query('INSERT INTO `issue_unit_mapping` (`id`, `uid`, `issue_id`, `active`) VALUES (\'\', \'\', \'\', \'\')', 0)
 2 SYSTEMPATH\Database\BaseConnection.php(666): CodeIgniter\Database\MySQLi\Connection->execute('INSERT INTO `issue_unit_mapping` (`id`, `uid`, `issue_id`, `active`) VALUES (\'\', \'\', \'\', \'\')')
 3 SYSTEMPATH\Database\BaseConnection.php(593): CodeIgniter\Database\BaseConnection->simpleQuery('INSERT INTO `issue_unit_mapping` (`id`, `uid`, `issue_id`, `active`) VALUES (\'\', \'\', \'\', \'\')')
 4 SYSTEMPATH\Database\BaseBuilder.php(1916): CodeIgniter\Database\BaseConnection->query('INSERT INTO `issue_unit_mapping` (`id`, `uid`, `issue_id`, `active`) VALUES (:id:, :uid:, :issue_id:, :active:)', [...], false)
 5 SYSTEMPATH\Model.php(303): CodeIgniter\Database\BaseBuilder->insert()
 6 SYSTEMPATH\BaseModel.php(750): CodeIgniter\Model->doInsert([...])
 7 SYSTEMPATH\Model.php(695): CodeIgniter\BaseModel->insert([...], false)
 8 SYSTEMPATH\BaseModel.php(660): CodeIgniter\Model->insert([...], false)
 9 APPPATH\Controllers\IssueVsUnitController.php(88): CodeIgniter\BaseModel->save([...])
10 SYSTEMPATH\CodeIgniter.php(925): App\Controllers\IssueVsUnitController->saveIssueVsUnit()
11 SYSTEMPATH\CodeIgniter.php(480): CodeIgniter\CodeIgniter->runController(Object(App\Controllers\IssueVsUnitController))
12 SYSTEMPATH\CodeIgniter.php(349): CodeIgniter\CodeIgniter->handleRequest(null, Object(Config\Cache), false)
13 FCPATH\index.php(67): CodeIgniter\CodeIgniter->run()
ERROR - 2024-02-21 09:13:15 --> mysqli_sql_exception: Cannot add or update a child row: a foreign key constraint fails (`ithelpdesk`.`issue_unit_mapping`, CONSTRAINT `fk_issue` FOREIGN KEY (`issue_id`) REFERENCES `issue_base` (`id`) ON DELETE NO ACTION ON UPDATE NO ACTION) in C:\xampp\htdocs\ITHelpDesk\system\Database\MySQLi\Connection.php:292
Stack trace:
#0 C:\xampp\htdocs\ITHelpDesk\system\Database\MySQLi\Connection.php(292): mysqli->query('INSERT INTO `is...', 0)
#1 C:\xampp\htdocs\ITHelpDesk\system\Database\BaseConnection.php(666): CodeIgniter\Database\MySQLi\Connection->execute('INSERT INTO `is...')
#2 C:\xampp\htdocs\ITHelpDesk\system\Database\BaseConnection.php(593): CodeIgniter\Database\BaseConnection->simpleQuery('INSERT INTO `is...')
#3 C:\xampp\htdocs\ITHelpDesk\system\Database\BaseBuilder.php(1916): CodeIgniter\Database\BaseConnection->query('INSERT INTO `is...', Array, false)
#4 C:\xampp\htdocs\ITHelpDesk\system\Model.php(303): CodeIgniter\Database\BaseBuilder->insert()
#5 C:\xampp\htdocs\ITHelpDesk\system\BaseModel.php(750): CodeIgniter\Model->doInsert(Array)
#6 C:\xampp\htdocs\ITHelpDesk\system\Model.php(695): CodeIgniter\BaseModel->insert(Array, false)
#7 C:\xampp\htdocs\ITHelpDesk\system\BaseModel.php(660): CodeIgniter\Model->insert(Array, false)
#8 C:\xampp\htdocs\ITHelpDesk\app\Controllers\IssueVsUnitController.php(88): CodeIgniter\BaseModel->save(Array)
#9 C:\xampp\htdocs\ITHelpDesk\system\CodeIgniter.php(925): App\Controllers\IssueVsUnitController->saveIssueVsUnit()
#10 C:\xampp\htdocs\ITHelpDesk\system\CodeIgniter.php(480): CodeIgniter\CodeIgniter->runController(Object(App\Controllers\IssueVsUnitController))
#11 C:\xampp\htdocs\ITHelpDesk\system\CodeIgniter.php(349): CodeIgniter\CodeIgniter->handleRequest(NULL, Object(Config\Cache), false)
#12 C:\xampp\htdocs\ITHelpDesk\public\index.php(67): CodeIgniter\CodeIgniter->run()
#13 {main}
CRITICAL - 2024-02-21 09:13:15 --> Cannot add or update a child row: a foreign key constraint fails (`ithelpdesk`.`issue_unit_mapping`, CONSTRAINT `fk_issue` FOREIGN KEY (`issue_id`) REFERENCES `issue_base` (`id`) ON DELETE NO ACTION ON UPDATE NO ACTION)
in SYSTEMPATH\Database\MySQLi\Connection.php on line 292.
 1 SYSTEMPATH\Database\MySQLi\Connection.php(292): mysqli->query('INSERT INTO `issue_unit_mapping` (`id`, `uid`, `issue_id`, `active`) VALUES (\'\', \'\', \'\', \'\')', 0)
 2 SYSTEMPATH\Database\BaseConnection.php(666): CodeIgniter\Database\MySQLi\Connection->execute('INSERT INTO `issue_unit_mapping` (`id`, `uid`, `issue_id`, `active`) VALUES (\'\', \'\', \'\', \'\')')
 3 SYSTEMPATH\Database\BaseConnection.php(593): CodeIgniter\Database\BaseConnection->simpleQuery('INSERT INTO `issue_unit_mapping` (`id`, `uid`, `issue_id`, `active`) VALUES (\'\', \'\', \'\', \'\')')
 4 SYSTEMPATH\Database\BaseBuilder.php(1916): CodeIgniter\Database\BaseConnection->query('INSERT INTO `issue_unit_mapping` (`id`, `uid`, `issue_id`, `active`) VALUES (:id:, :uid:, :issue_id:, :active:)', [...], false)
 5 SYSTEMPATH\Model.php(303): CodeIgniter\Database\BaseBuilder->insert()
 6 SYSTEMPATH\BaseModel.php(750): CodeIgniter\Model->doInsert([...])
 7 SYSTEMPATH\Model.php(695): CodeIgniter\BaseModel->insert([...], false)
 8 SYSTEMPATH\BaseModel.php(660): CodeIgniter\Model->insert([...], false)
 9 APPPATH\Controllers\IssueVsUnitController.php(88): CodeIgniter\BaseModel->save([...])
10 SYSTEMPATH\CodeIgniter.php(925): App\Controllers\IssueVsUnitController->saveIssueVsUnit()
11 SYSTEMPATH\CodeIgniter.php(480): CodeIgniter\CodeIgniter->runController(Object(App\Controllers\IssueVsUnitController))
12 SYSTEMPATH\CodeIgniter.php(349): CodeIgniter\CodeIgniter->handleRequest(null, Object(Config\Cache), false)
13 FCPATH\index.php(67): CodeIgniter\CodeIgniter->run()
ERROR - 2024-02-21 09:13:56 --> mysqli_sql_exception: Cannot add or update a child row: a foreign key constraint fails (`ithelpdesk`.`issue_unit_mapping`, CONSTRAINT `fk_issue` FOREIGN KEY (`issue_id`) REFERENCES `issue_base` (`id`) ON DELETE NO ACTION ON UPDATE NO ACTION) in C:\xampp\htdocs\ITHelpDesk\system\Database\MySQLi\Connection.php:292
Stack trace:
#0 C:\xampp\htdocs\ITHelpDesk\system\Database\MySQLi\Connection.php(292): mysqli->query('INSERT INTO `is...', 0)
#1 C:\xampp\htdocs\ITHelpDesk\system\Database\BaseConnection.php(666): CodeIgniter\Database\MySQLi\Connection->execute('INSERT INTO `is...')
#2 C:\xampp\htdocs\ITHelpDesk\system\Database\BaseConnection.php(593): CodeIgniter\Database\BaseConnection->simpleQuery('INSERT INTO `is...')
#3 C:\xampp\htdocs\ITHelpDesk\system\Database\BaseBuilder.php(1916): CodeIgniter\Database\BaseConnection->query('INSERT INTO `is...', Array, false)
#4 C:\xampp\htdocs\ITHelpDesk\system\Model.php(303): CodeIgniter\Database\BaseBuilder->insert()
#5 C:\xampp\htdocs\ITHelpDesk\system\BaseModel.php(750): CodeIgniter\Model->doInsert(Array)
#6 C:\xampp\htdocs\ITHelpDesk\system\Model.php(695): CodeIgniter\BaseModel->insert(Array, false)
#7 C:\xampp\htdocs\ITHelpDesk\system\BaseModel.php(660): CodeIgniter\Model->insert(Array, false)
#8 C:\xampp\htdocs\ITHelpDesk\app\Controllers\IssueVsUnitController.php(88): CodeIgniter\BaseModel->save(Array)
#9 C:\xampp\htdocs\ITHelpDesk\system\CodeIgniter.php(925): App\Controllers\IssueVsUnitController->saveIssueVsUnit()
#10 C:\xampp\htdocs\ITHelpDesk\system\CodeIgniter.php(480): CodeIgniter\CodeIgniter->runController(Object(App\Controllers\IssueVsUnitController))
#11 C:\xampp\htdocs\ITHelpDesk\system\CodeIgniter.php(349): CodeIgniter\CodeIgniter->handleRequest(NULL, Object(Config\Cache), false)
#12 C:\xampp\htdocs\ITHelpDesk\public\index.php(67): CodeIgniter\CodeIgniter->run()
#13 {main}
CRITICAL - 2024-02-21 09:13:56 --> Cannot add or update a child row: a foreign key constraint fails (`ithelpdesk`.`issue_unit_mapping`, CONSTRAINT `fk_issue` FOREIGN KEY (`issue_id`) REFERENCES `issue_base` (`id`) ON DELETE NO ACTION ON UPDATE NO ACTION)
in SYSTEMPATH\Database\MySQLi\Connection.php on line 292.
 1 SYSTEMPATH\Database\MySQLi\Connection.php(292): mysqli->query('INSERT INTO `issue_unit_mapping` (`id`, `uid`, `issue_id`, `active`) VALUES (\'\', \'\', \'\', \'\')', 0)
 2 SYSTEMPATH\Database\BaseConnection.php(666): CodeIgniter\Database\MySQLi\Connection->execute('INSERT INTO `issue_unit_mapping` (`id`, `uid`, `issue_id`, `active`) VALUES (\'\', \'\', \'\', \'\')')
 3 SYSTEMPATH\Database\BaseConnection.php(593): CodeIgniter\Database\BaseConnection->simpleQuery('INSERT INTO `issue_unit_mapping` (`id`, `uid`, `issue_id`, `active`) VALUES (\'\', \'\', \'\', \'\')')
 4 SYSTEMPATH\Database\BaseBuilder.php(1916): CodeIgniter\Database\BaseConnection->query('INSERT INTO `issue_unit_mapping` (`id`, `uid`, `issue_id`, `active`) VALUES (:id:, :uid:, :issue_id:, :active:)', [...], false)
 5 SYSTEMPATH\Model.php(303): CodeIgniter\Database\BaseBuilder->insert()
 6 SYSTEMPATH\BaseModel.php(750): CodeIgniter\Model->doInsert([...])
 7 SYSTEMPATH\Model.php(695): CodeIgniter\BaseModel->insert([...], false)
 8 SYSTEMPATH\BaseModel.php(660): CodeIgniter\Model->insert([...], false)
 9 APPPATH\Controllers\IssueVsUnitController.php(88): CodeIgniter\BaseModel->save([...])
10 SYSTEMPATH\CodeIgniter.php(925): App\Controllers\IssueVsUnitController->saveIssueVsUnit()
11 SYSTEMPATH\CodeIgniter.php(480): CodeIgniter\CodeIgniter->runController(Object(App\Controllers\IssueVsUnitController))
12 SYSTEMPATH\CodeIgniter.php(349): CodeIgniter\CodeIgniter->handleRequest(null, Object(Config\Cache), false)
13 FCPATH\index.php(67): CodeIgniter\CodeIgniter->run()
ERROR - 2024-02-21 09:20:01 --> mysqli_sql_exception: Cannot add or update a child row: a foreign key constraint fails (`ithelpdesk`.`issue_unit_mapping`, CONSTRAINT `fk_issue` FOREIGN KEY (`issue_id`) REFERENCES `issue_base` (`id`) ON DELETE NO ACTION ON UPDATE NO ACTION) in C:\xampp\htdocs\ITHelpDesk\system\Database\MySQLi\Connection.php:292
Stack trace:
#0 C:\xampp\htdocs\ITHelpDesk\system\Database\MySQLi\Connection.php(292): mysqli->query('INSERT INTO `is...', 0)
#1 C:\xampp\htdocs\ITHelpDesk\system\Database\BaseConnection.php(666): CodeIgniter\Database\MySQLi\Connection->execute('INSERT INTO `is...')
#2 C:\xampp\htdocs\ITHelpDesk\system\Database\BaseConnection.php(593): CodeIgniter\Database\BaseConnection->simpleQuery('INSERT INTO `is...')
#3 C:\xampp\htdocs\ITHelpDesk\system\Database\BaseBuilder.php(1916): CodeIgniter\Database\BaseConnection->query('INSERT INTO `is...', Array, false)
#4 C:\xampp\htdocs\ITHelpDesk\system\Model.php(303): CodeIgniter\Database\BaseBuilder->insert()
#5 C:\xampp\htdocs\ITHelpDesk\system\BaseModel.php(750): CodeIgniter\Model->doInsert(Array)
#6 C:\xampp\htdocs\ITHelpDesk\system\Model.php(695): CodeIgniter\BaseModel->insert(Array, false)
#7 C:\xampp\htdocs\ITHelpDesk\system\BaseModel.php(660): CodeIgniter\Model->insert(Array, false)
#8 C:\xampp\htdocs\ITHelpDesk\app\Controllers\IssueVsUnitController.php(88): CodeIgniter\BaseModel->save(Array)
#9 C:\xampp\htdocs\ITHelpDesk\system\CodeIgniter.php(925): App\Controllers\IssueVsUnitController->saveIssueVsUnit()
#10 C:\xampp\htdocs\ITHelpDesk\system\CodeIgniter.php(480): CodeIgniter\CodeIgniter->runController(Object(App\Controllers\IssueVsUnitController))
#11 C:\xampp\htdocs\ITHelpDesk\system\CodeIgniter.php(349): CodeIgniter\CodeIgniter->handleRequest(NULL, Object(Config\Cache), false)
#12 C:\xampp\htdocs\ITHelpDesk\public\index.php(67): CodeIgniter\CodeIgniter->run()
#13 {main}
CRITICAL - 2024-02-21 09:20:01 --> Cannot add or update a child row: a foreign key constraint fails (`ithelpdesk`.`issue_unit_mapping`, CONSTRAINT `fk_issue` FOREIGN KEY (`issue_id`) REFERENCES `issue_base` (`id`) ON DELETE NO ACTION ON UPDATE NO ACTION)
in SYSTEMPATH\Database\MySQLi\Connection.php on line 292.
 1 SYSTEMPATH\Database\MySQLi\Connection.php(292): mysqli->query('INSERT INTO `issue_unit_mapping` (`id`, `uid`, `issue_id`, `active`) VALUES (\'\', \'\', \'\', \'\')', 0)
 2 SYSTEMPATH\Database\BaseConnection.php(666): CodeIgniter\Database\MySQLi\Connection->execute('INSERT INTO `issue_unit_mapping` (`id`, `uid`, `issue_id`, `active`) VALUES (\'\', \'\', \'\', \'\')')
 3 SYSTEMPATH\Database\BaseConnection.php(593): CodeIgniter\Database\BaseConnection->simpleQuery('INSERT INTO `issue_unit_mapping` (`id`, `uid`, `issue_id`, `active`) VALUES (\'\', \'\', \'\', \'\')')
 4 SYSTEMPATH\Database\BaseBuilder.php(1916): CodeIgniter\Database\BaseConnection->query('INSERT INTO `issue_unit_mapping` (`id`, `uid`, `issue_id`, `active`) VALUES (:id:, :uid:, :issue_id:, :active:)', [...], false)
 5 SYSTEMPATH\Model.php(303): CodeIgniter\Database\BaseBuilder->insert()
 6 SYSTEMPATH\BaseModel.php(750): CodeIgniter\Model->doInsert([...])
 7 SYSTEMPATH\Model.php(695): CodeIgniter\BaseModel->insert([...], false)
 8 SYSTEMPATH\BaseModel.php(660): CodeIgniter\Model->insert([...], false)
 9 APPPATH\Controllers\IssueVsUnitController.php(88): CodeIgniter\BaseModel->save([...])
10 SYSTEMPATH\CodeIgniter.php(925): App\Controllers\IssueVsUnitController->saveIssueVsUnit()
11 SYSTEMPATH\CodeIgniter.php(480): CodeIgniter\CodeIgniter->runController(Object(App\Controllers\IssueVsUnitController))
12 SYSTEMPATH\CodeIgniter.php(349): CodeIgniter\CodeIgniter->handleRequest(null, Object(Config\Cache), false)
13 FCPATH\index.php(67): CodeIgniter\CodeIgniter->run()
ERROR - 2024-02-21 09:20:54 --> mysqli_sql_exception: Cannot add or update a child row: a foreign key constraint fails (`ithelpdesk`.`issue_unit_mapping`, CONSTRAINT `fk_issue` FOREIGN KEY (`issue_id`) REFERENCES `issue_base` (`id`) ON DELETE NO ACTION ON UPDATE NO ACTION) in C:\xampp\htdocs\ITHelpDesk\system\Database\MySQLi\Connection.php:292
Stack trace:
#0 C:\xampp\htdocs\ITHelpDesk\system\Database\MySQLi\Connection.php(292): mysqli->query('INSERT INTO `is...', 0)
#1 C:\xampp\htdocs\ITHelpDesk\system\Database\BaseConnection.php(666): CodeIgniter\Database\MySQLi\Connection->execute('INSERT INTO `is...')
#2 C:\xampp\htdocs\ITHelpDesk\system\Database\BaseConnection.php(593): CodeIgniter\Database\BaseConnection->simpleQuery('INSERT INTO `is...')
#3 C:\xampp\htdocs\ITHelpDesk\system\Database\BaseBuilder.php(1916): CodeIgniter\Database\BaseConnection->query('INSERT INTO `is...', Array, false)
#4 C:\xampp\htdocs\ITHelpDesk\system\Model.php(303): CodeIgniter\Database\BaseBuilder->insert()
#5 C:\xampp\htdocs\ITHelpDesk\system\BaseModel.php(750): CodeIgniter\Model->doInsert(Array)
#6 C:\xampp\htdocs\ITHelpDesk\system\Model.php(695): CodeIgniter\BaseModel->insert(Array, false)
#7 C:\xampp\htdocs\ITHelpDesk\system\BaseModel.php(660): CodeIgniter\Model->insert(Array, false)
#8 C:\xampp\htdocs\ITHelpDesk\app\Controllers\IssueVsUnitController.php(88): CodeIgniter\BaseModel->save(Array)
#9 C:\xampp\htdocs\ITHelpDesk\system\CodeIgniter.php(925): App\Controllers\IssueVsUnitController->saveIssueVsUnit()
#10 C:\xampp\htdocs\ITHelpDesk\system\CodeIgniter.php(480): CodeIgniter\CodeIgniter->runController(Object(App\Controllers\IssueVsUnitController))
#11 C:\xampp\htdocs\ITHelpDesk\system\CodeIgniter.php(349): CodeIgniter\CodeIgniter->handleRequest(NULL, Object(Config\Cache), false)
#12 C:\xampp\htdocs\ITHelpDesk\public\index.php(67): CodeIgniter\CodeIgniter->run()
#13 {main}
CRITICAL - 2024-02-21 09:20:54 --> Cannot add or update a child row: a foreign key constraint fails (`ithelpdesk`.`issue_unit_mapping`, CONSTRAINT `fk_issue` FOREIGN KEY (`issue_id`) REFERENCES `issue_base` (`id`) ON DELETE NO ACTION ON UPDATE NO ACTION)
in SYSTEMPATH\Database\MySQLi\Connection.php on line 292.
 1 SYSTEMPATH\Database\MySQLi\Connection.php(292): mysqli->query('INSERT INTO `issue_unit_mapping` (`id`, `uid`, `issue_id`, `active`) VALUES (\'\', \'\', \'\', \'\')', 0)
 2 SYSTEMPATH\Database\BaseConnection.php(666): CodeIgniter\Database\MySQLi\Connection->execute('INSERT INTO `issue_unit_mapping` (`id`, `uid`, `issue_id`, `active`) VALUES (\'\', \'\', \'\', \'\')')
 3 SYSTEMPATH\Database\BaseConnection.php(593): CodeIgniter\Database\BaseConnection->simpleQuery('INSERT INTO `issue_unit_mapping` (`id`, `uid`, `issue_id`, `active`) VALUES (\'\', \'\', \'\', \'\')')
 4 SYSTEMPATH\Database\BaseBuilder.php(1916): CodeIgniter\Database\BaseConnection->query('INSERT INTO `issue_unit_mapping` (`id`, `uid`, `issue_id`, `active`) VALUES (:id:, :uid:, :issue_id:, :active:)', [...], false)
 5 SYSTEMPATH\Model.php(303): CodeIgniter\Database\BaseBuilder->insert()
 6 SYSTEMPATH\BaseModel.php(750): CodeIgniter\Model->doInsert([...])
 7 SYSTEMPATH\Model.php(695): CodeIgniter\BaseModel->insert([...], false)
 8 SYSTEMPATH\BaseModel.php(660): CodeIgniter\Model->insert([...], false)
 9 APPPATH\Controllers\IssueVsUnitController.php(88): CodeIgniter\BaseModel->save([...])
10 SYSTEMPATH\CodeIgniter.php(925): App\Controllers\IssueVsUnitController->saveIssueVsUnit()
11 SYSTEMPATH\CodeIgniter.php(480): CodeIgniter\CodeIgniter->runController(Object(App\Controllers\IssueVsUnitController))
12 SYSTEMPATH\CodeIgniter.php(349): CodeIgniter\CodeIgniter->handleRequest(null, Object(Config\Cache), false)
13 FCPATH\index.php(67): CodeIgniter\CodeIgniter->run()
ERROR - 2024-02-21 09:40:12 --> Error connecting to the database: mysqli_sql_exception: No connection could be made because the target machine actively refused it in C:\xampp\htdocs\ITHelpDesk\system\Database\MySQLi\Connection.php:171
Stack trace:
#0 C:\xampp\htdocs\ITHelpDesk\system\Database\MySQLi\Connection.php(171): mysqli->real_connect('localhost', 'root', '', 'ithelpdesk', 3306, '', 0)
#1 C:\xampp\htdocs\ITHelpDesk\system\Database\BaseConnection.php(382): CodeIgniter\Database\MySQLi\Connection->connect(false)
#2 C:\xampp\htdocs\ITHelpDesk\system\Database\BaseConnection.php(561): CodeIgniter\Database\BaseConnection->initialize()
#3 C:\xampp\htdocs\ITHelpDesk\system\Database\BaseBuilder.php(1585): CodeIgniter\Database\BaseConnection->query('SELECT *\nFROM `...', Array, false)
#4 C:\xampp\htdocs\ITHelpDesk\system\Model.php(805): CodeIgniter\Database\BaseBuilder->get()
#5 C:\xampp\htdocs\ITHelpDesk\app\Models\UserModel.php(45): CodeIgniter\Model->__call('get', Array)
#6 C:\xampp\htdocs\ITHelpDesk\app\Controllers\Login.php(37): App\Models\UserModel->getUser('chathura')
#7 C:\xampp\htdocs\ITHelpDesk\system\CodeIgniter.php(925): App\Controllers\Login->login()
#8 C:\xampp\htdocs\ITHelpDesk\system\CodeIgniter.php(480): CodeIgniter\CodeIgniter->runController(Object(App\Controllers\Login))
#9 C:\xampp\htdocs\ITHelpDesk\system\CodeIgniter.php(349): CodeIgniter\CodeIgniter->handleRequest(NULL, Object(Config\Cache), false)
#10 C:\xampp\htdocs\ITHelpDesk\public\index.php(67): CodeIgniter\CodeIgniter->run()
#11 {main}

Next CodeIgniter\Database\Exceptions\DatabaseException: No connection could be made because the target machine actively refused it in C:\xampp\htdocs\ITHelpDesk\system\Database\MySQLi\Connection.php:215
Stack trace:
#0 C:\xampp\htdocs\ITHelpDesk\system\Database\BaseConnection.php(382): CodeIgniter\Database\MySQLi\Connection->connect(false)
#1 C:\xampp\htdocs\ITHelpDesk\system\Database\BaseConnection.php(561): CodeIgniter\Database\BaseConnection->initialize()
#2 C:\xampp\htdocs\ITHelpDesk\system\Database\BaseBuilder.php(1585): CodeIgniter\Database\BaseConnection->query('SELECT *\nFROM `...', Array, false)
#3 C:\xampp\htdocs\ITHelpDesk\system\Model.php(805): CodeIgniter\Database\BaseBuilder->get()
#4 C:\xampp\htdocs\ITHelpDesk\app\Models\UserModel.php(45): CodeIgniter\Model->__call('get', Array)
#5 C:\xampp\htdocs\ITHelpDesk\app\Controllers\Login.php(37): App\Models\UserModel->getUser('chathura')
#6 C:\xampp\htdocs\ITHelpDesk\system\CodeIgniter.php(925): App\Controllers\Login->login()
#7 C:\xampp\htdocs\ITHelpDesk\system\CodeIgniter.php(480): CodeIgniter\CodeIgniter->runController(Object(App\Controllers\Login))
#8 C:\xampp\htdocs\ITHelpDesk\system\CodeIgniter.php(349): CodeIgniter\CodeIgniter->handleRequest(NULL, Object(Config\Cache), false)
#9 C:\xampp\htdocs\ITHelpDesk\public\index.php(67): CodeIgniter\CodeIgniter->run()
#10 {main}
CRITICAL - 2024-02-21 09:40:12 --> Unable to connect to the database.
Main connection [MySQLi]: No connection could be made because the target machine actively refused it
in SYSTEMPATH\Database\BaseConnection.php on line 418.
 1 SYSTEMPATH\Database\BaseConnection.php(561): CodeIgniter\Database\BaseConnection->initialize()
 2 SYSTEMPATH\Database\BaseBuilder.php(1585): CodeIgniter\Database\BaseConnection->query('SELECT *
FROM `user_master`
WHERE `user_name` = :user_name:', [...], false)
 3 SYSTEMPATH\Model.php(805): CodeIgniter\Database\BaseBuilder->get()
 4 APPPATH\Models\UserModel.php(45): CodeIgniter\Model->__call('get', [])
 5 APPPATH\Controllers\Login.php(37): App\Models\UserModel->getUser('chathura')
 6 SYSTEMPATH\CodeIgniter.php(925): App\Controllers\Login->login()
 7 SYSTEMPATH\CodeIgniter.php(480): CodeIgniter\CodeIgniter->runController(Object(App\Controllers\Login))
 8 SYSTEMPATH\CodeIgniter.php(349): CodeIgniter\CodeIgniter->handleRequest(null, Object(Config\Cache), false)
 9 FCPATH\index.php(67): CodeIgniter\CodeIgniter->run()
