CRITICAL - 2024-03-21 00:01:30 --> Invalid file: TicketView/EditTicket.php
in SYSTEMPATH\Exceptions\FrameworkException.php on line 33.
 1 SYSTEMPATH\View\View.php(201): CodeIgniter\Exceptions\FrameworkException::forInvalidFile('TicketView/EditTicket.php')
 2 SYSTEMPATH\Common.php(1135): CodeIgniter\View\View->render('TicketView/EditTicket', [], true)
 3 APPPATH\Controllers\TicketController.php(503): view('TicketView/EditTicket', [])
 4 SYSTEMPATH\CodeIgniter.php(925): App\Controllers\TicketController->getselectedtickettomanage('3')
 5 SYSTEMPATH\CodeIgniter.php(480): CodeIgniter\CodeIgniter->runController(Object(App\Controllers\TicketController))
 6 SYSTEMPATH\CodeIgniter.php(349): CodeIgniter\CodeIgniter->handleRequest(null, Object(Config\Cache), false)
 7 FCPATH\index.php(67): CodeIgniter\CodeIgniter->run()
CRITICAL - 2024-03-21 00:01:59 --> Invalid file: TicketView/EditTicket.php
in SYSTEMPATH\Exceptions\FrameworkException.php on line 33.
 1 SYSTEMPATH\View\View.php(201): CodeIgniter\Exceptions\FrameworkException::forInvalidFile('TicketView/EditTicket.php')
 2 SYSTEMPATH\Common.php(1135): CodeIgniter\View\View->render('TicketView/EditTicket', [], true)
 3 APPPATH\Controllers\TicketController.php(503): view('TicketView/EditTicket', [])
 4 SYSTEMPATH\CodeIgniter.php(925): App\Controllers\TicketController->getselectedtickettomanage('3')
 5 SYSTEMPATH\CodeIgniter.php(480): CodeIgniter\CodeIgniter->runController(Object(App\Controllers\TicketController))
 6 SYSTEMPATH\CodeIgniter.php(349): CodeIgniter\CodeIgniter->handleRequest(null, Object(Config\Cache), false)
 7 FCPATH\index.php(67): CodeIgniter\CodeIgniter->run()
CRITICAL - 2024-03-21 00:02:34 --> Invalid file: TicketView/EditTicket.php
in SYSTEMPATH\Exceptions\FrameworkException.php on line 33.
 1 SYSTEMPATH\View\View.php(201): CodeIgniter\Exceptions\FrameworkException::forInvalidFile('TicketView/EditTicket.php')
 2 SYSTEMPATH\Common.php(1135): CodeIgniter\View\View->render('TicketView/EditTicket', [], true)
 3 APPPATH\Controllers\TicketController.php(503): view('TicketView/EditTicket', [])
 4 SYSTEMPATH\CodeIgniter.php(925): App\Controllers\TicketController->getselectedtickettomanage('3')
 5 SYSTEMPATH\CodeIgniter.php(480): CodeIgniter\CodeIgniter->runController(Object(App\Controllers\TicketController))
 6 SYSTEMPATH\CodeIgniter.php(349): CodeIgniter\CodeIgniter->handleRequest(null, Object(Config\Cache), false)
 7 FCPATH\index.php(67): CodeIgniter\CodeIgniter->run()
CRITICAL - 2024-03-21 07:01:30 --> Undefined variable $editticketincedent_category
in APPPATH\Views\TicketView\EditTickets.php on line 349.
 1 APPPATH\Views\TicketView\EditTickets.php(349): CodeIgniter\Debug\Exceptions->errorHandler(2, 'Undefined variable $editticketincedent_category', 'APPPATH\\Views\\TicketView\\EditTickets.php', 349)
 2 SYSTEMPATH\View\View.php(213): include('APPPATH\\Views\\TicketView\\EditTickets.php')
 3 SYSTEMPATH\View\View.php(216): CodeIgniter\View\View->CodeIgniter\View\{closure}()
 4 SYSTEMPATH\Common.php(1135): CodeIgniter\View\View->render('TicketView/EditTickets', [], true)
 5 APPPATH\Controllers\TicketController.php(126): view('TicketView/EditTickets', [...])
 6 SYSTEMPATH\CodeIgniter.php(925): App\Controllers\TicketController->manageticketlist()
 7 SYSTEMPATH\CodeIgniter.php(480): CodeIgniter\CodeIgniter->runController(Object(App\Controllers\TicketController))
 8 SYSTEMPATH\CodeIgniter.php(349): CodeIgniter\CodeIgniter->handleRequest(null, Object(Config\Cache), false)
 9 FCPATH\index.php(67): CodeIgniter\CodeIgniter->run()
CRITICAL - 2024-03-21 07:01:39 --> Undefined variable $editticketincedent_category
in APPPATH\Views\TicketView\EditTickets.php on line 349.
 1 APPPATH\Views\TicketView\EditTickets.php(349): CodeIgniter\Debug\Exceptions->errorHandler(2, 'Undefined variable $editticketincedent_category', 'APPPATH\\Views\\TicketView\\EditTickets.php', 349)
 2 SYSTEMPATH\View\View.php(213): include('APPPATH\\Views\\TicketView\\EditTickets.php')
 3 SYSTEMPATH\View\View.php(216): CodeIgniter\View\View->CodeIgniter\View\{closure}()
 4 SYSTEMPATH\Common.php(1135): CodeIgniter\View\View->render('TicketView/EditTickets', [], true)
 5 APPPATH\Controllers\TicketController.php(126): view('TicketView/EditTickets', [...])
 6 SYSTEMPATH\CodeIgniter.php(925): App\Controllers\TicketController->manageticketlist()
 7 SYSTEMPATH\CodeIgniter.php(480): CodeIgniter\CodeIgniter->runController(Object(App\Controllers\TicketController))
 8 SYSTEMPATH\CodeIgniter.php(349): CodeIgniter\CodeIgniter->handleRequest(null, Object(Config\Cache), false)
 9 FCPATH\index.php(67): CodeIgniter\CodeIgniter->run()
CRITICAL - 2024-03-21 07:01:42 --> Undefined variable $editticketincedent_category
in APPPATH\Views\TicketView\EditTickets.php on line 349.
 1 APPPATH\Views\TicketView\EditTickets.php(349): CodeIgniter\Debug\Exceptions->errorHandler(2, 'Undefined variable $editticketincedent_category', 'APPPATH\\Views\\TicketView\\EditTickets.php', 349)
 2 SYSTEMPATH\View\View.php(213): include('APPPATH\\Views\\TicketView\\EditTickets.php')
 3 SYSTEMPATH\View\View.php(216): CodeIgniter\View\View->CodeIgniter\View\{closure}()
 4 SYSTEMPATH\Common.php(1135): CodeIgniter\View\View->render('TicketView/EditTickets', [], true)
 5 APPPATH\Controllers\TicketController.php(126): view('TicketView/EditTickets', [...])
 6 SYSTEMPATH\CodeIgniter.php(925): App\Controllers\TicketController->manageticketlist()
 7 SYSTEMPATH\CodeIgniter.php(480): CodeIgniter\CodeIgniter->runController(Object(App\Controllers\TicketController))
 8 SYSTEMPATH\CodeIgniter.php(349): CodeIgniter\CodeIgniter->handleRequest(null, Object(Config\Cache), false)
 9 FCPATH\index.php(67): CodeIgniter\CodeIgniter->run()
CRITICAL - 2024-03-21 07:02:29 --> Trying to access array offset on value of type null
in APPPATH\Controllers\TicketController.php on line 198.
 1 APPPATH\Controllers\TicketController.php(198): CodeIgniter\Debug\Exceptions->errorHandler(2, 'Trying to access array offset on value of type null', 'APPPATH\\Controllers\\TicketController.php', 198)
 2 SYSTEMPATH\CodeIgniter.php(925): App\Controllers\TicketController->getsearchedticket('77')
 3 SYSTEMPATH\CodeIgniter.php(480): CodeIgniter\CodeIgniter->runController(Object(App\Controllers\TicketController))
 4 SYSTEMPATH\CodeIgniter.php(349): CodeIgniter\CodeIgniter->handleRequest(null, Object(Config\Cache), false)
 5 FCPATH\index.php(67): CodeIgniter\CodeIgniter->run()
CRITICAL - 2024-03-21 07:06:20 --> Undefined variable $editticketincedent_category
in APPPATH\Views\TicketView\TicketDetails.php on line 349.
 1 APPPATH\Views\TicketView\TicketDetails.php(349): CodeIgniter\Debug\Exceptions->errorHandler(2, 'Undefined variable $editticketincedent_category', 'APPPATH\\Views\\TicketView\\TicketDetails.php', 349)
 2 SYSTEMPATH\View\View.php(213): include('APPPATH\\Views\\TicketView\\TicketDetails.php')
 3 SYSTEMPATH\View\View.php(216): CodeIgniter\View\View->CodeIgniter\View\{closure}()
 4 SYSTEMPATH\Common.php(1135): CodeIgniter\View\View->render('TicketView/TicketDetails', [], true)
 5 APPPATH\Controllers\TicketController.php(303): view('TicketView/TicketDetails', [])
 6 SYSTEMPATH\CodeIgniter.php(925): App\Controllers\TicketController->getsearchedticket('77')
 7 SYSTEMPATH\CodeIgniter.php(480): CodeIgniter\CodeIgniter->runController(Object(App\Controllers\TicketController))
 8 SYSTEMPATH\CodeIgniter.php(349): CodeIgniter\CodeIgniter->handleRequest(null, Object(Config\Cache), false)
 9 FCPATH\index.php(67): CodeIgniter\CodeIgniter->run()
ERROR - 2024-03-21 10:01:56 --> Email: sendWithMail throwed ErrorException: mail(): SMTP server response: 530-5.7.0 Must issue a STARTTLS command first. For more information, go to
530-5.7.0  https://support.google.com/a/answer/3221692 and review RFC 3207
530 5.7.0 specifications. s20-20020a62e714000000b006e4d8687f44sm12542321pfh.102 - gsmtp in D:\XAMPP\htdocs\ITHelpDesk\system\Email\Email.php:1731
Stack trace:
#0 [internal function]: CodeIgniter\Debug\Exceptions->errorHandler(2, 'mail(): SMTP se...', 'D:\\XAMPP\\htdocs...', 1731)
#1 D:\XAMPP\htdocs\ITHelpDesk\system\Email\Email.php(1731): mail('chathura@boc.lk', '=?UTF-8?Q?Test?...', 'This is a multi...', 'Date: Thu, 21 M...', '-f chathuradula...')
#2 D:\XAMPP\htdocs\ITHelpDesk\system\Email\Email.php(1663): CodeIgniter\Email\Email->sendWithMail()
#3 D:\XAMPP\htdocs\ITHelpDesk\system\Email\Email.php(1561): CodeIgniter\Email\Email->spoolEmail()
#4 D:\XAMPP\htdocs\ITHelpDesk\app\Controllers\NotificationController.php(131): CodeIgniter\Email\Email->send()
#5 D:\XAMPP\htdocs\ITHelpDesk\system\CodeIgniter.php(925): App\Controllers\NotificationController->sendEmail()
#6 D:\XAMPP\htdocs\ITHelpDesk\system\CodeIgniter.php(480): CodeIgniter\CodeIgniter->runController(Object(App\Controllers\NotificationController))
#7 D:\XAMPP\htdocs\ITHelpDesk\system\CodeIgniter.php(349): CodeIgniter\CodeIgniter->handleRequest(NULL, Object(Config\Cache), false)
#8 D:\XAMPP\htdocs\ITHelpDesk\public\index.php(67): CodeIgniter\CodeIgniter->run()
#9 {main}
ERROR - 2024-03-21 10:01:56 --> Email: Unable to send email using PHP mail(). Your server might not be configured to send mail using this method.
ERROR - 2024-03-21 10:01:56 --> 
CRITICAL - 2024-03-21 10:27:20 --> Undefined variable $data
in APPPATH\Views\TicketView\EditTickets.php on line 54.
 1 APPPATH\Views\TicketView\EditTickets.php(54): CodeIgniter\Debug\Exceptions->errorHandler(2, 'Undefined variable $data', 'APPPATH\\Views\\TicketView\\EditTickets.php', 54)
 2 SYSTEMPATH\View\View.php(213): include('APPPATH\\Views\\TicketView\\EditTickets.php')
 3 SYSTEMPATH\View\View.php(216): CodeIgniter\View\View->CodeIgniter\View\{closure}()
 4 SYSTEMPATH\Common.php(1135): CodeIgniter\View\View->render('TicketView/EditTickets', [], true)
 5 APPPATH\Controllers\TicketController.php(126): view('TicketView/EditTickets', [...])
 6 SYSTEMPATH\CodeIgniter.php(925): App\Controllers\TicketController->manageticketlist()
 7 SYSTEMPATH\CodeIgniter.php(480): CodeIgniter\CodeIgniter->runController(Object(App\Controllers\TicketController))
 8 SYSTEMPATH\CodeIgniter.php(349): CodeIgniter\CodeIgniter->handleRequest(null, Object(Config\Cache), false)
 9 FCPATH\index.php(67): CodeIgniter\CodeIgniter->run()
CRITICAL - 2024-03-21 10:27:23 --> Undefined variable $data
in APPPATH\Views\TicketView\EditTickets.php on line 54.
 1 APPPATH\Views\TicketView\EditTickets.php(54): CodeIgniter\Debug\Exceptions->errorHandler(2, 'Undefined variable $data', 'APPPATH\\Views\\TicketView\\EditTickets.php', 54)
 2 SYSTEMPATH\View\View.php(213): include('APPPATH\\Views\\TicketView\\EditTickets.php')
 3 SYSTEMPATH\View\View.php(216): CodeIgniter\View\View->CodeIgniter\View\{closure}()
 4 SYSTEMPATH\Common.php(1135): CodeIgniter\View\View->render('TicketView/EditTickets', [], true)
 5 APPPATH\Controllers\TicketController.php(126): view('TicketView/EditTickets', [...])
 6 SYSTEMPATH\CodeIgniter.php(925): App\Controllers\TicketController->manageticketlist()
 7 SYSTEMPATH\CodeIgniter.php(480): CodeIgniter\CodeIgniter->runController(Object(App\Controllers\TicketController))
 8 SYSTEMPATH\CodeIgniter.php(349): CodeIgniter\CodeIgniter->handleRequest(null, Object(Config\Cache), false)
 9 FCPATH\index.php(67): CodeIgniter\CodeIgniter->run()
CRITICAL - 2024-03-21 10:27:27 --> Undefined variable $data
in APPPATH\Views\TicketView\EditTickets.php on line 54.
 1 APPPATH\Views\TicketView\EditTickets.php(54): CodeIgniter\Debug\Exceptions->errorHandler(2, 'Undefined variable $data', 'APPPATH\\Views\\TicketView\\EditTickets.php', 54)
 2 SYSTEMPATH\View\View.php(213): include('APPPATH\\Views\\TicketView\\EditTickets.php')
 3 SYSTEMPATH\View\View.php(216): CodeIgniter\View\View->CodeIgniter\View\{closure}()
 4 SYSTEMPATH\Common.php(1135): CodeIgniter\View\View->render('TicketView/EditTickets', [], true)
 5 APPPATH\Controllers\TicketController.php(126): view('TicketView/EditTickets', [...])
 6 SYSTEMPATH\CodeIgniter.php(925): App\Controllers\TicketController->manageticketlist()
 7 SYSTEMPATH\CodeIgniter.php(480): CodeIgniter\CodeIgniter->runController(Object(App\Controllers\TicketController))
 8 SYSTEMPATH\CodeIgniter.php(349): CodeIgniter\CodeIgniter->handleRequest(null, Object(Config\Cache), false)
 9 FCPATH\index.php(67): CodeIgniter\CodeIgniter->run()
CRITICAL - 2024-03-21 10:27:28 --> Undefined variable $data
in APPPATH\Views\TicketView\EditTickets.php on line 54.
 1 APPPATH\Views\TicketView\EditTickets.php(54): CodeIgniter\Debug\Exceptions->errorHandler(2, 'Undefined variable $data', 'APPPATH\\Views\\TicketView\\EditTickets.php', 54)
 2 SYSTEMPATH\View\View.php(213): include('APPPATH\\Views\\TicketView\\EditTickets.php')
 3 SYSTEMPATH\View\View.php(216): CodeIgniter\View\View->CodeIgniter\View\{closure}()
 4 SYSTEMPATH\Common.php(1135): CodeIgniter\View\View->render('TicketView/EditTickets', [], true)
 5 APPPATH\Controllers\TicketController.php(126): view('TicketView/EditTickets', [...])
 6 SYSTEMPATH\CodeIgniter.php(925): App\Controllers\TicketController->manageticketlist()
 7 SYSTEMPATH\CodeIgniter.php(480): CodeIgniter\CodeIgniter->runController(Object(App\Controllers\TicketController))
 8 SYSTEMPATH\CodeIgniter.php(349): CodeIgniter\CodeIgniter->handleRequest(null, Object(Config\Cache), false)
 9 FCPATH\index.php(67): CodeIgniter\CodeIgniter->run()
CRITICAL - 2024-03-21 10:27:29 --> Undefined variable $data
in APPPATH\Views\TicketView\EditTickets.php on line 54.
 1 APPPATH\Views\TicketView\EditTickets.php(54): CodeIgniter\Debug\Exceptions->errorHandler(2, 'Undefined variable $data', 'APPPATH\\Views\\TicketView\\EditTickets.php', 54)
 2 SYSTEMPATH\View\View.php(213): include('APPPATH\\Views\\TicketView\\EditTickets.php')
 3 SYSTEMPATH\View\View.php(216): CodeIgniter\View\View->CodeIgniter\View\{closure}()
 4 SYSTEMPATH\Common.php(1135): CodeIgniter\View\View->render('TicketView/EditTickets', [], true)
 5 APPPATH\Controllers\TicketController.php(126): view('TicketView/EditTickets', [...])
 6 SYSTEMPATH\CodeIgniter.php(925): App\Controllers\TicketController->manageticketlist()
 7 SYSTEMPATH\CodeIgniter.php(480): CodeIgniter\CodeIgniter->runController(Object(App\Controllers\TicketController))
 8 SYSTEMPATH\CodeIgniter.php(349): CodeIgniter\CodeIgniter->handleRequest(null, Object(Config\Cache), false)
 9 FCPATH\index.php(67): CodeIgniter\CodeIgniter->run()
CRITICAL - 2024-03-21 10:27:30 --> Undefined variable $data
in APPPATH\Views\TicketView\EditTickets.php on line 54.
 1 APPPATH\Views\TicketView\EditTickets.php(54): CodeIgniter\Debug\Exceptions->errorHandler(2, 'Undefined variable $data', 'APPPATH\\Views\\TicketView\\EditTickets.php', 54)
 2 SYSTEMPATH\View\View.php(213): include('APPPATH\\Views\\TicketView\\EditTickets.php')
 3 SYSTEMPATH\View\View.php(216): CodeIgniter\View\View->CodeIgniter\View\{closure}()
 4 SYSTEMPATH\Common.php(1135): CodeIgniter\View\View->render('TicketView/EditTickets', [], true)
 5 APPPATH\Controllers\TicketController.php(126): view('TicketView/EditTickets', [...])
 6 SYSTEMPATH\CodeIgniter.php(925): App\Controllers\TicketController->manageticketlist()
 7 SYSTEMPATH\CodeIgniter.php(480): CodeIgniter\CodeIgniter->runController(Object(App\Controllers\TicketController))
 8 SYSTEMPATH\CodeIgniter.php(349): CodeIgniter\CodeIgniter->handleRequest(null, Object(Config\Cache), false)
 9 FCPATH\index.php(67): CodeIgniter\CodeIgniter->run()
CRITICAL - 2024-03-21 10:27:55 --> Undefined variable $data
in APPPATH\Views\TicketView\EditTickets.php on line 54.
 1 APPPATH\Views\TicketView\EditTickets.php(54): CodeIgniter\Debug\Exceptions->errorHandler(2, 'Undefined variable $data', 'APPPATH\\Views\\TicketView\\EditTickets.php', 54)
 2 SYSTEMPATH\View\View.php(213): include('APPPATH\\Views\\TicketView\\EditTickets.php')
 3 SYSTEMPATH\View\View.php(216): CodeIgniter\View\View->CodeIgniter\View\{closure}()
 4 SYSTEMPATH\Common.php(1135): CodeIgniter\View\View->render('TicketView/EditTickets', [], true)
 5 APPPATH\Controllers\TicketController.php(126): view('TicketView/EditTickets', [...])
 6 SYSTEMPATH\CodeIgniter.php(925): App\Controllers\TicketController->manageticketlist()
 7 SYSTEMPATH\CodeIgniter.php(480): CodeIgniter\CodeIgniter->runController(Object(App\Controllers\TicketController))
 8 SYSTEMPATH\CodeIgniter.php(349): CodeIgniter\CodeIgniter->handleRequest(null, Object(Config\Cache), false)
 9 FCPATH\index.php(67): CodeIgniter\CodeIgniter->run()
CRITICAL - 2024-03-21 10:29:36 --> Undefined variable $data
in APPPATH\Views\TicketView\EditTickets.php on line 54.
 1 APPPATH\Views\TicketView\EditTickets.php(54): CodeIgniter\Debug\Exceptions->errorHandler(2, 'Undefined variable $data', 'APPPATH\\Views\\TicketView\\EditTickets.php', 54)
 2 SYSTEMPATH\View\View.php(213): include('APPPATH\\Views\\TicketView\\EditTickets.php')
 3 SYSTEMPATH\View\View.php(216): CodeIgniter\View\View->CodeIgniter\View\{closure}()
 4 SYSTEMPATH\Common.php(1135): CodeIgniter\View\View->render('TicketView/EditTickets', [], true)
 5 APPPATH\Controllers\TicketController.php(126): view('TicketView/EditTickets')
 6 SYSTEMPATH\CodeIgniter.php(925): App\Controllers\TicketController->manageticketlist()
 7 SYSTEMPATH\CodeIgniter.php(480): CodeIgniter\CodeIgniter->runController(Object(App\Controllers\TicketController))
 8 SYSTEMPATH\CodeIgniter.php(349): CodeIgniter\CodeIgniter->handleRequest(null, Object(Config\Cache), false)
 9 FCPATH\index.php(67): CodeIgniter\CodeIgniter->run()
CRITICAL - 2024-03-21 10:29:37 --> Undefined variable $data
in APPPATH\Views\TicketView\EditTickets.php on line 54.
 1 APPPATH\Views\TicketView\EditTickets.php(54): CodeIgniter\Debug\Exceptions->errorHandler(2, 'Undefined variable $data', 'APPPATH\\Views\\TicketView\\EditTickets.php', 54)
 2 SYSTEMPATH\View\View.php(213): include('APPPATH\\Views\\TicketView\\EditTickets.php')
 3 SYSTEMPATH\View\View.php(216): CodeIgniter\View\View->CodeIgniter\View\{closure}()
 4 SYSTEMPATH\Common.php(1135): CodeIgniter\View\View->render('TicketView/EditTickets', [], true)
 5 APPPATH\Controllers\TicketController.php(126): view('TicketView/EditTickets')
 6 SYSTEMPATH\CodeIgniter.php(925): App\Controllers\TicketController->manageticketlist()
 7 SYSTEMPATH\CodeIgniter.php(480): CodeIgniter\CodeIgniter->runController(Object(App\Controllers\TicketController))
 8 SYSTEMPATH\CodeIgniter.php(349): CodeIgniter\CodeIgniter->handleRequest(null, Object(Config\Cache), false)
 9 FCPATH\index.php(67): CodeIgniter\CodeIgniter->run()
CRITICAL - 2024-03-21 10:29:42 --> Undefined variable $data
in APPPATH\Views\TicketView\EditTickets.php on line 54.
 1 APPPATH\Views\TicketView\EditTickets.php(54): CodeIgniter\Debug\Exceptions->errorHandler(2, 'Undefined variable $data', 'APPPATH\\Views\\TicketView\\EditTickets.php', 54)
 2 SYSTEMPATH\View\View.php(213): include('APPPATH\\Views\\TicketView\\EditTickets.php')
 3 SYSTEMPATH\View\View.php(216): CodeIgniter\View\View->CodeIgniter\View\{closure}()
 4 SYSTEMPATH\Common.php(1135): CodeIgniter\View\View->render('TicketView/EditTickets', [], true)
 5 APPPATH\Controllers\TicketController.php(126): view('TicketView/EditTickets')
 6 SYSTEMPATH\CodeIgniter.php(925): App\Controllers\TicketController->manageticketlist()
 7 SYSTEMPATH\CodeIgniter.php(480): CodeIgniter\CodeIgniter->runController(Object(App\Controllers\TicketController))
 8 SYSTEMPATH\CodeIgniter.php(349): CodeIgniter\CodeIgniter->handleRequest(null, Object(Config\Cache), false)
 9 FCPATH\index.php(67): CodeIgniter\CodeIgniter->run()
CRITICAL - 2024-03-21 11:32:03 --> Undefined variable $fieldValue
in APPPATH\Views\TicketView\AddNewTicket.php on line 21.
 1 APPPATH\Views\TicketView\AddNewTicket.php(21): CodeIgniter\Debug\Exceptions->errorHandler(2, 'Undefined variable $fieldValue', 'APPPATH\\Views\\TicketView\\AddNewTicket.php', 21)
 2 SYSTEMPATH\View\View.php(213): include('APPPATH\\Views\\TicketView\\AddNewTicket.php')
 3 SYSTEMPATH\View\View.php(216): CodeIgniter\View\View->CodeIgniter\View\{closure}()
 4 SYSTEMPATH\Common.php(1135): CodeIgniter\View\View->render('TicketView/AddNewTicket', [], true)
 5 APPPATH\Controllers\TicketController.php(65): view('TicketView/AddNewTicket', [...])
 6 SYSTEMPATH\CodeIgniter.php(925): App\Controllers\TicketController->getticketlisttoadd()
 7 SYSTEMPATH\CodeIgniter.php(480): CodeIgniter\CodeIgniter->runController(Object(App\Controllers\TicketController))
 8 SYSTEMPATH\CodeIgniter.php(349): CodeIgniter\CodeIgniter->handleRequest(null, Object(Config\Cache), false)
 9 FCPATH\index.php(67): CodeIgniter\CodeIgniter->run()
CRITICAL - 2024-03-21 11:32:05 --> Undefined variable $fieldValue
in APPPATH\Views\TicketView\AddNewTicket.php on line 21.
 1 APPPATH\Views\TicketView\AddNewTicket.php(21): CodeIgniter\Debug\Exceptions->errorHandler(2, 'Undefined variable $fieldValue', 'APPPATH\\Views\\TicketView\\AddNewTicket.php', 21)
 2 SYSTEMPATH\View\View.php(213): include('APPPATH\\Views\\TicketView\\AddNewTicket.php')
 3 SYSTEMPATH\View\View.php(216): CodeIgniter\View\View->CodeIgniter\View\{closure}()
 4 SYSTEMPATH\Common.php(1135): CodeIgniter\View\View->render('TicketView/AddNewTicket', [], true)
 5 APPPATH\Controllers\TicketController.php(65): view('TicketView/AddNewTicket', [...])
 6 SYSTEMPATH\CodeIgniter.php(925): App\Controllers\TicketController->getticketlisttoadd()
 7 SYSTEMPATH\CodeIgniter.php(480): CodeIgniter\CodeIgniter->runController(Object(App\Controllers\TicketController))
 8 SYSTEMPATH\CodeIgniter.php(349): CodeIgniter\CodeIgniter->handleRequest(null, Object(Config\Cache), false)
 9 FCPATH\index.php(67): CodeIgniter\CodeIgniter->run()
CRITICAL - 2024-03-21 11:32:06 --> Undefined variable $fieldValue
in APPPATH\Views\TicketView\AddNewTicket.php on line 21.
 1 APPPATH\Views\TicketView\AddNewTicket.php(21): CodeIgniter\Debug\Exceptions->errorHandler(2, 'Undefined variable $fieldValue', 'APPPATH\\Views\\TicketView\\AddNewTicket.php', 21)
 2 SYSTEMPATH\View\View.php(213): include('APPPATH\\Views\\TicketView\\AddNewTicket.php')
 3 SYSTEMPATH\View\View.php(216): CodeIgniter\View\View->CodeIgniter\View\{closure}()
 4 SYSTEMPATH\Common.php(1135): CodeIgniter\View\View->render('TicketView/AddNewTicket', [], true)
 5 APPPATH\Controllers\TicketController.php(65): view('TicketView/AddNewTicket', [...])
 6 SYSTEMPATH\CodeIgniter.php(925): App\Controllers\TicketController->getticketlisttoadd()
 7 SYSTEMPATH\CodeIgniter.php(480): CodeIgniter\CodeIgniter->runController(Object(App\Controllers\TicketController))
 8 SYSTEMPATH\CodeIgniter.php(349): CodeIgniter\CodeIgniter->handleRequest(null, Object(Config\Cache), false)
 9 FCPATH\index.php(67): CodeIgniter\CodeIgniter->run()
CRITICAL - 2024-03-21 11:32:37 --> Undefined variable $fieldValue
in APPPATH\Views\TicketView\AddNewTicket.php on line 21.
 1 APPPATH\Views\TicketView\AddNewTicket.php(21): CodeIgniter\Debug\Exceptions->errorHandler(2, 'Undefined variable $fieldValue', 'APPPATH\\Views\\TicketView\\AddNewTicket.php', 21)
 2 SYSTEMPATH\View\View.php(213): include('APPPATH\\Views\\TicketView\\AddNewTicket.php')
 3 SYSTEMPATH\View\View.php(216): CodeIgniter\View\View->CodeIgniter\View\{closure}()
 4 SYSTEMPATH\Common.php(1135): CodeIgniter\View\View->render('TicketView/AddNewTicket', [], true)
 5 APPPATH\Controllers\TicketController.php(65): view('TicketView/AddNewTicket', [...])
 6 SYSTEMPATH\CodeIgniter.php(925): App\Controllers\TicketController->getticketlisttoadd()
 7 SYSTEMPATH\CodeIgniter.php(480): CodeIgniter\CodeIgniter->runController(Object(App\Controllers\TicketController))
 8 SYSTEMPATH\CodeIgniter.php(349): CodeIgniter\CodeIgniter->handleRequest(null, Object(Config\Cache), false)
 9 FCPATH\index.php(67): CodeIgniter\CodeIgniter->run()
CRITICAL - 2024-03-21 11:32:48 --> Undefined variable $fieldValue
in APPPATH\Views\TicketView\AddNewTicket.php on line 21.
 1 APPPATH\Views\TicketView\AddNewTicket.php(21): CodeIgniter\Debug\Exceptions->errorHandler(2, 'Undefined variable $fieldValue', 'APPPATH\\Views\\TicketView\\AddNewTicket.php', 21)
 2 SYSTEMPATH\View\View.php(213): include('APPPATH\\Views\\TicketView\\AddNewTicket.php')
 3 SYSTEMPATH\View\View.php(216): CodeIgniter\View\View->CodeIgniter\View\{closure}()
 4 SYSTEMPATH\Common.php(1135): CodeIgniter\View\View->render('TicketView/AddNewTicket', [], true)
 5 APPPATH\Controllers\TicketController.php(65): view('TicketView/AddNewTicket', [...])
 6 SYSTEMPATH\CodeIgniter.php(925): App\Controllers\TicketController->getticketlisttoadd()
 7 SYSTEMPATH\CodeIgniter.php(480): CodeIgniter\CodeIgniter->runController(Object(App\Controllers\TicketController))
 8 SYSTEMPATH\CodeIgniter.php(349): CodeIgniter\CodeIgniter->handleRequest(null, Object(Config\Cache), false)
 9 FCPATH\index.php(67): CodeIgniter\CodeIgniter->run()
CRITICAL - 2024-03-21 11:33:55 --> Undefined variable $fieldValue
in APPPATH\Views\TicketView\AddNewTicket.php on line 21.
 1 APPPATH\Views\TicketView\AddNewTicket.php(21): CodeIgniter\Debug\Exceptions->errorHandler(2, 'Undefined variable $fieldValue', 'APPPATH\\Views\\TicketView\\AddNewTicket.php', 21)
 2 SYSTEMPATH\View\View.php(213): include('APPPATH\\Views\\TicketView\\AddNewTicket.php')
 3 SYSTEMPATH\View\View.php(216): CodeIgniter\View\View->CodeIgniter\View\{closure}()
 4 SYSTEMPATH\Common.php(1135): CodeIgniter\View\View->render('TicketView/AddNewTicket', [], true)
 5 APPPATH\Controllers\TicketController.php(67): view('TicketView/AddNewTicket', [...])
 6 SYSTEMPATH\CodeIgniter.php(925): App\Controllers\TicketController->getticketlisttoadd()
 7 SYSTEMPATH\CodeIgniter.php(480): CodeIgniter\CodeIgniter->runController(Object(App\Controllers\TicketController))
 8 SYSTEMPATH\CodeIgniter.php(349): CodeIgniter\CodeIgniter->handleRequest(null, Object(Config\Cache), false)
 9 FCPATH\index.php(67): CodeIgniter\CodeIgniter->run()
CRITICAL - 2024-03-21 11:34:20 --> Undefined variable $fieldValue
in APPPATH\Views\TicketView\AddNewTicket.php on line 21.
 1 APPPATH\Views\TicketView\AddNewTicket.php(21): CodeIgniter\Debug\Exceptions->errorHandler(2, 'Undefined variable $fieldValue', 'APPPATH\\Views\\TicketView\\AddNewTicket.php', 21)
 2 SYSTEMPATH\View\View.php(213): include('APPPATH\\Views\\TicketView\\AddNewTicket.php')
 3 SYSTEMPATH\View\View.php(216): CodeIgniter\View\View->CodeIgniter\View\{closure}()
 4 SYSTEMPATH\Common.php(1135): CodeIgniter\View\View->render('TicketView/AddNewTicket', [], true)
 5 APPPATH\Controllers\TicketController.php(67): view('TicketView/AddNewTicket', [...])
 6 SYSTEMPATH\CodeIgniter.php(925): App\Controllers\TicketController->getticketlisttoadd()
 7 SYSTEMPATH\CodeIgniter.php(480): CodeIgniter\CodeIgniter->runController(Object(App\Controllers\TicketController))
 8 SYSTEMPATH\CodeIgniter.php(349): CodeIgniter\CodeIgniter->handleRequest(null, Object(Config\Cache), false)
 9 FCPATH\index.php(67): CodeIgniter\CodeIgniter->run()
CRITICAL - 2024-03-21 11:45:53 --> Trying to access array offset on value of type null
in APPPATH\Controllers\TicketController.php on line 230.
 1 APPPATH\Controllers\TicketController.php(230): CodeIgniter\Debug\Exceptions->errorHandler(2, 'Trying to access array offset on value of type null', 'APPPATH\\Controllers\\TicketController.php', 230)
 2 SYSTEMPATH\CodeIgniter.php(925): App\Controllers\TicketController->getsearchedticket('16')
 3 SYSTEMPATH\CodeIgniter.php(480): CodeIgniter\CodeIgniter->runController(Object(App\Controllers\TicketController))
 4 SYSTEMPATH\CodeIgniter.php(349): CodeIgniter\CodeIgniter->handleRequest(null, Object(Config\Cache), false)
 5 FCPATH\index.php(67): CodeIgniter\CodeIgniter->run()
CRITICAL - 2024-03-21 11:46:14 --> Trying to access array offset on value of type null
in APPPATH\Controllers\TicketController.php on line 230.
 1 APPPATH\Controllers\TicketController.php(230): CodeIgniter\Debug\Exceptions->errorHandler(2, 'Trying to access array offset on value of type null', 'APPPATH\\Controllers\\TicketController.php', 230)
 2 SYSTEMPATH\CodeIgniter.php(925): App\Controllers\TicketController->getsearchedticket('16')
 3 SYSTEMPATH\CodeIgniter.php(480): CodeIgniter\CodeIgniter->runController(Object(App\Controllers\TicketController))
 4 SYSTEMPATH\CodeIgniter.php(349): CodeIgniter\CodeIgniter->handleRequest(null, Object(Config\Cache), false)
 5 FCPATH\index.php(67): CodeIgniter\CodeIgniter->run()
CRITICAL - 2024-03-21 11:46:23 --> Trying to access array offset on value of type null
in APPPATH\Controllers\TicketController.php on line 230.
 1 APPPATH\Controllers\TicketController.php(230): CodeIgniter\Debug\Exceptions->errorHandler(2, 'Trying to access array offset on value of type null', 'APPPATH\\Controllers\\TicketController.php', 230)
 2 SYSTEMPATH\CodeIgniter.php(925): App\Controllers\TicketController->getsearchedticket('16')
 3 SYSTEMPATH\CodeIgniter.php(480): CodeIgniter\CodeIgniter->runController(Object(App\Controllers\TicketController))
 4 SYSTEMPATH\CodeIgniter.php(349): CodeIgniter\CodeIgniter->handleRequest(null, Object(Config\Cache), false)
 5 FCPATH\index.php(67): CodeIgniter\CodeIgniter->run()
CRITICAL - 2024-03-21 11:49:43 --> Trying to access array offset on value of type null
in APPPATH\Controllers\TicketController.php on line 230.
 1 APPPATH\Controllers\TicketController.php(230): CodeIgniter\Debug\Exceptions->errorHandler(2, 'Trying to access array offset on value of type null', 'APPPATH\\Controllers\\TicketController.php', 230)
 2 SYSTEMPATH\CodeIgniter.php(925): App\Controllers\TicketController->getsearchedticket('16')
 3 SYSTEMPATH\CodeIgniter.php(480): CodeIgniter\CodeIgniter->runController(Object(App\Controllers\TicketController))
 4 SYSTEMPATH\CodeIgniter.php(349): CodeIgniter\CodeIgniter->handleRequest(null, Object(Config\Cache), false)
 5 FCPATH\index.php(67): CodeIgniter\CodeIgniter->run()
CRITICAL - 2024-03-21 11:50:26 --> Trying to access array offset on value of type null
in APPPATH\Controllers\TicketController.php on line 230.
 1 APPPATH\Controllers\TicketController.php(230): CodeIgniter\Debug\Exceptions->errorHandler(2, 'Trying to access array offset on value of type null', 'APPPATH\\Controllers\\TicketController.php', 230)
 2 SYSTEMPATH\CodeIgniter.php(925): App\Controllers\TicketController->getsearchedticket('16')
 3 SYSTEMPATH\CodeIgniter.php(480): CodeIgniter\CodeIgniter->runController(Object(App\Controllers\TicketController))
 4 SYSTEMPATH\CodeIgniter.php(349): CodeIgniter\CodeIgniter->handleRequest(null, Object(Config\Cache), false)
 5 FCPATH\index.php(67): CodeIgniter\CodeIgniter->run()
CRITICAL - 2024-03-21 11:50:31 --> Trying to access array offset on value of type null
in APPPATH\Controllers\TicketController.php on line 230.
 1 APPPATH\Controllers\TicketController.php(230): CodeIgniter\Debug\Exceptions->errorHandler(2, 'Trying to access array offset on value of type null', 'APPPATH\\Controllers\\TicketController.php', 230)
 2 SYSTEMPATH\CodeIgniter.php(925): App\Controllers\TicketController->getsearchedticket('16')
 3 SYSTEMPATH\CodeIgniter.php(480): CodeIgniter\CodeIgniter->runController(Object(App\Controllers\TicketController))
 4 SYSTEMPATH\CodeIgniter.php(349): CodeIgniter\CodeIgniter->handleRequest(null, Object(Config\Cache), false)
 5 FCPATH\index.php(67): CodeIgniter\CodeIgniter->run()
CRITICAL - 2024-03-21 11:51:04 --> Trying to access array offset on value of type null
in APPPATH\Controllers\TicketController.php on line 230.
 1 APPPATH\Controllers\TicketController.php(230): CodeIgniter\Debug\Exceptions->errorHandler(2, 'Trying to access array offset on value of type null', 'APPPATH\\Controllers\\TicketController.php', 230)
 2 SYSTEMPATH\CodeIgniter.php(925): App\Controllers\TicketController->getsearchedticket('16')
 3 SYSTEMPATH\CodeIgniter.php(480): CodeIgniter\CodeIgniter->runController(Object(App\Controllers\TicketController))
 4 SYSTEMPATH\CodeIgniter.php(349): CodeIgniter\CodeIgniter->handleRequest(null, Object(Config\Cache), false)
 5 FCPATH\index.php(67): CodeIgniter\CodeIgniter->run()
CRITICAL - 2024-03-21 11:51:13 --> Trying to access array offset on value of type null
in APPPATH\Controllers\TicketController.php on line 230.
 1 APPPATH\Controllers\TicketController.php(230): CodeIgniter\Debug\Exceptions->errorHandler(2, 'Trying to access array offset on value of type null', 'APPPATH\\Controllers\\TicketController.php', 230)
 2 SYSTEMPATH\CodeIgniter.php(925): App\Controllers\TicketController->getsearchedticket('16')
 3 SYSTEMPATH\CodeIgniter.php(480): CodeIgniter\CodeIgniter->runController(Object(App\Controllers\TicketController))
 4 SYSTEMPATH\CodeIgniter.php(349): CodeIgniter\CodeIgniter->handleRequest(null, Object(Config\Cache), false)
 5 FCPATH\index.php(67): CodeIgniter\CodeIgniter->run()
CRITICAL - 2024-03-21 11:58:33 --> Trying to access array offset on value of type null
in APPPATH\Controllers\TicketController.php on line 230.
 1 APPPATH\Controllers\TicketController.php(230): CodeIgniter\Debug\Exceptions->errorHandler(2, 'Trying to access array offset on value of type null', 'APPPATH\\Controllers\\TicketController.php', 230)
 2 SYSTEMPATH\CodeIgniter.php(925): App\Controllers\TicketController->getsearchedticket('16')
 3 SYSTEMPATH\CodeIgniter.php(480): CodeIgniter\CodeIgniter->runController(Object(App\Controllers\TicketController))
 4 SYSTEMPATH\CodeIgniter.php(349): CodeIgniter\CodeIgniter->handleRequest(null, Object(Config\Cache), false)
 5 FCPATH\index.php(67): CodeIgniter\CodeIgniter->run()
CRITICAL - 2024-03-21 13:23:31 --> foreach() argument must be of type array|object, null given
in APPPATH\Views\TicketView\TicketHistory.php on line 46.
 1 APPPATH\Views\TicketView\TicketHistory.php(46): CodeIgniter\Debug\Exceptions->errorHandler(2, 'foreach() argument must be of type array|object, null given', 'APPPATH\\Views\\TicketView\\TicketHistory.php', 46)
 2 SYSTEMPATH\View\View.php(213): include('APPPATH\\Views\\TicketView\\TicketHistory.php')
 3 SYSTEMPATH\View\View.php(216): CodeIgniter\View\View->CodeIgniter\View\{closure}()
 4 SYSTEMPATH\Common.php(1135): CodeIgniter\View\View->render('TicketView/TicketHistory', [], true)
 5 APPPATH\Controllers\TicketController.php(337): view('TicketView/TicketHistory', [...])
 6 SYSTEMPATH\CodeIgniter.php(925): App\Controllers\TicketController->tickethistory('17')
 7 SYSTEMPATH\CodeIgniter.php(480): CodeIgniter\CodeIgniter->runController(Object(App\Controllers\TicketController))
 8 SYSTEMPATH\CodeIgniter.php(349): CodeIgniter\CodeIgniter->handleRequest(null, Object(Config\Cache), false)
 9 FCPATH\index.php(67): CodeIgniter\CodeIgniter->run()
CRITICAL - 2024-03-21 13:23:35 --> foreach() argument must be of type array|object, null given
in APPPATH\Views\TicketView\TicketHistory.php on line 46.
 1 APPPATH\Views\TicketView\TicketHistory.php(46): CodeIgniter\Debug\Exceptions->errorHandler(2, 'foreach() argument must be of type array|object, null given', 'APPPATH\\Views\\TicketView\\TicketHistory.php', 46)
 2 SYSTEMPATH\View\View.php(213): include('APPPATH\\Views\\TicketView\\TicketHistory.php')
 3 SYSTEMPATH\View\View.php(216): CodeIgniter\View\View->CodeIgniter\View\{closure}()
 4 SYSTEMPATH\Common.php(1135): CodeIgniter\View\View->render('TicketView/TicketHistory', [], true)
 5 APPPATH\Controllers\TicketController.php(337): view('TicketView/TicketHistory', [...])
 6 SYSTEMPATH\CodeIgniter.php(925): App\Controllers\TicketController->tickethistory('17')
 7 SYSTEMPATH\CodeIgniter.php(480): CodeIgniter\CodeIgniter->runController(Object(App\Controllers\TicketController))
 8 SYSTEMPATH\CodeIgniter.php(349): CodeIgniter\CodeIgniter->handleRequest(null, Object(Config\Cache), false)
 9 FCPATH\index.php(67): CodeIgniter\CodeIgniter->run()
CRITICAL - 2024-03-21 20:56:37 --> Undefined variable $suserlist
in APPPATH\Views\TicketView\TicketAssign.php on line 140.
 1 APPPATH\Views\TicketView\TicketAssign.php(140): CodeIgniter\Debug\Exceptions->errorHandler(2, 'Undefined variable $suserlist', 'APPPATH\\Views\\TicketView\\TicketAssign.php', 140)
 2 SYSTEMPATH\View\View.php(213): include('APPPATH\\Views\\TicketView\\TicketAssign.php')
 3 SYSTEMPATH\View\View.php(216): CodeIgniter\View\View->CodeIgniter\View\{closure}()
 4 SYSTEMPATH\Common.php(1135): CodeIgniter\View\View->render('TicketView/TicketAssign', [], true)
 5 APPPATH\Controllers\TicketController.php(373): view('TicketView/TicketAssign', [...])
 6 SYSTEMPATH\CodeIgniter.php(925): App\Controllers\TicketController->ticketAssignList('17')
 7 SYSTEMPATH\CodeIgniter.php(480): CodeIgniter\CodeIgniter->runController(Object(App\Controllers\TicketController))
 8 SYSTEMPATH\CodeIgniter.php(349): CodeIgniter\CodeIgniter->handleRequest(null, Object(Config\Cache), false)
 9 FCPATH\index.php(67): CodeIgniter\CodeIgniter->run()
CRITICAL - 2024-03-21 20:56:48 --> Undefined variable $suserlist
in APPPATH\Views\TicketView\TicketAssign.php on line 140.
 1 APPPATH\Views\TicketView\TicketAssign.php(140): CodeIgniter\Debug\Exceptions->errorHandler(2, 'Undefined variable $suserlist', 'APPPATH\\Views\\TicketView\\TicketAssign.php', 140)
 2 SYSTEMPATH\View\View.php(213): include('APPPATH\\Views\\TicketView\\TicketAssign.php')
 3 SYSTEMPATH\View\View.php(216): CodeIgniter\View\View->CodeIgniter\View\{closure}()
 4 SYSTEMPATH\Common.php(1135): CodeIgniter\View\View->render('TicketView/TicketAssign', [], true)
 5 APPPATH\Controllers\TicketController.php(373): view('TicketView/TicketAssign', [...])
 6 SYSTEMPATH\CodeIgniter.php(925): App\Controllers\TicketController->ticketAssignList('17')
 7 SYSTEMPATH\CodeIgniter.php(480): CodeIgniter\CodeIgniter->runController(Object(App\Controllers\TicketController))
 8 SYSTEMPATH\CodeIgniter.php(349): CodeIgniter\CodeIgniter->handleRequest(null, Object(Config\Cache), false)
 9 FCPATH\index.php(67): CodeIgniter\CodeIgniter->run()
CRITICAL - 2024-03-21 20:57:50 --> Undefined variable $suserlist
in APPPATH\Views\TicketView\TicketAssign.php on line 140.
 1 APPPATH\Views\TicketView\TicketAssign.php(140): CodeIgniter\Debug\Exceptions->errorHandler(2, 'Undefined variable $suserlist', 'APPPATH\\Views\\TicketView\\TicketAssign.php', 140)
 2 SYSTEMPATH\View\View.php(213): include('APPPATH\\Views\\TicketView\\TicketAssign.php')
 3 SYSTEMPATH\View\View.php(216): CodeIgniter\View\View->CodeIgniter\View\{closure}()
 4 SYSTEMPATH\Common.php(1135): CodeIgniter\View\View->render('TicketView/TicketAssign', [], true)
 5 APPPATH\Controllers\TicketController.php(373): view('TicketView/TicketAssign', [...])
 6 SYSTEMPATH\CodeIgniter.php(925): App\Controllers\TicketController->ticketAssignList('17')
 7 SYSTEMPATH\CodeIgniter.php(480): CodeIgniter\CodeIgniter->runController(Object(App\Controllers\TicketController))
 8 SYSTEMPATH\CodeIgniter.php(349): CodeIgniter\CodeIgniter->handleRequest(null, Object(Config\Cache), false)
 9 FCPATH\index.php(67): CodeIgniter\CodeIgniter->run()
CRITICAL - 2024-03-21 20:58:41 --> Undefined variable $suserlist
in APPPATH\Views\TicketView\TicketAssign.php on line 140.
 1 APPPATH\Views\TicketView\TicketAssign.php(140): CodeIgniter\Debug\Exceptions->errorHandler(2, 'Undefined variable $suserlist', 'APPPATH\\Views\\TicketView\\TicketAssign.php', 140)
 2 SYSTEMPATH\View\View.php(213): include('APPPATH\\Views\\TicketView\\TicketAssign.php')
 3 SYSTEMPATH\View\View.php(216): CodeIgniter\View\View->CodeIgniter\View\{closure}()
 4 SYSTEMPATH\Common.php(1135): CodeIgniter\View\View->render('TicketView/TicketAssign', [], true)
 5 APPPATH\Controllers\TicketController.php(373): view('TicketView/TicketAssign', [...])
 6 SYSTEMPATH\CodeIgniter.php(925): App\Controllers\TicketController->ticketAssignList('17')
 7 SYSTEMPATH\CodeIgniter.php(480): CodeIgniter\CodeIgniter->runController(Object(App\Controllers\TicketController))
 8 SYSTEMPATH\CodeIgniter.php(349): CodeIgniter\CodeIgniter->handleRequest(null, Object(Config\Cache), false)
 9 FCPATH\index.php(67): CodeIgniter\CodeIgniter->run()
CRITICAL - 2024-03-21 20:58:53 --> Undefined variable $suserlist
in APPPATH\Views\TicketView\TicketAssign.php on line 140.
 1 APPPATH\Views\TicketView\TicketAssign.php(140): CodeIgniter\Debug\Exceptions->errorHandler(2, 'Undefined variable $suserlist', 'APPPATH\\Views\\TicketView\\TicketAssign.php', 140)
 2 SYSTEMPATH\View\View.php(213): include('APPPATH\\Views\\TicketView\\TicketAssign.php')
 3 SYSTEMPATH\View\View.php(216): CodeIgniter\View\View->CodeIgniter\View\{closure}()
 4 SYSTEMPATH\Common.php(1135): CodeIgniter\View\View->render('TicketView/TicketAssign', [], true)
 5 APPPATH\Controllers\TicketController.php(373): view('TicketView/TicketAssign', [...])
 6 SYSTEMPATH\CodeIgniter.php(925): App\Controllers\TicketController->ticketAssignList('17')
 7 SYSTEMPATH\CodeIgniter.php(480): CodeIgniter\CodeIgniter->runController(Object(App\Controllers\TicketController))
 8 SYSTEMPATH\CodeIgniter.php(349): CodeIgniter\CodeIgniter->handleRequest(null, Object(Config\Cache), false)
 9 FCPATH\index.php(67): CodeIgniter\CodeIgniter->run()
CRITICAL - 2024-03-21 21:00:40 --> Undefined variable $suserlist
in APPPATH\Views\TicketView\TicketAssign.php on line 140.
 1 APPPATH\Views\TicketView\TicketAssign.php(140): CodeIgniter\Debug\Exceptions->errorHandler(2, 'Undefined variable $suserlist', 'APPPATH\\Views\\TicketView\\TicketAssign.php', 140)
 2 SYSTEMPATH\View\View.php(213): include('APPPATH\\Views\\TicketView\\TicketAssign.php')
 3 SYSTEMPATH\View\View.php(216): CodeIgniter\View\View->CodeIgniter\View\{closure}()
 4 SYSTEMPATH\Common.php(1135): CodeIgniter\View\View->render('TicketView/TicketAssign', [], true)
 5 APPPATH\Controllers\TicketController.php(373): view('TicketView/TicketAssign', [...])
 6 SYSTEMPATH\CodeIgniter.php(925): App\Controllers\TicketController->ticketAssignList('17')
 7 SYSTEMPATH\CodeIgniter.php(480): CodeIgniter\CodeIgniter->runController(Object(App\Controllers\TicketController))
 8 SYSTEMPATH\CodeIgniter.php(349): CodeIgniter\CodeIgniter->handleRequest(null, Object(Config\Cache), false)
 9 FCPATH\index.php(67): CodeIgniter\CodeIgniter->run()
CRITICAL - 2024-03-21 21:01:04 --> Undefined variable $suserlist
in APPPATH\Views\TicketView\TicketAssign.php on line 140.
 1 APPPATH\Views\TicketView\TicketAssign.php(140): CodeIgniter\Debug\Exceptions->errorHandler(2, 'Undefined variable $suserlist', 'APPPATH\\Views\\TicketView\\TicketAssign.php', 140)
 2 SYSTEMPATH\View\View.php(213): include('APPPATH\\Views\\TicketView\\TicketAssign.php')
 3 SYSTEMPATH\View\View.php(216): CodeIgniter\View\View->CodeIgniter\View\{closure}()
 4 SYSTEMPATH\Common.php(1135): CodeIgniter\View\View->render('TicketView/TicketAssign', [], true)
 5 APPPATH\Controllers\TicketController.php(373): view('TicketView/TicketAssign', [...])
 6 SYSTEMPATH\CodeIgniter.php(925): App\Controllers\TicketController->ticketAssignList('17')
 7 SYSTEMPATH\CodeIgniter.php(480): CodeIgniter\CodeIgniter->runController(Object(App\Controllers\TicketController))
 8 SYSTEMPATH\CodeIgniter.php(349): CodeIgniter\CodeIgniter->handleRequest(null, Object(Config\Cache), false)
 9 FCPATH\index.php(67): CodeIgniter\CodeIgniter->run()
CRITICAL - 2024-03-21 21:02:56 --> Undefined variable $suserlist
in APPPATH\Views\TicketView\TicketAssign.php on line 140.
 1 APPPATH\Views\TicketView\TicketAssign.php(140): CodeIgniter\Debug\Exceptions->errorHandler(2, 'Undefined variable $suserlist', 'APPPATH\\Views\\TicketView\\TicketAssign.php', 140)
 2 SYSTEMPATH\View\View.php(213): include('APPPATH\\Views\\TicketView\\TicketAssign.php')
 3 SYSTEMPATH\View\View.php(216): CodeIgniter\View\View->CodeIgniter\View\{closure}()
 4 SYSTEMPATH\Common.php(1135): CodeIgniter\View\View->render('TicketView/TicketAssign', [], true)
 5 APPPATH\Controllers\TicketController.php(375): view('TicketView/TicketAssign', [...])
 6 SYSTEMPATH\CodeIgniter.php(925): App\Controllers\TicketController->ticketAssignList('17')
 7 SYSTEMPATH\CodeIgniter.php(480): CodeIgniter\CodeIgniter->runController(Object(App\Controllers\TicketController))
 8 SYSTEMPATH\CodeIgniter.php(349): CodeIgniter\CodeIgniter->handleRequest(null, Object(Config\Cache), false)
 9 FCPATH\index.php(67): CodeIgniter\CodeIgniter->run()
CRITICAL - 2024-03-21 21:03:08 --> Undefined variable $suserlist
in APPPATH\Views\TicketView\TicketAssign.php on line 140.
 1 APPPATH\Views\TicketView\TicketAssign.php(140): CodeIgniter\Debug\Exceptions->errorHandler(2, 'Undefined variable $suserlist', 'APPPATH\\Views\\TicketView\\TicketAssign.php', 140)
 2 SYSTEMPATH\View\View.php(213): include('APPPATH\\Views\\TicketView\\TicketAssign.php')
 3 SYSTEMPATH\View\View.php(216): CodeIgniter\View\View->CodeIgniter\View\{closure}()
 4 SYSTEMPATH\Common.php(1135): CodeIgniter\View\View->render('TicketView/TicketAssign', [], true)
 5 APPPATH\Controllers\TicketController.php(375): view('TicketView/TicketAssign', [...])
 6 SYSTEMPATH\CodeIgniter.php(925): App\Controllers\TicketController->ticketAssignList('17')
 7 SYSTEMPATH\CodeIgniter.php(480): CodeIgniter\CodeIgniter->runController(Object(App\Controllers\TicketController))
 8 SYSTEMPATH\CodeIgniter.php(349): CodeIgniter\CodeIgniter->handleRequest(null, Object(Config\Cache), false)
 9 FCPATH\index.php(67): CodeIgniter\CodeIgniter->run()
CRITICAL - 2024-03-21 21:04:39 --> Undefined variable $suserlist
in APPPATH\Views\TicketView\TicketAssign.php on line 140.
 1 APPPATH\Views\TicketView\TicketAssign.php(140): CodeIgniter\Debug\Exceptions->errorHandler(2, 'Undefined variable $suserlist', 'APPPATH\\Views\\TicketView\\TicketAssign.php', 140)
 2 SYSTEMPATH\View\View.php(213): include('APPPATH\\Views\\TicketView\\TicketAssign.php')
 3 SYSTEMPATH\View\View.php(216): CodeIgniter\View\View->CodeIgniter\View\{closure}()
 4 SYSTEMPATH\Common.php(1135): CodeIgniter\View\View->render('TicketView/TicketAssign', [], true)
 5 APPPATH\Controllers\TicketController.php(373): view('TicketView/TicketAssign', [...])
 6 SYSTEMPATH\CodeIgniter.php(925): App\Controllers\TicketController->ticketAssignList('17')
 7 SYSTEMPATH\CodeIgniter.php(480): CodeIgniter\CodeIgniter->runController(Object(App\Controllers\TicketController))
 8 SYSTEMPATH\CodeIgniter.php(349): CodeIgniter\CodeIgniter->handleRequest(null, Object(Config\Cache), false)
 9 FCPATH\index.php(67): CodeIgniter\CodeIgniter->run()
CRITICAL - 2024-03-21 21:05:06 --> Undefined variable $suserlist
in APPPATH\Views\TicketView\TicketAssign.php on line 140.
 1 APPPATH\Views\TicketView\TicketAssign.php(140): CodeIgniter\Debug\Exceptions->errorHandler(2, 'Undefined variable $suserlist', 'APPPATH\\Views\\TicketView\\TicketAssign.php', 140)
 2 SYSTEMPATH\View\View.php(213): include('APPPATH\\Views\\TicketView\\TicketAssign.php')
 3 SYSTEMPATH\View\View.php(216): CodeIgniter\View\View->CodeIgniter\View\{closure}()
 4 SYSTEMPATH\Common.php(1135): CodeIgniter\View\View->render('TicketView/TicketAssign', [], true)
 5 APPPATH\Controllers\TicketController.php(374): view('TicketView/TicketAssign', [...])
 6 SYSTEMPATH\CodeIgniter.php(925): App\Controllers\TicketController->ticketAssignList('17')
 7 SYSTEMPATH\CodeIgniter.php(480): CodeIgniter\CodeIgniter->runController(Object(App\Controllers\TicketController))
 8 SYSTEMPATH\CodeIgniter.php(349): CodeIgniter\CodeIgniter->handleRequest(null, Object(Config\Cache), false)
 9 FCPATH\index.php(67): CodeIgniter\CodeIgniter->run()
CRITICAL - 2024-03-21 21:05:08 --> Undefined variable $suserlist
in APPPATH\Views\TicketView\TicketAssign.php on line 140.
 1 APPPATH\Views\TicketView\TicketAssign.php(140): CodeIgniter\Debug\Exceptions->errorHandler(2, 'Undefined variable $suserlist', 'APPPATH\\Views\\TicketView\\TicketAssign.php', 140)
 2 SYSTEMPATH\View\View.php(213): include('APPPATH\\Views\\TicketView\\TicketAssign.php')
 3 SYSTEMPATH\View\View.php(216): CodeIgniter\View\View->CodeIgniter\View\{closure}()
 4 SYSTEMPATH\Common.php(1135): CodeIgniter\View\View->render('TicketView/TicketAssign', [], true)
 5 APPPATH\Controllers\TicketController.php(374): view('TicketView/TicketAssign', [...])
 6 SYSTEMPATH\CodeIgniter.php(925): App\Controllers\TicketController->ticketAssignList('17')
 7 SYSTEMPATH\CodeIgniter.php(480): CodeIgniter\CodeIgniter->runController(Object(App\Controllers\TicketController))
 8 SYSTEMPATH\CodeIgniter.php(349): CodeIgniter\CodeIgniter->handleRequest(null, Object(Config\Cache), false)
 9 FCPATH\index.php(67): CodeIgniter\CodeIgniter->run()
CRITICAL - 2024-03-21 21:05:17 --> Undefined variable $suserlist
in APPPATH\Views\TicketView\TicketAssign.php on line 140.
 1 APPPATH\Views\TicketView\TicketAssign.php(140): CodeIgniter\Debug\Exceptions->errorHandler(2, 'Undefined variable $suserlist', 'APPPATH\\Views\\TicketView\\TicketAssign.php', 140)
 2 SYSTEMPATH\View\View.php(213): include('APPPATH\\Views\\TicketView\\TicketAssign.php')
 3 SYSTEMPATH\View\View.php(216): CodeIgniter\View\View->CodeIgniter\View\{closure}()
 4 SYSTEMPATH\Common.php(1135): CodeIgniter\View\View->render('TicketView/TicketAssign', [], true)
 5 APPPATH\Controllers\TicketController.php(374): view('TicketView/TicketAssign', [...])
 6 SYSTEMPATH\CodeIgniter.php(925): App\Controllers\TicketController->ticketAssignList('17')
 7 SYSTEMPATH\CodeIgniter.php(480): CodeIgniter\CodeIgniter->runController(Object(App\Controllers\TicketController))
 8 SYSTEMPATH\CodeIgniter.php(349): CodeIgniter\CodeIgniter->handleRequest(null, Object(Config\Cache), false)
 9 FCPATH\index.php(67): CodeIgniter\CodeIgniter->run()
CRITICAL - 2024-03-21 21:05:20 --> Undefined variable $suserlist
in APPPATH\Views\TicketView\TicketAssign.php on line 140.
 1 APPPATH\Views\TicketView\TicketAssign.php(140): CodeIgniter\Debug\Exceptions->errorHandler(2, 'Undefined variable $suserlist', 'APPPATH\\Views\\TicketView\\TicketAssign.php', 140)
 2 SYSTEMPATH\View\View.php(213): include('APPPATH\\Views\\TicketView\\TicketAssign.php')
 3 SYSTEMPATH\View\View.php(216): CodeIgniter\View\View->CodeIgniter\View\{closure}()
 4 SYSTEMPATH\Common.php(1135): CodeIgniter\View\View->render('TicketView/TicketAssign', [], true)
 5 APPPATH\Controllers\TicketController.php(374): view('TicketView/TicketAssign', [...])
 6 SYSTEMPATH\CodeIgniter.php(925): App\Controllers\TicketController->ticketAssignList('17')
 7 SYSTEMPATH\CodeIgniter.php(480): CodeIgniter\CodeIgniter->runController(Object(App\Controllers\TicketController))
 8 SYSTEMPATH\CodeIgniter.php(349): CodeIgniter\CodeIgniter->handleRequest(null, Object(Config\Cache), false)
 9 FCPATH\index.php(67): CodeIgniter\CodeIgniter->run()
CRITICAL - 2024-03-21 21:06:59 --> Undefined variable $suserlist
in APPPATH\Views\TicketView\TicketAssign.php on line 140.
 1 APPPATH\Views\TicketView\TicketAssign.php(140): CodeIgniter\Debug\Exceptions->errorHandler(2, 'Undefined variable $suserlist', 'APPPATH\\Views\\TicketView\\TicketAssign.php', 140)
 2 SYSTEMPATH\View\View.php(213): include('APPPATH\\Views\\TicketView\\TicketAssign.php')
 3 SYSTEMPATH\View\View.php(216): CodeIgniter\View\View->CodeIgniter\View\{closure}()
 4 SYSTEMPATH\Common.php(1135): CodeIgniter\View\View->render('TicketView/TicketAssign', [], true)
 5 APPPATH\Controllers\TicketController.php(374): view('TicketView/TicketAssign', [...])
 6 SYSTEMPATH\CodeIgniter.php(925): App\Controllers\TicketController->ticketAssignList('17')
 7 SYSTEMPATH\CodeIgniter.php(480): CodeIgniter\CodeIgniter->runController(Object(App\Controllers\TicketController))
 8 SYSTEMPATH\CodeIgniter.php(349): CodeIgniter\CodeIgniter->handleRequest(null, Object(Config\Cache), false)
 9 FCPATH\index.php(67): CodeIgniter\CodeIgniter->run()
CRITICAL - 2024-03-21 21:11:19 --> Undefined variable $suserlist
in APPPATH\Views\TicketView\TicketAssign.php on line 140.
 1 APPPATH\Views\TicketView\TicketAssign.php(140): CodeIgniter\Debug\Exceptions->errorHandler(2, 'Undefined variable $suserlist', 'APPPATH\\Views\\TicketView\\TicketAssign.php', 140)
 2 SYSTEMPATH\View\View.php(213): include('APPPATH\\Views\\TicketView\\TicketAssign.php')
 3 SYSTEMPATH\View\View.php(216): CodeIgniter\View\View->CodeIgniter\View\{closure}()
 4 SYSTEMPATH\Common.php(1135): CodeIgniter\View\View->render('TicketView/TicketAssign', [], true)
 5 APPPATH\Controllers\TicketController.php(374): view('TicketView/TicketAssign', [...])
 6 SYSTEMPATH\CodeIgniter.php(925): App\Controllers\TicketController->ticketAssignList('17')
 7 SYSTEMPATH\CodeIgniter.php(480): CodeIgniter\CodeIgniter->runController(Object(App\Controllers\TicketController))
 8 SYSTEMPATH\CodeIgniter.php(349): CodeIgniter\CodeIgniter->handleRequest(null, Object(Config\Cache), false)
 9 FCPATH\index.php(67): CodeIgniter\CodeIgniter->run()
CRITICAL - 2024-03-21 21:12:09 --> Undefined variable $suserlist
in APPPATH\Views\TicketView\TicketAssign.php on line 140.
 1 APPPATH\Views\TicketView\TicketAssign.php(140): CodeIgniter\Debug\Exceptions->errorHandler(2, 'Undefined variable $suserlist', 'APPPATH\\Views\\TicketView\\TicketAssign.php', 140)
 2 SYSTEMPATH\View\View.php(213): include('APPPATH\\Views\\TicketView\\TicketAssign.php')
 3 SYSTEMPATH\View\View.php(216): CodeIgniter\View\View->CodeIgniter\View\{closure}()
 4 SYSTEMPATH\Common.php(1135): CodeIgniter\View\View->render('TicketView/TicketAssign', [], true)
 5 APPPATH\Controllers\TicketController.php(374): view('TicketView/TicketAssign', [...])
 6 SYSTEMPATH\CodeIgniter.php(925): App\Controllers\TicketController->ticketAssignList('17')
 7 SYSTEMPATH\CodeIgniter.php(480): CodeIgniter\CodeIgniter->runController(Object(App\Controllers\TicketController))
 8 SYSTEMPATH\CodeIgniter.php(349): CodeIgniter\CodeIgniter->handleRequest(null, Object(Config\Cache), false)
 9 FCPATH\index.php(67): CodeIgniter\CodeIgniter->run()
CRITICAL - 2024-03-21 21:13:57 --> Undefined variable $suserlist
in APPPATH\Views\TicketView\TicketAssign.php on line 61.
 1 APPPATH\Views\TicketView\TicketAssign.php(61): CodeIgniter\Debug\Exceptions->errorHandler(2, 'Undefined variable $suserlist', 'APPPATH\\Views\\TicketView\\TicketAssign.php', 61)
 2 SYSTEMPATH\View\View.php(213): include('APPPATH\\Views\\TicketView\\TicketAssign.php')
 3 SYSTEMPATH\View\View.php(216): CodeIgniter\View\View->CodeIgniter\View\{closure}()
 4 SYSTEMPATH\Common.php(1135): CodeIgniter\View\View->render('TicketView/TicketAssign', [], true)
 5 APPPATH\Controllers\TicketController.php(374): view('TicketView/TicketAssign', [...])
 6 SYSTEMPATH\CodeIgniter.php(925): App\Controllers\TicketController->ticketAssignList('17')
 7 SYSTEMPATH\CodeIgniter.php(480): CodeIgniter\CodeIgniter->runController(Object(App\Controllers\TicketController))
 8 SYSTEMPATH\CodeIgniter.php(349): CodeIgniter\CodeIgniter->handleRequest(null, Object(Config\Cache), false)
 9 FCPATH\index.php(67): CodeIgniter\CodeIgniter->run()
CRITICAL - 2024-03-21 21:50:09 --> Call to undefined method App\Models\UserModel::getUser
in SYSTEMPATH\Model.php on line 807.
 1 APPPATH\Controllers\Login.php(51): CodeIgniter\Model->__call('getUser', [...])
 2 SYSTEMPATH\CodeIgniter.php(925): App\Controllers\Login->login()
 3 SYSTEMPATH\CodeIgniter.php(480): CodeIgniter\CodeIgniter->runController(Object(App\Controllers\Login))
 4 SYSTEMPATH\CodeIgniter.php(349): CodeIgniter\CodeIgniter->handleRequest(null, Object(Config\Cache), false)
 5 FCPATH\index.php(67): CodeIgniter\CodeIgniter->run()
CRITICAL - 2024-03-21 21:50:15 --> Call to undefined method App\Models\UserModel::getUser
in SYSTEMPATH\Model.php on line 807.
 1 APPPATH\Controllers\Login.php(51): CodeIgniter\Model->__call('getUser', [...])
 2 SYSTEMPATH\CodeIgniter.php(925): App\Controllers\Login->login()
 3 SYSTEMPATH\CodeIgniter.php(480): CodeIgniter\CodeIgniter->runController(Object(App\Controllers\Login))
 4 SYSTEMPATH\CodeIgniter.php(349): CodeIgniter\CodeIgniter->handleRequest(null, Object(Config\Cache), false)
 5 FCPATH\index.php(67): CodeIgniter\CodeIgniter->run()
CRITICAL - 2024-03-21 21:50:21 --> Call to undefined method App\Models\UserModel::getUser
in SYSTEMPATH\Model.php on line 807.
 1 APPPATH\Controllers\Login.php(51): CodeIgniter\Model->__call('getUser', [...])
 2 SYSTEMPATH\CodeIgniter.php(925): App\Controllers\Login->login()
 3 SYSTEMPATH\CodeIgniter.php(480): CodeIgniter\CodeIgniter->runController(Object(App\Controllers\Login))
 4 SYSTEMPATH\CodeIgniter.php(349): CodeIgniter\CodeIgniter->handleRequest(null, Object(Config\Cache), false)
 5 FCPATH\index.php(67): CodeIgniter\CodeIgniter->run()
CRITICAL - 2024-03-21 21:50:26 --> Call to undefined method App\Models\UserModel::getUser
in SYSTEMPATH\Model.php on line 807.
 1 APPPATH\Controllers\Login.php(51): CodeIgniter\Model->__call('getUser', [...])
 2 SYSTEMPATH\CodeIgniter.php(925): App\Controllers\Login->login()
 3 SYSTEMPATH\CodeIgniter.php(480): CodeIgniter\CodeIgniter->runController(Object(App\Controllers\Login))
 4 SYSTEMPATH\CodeIgniter.php(349): CodeIgniter\CodeIgniter->handleRequest(null, Object(Config\Cache), false)
 5 FCPATH\index.php(67): CodeIgniter\CodeIgniter->run()
CRITICAL - 2024-03-21 21:50:32 --> Call to undefined method App\Models\UserModel::getUser
in SYSTEMPATH\Model.php on line 807.
 1 APPPATH\Controllers\Login.php(51): CodeIgniter\Model->__call('getUser', [...])
 2 SYSTEMPATH\CodeIgniter.php(925): App\Controllers\Login->login()
 3 SYSTEMPATH\CodeIgniter.php(480): CodeIgniter\CodeIgniter->runController(Object(App\Controllers\Login))
 4 SYSTEMPATH\CodeIgniter.php(349): CodeIgniter\CodeIgniter->handleRequest(null, Object(Config\Cache), false)
 5 FCPATH\index.php(67): CodeIgniter\CodeIgniter->run()
CRITICAL - 2024-03-21 21:51:09 --> Call to undefined method App\Models\UserModel::getUser
in SYSTEMPATH\Model.php on line 807.
 1 APPPATH\Controllers\Login.php(51): CodeIgniter\Model->__call('getUser', [...])
 2 SYSTEMPATH\CodeIgniter.php(925): App\Controllers\Login->login()
 3 SYSTEMPATH\CodeIgniter.php(480): CodeIgniter\CodeIgniter->runController(Object(App\Controllers\Login))
 4 SYSTEMPATH\CodeIgniter.php(349): CodeIgniter\CodeIgniter->handleRequest(null, Object(Config\Cache), false)
 5 FCPATH\index.php(67): CodeIgniter\CodeIgniter->run()
CRITICAL - 2024-03-21 21:51:39 --> Call to undefined method App\Models\UserModel::getUser
in SYSTEMPATH\Model.php on line 807.
 1 APPPATH\Controllers\Login.php(51): CodeIgniter\Model->__call('getUser', [...])
 2 SYSTEMPATH\CodeIgniter.php(925): App\Controllers\Login->login()
 3 SYSTEMPATH\CodeIgniter.php(480): CodeIgniter\CodeIgniter->runController(Object(App\Controllers\Login))
 4 SYSTEMPATH\CodeIgniter.php(349): CodeIgniter\CodeIgniter->handleRequest(null, Object(Config\Cache), false)
 5 FCPATH\index.php(67): CodeIgniter\CodeIgniter->run()
CRITICAL - 2024-03-21 21:51:53 --> Call to undefined method App\Models\UserModel::getUser
in SYSTEMPATH\Model.php on line 807.
 1 APPPATH\Controllers\Login.php(51): CodeIgniter\Model->__call('getUser', [...])
 2 SYSTEMPATH\CodeIgniter.php(925): App\Controllers\Login->login()
 3 SYSTEMPATH\CodeIgniter.php(480): CodeIgniter\CodeIgniter->runController(Object(App\Controllers\Login))
 4 SYSTEMPATH\CodeIgniter.php(349): CodeIgniter\CodeIgniter->handleRequest(null, Object(Config\Cache), false)
 5 FCPATH\index.php(67): CodeIgniter\CodeIgniter->run()
CRITICAL - 2024-03-21 21:52:03 --> Call to undefined method App\Models\UserModel::getUser
in SYSTEMPATH\Model.php on line 807.
 1 APPPATH\Controllers\Login.php(51): CodeIgniter\Model->__call('getUser', [...])
 2 SYSTEMPATH\CodeIgniter.php(925): App\Controllers\Login->login()
 3 SYSTEMPATH\CodeIgniter.php(480): CodeIgniter\CodeIgniter->runController(Object(App\Controllers\Login))
 4 SYSTEMPATH\CodeIgniter.php(349): CodeIgniter\CodeIgniter->handleRequest(null, Object(Config\Cache), false)
 5 FCPATH\index.php(67): CodeIgniter\CodeIgniter->run()
CRITICAL - 2024-03-21 21:52:13 --> Call to undefined method App\Models\UserModel::getUser
in SYSTEMPATH\Model.php on line 807.
 1 APPPATH\Controllers\Login.php(51): CodeIgniter\Model->__call('getUser', [...])
 2 SYSTEMPATH\CodeIgniter.php(925): App\Controllers\Login->login()
 3 SYSTEMPATH\CodeIgniter.php(480): CodeIgniter\CodeIgniter->runController(Object(App\Controllers\Login))
 4 SYSTEMPATH\CodeIgniter.php(349): CodeIgniter\CodeIgniter->handleRequest(null, Object(Config\Cache), false)
 5 FCPATH\index.php(67): CodeIgniter\CodeIgniter->run()
ERROR - 2024-03-21 22:05:48 --> Email: sendWithMail throwed ErrorException: mail(): SMTP server response: 530-5.7.0 Must issue a STARTTLS command first. For more information, go to
530-5.7.0  https://support.google.com/a/answer/3221692 and review RFC 3207
530 5.7.0 specifications. b15-20020a056a00114f00b006e7309d9831sm41904pfm.39 - gsmtp in D:\XAMPP\htdocs\ITHelpDesk\system\Email\Email.php:1731
Stack trace:
#0 [internal function]: CodeIgniter\Debug\Exceptions->errorHandler(2, 'mail(): SMTP se...', 'D:\\XAMPP\\htdocs...', 1731)
#1 D:\XAMPP\htdocs\ITHelpDesk\system\Email\Email.php(1731): mail('chathura@boc.lk', '=?UTF-8?Q?Test?...', 'This is a multi...', 'Date: Thu, 21 M...', '-f chathuradula...')
#2 D:\XAMPP\htdocs\ITHelpDesk\system\Email\Email.php(1663): CodeIgniter\Email\Email->sendWithMail()
#3 D:\XAMPP\htdocs\ITHelpDesk\system\Email\Email.php(1561): CodeIgniter\Email\Email->spoolEmail()
#4 D:\XAMPP\htdocs\ITHelpDesk\app\Controllers\NotificationController.php(131): CodeIgniter\Email\Email->send()
#5 D:\XAMPP\htdocs\ITHelpDesk\system\CodeIgniter.php(925): App\Controllers\NotificationController->sendEmail()
#6 D:\XAMPP\htdocs\ITHelpDesk\system\CodeIgniter.php(480): CodeIgniter\CodeIgniter->runController(Object(App\Controllers\NotificationController))
#7 D:\XAMPP\htdocs\ITHelpDesk\system\CodeIgniter.php(349): CodeIgniter\CodeIgniter->handleRequest(NULL, Object(Config\Cache), false)
#8 D:\XAMPP\htdocs\ITHelpDesk\public\index.php(67): CodeIgniter\CodeIgniter->run()
#9 {main}
ERROR - 2024-03-21 22:05:48 --> Email: Unable to send email using PHP mail(). Your server might not be configured to send mail using this method.
ERROR - 2024-03-21 22:05:48 --> 
CRITICAL - 2024-03-21 22:36:36 --> syntax error, unexpected token "else", expecting "function" or "const"
in APPPATH\Controllers\TicketController.php on line 310.
 1 SYSTEMPATH\Autoloader\Autoloader.php(260): CodeIgniter\Autoloader\Autoloader->includeFile('APPPATH\\Controllers\\TicketController.php')
 2 SYSTEMPATH\Autoloader\Autoloader.php(238): CodeIgniter\Autoloader\Autoloader->loadInNamespace('App\\Controllers\\TicketController')
 3 [internal function]: CodeIgniter\Autoloader\Autoloader->loadClass('App\\Controllers\\TicketController')
 4 SYSTEMPATH\CodeIgniter.php(875): class_exists('\\App\\Controllers\\TicketController', true)
 5 SYSTEMPATH\CodeIgniter.php(467): CodeIgniter\CodeIgniter->startController()
 6 SYSTEMPATH\CodeIgniter.php(349): CodeIgniter\CodeIgniter->handleRequest(null, Object(Config\Cache), false)
 7 FCPATH\index.php(67): CodeIgniter\CodeIgniter->run()
CRITICAL - 2024-03-21 22:36:41 --> syntax error, unexpected token "else", expecting "function" or "const"
in APPPATH\Controllers\TicketController.php on line 310.
 1 SYSTEMPATH\Autoloader\Autoloader.php(260): CodeIgniter\Autoloader\Autoloader->includeFile('APPPATH\\Controllers\\TicketController.php')
 2 SYSTEMPATH\Autoloader\Autoloader.php(238): CodeIgniter\Autoloader\Autoloader->loadInNamespace('App\\Controllers\\TicketController')
 3 [internal function]: CodeIgniter\Autoloader\Autoloader->loadClass('App\\Controllers\\TicketController')
 4 SYSTEMPATH\CodeIgniter.php(875): class_exists('\\App\\Controllers\\TicketController', true)
 5 SYSTEMPATH\CodeIgniter.php(467): CodeIgniter\CodeIgniter->startController()
 6 SYSTEMPATH\CodeIgniter.php(349): CodeIgniter\CodeIgniter->handleRequest(null, Object(Config\Cache), false)
 7 FCPATH\index.php(67): CodeIgniter\CodeIgniter->run()
CRITICAL - 2024-03-21 22:46:03 --> Cannot redeclare App\Controllers\TicketController::getselecteticket()
in APPPATH\Controllers\TicketController.php on line 423.
 1 [internal function]: CodeIgniter\Debug\Exceptions->shutdownHandler()
CRITICAL - 2024-03-21 22:49:12 --> Trying to access array offset on value of type null
in APPPATH\Controllers\TicketController.php on line 458.
 1 APPPATH\Controllers\TicketController.php(458): CodeIgniter\Debug\Exceptions->errorHandler(2, 'Trying to access array offset on value of type null', 'APPPATH\\Controllers\\TicketController.php', 458)
 2 SYSTEMPATH\CodeIgniter.php(925): App\Controllers\TicketController->getselectedtickettoedit('13')
 3 SYSTEMPATH\CodeIgniter.php(480): CodeIgniter\CodeIgniter->runController(Object(App\Controllers\TicketController))
 4 SYSTEMPATH\CodeIgniter.php(349): CodeIgniter\CodeIgniter->handleRequest(null, Object(Config\Cache), false)
 5 FCPATH\index.php(67): CodeIgniter\CodeIgniter->run()
CRITICAL - 2024-03-21 23:05:58 --> Trying to access array offset on value of type null
in APPPATH\Controllers\TicketController.php on line 468.
 1 APPPATH\Controllers\TicketController.php(468): CodeIgniter\Debug\Exceptions->errorHandler(2, 'Trying to access array offset on value of type null', 'APPPATH\\Controllers\\TicketController.php', 468)
 2 SYSTEMPATH\CodeIgniter.php(925): App\Controllers\TicketController->getselectedtickettoedit('15')
 3 SYSTEMPATH\CodeIgniter.php(480): CodeIgniter\CodeIgniter->runController(Object(App\Controllers\TicketController))
 4 SYSTEMPATH\CodeIgniter.php(349): CodeIgniter\CodeIgniter->handleRequest(null, Object(Config\Cache), false)
 5 FCPATH\index.php(67): CodeIgniter\CodeIgniter->run()
CRITICAL - 2024-03-21 23:06:07 --> Trying to access array offset on value of type null
in APPPATH\Controllers\TicketController.php on line 468.
 1 APPPATH\Controllers\TicketController.php(468): CodeIgniter\Debug\Exceptions->errorHandler(2, 'Trying to access array offset on value of type null', 'APPPATH\\Controllers\\TicketController.php', 468)
 2 SYSTEMPATH\CodeIgniter.php(925): App\Controllers\TicketController->getselectedtickettoedit('15')
 3 SYSTEMPATH\CodeIgniter.php(480): CodeIgniter\CodeIgniter->runController(Object(App\Controllers\TicketController))
 4 SYSTEMPATH\CodeIgniter.php(349): CodeIgniter\CodeIgniter->handleRequest(null, Object(Config\Cache), false)
 5 FCPATH\index.php(67): CodeIgniter\CodeIgniter->run()
CRITICAL - 2024-03-21 23:06:43 --> Trying to access array offset on value of type null
in APPPATH\Controllers\TicketController.php on line 468.
 1 APPPATH\Controllers\TicketController.php(468): CodeIgniter\Debug\Exceptions->errorHandler(2, 'Trying to access array offset on value of type null', 'APPPATH\\Controllers\\TicketController.php', 468)
 2 SYSTEMPATH\CodeIgniter.php(925): App\Controllers\TicketController->getselectedtickettoedit('14')
 3 SYSTEMPATH\CodeIgniter.php(480): CodeIgniter\CodeIgniter->runController(Object(App\Controllers\TicketController))
 4 SYSTEMPATH\CodeIgniter.php(349): CodeIgniter\CodeIgniter->handleRequest(null, Object(Config\Cache), false)
 5 FCPATH\index.php(67): CodeIgniter\CodeIgniter->run()
CRITICAL - 2024-03-21 23:07:18 --> Trying to access array offset on value of type null
in APPPATH\Controllers\TicketController.php on line 468.
 1 APPPATH\Controllers\TicketController.php(468): CodeIgniter\Debug\Exceptions->errorHandler(2, 'Trying to access array offset on value of type null', 'APPPATH\\Controllers\\TicketController.php', 468)
 2 SYSTEMPATH\CodeIgniter.php(925): App\Controllers\TicketController->getselectedtickettoedit('15')
 3 SYSTEMPATH\CodeIgniter.php(480): CodeIgniter\CodeIgniter->runController(Object(App\Controllers\TicketController))
 4 SYSTEMPATH\CodeIgniter.php(349): CodeIgniter\CodeIgniter->handleRequest(null, Object(Config\Cache), false)
 5 FCPATH\index.php(67): CodeIgniter\CodeIgniter->run()
CRITICAL - 2024-03-21 23:07:33 --> Trying to access array offset on value of type null
in APPPATH\Controllers\TicketController.php on line 468.
 1 APPPATH\Controllers\TicketController.php(468): CodeIgniter\Debug\Exceptions->errorHandler(2, 'Trying to access array offset on value of type null', 'APPPATH\\Controllers\\TicketController.php', 468)
 2 SYSTEMPATH\CodeIgniter.php(925): App\Controllers\TicketController->getselectedtickettoedit('15')
 3 SYSTEMPATH\CodeIgniter.php(480): CodeIgniter\CodeIgniter->runController(Object(App\Controllers\TicketController))
 4 SYSTEMPATH\CodeIgniter.php(349): CodeIgniter\CodeIgniter->handleRequest(null, Object(Config\Cache), false)
 5 FCPATH\index.php(67): CodeIgniter\CodeIgniter->run()
CRITICAL - 2024-03-21 23:08:22 --> Trying to access array offset on value of type null
in APPPATH\Controllers\TicketController.php on line 468.
 1 APPPATH\Controllers\TicketController.php(468): CodeIgniter\Debug\Exceptions->errorHandler(2, 'Trying to access array offset on value of type null', 'APPPATH\\Controllers\\TicketController.php', 468)
 2 SYSTEMPATH\CodeIgniter.php(925): App\Controllers\TicketController->getselectedtickettoedit('15')
 3 SYSTEMPATH\CodeIgniter.php(480): CodeIgniter\CodeIgniter->runController(Object(App\Controllers\TicketController))
 4 SYSTEMPATH\CodeIgniter.php(349): CodeIgniter\CodeIgniter->handleRequest(null, Object(Config\Cache), false)
 5 FCPATH\index.php(67): CodeIgniter\CodeIgniter->run()
CRITICAL - 2024-03-21 23:08:23 --> Trying to access array offset on value of type null
in APPPATH\Controllers\TicketController.php on line 468.
 1 APPPATH\Controllers\TicketController.php(468): CodeIgniter\Debug\Exceptions->errorHandler(2, 'Trying to access array offset on value of type null', 'APPPATH\\Controllers\\TicketController.php', 468)
 2 SYSTEMPATH\CodeIgniter.php(925): App\Controllers\TicketController->getselectedtickettoedit('15')
 3 SYSTEMPATH\CodeIgniter.php(480): CodeIgniter\CodeIgniter->runController(Object(App\Controllers\TicketController))
 4 SYSTEMPATH\CodeIgniter.php(349): CodeIgniter\CodeIgniter->handleRequest(null, Object(Config\Cache), false)
 5 FCPATH\index.php(67): CodeIgniter\CodeIgniter->run()
CRITICAL - 2024-03-21 23:08:27 --> Trying to access array offset on value of type null
in APPPATH\Controllers\TicketController.php on line 468.
 1 APPPATH\Controllers\TicketController.php(468): CodeIgniter\Debug\Exceptions->errorHandler(2, 'Trying to access array offset on value of type null', 'APPPATH\\Controllers\\TicketController.php', 468)
 2 SYSTEMPATH\CodeIgniter.php(925): App\Controllers\TicketController->getselectedtickettoedit('15')
 3 SYSTEMPATH\CodeIgniter.php(480): CodeIgniter\CodeIgniter->runController(Object(App\Controllers\TicketController))
 4 SYSTEMPATH\CodeIgniter.php(349): CodeIgniter\CodeIgniter->handleRequest(null, Object(Config\Cache), false)
 5 FCPATH\index.php(67): CodeIgniter\CodeIgniter->run()
CRITICAL - 2024-03-21 23:08:42 --> Trying to access array offset on value of type null
in APPPATH\Controllers\TicketController.php on line 469.
 1 APPPATH\Controllers\TicketController.php(469): CodeIgniter\Debug\Exceptions->errorHandler(2, 'Trying to access array offset on value of type null', 'APPPATH\\Controllers\\TicketController.php', 469)
 2 SYSTEMPATH\CodeIgniter.php(925): App\Controllers\TicketController->getselectedtickettoedit('15')
 3 SYSTEMPATH\CodeIgniter.php(480): CodeIgniter\CodeIgniter->runController(Object(App\Controllers\TicketController))
 4 SYSTEMPATH\CodeIgniter.php(349): CodeIgniter\CodeIgniter->handleRequest(null, Object(Config\Cache), false)
 5 FCPATH\index.php(67): CodeIgniter\CodeIgniter->run()
CRITICAL - 2024-03-21 23:08:43 --> Trying to access array offset on value of type null
in APPPATH\Controllers\TicketController.php on line 469.
 1 APPPATH\Controllers\TicketController.php(469): CodeIgniter\Debug\Exceptions->errorHandler(2, 'Trying to access array offset on value of type null', 'APPPATH\\Controllers\\TicketController.php', 469)
 2 SYSTEMPATH\CodeIgniter.php(925): App\Controllers\TicketController->getselectedtickettoedit('15')
 3 SYSTEMPATH\CodeIgniter.php(480): CodeIgniter\CodeIgniter->runController(Object(App\Controllers\TicketController))
 4 SYSTEMPATH\CodeIgniter.php(349): CodeIgniter\CodeIgniter->handleRequest(null, Object(Config\Cache), false)
 5 FCPATH\index.php(67): CodeIgniter\CodeIgniter->run()
CRITICAL - 2024-03-21 23:09:03 --> Trying to access array offset on value of type null
in APPPATH\Controllers\TicketController.php on line 470.
 1 APPPATH\Controllers\TicketController.php(470): CodeIgniter\Debug\Exceptions->errorHandler(2, 'Trying to access array offset on value of type null', 'APPPATH\\Controllers\\TicketController.php', 470)
 2 SYSTEMPATH\CodeIgniter.php(925): App\Controllers\TicketController->getselectedtickettoedit('15')
 3 SYSTEMPATH\CodeIgniter.php(480): CodeIgniter\CodeIgniter->runController(Object(App\Controllers\TicketController))
 4 SYSTEMPATH\CodeIgniter.php(349): CodeIgniter\CodeIgniter->handleRequest(null, Object(Config\Cache), false)
 5 FCPATH\index.php(67): CodeIgniter\CodeIgniter->run()
CRITICAL - 2024-03-21 23:09:13 --> Trying to access array offset on value of type null
in APPPATH\Controllers\TicketController.php on line 470.
 1 APPPATH\Controllers\TicketController.php(470): CodeIgniter\Debug\Exceptions->errorHandler(2, 'Trying to access array offset on value of type null', 'APPPATH\\Controllers\\TicketController.php', 470)
 2 SYSTEMPATH\CodeIgniter.php(925): App\Controllers\TicketController->getselectedtickettoedit('15')
 3 SYSTEMPATH\CodeIgniter.php(480): CodeIgniter\CodeIgniter->runController(Object(App\Controllers\TicketController))
 4 SYSTEMPATH\CodeIgniter.php(349): CodeIgniter\CodeIgniter->handleRequest(null, Object(Config\Cache), false)
 5 FCPATH\index.php(67): CodeIgniter\CodeIgniter->run()
CRITICAL - 2024-03-21 23:09:14 --> Trying to access array offset on value of type null
in APPPATH\Controllers\TicketController.php on line 470.
 1 APPPATH\Controllers\TicketController.php(470): CodeIgniter\Debug\Exceptions->errorHandler(2, 'Trying to access array offset on value of type null', 'APPPATH\\Controllers\\TicketController.php', 470)
 2 SYSTEMPATH\CodeIgniter.php(925): App\Controllers\TicketController->getselectedtickettoedit('15')
 3 SYSTEMPATH\CodeIgniter.php(480): CodeIgniter\CodeIgniter->runController(Object(App\Controllers\TicketController))
 4 SYSTEMPATH\CodeIgniter.php(349): CodeIgniter\CodeIgniter->handleRequest(null, Object(Config\Cache), false)
 5 FCPATH\index.php(67): CodeIgniter\CodeIgniter->run()
