CRITICAL - 2023-12-19 10:07:44 --> Cannot redeclare App\Models\RoleModel::getRole()
in APPPATH\Models\RoleModel.php on line 39.
 1 [internal function]: CodeIgniter\Debug\Exceptions->shutdownHandler()
CRITICAL - 2023-12-19 10:07:45 --> Cannot redeclare App\Models\RoleModel::getRole()
in APPPATH\Models\RoleModel.php on line 39.
 1 [internal function]: CodeIgniter\Debug\Exceptions->shutdownHandler()
CRITICAL - 2023-12-19 10:08:41 --> Undefined property: stdClass::$roleid
in APPPATH\Models\RoleModel.php on line 55.
 1 APPPATH\Models\RoleModel.php(55): CodeIgniter\Debug\Exceptions->errorHandler(2, 'Undefined property: stdClass::$roleid', 'APPPATH\\Models\\RoleModel.php', 55)
 2 APPPATH\Controllers\RoleManagementController.php(195): App\Models\RoleModel->getallRole()
 3 SYSTEMPATH\CodeIgniter.php(925): App\Controllers\RoleManagementController->getrole()
 4 SYSTEMPATH\CodeIgniter.php(480): CodeIgniter\CodeIgniter->runController(Object(App\Controllers\RoleManagementController))
 5 SYSTEMPATH\CodeIgniter.php(349): CodeIgniter\CodeIgniter->handleRequest(null, Object(Config\Cache), false)
 6 FCPATH\index.php(67): CodeIgniter\CodeIgniter->run()
CRITICAL - 2023-12-19 10:11:58 --> Undefined property: stdClass::$roleid
in APPPATH\Models\RoleModel.php on line 55.
 1 APPPATH\Models\RoleModel.php(55): CodeIgniter\Debug\Exceptions->errorHandler(2, 'Undefined property: stdClass::$roleid', 'APPPATH\\Models\\RoleModel.php', 55)
 2 APPPATH\Controllers\RoleManagementController.php(195): App\Models\RoleModel->getallRole()
 3 SYSTEMPATH\CodeIgniter.php(925): App\Controllers\RoleManagementController->getrole()
 4 SYSTEMPATH\CodeIgniter.php(480): CodeIgniter\CodeIgniter->runController(Object(App\Controllers\RoleManagementController))
 5 SYSTEMPATH\CodeIgniter.php(349): CodeIgniter\CodeIgniter->handleRequest(null, Object(Config\Cache), false)
 6 FCPATH\index.php(67): CodeIgniter\CodeIgniter->run()
CRITICAL - 2023-12-19 10:12:00 --> Undefined property: stdClass::$roleid
in APPPATH\Models\RoleModel.php on line 55.
 1 APPPATH\Models\RoleModel.php(55): CodeIgniter\Debug\Exceptions->errorHandler(2, 'Undefined property: stdClass::$roleid', 'APPPATH\\Models\\RoleModel.php', 55)
 2 APPPATH\Controllers\RoleManagementController.php(195): App\Models\RoleModel->getallRole()
 3 SYSTEMPATH\CodeIgniter.php(925): App\Controllers\RoleManagementController->getrole()
 4 SYSTEMPATH\CodeIgniter.php(480): CodeIgniter\CodeIgniter->runController(Object(App\Controllers\RoleManagementController))
 5 SYSTEMPATH\CodeIgniter.php(349): CodeIgniter\CodeIgniter->handleRequest(null, Object(Config\Cache), false)
 6 FCPATH\index.php(67): CodeIgniter\CodeIgniter->run()
CRITICAL - 2023-12-19 10:12:12 --> Undefined property: stdClass::$roleid
in APPPATH\Models\RoleModel.php on line 55.
 1 APPPATH\Models\RoleModel.php(55): CodeIgniter\Debug\Exceptions->errorHandler(2, 'Undefined property: stdClass::$roleid', 'APPPATH\\Models\\RoleModel.php', 55)
 2 APPPATH\Controllers\RoleManagementController.php(195): App\Models\RoleModel->getallRole()
 3 SYSTEMPATH\CodeIgniter.php(925): App\Controllers\RoleManagementController->getrole()
 4 SYSTEMPATH\CodeIgniter.php(480): CodeIgniter\CodeIgniter->runController(Object(App\Controllers\RoleManagementController))
 5 SYSTEMPATH\CodeIgniter.php(349): CodeIgniter\CodeIgniter->handleRequest(null, Object(Config\Cache), false)
 6 FCPATH\index.php(67): CodeIgniter\CodeIgniter->run()
CRITICAL - 2023-12-19 10:12:14 --> Undefined property: stdClass::$roleid
in APPPATH\Models\RoleModel.php on line 55.
 1 APPPATH\Models\RoleModel.php(55): CodeIgniter\Debug\Exceptions->errorHandler(2, 'Undefined property: stdClass::$roleid', 'APPPATH\\Models\\RoleModel.php', 55)
 2 APPPATH\Controllers\RoleManagementController.php(195): App\Models\RoleModel->getallRole()
 3 SYSTEMPATH\CodeIgniter.php(925): App\Controllers\RoleManagementController->getrole()
 4 SYSTEMPATH\CodeIgniter.php(480): CodeIgniter\CodeIgniter->runController(Object(App\Controllers\RoleManagementController))
 5 SYSTEMPATH\CodeIgniter.php(349): CodeIgniter\CodeIgniter->handleRequest(null, Object(Config\Cache), false)
 6 FCPATH\index.php(67): CodeIgniter\CodeIgniter->run()
CRITICAL - 2023-12-19 10:13:31 --> Class "App\Controllers\RolepermissionsModel" not found
in APPPATH\Controllers\RoleManagementController.php on line 182.
 1 SYSTEMPATH\CodeIgniter.php(925): App\Controllers\RoleManagementController->getrolegroupaccesslist('1')
 2 SYSTEMPATH\CodeIgniter.php(480): CodeIgniter\CodeIgniter->runController(Object(App\Controllers\RoleManagementController))
 3 SYSTEMPATH\CodeIgniter.php(349): CodeIgniter\CodeIgniter->handleRequest(null, Object(Config\Cache), false)
 4 FCPATH\index.php(67): CodeIgniter\CodeIgniter->run()
CRITICAL - 2023-12-19 10:18:19 --> Class "App\Controllers\RolepermissionsModel" not found
in APPPATH\Controllers\RoleManagementController.php on line 182.
 1 SYSTEMPATH\CodeIgniter.php(925): App\Controllers\RoleManagementController->getrolegroupaccesslist('1')
 2 SYSTEMPATH\CodeIgniter.php(480): CodeIgniter\CodeIgniter->runController(Object(App\Controllers\RoleManagementController))
 3 SYSTEMPATH\CodeIgniter.php(349): CodeIgniter\CodeIgniter->handleRequest(null, Object(Config\Cache), false)
 4 FCPATH\index.php(67): CodeIgniter\CodeIgniter->run()
CRITICAL - 2023-12-19 10:18:20 --> Class "App\Controllers\RolepermissionsModel" not found
in APPPATH\Controllers\RoleManagementController.php on line 182.
 1 SYSTEMPATH\CodeIgniter.php(925): App\Controllers\RoleManagementController->getrolegroupaccesslist('1')
 2 SYSTEMPATH\CodeIgniter.php(480): CodeIgniter\CodeIgniter->runController(Object(App\Controllers\RoleManagementController))
 3 SYSTEMPATH\CodeIgniter.php(349): CodeIgniter\CodeIgniter->handleRequest(null, Object(Config\Cache), false)
 4 FCPATH\index.php(67): CodeIgniter\CodeIgniter->run()
CRITICAL - 2023-12-19 10:18:21 --> Class "App\Controllers\RolepermissionsModel" not found
in APPPATH\Controllers\RoleManagementController.php on line 182.
 1 SYSTEMPATH\CodeIgniter.php(925): App\Controllers\RoleManagementController->getrolegroupaccesslist('1')
 2 SYSTEMPATH\CodeIgniter.php(480): CodeIgniter\CodeIgniter->runController(Object(App\Controllers\RoleManagementController))
 3 SYSTEMPATH\CodeIgniter.php(349): CodeIgniter\CodeIgniter->handleRequest(null, Object(Config\Cache), false)
 4 FCPATH\index.php(67): CodeIgniter\CodeIgniter->run()
CRITICAL - 2023-12-19 10:19:37 --> Class "App\Controllers\RolepermissionsModel" not found
in APPPATH\Controllers\RoleManagementController.php on line 182.
 1 SYSTEMPATH\CodeIgniter.php(925): App\Controllers\RoleManagementController->getrolegroupaccesslist('1')
 2 SYSTEMPATH\CodeIgniter.php(480): CodeIgniter\CodeIgniter->runController(Object(App\Controllers\RoleManagementController))
 3 SYSTEMPATH\CodeIgniter.php(349): CodeIgniter\CodeIgniter->handleRequest(null, Object(Config\Cache), false)
 4 FCPATH\index.php(67): CodeIgniter\CodeIgniter->run()
CRITICAL - 2023-12-19 10:19:38 --> Class "App\Controllers\RolepermissionsModel" not found
in APPPATH\Controllers\RoleManagementController.php on line 182.
 1 SYSTEMPATH\CodeIgniter.php(925): App\Controllers\RoleManagementController->getrolegroupaccesslist('1')
 2 SYSTEMPATH\CodeIgniter.php(480): CodeIgniter\CodeIgniter->runController(Object(App\Controllers\RoleManagementController))
 3 SYSTEMPATH\CodeIgniter.php(349): CodeIgniter\CodeIgniter->handleRequest(null, Object(Config\Cache), false)
 4 FCPATH\index.php(67): CodeIgniter\CodeIgniter->run()
CRITICAL - 2023-12-19 10:19:39 --> Class "App\Controllers\RolepermissionsModel" not found
in APPPATH\Controllers\RoleManagementController.php on line 182.
 1 SYSTEMPATH\CodeIgniter.php(925): App\Controllers\RoleManagementController->getrolegroupaccesslist('1')
 2 SYSTEMPATH\CodeIgniter.php(480): CodeIgniter\CodeIgniter->runController(Object(App\Controllers\RoleManagementController))
 3 SYSTEMPATH\CodeIgniter.php(349): CodeIgniter\CodeIgniter->handleRequest(null, Object(Config\Cache), false)
 4 FCPATH\index.php(67): CodeIgniter\CodeIgniter->run()
ERROR - 2023-12-19 10:21:28 --> mysqli_sql_exception: Table 'ithelpdesk.userrolemaster' doesn't exist in C:\xampp\htdocs\ITHelpDesk\system\Database\MySQLi\Connection.php:292
Stack trace:
#0 C:\xampp\htdocs\ITHelpDesk\system\Database\MySQLi\Connection.php(292): mysqli->query('SELECT `role_pe...', 0)
#1 C:\xampp\htdocs\ITHelpDesk\system\Database\BaseConnection.php(666): CodeIgniter\Database\MySQLi\Connection->execute('SELECT `role_pe...')
#2 C:\xampp\htdocs\ITHelpDesk\system\Database\BaseConnection.php(593): CodeIgniter\Database\BaseConnection->simpleQuery('SELECT `role_pe...')
#3 C:\xampp\htdocs\ITHelpDesk\system\Database\BaseBuilder.php(1585): CodeIgniter\Database\BaseConnection->query('SELECT `role_pe...', Array, false)
#4 C:\xampp\htdocs\ITHelpDesk\app\Models\RolepermissionsModel.php(56): CodeIgniter\Database\BaseBuilder->get()
#5 C:\xampp\htdocs\ITHelpDesk\app\Controllers\RoleManagementController.php(185): App\Models\RolepermissionsModel->getRolePermissions('1')
#6 C:\xampp\htdocs\ITHelpDesk\system\CodeIgniter.php(925): App\Controllers\RoleManagementController->getrolegroupaccesslist('1')
#7 C:\xampp\htdocs\ITHelpDesk\system\CodeIgniter.php(480): CodeIgniter\CodeIgniter->runController(Object(App\Controllers\RoleManagementController))
#8 C:\xampp\htdocs\ITHelpDesk\system\CodeIgniter.php(349): CodeIgniter\CodeIgniter->handleRequest(NULL, Object(Config\Cache), false)
#9 C:\xampp\htdocs\ITHelpDesk\public\index.php(67): CodeIgniter\CodeIgniter->run()
#10 {main}
CRITICAL - 2023-12-19 10:21:28 --> Table 'ithelpdesk.userrolemaster' doesn't exist
in SYSTEMPATH\Database\MySQLi\Connection.php on line 292.
 1 SYSTEMPATH\Database\MySQLi\Connection.php(292): mysqli->query('SELECT `role_permission_mapping`.`id`, `role_permission_mapping`.`role_id`, `role_permission_mapping`.`per_id`, `userrolemaster`.`rolename`, `permissionmaster`.`featurename`, `role_permission_mapping`.`is_access`
FROM `role_permission_mapping`
JOIN `userrolemaster` ON `userrolemaster`.`roleid` = `role_permission_mapping`.`role_id`
JOIN `permissionmaster` ON `permissionmaster`.`id` = `role_permission_mapping`.`per_id`
WHERE `role_permission_mapping`.`role_id` = \'1\'', 0)
 2 SYSTEMPATH\Database\BaseConnection.php(666): CodeIgniter\Database\MySQLi\Connection->execute('SELECT `role_permission_mapping`.`id`, `role_permission_mapping`.`role_id`, `role_permission_mapping`.`per_id`, `userrolemaster`.`rolename`, `permissionmaster`.`featurename`, `role_permission_mapping`.`is_access`
FROM `role_permission_mapping`
JOIN `userrolemaster` ON `userrolemaster`.`roleid` = `role_permission_mapping`.`role_id`
JOIN `permissionmaster` ON `permissionmaster`.`id` = `role_permission_mapping`.`per_id`
WHERE `role_permission_mapping`.`role_id` = \'1\'')
 3 SYSTEMPATH\Database\BaseConnection.php(593): CodeIgniter\Database\BaseConnection->simpleQuery('SELECT `role_permission_mapping`.`id`, `role_permission_mapping`.`role_id`, `role_permission_mapping`.`per_id`, `userrolemaster`.`rolename`, `permissionmaster`.`featurename`, `role_permission_mapping`.`is_access`
FROM `role_permission_mapping`
JOIN `userrolemaster` ON `userrolemaster`.`roleid` = `role_permission_mapping`.`role_id`
JOIN `permissionmaster` ON `permissionmaster`.`id` = `role_permission_mapping`.`per_id`
WHERE `role_permission_mapping`.`role_id` = \'1\'')
 4 SYSTEMPATH\Database\BaseBuilder.php(1585): CodeIgniter\Database\BaseConnection->query('SELECT `role_permission_mapping`.`id`, `role_permission_mapping`.`role_id`, `role_permission_mapping`.`per_id`, `userrolemaster`.`rolename`, `permissionmaster`.`featurename`, `role_permission_mapping`.`is_access`
FROM `role_permission_mapping`
JOIN `userrolemaster` ON `userrolemaster`.`roleid` = `role_permission_mapping`.`role_id`
JOIN `permissionmaster` ON `permissionmaster`.`id` = `role_permission_mapping`.`per_id`
WHERE `role_permission_mapping`.`role_id` = :role_permission_mapping.role_id:', [...], false)
 5 APPPATH\Models\RolepermissionsModel.php(56): CodeIgniter\Database\BaseBuilder->get()
 6 APPPATH\Controllers\RoleManagementController.php(185): App\Models\RolepermissionsModel->getRolePermissions('1')
 7 SYSTEMPATH\CodeIgniter.php(925): App\Controllers\RoleManagementController->getrolegroupaccesslist('1')
 8 SYSTEMPATH\CodeIgniter.php(480): CodeIgniter\CodeIgniter->runController(Object(App\Controllers\RoleManagementController))
 9 SYSTEMPATH\CodeIgniter.php(349): CodeIgniter\CodeIgniter->handleRequest(null, Object(Config\Cache), false)
10 FCPATH\index.php(67): CodeIgniter\CodeIgniter->run()
ERROR - 2023-12-19 10:21:29 --> mysqli_sql_exception: Table 'ithelpdesk.userrolemaster' doesn't exist in C:\xampp\htdocs\ITHelpDesk\system\Database\MySQLi\Connection.php:292
Stack trace:
#0 C:\xampp\htdocs\ITHelpDesk\system\Database\MySQLi\Connection.php(292): mysqli->query('SELECT `role_pe...', 0)
#1 C:\xampp\htdocs\ITHelpDesk\system\Database\BaseConnection.php(666): CodeIgniter\Database\MySQLi\Connection->execute('SELECT `role_pe...')
#2 C:\xampp\htdocs\ITHelpDesk\system\Database\BaseConnection.php(593): CodeIgniter\Database\BaseConnection->simpleQuery('SELECT `role_pe...')
#3 C:\xampp\htdocs\ITHelpDesk\system\Database\BaseBuilder.php(1585): CodeIgniter\Database\BaseConnection->query('SELECT `role_pe...', Array, false)
#4 C:\xampp\htdocs\ITHelpDesk\app\Models\RolepermissionsModel.php(56): CodeIgniter\Database\BaseBuilder->get()
#5 C:\xampp\htdocs\ITHelpDesk\app\Controllers\RoleManagementController.php(185): App\Models\RolepermissionsModel->getRolePermissions('1')
#6 C:\xampp\htdocs\ITHelpDesk\system\CodeIgniter.php(925): App\Controllers\RoleManagementController->getrolegroupaccesslist('1')
#7 C:\xampp\htdocs\ITHelpDesk\system\CodeIgniter.php(480): CodeIgniter\CodeIgniter->runController(Object(App\Controllers\RoleManagementController))
#8 C:\xampp\htdocs\ITHelpDesk\system\CodeIgniter.php(349): CodeIgniter\CodeIgniter->handleRequest(NULL, Object(Config\Cache), false)
#9 C:\xampp\htdocs\ITHelpDesk\public\index.php(67): CodeIgniter\CodeIgniter->run()
#10 {main}
CRITICAL - 2023-12-19 10:21:29 --> Table 'ithelpdesk.userrolemaster' doesn't exist
in SYSTEMPATH\Database\MySQLi\Connection.php on line 292.
 1 SYSTEMPATH\Database\MySQLi\Connection.php(292): mysqli->query('SELECT `role_permission_mapping`.`id`, `role_permission_mapping`.`role_id`, `role_permission_mapping`.`per_id`, `userrolemaster`.`rolename`, `permissionmaster`.`featurename`, `role_permission_mapping`.`is_access`
FROM `role_permission_mapping`
JOIN `userrolemaster` ON `userrolemaster`.`roleid` = `role_permission_mapping`.`role_id`
JOIN `permissionmaster` ON `permissionmaster`.`id` = `role_permission_mapping`.`per_id`
WHERE `role_permission_mapping`.`role_id` = \'1\'', 0)
 2 SYSTEMPATH\Database\BaseConnection.php(666): CodeIgniter\Database\MySQLi\Connection->execute('SELECT `role_permission_mapping`.`id`, `role_permission_mapping`.`role_id`, `role_permission_mapping`.`per_id`, `userrolemaster`.`rolename`, `permissionmaster`.`featurename`, `role_permission_mapping`.`is_access`
FROM `role_permission_mapping`
JOIN `userrolemaster` ON `userrolemaster`.`roleid` = `role_permission_mapping`.`role_id`
JOIN `permissionmaster` ON `permissionmaster`.`id` = `role_permission_mapping`.`per_id`
WHERE `role_permission_mapping`.`role_id` = \'1\'')
 3 SYSTEMPATH\Database\BaseConnection.php(593): CodeIgniter\Database\BaseConnection->simpleQuery('SELECT `role_permission_mapping`.`id`, `role_permission_mapping`.`role_id`, `role_permission_mapping`.`per_id`, `userrolemaster`.`rolename`, `permissionmaster`.`featurename`, `role_permission_mapping`.`is_access`
FROM `role_permission_mapping`
JOIN `userrolemaster` ON `userrolemaster`.`roleid` = `role_permission_mapping`.`role_id`
JOIN `permissionmaster` ON `permissionmaster`.`id` = `role_permission_mapping`.`per_id`
WHERE `role_permission_mapping`.`role_id` = \'1\'')
 4 SYSTEMPATH\Database\BaseBuilder.php(1585): CodeIgniter\Database\BaseConnection->query('SELECT `role_permission_mapping`.`id`, `role_permission_mapping`.`role_id`, `role_permission_mapping`.`per_id`, `userrolemaster`.`rolename`, `permissionmaster`.`featurename`, `role_permission_mapping`.`is_access`
FROM `role_permission_mapping`
JOIN `userrolemaster` ON `userrolemaster`.`roleid` = `role_permission_mapping`.`role_id`
JOIN `permissionmaster` ON `permissionmaster`.`id` = `role_permission_mapping`.`per_id`
WHERE `role_permission_mapping`.`role_id` = :role_permission_mapping.role_id:', [...], false)
 5 APPPATH\Models\RolepermissionsModel.php(56): CodeIgniter\Database\BaseBuilder->get()
 6 APPPATH\Controllers\RoleManagementController.php(185): App\Models\RolepermissionsModel->getRolePermissions('1')
 7 SYSTEMPATH\CodeIgniter.php(925): App\Controllers\RoleManagementController->getrolegroupaccesslist('1')
 8 SYSTEMPATH\CodeIgniter.php(480): CodeIgniter\CodeIgniter->runController(Object(App\Controllers\RoleManagementController))
 9 SYSTEMPATH\CodeIgniter.php(349): CodeIgniter\CodeIgniter->handleRequest(null, Object(Config\Cache), false)
10 FCPATH\index.php(67): CodeIgniter\CodeIgniter->run()
ERROR - 2023-12-19 10:22:21 --> mysqli_sql_exception: Table 'ithelpdesk.userrolemaster' doesn't exist in C:\xampp\htdocs\ITHelpDesk\system\Database\MySQLi\Connection.php:292
Stack trace:
#0 C:\xampp\htdocs\ITHelpDesk\system\Database\MySQLi\Connection.php(292): mysqli->query('SELECT `role_pe...', 0)
#1 C:\xampp\htdocs\ITHelpDesk\system\Database\BaseConnection.php(666): CodeIgniter\Database\MySQLi\Connection->execute('SELECT `role_pe...')
#2 C:\xampp\htdocs\ITHelpDesk\system\Database\BaseConnection.php(593): CodeIgniter\Database\BaseConnection->simpleQuery('SELECT `role_pe...')
#3 C:\xampp\htdocs\ITHelpDesk\system\Database\BaseBuilder.php(1585): CodeIgniter\Database\BaseConnection->query('SELECT `role_pe...', Array, false)
#4 C:\xampp\htdocs\ITHelpDesk\app\Models\RolepermissionsModel.php(56): CodeIgniter\Database\BaseBuilder->get()
#5 C:\xampp\htdocs\ITHelpDesk\app\Controllers\RoleManagementController.php(185): App\Models\RolepermissionsModel->getRolePermissions('1')
#6 C:\xampp\htdocs\ITHelpDesk\system\CodeIgniter.php(925): App\Controllers\RoleManagementController->getrolegroupaccesslist('1')
#7 C:\xampp\htdocs\ITHelpDesk\system\CodeIgniter.php(480): CodeIgniter\CodeIgniter->runController(Object(App\Controllers\RoleManagementController))
#8 C:\xampp\htdocs\ITHelpDesk\system\CodeIgniter.php(349): CodeIgniter\CodeIgniter->handleRequest(NULL, Object(Config\Cache), false)
#9 C:\xampp\htdocs\ITHelpDesk\public\index.php(67): CodeIgniter\CodeIgniter->run()
#10 {main}
CRITICAL - 2023-12-19 10:22:21 --> Table 'ithelpdesk.userrolemaster' doesn't exist
in SYSTEMPATH\Database\MySQLi\Connection.php on line 292.
 1 SYSTEMPATH\Database\MySQLi\Connection.php(292): mysqli->query('SELECT `role_permission_mapping`.`id`, `role_permission_mapping`.`role_id`, `role_permission_mapping`.`per_id`, `user_master`.`rolename`, `permissionmaster`.`featurename`, `role_permission_mapping`.`is_access`
FROM `role_permission_mapping`
JOIN `userrolemaster` ON `userrolemaster`.`roleid` = `role_permission_mapping`.`role_id`
JOIN `permissionmaster` ON `permissionmaster`.`id` = `role_permission_mapping`.`per_id`
WHERE `role_permission_mapping`.`role_id` = \'1\'', 0)
 2 SYSTEMPATH\Database\BaseConnection.php(666): CodeIgniter\Database\MySQLi\Connection->execute('SELECT `role_permission_mapping`.`id`, `role_permission_mapping`.`role_id`, `role_permission_mapping`.`per_id`, `user_master`.`rolename`, `permissionmaster`.`featurename`, `role_permission_mapping`.`is_access`
FROM `role_permission_mapping`
JOIN `userrolemaster` ON `userrolemaster`.`roleid` = `role_permission_mapping`.`role_id`
JOIN `permissionmaster` ON `permissionmaster`.`id` = `role_permission_mapping`.`per_id`
WHERE `role_permission_mapping`.`role_id` = \'1\'')
 3 SYSTEMPATH\Database\BaseConnection.php(593): CodeIgniter\Database\BaseConnection->simpleQuery('SELECT `role_permission_mapping`.`id`, `role_permission_mapping`.`role_id`, `role_permission_mapping`.`per_id`, `user_master`.`rolename`, `permissionmaster`.`featurename`, `role_permission_mapping`.`is_access`
FROM `role_permission_mapping`
JOIN `userrolemaster` ON `userrolemaster`.`roleid` = `role_permission_mapping`.`role_id`
JOIN `permissionmaster` ON `permissionmaster`.`id` = `role_permission_mapping`.`per_id`
WHERE `role_permission_mapping`.`role_id` = \'1\'')
 4 SYSTEMPATH\Database\BaseBuilder.php(1585): CodeIgniter\Database\BaseConnection->query('SELECT `role_permission_mapping`.`id`, `role_permission_mapping`.`role_id`, `role_permission_mapping`.`per_id`, `user_master`.`rolename`, `permissionmaster`.`featurename`, `role_permission_mapping`.`is_access`
FROM `role_permission_mapping`
JOIN `userrolemaster` ON `userrolemaster`.`roleid` = `role_permission_mapping`.`role_id`
JOIN `permissionmaster` ON `permissionmaster`.`id` = `role_permission_mapping`.`per_id`
WHERE `role_permission_mapping`.`role_id` = :role_permission_mapping.role_id:', [...], false)
 5 APPPATH\Models\RolepermissionsModel.php(56): CodeIgniter\Database\BaseBuilder->get()
 6 APPPATH\Controllers\RoleManagementController.php(185): App\Models\RolepermissionsModel->getRolePermissions('1')
 7 SYSTEMPATH\CodeIgniter.php(925): App\Controllers\RoleManagementController->getrolegroupaccesslist('1')
 8 SYSTEMPATH\CodeIgniter.php(480): CodeIgniter\CodeIgniter->runController(Object(App\Controllers\RoleManagementController))
 9 SYSTEMPATH\CodeIgniter.php(349): CodeIgniter\CodeIgniter->handleRequest(null, Object(Config\Cache), false)
10 FCPATH\index.php(67): CodeIgniter\CodeIgniter->run()
ERROR - 2023-12-19 10:22:22 --> mysqli_sql_exception: Table 'ithelpdesk.userrolemaster' doesn't exist in C:\xampp\htdocs\ITHelpDesk\system\Database\MySQLi\Connection.php:292
Stack trace:
#0 C:\xampp\htdocs\ITHelpDesk\system\Database\MySQLi\Connection.php(292): mysqli->query('SELECT `role_pe...', 0)
#1 C:\xampp\htdocs\ITHelpDesk\system\Database\BaseConnection.php(666): CodeIgniter\Database\MySQLi\Connection->execute('SELECT `role_pe...')
#2 C:\xampp\htdocs\ITHelpDesk\system\Database\BaseConnection.php(593): CodeIgniter\Database\BaseConnection->simpleQuery('SELECT `role_pe...')
#3 C:\xampp\htdocs\ITHelpDesk\system\Database\BaseBuilder.php(1585): CodeIgniter\Database\BaseConnection->query('SELECT `role_pe...', Array, false)
#4 C:\xampp\htdocs\ITHelpDesk\app\Models\RolepermissionsModel.php(56): CodeIgniter\Database\BaseBuilder->get()
#5 C:\xampp\htdocs\ITHelpDesk\app\Controllers\RoleManagementController.php(185): App\Models\RolepermissionsModel->getRolePermissions('1')
#6 C:\xampp\htdocs\ITHelpDesk\system\CodeIgniter.php(925): App\Controllers\RoleManagementController->getrolegroupaccesslist('1')
#7 C:\xampp\htdocs\ITHelpDesk\system\CodeIgniter.php(480): CodeIgniter\CodeIgniter->runController(Object(App\Controllers\RoleManagementController))
#8 C:\xampp\htdocs\ITHelpDesk\system\CodeIgniter.php(349): CodeIgniter\CodeIgniter->handleRequest(NULL, Object(Config\Cache), false)
#9 C:\xampp\htdocs\ITHelpDesk\public\index.php(67): CodeIgniter\CodeIgniter->run()
#10 {main}
CRITICAL - 2023-12-19 10:22:22 --> Table 'ithelpdesk.userrolemaster' doesn't exist
in SYSTEMPATH\Database\MySQLi\Connection.php on line 292.
 1 SYSTEMPATH\Database\MySQLi\Connection.php(292): mysqli->query('SELECT `role_permission_mapping`.`id`, `role_permission_mapping`.`role_id`, `role_permission_mapping`.`per_id`, `user_master`.`rolename`, `permissionmaster`.`featurename`, `role_permission_mapping`.`is_access`
FROM `role_permission_mapping`
JOIN `userrolemaster` ON `userrolemaster`.`roleid` = `role_permission_mapping`.`role_id`
JOIN `permissionmaster` ON `permissionmaster`.`id` = `role_permission_mapping`.`per_id`
WHERE `role_permission_mapping`.`role_id` = \'1\'', 0)
 2 SYSTEMPATH\Database\BaseConnection.php(666): CodeIgniter\Database\MySQLi\Connection->execute('SELECT `role_permission_mapping`.`id`, `role_permission_mapping`.`role_id`, `role_permission_mapping`.`per_id`, `user_master`.`rolename`, `permissionmaster`.`featurename`, `role_permission_mapping`.`is_access`
FROM `role_permission_mapping`
JOIN `userrolemaster` ON `userrolemaster`.`roleid` = `role_permission_mapping`.`role_id`
JOIN `permissionmaster` ON `permissionmaster`.`id` = `role_permission_mapping`.`per_id`
WHERE `role_permission_mapping`.`role_id` = \'1\'')
 3 SYSTEMPATH\Database\BaseConnection.php(593): CodeIgniter\Database\BaseConnection->simpleQuery('SELECT `role_permission_mapping`.`id`, `role_permission_mapping`.`role_id`, `role_permission_mapping`.`per_id`, `user_master`.`rolename`, `permissionmaster`.`featurename`, `role_permission_mapping`.`is_access`
FROM `role_permission_mapping`
JOIN `userrolemaster` ON `userrolemaster`.`roleid` = `role_permission_mapping`.`role_id`
JOIN `permissionmaster` ON `permissionmaster`.`id` = `role_permission_mapping`.`per_id`
WHERE `role_permission_mapping`.`role_id` = \'1\'')
 4 SYSTEMPATH\Database\BaseBuilder.php(1585): CodeIgniter\Database\BaseConnection->query('SELECT `role_permission_mapping`.`id`, `role_permission_mapping`.`role_id`, `role_permission_mapping`.`per_id`, `user_master`.`rolename`, `permissionmaster`.`featurename`, `role_permission_mapping`.`is_access`
FROM `role_permission_mapping`
JOIN `userrolemaster` ON `userrolemaster`.`roleid` = `role_permission_mapping`.`role_id`
JOIN `permissionmaster` ON `permissionmaster`.`id` = `role_permission_mapping`.`per_id`
WHERE `role_permission_mapping`.`role_id` = :role_permission_mapping.role_id:', [...], false)
 5 APPPATH\Models\RolepermissionsModel.php(56): CodeIgniter\Database\BaseBuilder->get()
 6 APPPATH\Controllers\RoleManagementController.php(185): App\Models\RolepermissionsModel->getRolePermissions('1')
 7 SYSTEMPATH\CodeIgniter.php(925): App\Controllers\RoleManagementController->getrolegroupaccesslist('1')
 8 SYSTEMPATH\CodeIgniter.php(480): CodeIgniter\CodeIgniter->runController(Object(App\Controllers\RoleManagementController))
 9 SYSTEMPATH\CodeIgniter.php(349): CodeIgniter\CodeIgniter->handleRequest(null, Object(Config\Cache), false)
10 FCPATH\index.php(67): CodeIgniter\CodeIgniter->run()
ERROR - 2023-12-19 10:22:22 --> mysqli_sql_exception: Table 'ithelpdesk.userrolemaster' doesn't exist in C:\xampp\htdocs\ITHelpDesk\system\Database\MySQLi\Connection.php:292
Stack trace:
#0 C:\xampp\htdocs\ITHelpDesk\system\Database\MySQLi\Connection.php(292): mysqli->query('SELECT `role_pe...', 0)
#1 C:\xampp\htdocs\ITHelpDesk\system\Database\BaseConnection.php(666): CodeIgniter\Database\MySQLi\Connection->execute('SELECT `role_pe...')
#2 C:\xampp\htdocs\ITHelpDesk\system\Database\BaseConnection.php(593): CodeIgniter\Database\BaseConnection->simpleQuery('SELECT `role_pe...')
#3 C:\xampp\htdocs\ITHelpDesk\system\Database\BaseBuilder.php(1585): CodeIgniter\Database\BaseConnection->query('SELECT `role_pe...', Array, false)
#4 C:\xampp\htdocs\ITHelpDesk\app\Models\RolepermissionsModel.php(56): CodeIgniter\Database\BaseBuilder->get()
#5 C:\xampp\htdocs\ITHelpDesk\app\Controllers\RoleManagementController.php(185): App\Models\RolepermissionsModel->getRolePermissions('1')
#6 C:\xampp\htdocs\ITHelpDesk\system\CodeIgniter.php(925): App\Controllers\RoleManagementController->getrolegroupaccesslist('1')
#7 C:\xampp\htdocs\ITHelpDesk\system\CodeIgniter.php(480): CodeIgniter\CodeIgniter->runController(Object(App\Controllers\RoleManagementController))
#8 C:\xampp\htdocs\ITHelpDesk\system\CodeIgniter.php(349): CodeIgniter\CodeIgniter->handleRequest(NULL, Object(Config\Cache), false)
#9 C:\xampp\htdocs\ITHelpDesk\public\index.php(67): CodeIgniter\CodeIgniter->run()
#10 {main}
CRITICAL - 2023-12-19 10:22:22 --> Table 'ithelpdesk.userrolemaster' doesn't exist
in SYSTEMPATH\Database\MySQLi\Connection.php on line 292.
 1 SYSTEMPATH\Database\MySQLi\Connection.php(292): mysqli->query('SELECT `role_permission_mapping`.`id`, `role_permission_mapping`.`role_id`, `role_permission_mapping`.`per_id`, `user_master`.`rolename`, `permissionmaster`.`featurename`, `role_permission_mapping`.`is_access`
FROM `role_permission_mapping`
JOIN `userrolemaster` ON `userrolemaster`.`roleid` = `role_permission_mapping`.`role_id`
JOIN `permissionmaster` ON `permissionmaster`.`id` = `role_permission_mapping`.`per_id`
WHERE `role_permission_mapping`.`role_id` = \'1\'', 0)
 2 SYSTEMPATH\Database\BaseConnection.php(666): CodeIgniter\Database\MySQLi\Connection->execute('SELECT `role_permission_mapping`.`id`, `role_permission_mapping`.`role_id`, `role_permission_mapping`.`per_id`, `user_master`.`rolename`, `permissionmaster`.`featurename`, `role_permission_mapping`.`is_access`
FROM `role_permission_mapping`
JOIN `userrolemaster` ON `userrolemaster`.`roleid` = `role_permission_mapping`.`role_id`
JOIN `permissionmaster` ON `permissionmaster`.`id` = `role_permission_mapping`.`per_id`
WHERE `role_permission_mapping`.`role_id` = \'1\'')
 3 SYSTEMPATH\Database\BaseConnection.php(593): CodeIgniter\Database\BaseConnection->simpleQuery('SELECT `role_permission_mapping`.`id`, `role_permission_mapping`.`role_id`, `role_permission_mapping`.`per_id`, `user_master`.`rolename`, `permissionmaster`.`featurename`, `role_permission_mapping`.`is_access`
FROM `role_permission_mapping`
JOIN `userrolemaster` ON `userrolemaster`.`roleid` = `role_permission_mapping`.`role_id`
JOIN `permissionmaster` ON `permissionmaster`.`id` = `role_permission_mapping`.`per_id`
WHERE `role_permission_mapping`.`role_id` = \'1\'')
 4 SYSTEMPATH\Database\BaseBuilder.php(1585): CodeIgniter\Database\BaseConnection->query('SELECT `role_permission_mapping`.`id`, `role_permission_mapping`.`role_id`, `role_permission_mapping`.`per_id`, `user_master`.`rolename`, `permissionmaster`.`featurename`, `role_permission_mapping`.`is_access`
FROM `role_permission_mapping`
JOIN `userrolemaster` ON `userrolemaster`.`roleid` = `role_permission_mapping`.`role_id`
JOIN `permissionmaster` ON `permissionmaster`.`id` = `role_permission_mapping`.`per_id`
WHERE `role_permission_mapping`.`role_id` = :role_permission_mapping.role_id:', [...], false)
 5 APPPATH\Models\RolepermissionsModel.php(56): CodeIgniter\Database\BaseBuilder->get()
 6 APPPATH\Controllers\RoleManagementController.php(185): App\Models\RolepermissionsModel->getRolePermissions('1')
 7 SYSTEMPATH\CodeIgniter.php(925): App\Controllers\RoleManagementController->getrolegroupaccesslist('1')
 8 SYSTEMPATH\CodeIgniter.php(480): CodeIgniter\CodeIgniter->runController(Object(App\Controllers\RoleManagementController))
 9 SYSTEMPATH\CodeIgniter.php(349): CodeIgniter\CodeIgniter->handleRequest(null, Object(Config\Cache), false)
10 FCPATH\index.php(67): CodeIgniter\CodeIgniter->run()
ERROR - 2023-12-19 10:23:19 --> mysqli_sql_exception: Table 'ithelpdesk.userrolemaster' doesn't exist in C:\xampp\htdocs\ITHelpDesk\system\Database\MySQLi\Connection.php:292
Stack trace:
#0 C:\xampp\htdocs\ITHelpDesk\system\Database\MySQLi\Connection.php(292): mysqli->query('SELECT `role_pe...', 0)
#1 C:\xampp\htdocs\ITHelpDesk\system\Database\BaseConnection.php(666): CodeIgniter\Database\MySQLi\Connection->execute('SELECT `role_pe...')
#2 C:\xampp\htdocs\ITHelpDesk\system\Database\BaseConnection.php(593): CodeIgniter\Database\BaseConnection->simpleQuery('SELECT `role_pe...')
#3 C:\xampp\htdocs\ITHelpDesk\system\Database\BaseBuilder.php(1585): CodeIgniter\Database\BaseConnection->query('SELECT `role_pe...', Array, false)
#4 C:\xampp\htdocs\ITHelpDesk\app\Models\RolepermissionsModel.php(56): CodeIgniter\Database\BaseBuilder->get()
#5 C:\xampp\htdocs\ITHelpDesk\app\Controllers\RoleManagementController.php(185): App\Models\RolepermissionsModel->getRolePermissions('1')
#6 C:\xampp\htdocs\ITHelpDesk\system\CodeIgniter.php(925): App\Controllers\RoleManagementController->getrolegroupaccesslist('1')
#7 C:\xampp\htdocs\ITHelpDesk\system\CodeIgniter.php(480): CodeIgniter\CodeIgniter->runController(Object(App\Controllers\RoleManagementController))
#8 C:\xampp\htdocs\ITHelpDesk\system\CodeIgniter.php(349): CodeIgniter\CodeIgniter->handleRequest(NULL, Object(Config\Cache), false)
#9 C:\xampp\htdocs\ITHelpDesk\public\index.php(67): CodeIgniter\CodeIgniter->run()
#10 {main}
CRITICAL - 2023-12-19 10:23:19 --> Table 'ithelpdesk.userrolemaster' doesn't exist
in SYSTEMPATH\Database\MySQLi\Connection.php on line 292.
 1 SYSTEMPATH\Database\MySQLi\Connection.php(292): mysqli->query('SELECT `role_permission_mapping`.`id`, `role_permission_mapping`.`role_id`, `role_permission_mapping`.`per_id`, `user_master`.`rolename`, `permissionmaster`.`featurename`, `role_permission_mapping`.`is_access`
FROM `role_permission_mapping`
JOIN `userrolemaster` ON `userrolemaster`.`roleid` = `role_permission_mapping`.`role_id`
JOIN `permissionmaster` ON `permissionmaster`.`id` = `role_permission_mapping`.`per_id`
WHERE `role_permission_mapping`.`role_id` = \'1\'', 0)
 2 SYSTEMPATH\Database\BaseConnection.php(666): CodeIgniter\Database\MySQLi\Connection->execute('SELECT `role_permission_mapping`.`id`, `role_permission_mapping`.`role_id`, `role_permission_mapping`.`per_id`, `user_master`.`rolename`, `permissionmaster`.`featurename`, `role_permission_mapping`.`is_access`
FROM `role_permission_mapping`
JOIN `userrolemaster` ON `userrolemaster`.`roleid` = `role_permission_mapping`.`role_id`
JOIN `permissionmaster` ON `permissionmaster`.`id` = `role_permission_mapping`.`per_id`
WHERE `role_permission_mapping`.`role_id` = \'1\'')
 3 SYSTEMPATH\Database\BaseConnection.php(593): CodeIgniter\Database\BaseConnection->simpleQuery('SELECT `role_permission_mapping`.`id`, `role_permission_mapping`.`role_id`, `role_permission_mapping`.`per_id`, `user_master`.`rolename`, `permissionmaster`.`featurename`, `role_permission_mapping`.`is_access`
FROM `role_permission_mapping`
JOIN `userrolemaster` ON `userrolemaster`.`roleid` = `role_permission_mapping`.`role_id`
JOIN `permissionmaster` ON `permissionmaster`.`id` = `role_permission_mapping`.`per_id`
WHERE `role_permission_mapping`.`role_id` = \'1\'')
 4 SYSTEMPATH\Database\BaseBuilder.php(1585): CodeIgniter\Database\BaseConnection->query('SELECT `role_permission_mapping`.`id`, `role_permission_mapping`.`role_id`, `role_permission_mapping`.`per_id`, `user_master`.`rolename`, `permissionmaster`.`featurename`, `role_permission_mapping`.`is_access`
FROM `role_permission_mapping`
JOIN `userrolemaster` ON `userrolemaster`.`roleid` = `role_permission_mapping`.`role_id`
JOIN `permissionmaster` ON `permissionmaster`.`id` = `role_permission_mapping`.`per_id`
WHERE `role_permission_mapping`.`role_id` = :role_permission_mapping.role_id:', [...], false)
 5 APPPATH\Models\RolepermissionsModel.php(56): CodeIgniter\Database\BaseBuilder->get()
 6 APPPATH\Controllers\RoleManagementController.php(185): App\Models\RolepermissionsModel->getRolePermissions('1')
 7 SYSTEMPATH\CodeIgniter.php(925): App\Controllers\RoleManagementController->getrolegroupaccesslist('1')
 8 SYSTEMPATH\CodeIgniter.php(480): CodeIgniter\CodeIgniter->runController(Object(App\Controllers\RoleManagementController))
 9 SYSTEMPATH\CodeIgniter.php(349): CodeIgniter\CodeIgniter->handleRequest(null, Object(Config\Cache), false)
10 FCPATH\index.php(67): CodeIgniter\CodeIgniter->run()
ERROR - 2023-12-19 10:23:51 --> mysqli_sql_exception: Table 'ithelpdesk.permissionmaster' doesn't exist in C:\xampp\htdocs\ITHelpDesk\system\Database\MySQLi\Connection.php:292
Stack trace:
#0 C:\xampp\htdocs\ITHelpDesk\system\Database\MySQLi\Connection.php(292): mysqli->query('SELECT `role_pe...', 0)
#1 C:\xampp\htdocs\ITHelpDesk\system\Database\BaseConnection.php(666): CodeIgniter\Database\MySQLi\Connection->execute('SELECT `role_pe...')
#2 C:\xampp\htdocs\ITHelpDesk\system\Database\BaseConnection.php(593): CodeIgniter\Database\BaseConnection->simpleQuery('SELECT `role_pe...')
#3 C:\xampp\htdocs\ITHelpDesk\system\Database\BaseBuilder.php(1585): CodeIgniter\Database\BaseConnection->query('SELECT `role_pe...', Array, false)
#4 C:\xampp\htdocs\ITHelpDesk\app\Models\RolepermissionsModel.php(56): CodeIgniter\Database\BaseBuilder->get()
#5 C:\xampp\htdocs\ITHelpDesk\app\Controllers\RoleManagementController.php(185): App\Models\RolepermissionsModel->getRolePermissions('1')
#6 C:\xampp\htdocs\ITHelpDesk\system\CodeIgniter.php(925): App\Controllers\RoleManagementController->getrolegroupaccesslist('1')
#7 C:\xampp\htdocs\ITHelpDesk\system\CodeIgniter.php(480): CodeIgniter\CodeIgniter->runController(Object(App\Controllers\RoleManagementController))
#8 C:\xampp\htdocs\ITHelpDesk\system\CodeIgniter.php(349): CodeIgniter\CodeIgniter->handleRequest(NULL, Object(Config\Cache), false)
#9 C:\xampp\htdocs\ITHelpDesk\public\index.php(67): CodeIgniter\CodeIgniter->run()
#10 {main}
CRITICAL - 2023-12-19 10:23:51 --> Table 'ithelpdesk.permissionmaster' doesn't exist
in SYSTEMPATH\Database\MySQLi\Connection.php on line 292.
 1 SYSTEMPATH\Database\MySQLi\Connection.php(292): mysqli->query('SELECT `role_permission_mapping`.`id`, `role_permission_mapping`.`role_id`, `role_permission_mapping`.`per_id`, `user_master`.`rolename`, `permissionmaster`.`featurename`, `role_permission_mapping`.`is_access`
FROM `role_permission_mapping`
JOIN `user_master` ON `user_master`.`roleid` = `role_permission_mapping`.`role_id`
JOIN `permissionmaster` ON `permissionmaster`.`id` = `role_permission_mapping`.`per_id`
WHERE `role_permission_mapping`.`role_id` = \'1\'', 0)
 2 SYSTEMPATH\Database\BaseConnection.php(666): CodeIgniter\Database\MySQLi\Connection->execute('SELECT `role_permission_mapping`.`id`, `role_permission_mapping`.`role_id`, `role_permission_mapping`.`per_id`, `user_master`.`rolename`, `permissionmaster`.`featurename`, `role_permission_mapping`.`is_access`
FROM `role_permission_mapping`
JOIN `user_master` ON `user_master`.`roleid` = `role_permission_mapping`.`role_id`
JOIN `permissionmaster` ON `permissionmaster`.`id` = `role_permission_mapping`.`per_id`
WHERE `role_permission_mapping`.`role_id` = \'1\'')
 3 SYSTEMPATH\Database\BaseConnection.php(593): CodeIgniter\Database\BaseConnection->simpleQuery('SELECT `role_permission_mapping`.`id`, `role_permission_mapping`.`role_id`, `role_permission_mapping`.`per_id`, `user_master`.`rolename`, `permissionmaster`.`featurename`, `role_permission_mapping`.`is_access`
FROM `role_permission_mapping`
JOIN `user_master` ON `user_master`.`roleid` = `role_permission_mapping`.`role_id`
JOIN `permissionmaster` ON `permissionmaster`.`id` = `role_permission_mapping`.`per_id`
WHERE `role_permission_mapping`.`role_id` = \'1\'')
 4 SYSTEMPATH\Database\BaseBuilder.php(1585): CodeIgniter\Database\BaseConnection->query('SELECT `role_permission_mapping`.`id`, `role_permission_mapping`.`role_id`, `role_permission_mapping`.`per_id`, `user_master`.`rolename`, `permissionmaster`.`featurename`, `role_permission_mapping`.`is_access`
FROM `role_permission_mapping`
JOIN `user_master` ON `user_master`.`roleid` = `role_permission_mapping`.`role_id`
JOIN `permissionmaster` ON `permissionmaster`.`id` = `role_permission_mapping`.`per_id`
WHERE `role_permission_mapping`.`role_id` = :role_permission_mapping.role_id:', [...], false)
 5 APPPATH\Models\RolepermissionsModel.php(56): CodeIgniter\Database\BaseBuilder->get()
 6 APPPATH\Controllers\RoleManagementController.php(185): App\Models\RolepermissionsModel->getRolePermissions('1')
 7 SYSTEMPATH\CodeIgniter.php(925): App\Controllers\RoleManagementController->getrolegroupaccesslist('1')
 8 SYSTEMPATH\CodeIgniter.php(480): CodeIgniter\CodeIgniter->runController(Object(App\Controllers\RoleManagementController))
 9 SYSTEMPATH\CodeIgniter.php(349): CodeIgniter\CodeIgniter->handleRequest(null, Object(Config\Cache), false)
10 FCPATH\index.php(67): CodeIgniter\CodeIgniter->run()
ERROR - 2023-12-19 10:23:52 --> mysqli_sql_exception: Table 'ithelpdesk.permissionmaster' doesn't exist in C:\xampp\htdocs\ITHelpDesk\system\Database\MySQLi\Connection.php:292
Stack trace:
#0 C:\xampp\htdocs\ITHelpDesk\system\Database\MySQLi\Connection.php(292): mysqli->query('SELECT `role_pe...', 0)
#1 C:\xampp\htdocs\ITHelpDesk\system\Database\BaseConnection.php(666): CodeIgniter\Database\MySQLi\Connection->execute('SELECT `role_pe...')
#2 C:\xampp\htdocs\ITHelpDesk\system\Database\BaseConnection.php(593): CodeIgniter\Database\BaseConnection->simpleQuery('SELECT `role_pe...')
#3 C:\xampp\htdocs\ITHelpDesk\system\Database\BaseBuilder.php(1585): CodeIgniter\Database\BaseConnection->query('SELECT `role_pe...', Array, false)
#4 C:\xampp\htdocs\ITHelpDesk\app\Models\RolepermissionsModel.php(56): CodeIgniter\Database\BaseBuilder->get()
#5 C:\xampp\htdocs\ITHelpDesk\app\Controllers\RoleManagementController.php(185): App\Models\RolepermissionsModel->getRolePermissions('1')
#6 C:\xampp\htdocs\ITHelpDesk\system\CodeIgniter.php(925): App\Controllers\RoleManagementController->getrolegroupaccesslist('1')
#7 C:\xampp\htdocs\ITHelpDesk\system\CodeIgniter.php(480): CodeIgniter\CodeIgniter->runController(Object(App\Controllers\RoleManagementController))
#8 C:\xampp\htdocs\ITHelpDesk\system\CodeIgniter.php(349): CodeIgniter\CodeIgniter->handleRequest(NULL, Object(Config\Cache), false)
#9 C:\xampp\htdocs\ITHelpDesk\public\index.php(67): CodeIgniter\CodeIgniter->run()
#10 {main}
CRITICAL - 2023-12-19 10:23:52 --> Table 'ithelpdesk.permissionmaster' doesn't exist
in SYSTEMPATH\Database\MySQLi\Connection.php on line 292.
 1 SYSTEMPATH\Database\MySQLi\Connection.php(292): mysqli->query('SELECT `role_permission_mapping`.`id`, `role_permission_mapping`.`role_id`, `role_permission_mapping`.`per_id`, `user_master`.`rolename`, `permissionmaster`.`featurename`, `role_permission_mapping`.`is_access`
FROM `role_permission_mapping`
JOIN `user_master` ON `user_master`.`roleid` = `role_permission_mapping`.`role_id`
JOIN `permissionmaster` ON `permissionmaster`.`id` = `role_permission_mapping`.`per_id`
WHERE `role_permission_mapping`.`role_id` = \'1\'', 0)
 2 SYSTEMPATH\Database\BaseConnection.php(666): CodeIgniter\Database\MySQLi\Connection->execute('SELECT `role_permission_mapping`.`id`, `role_permission_mapping`.`role_id`, `role_permission_mapping`.`per_id`, `user_master`.`rolename`, `permissionmaster`.`featurename`, `role_permission_mapping`.`is_access`
FROM `role_permission_mapping`
JOIN `user_master` ON `user_master`.`roleid` = `role_permission_mapping`.`role_id`
JOIN `permissionmaster` ON `permissionmaster`.`id` = `role_permission_mapping`.`per_id`
WHERE `role_permission_mapping`.`role_id` = \'1\'')
 3 SYSTEMPATH\Database\BaseConnection.php(593): CodeIgniter\Database\BaseConnection->simpleQuery('SELECT `role_permission_mapping`.`id`, `role_permission_mapping`.`role_id`, `role_permission_mapping`.`per_id`, `user_master`.`rolename`, `permissionmaster`.`featurename`, `role_permission_mapping`.`is_access`
FROM `role_permission_mapping`
JOIN `user_master` ON `user_master`.`roleid` = `role_permission_mapping`.`role_id`
JOIN `permissionmaster` ON `permissionmaster`.`id` = `role_permission_mapping`.`per_id`
WHERE `role_permission_mapping`.`role_id` = \'1\'')
 4 SYSTEMPATH\Database\BaseBuilder.php(1585): CodeIgniter\Database\BaseConnection->query('SELECT `role_permission_mapping`.`id`, `role_permission_mapping`.`role_id`, `role_permission_mapping`.`per_id`, `user_master`.`rolename`, `permissionmaster`.`featurename`, `role_permission_mapping`.`is_access`
FROM `role_permission_mapping`
JOIN `user_master` ON `user_master`.`roleid` = `role_permission_mapping`.`role_id`
JOIN `permissionmaster` ON `permissionmaster`.`id` = `role_permission_mapping`.`per_id`
WHERE `role_permission_mapping`.`role_id` = :role_permission_mapping.role_id:', [...], false)
 5 APPPATH\Models\RolepermissionsModel.php(56): CodeIgniter\Database\BaseBuilder->get()
 6 APPPATH\Controllers\RoleManagementController.php(185): App\Models\RolepermissionsModel->getRolePermissions('1')
 7 SYSTEMPATH\CodeIgniter.php(925): App\Controllers\RoleManagementController->getrolegroupaccesslist('1')
 8 SYSTEMPATH\CodeIgniter.php(480): CodeIgniter\CodeIgniter->runController(Object(App\Controllers\RoleManagementController))
 9 SYSTEMPATH\CodeIgniter.php(349): CodeIgniter\CodeIgniter->handleRequest(null, Object(Config\Cache), false)
10 FCPATH\index.php(67): CodeIgniter\CodeIgniter->run()
ERROR - 2023-12-19 10:23:53 --> mysqli_sql_exception: Table 'ithelpdesk.permissionmaster' doesn't exist in C:\xampp\htdocs\ITHelpDesk\system\Database\MySQLi\Connection.php:292
Stack trace:
#0 C:\xampp\htdocs\ITHelpDesk\system\Database\MySQLi\Connection.php(292): mysqli->query('SELECT `role_pe...', 0)
#1 C:\xampp\htdocs\ITHelpDesk\system\Database\BaseConnection.php(666): CodeIgniter\Database\MySQLi\Connection->execute('SELECT `role_pe...')
#2 C:\xampp\htdocs\ITHelpDesk\system\Database\BaseConnection.php(593): CodeIgniter\Database\BaseConnection->simpleQuery('SELECT `role_pe...')
#3 C:\xampp\htdocs\ITHelpDesk\system\Database\BaseBuilder.php(1585): CodeIgniter\Database\BaseConnection->query('SELECT `role_pe...', Array, false)
#4 C:\xampp\htdocs\ITHelpDesk\app\Models\RolepermissionsModel.php(56): CodeIgniter\Database\BaseBuilder->get()
#5 C:\xampp\htdocs\ITHelpDesk\app\Controllers\RoleManagementController.php(185): App\Models\RolepermissionsModel->getRolePermissions('1')
#6 C:\xampp\htdocs\ITHelpDesk\system\CodeIgniter.php(925): App\Controllers\RoleManagementController->getrolegroupaccesslist('1')
#7 C:\xampp\htdocs\ITHelpDesk\system\CodeIgniter.php(480): CodeIgniter\CodeIgniter->runController(Object(App\Controllers\RoleManagementController))
#8 C:\xampp\htdocs\ITHelpDesk\system\CodeIgniter.php(349): CodeIgniter\CodeIgniter->handleRequest(NULL, Object(Config\Cache), false)
#9 C:\xampp\htdocs\ITHelpDesk\public\index.php(67): CodeIgniter\CodeIgniter->run()
#10 {main}
CRITICAL - 2023-12-19 10:23:53 --> Table 'ithelpdesk.permissionmaster' doesn't exist
in SYSTEMPATH\Database\MySQLi\Connection.php on line 292.
 1 SYSTEMPATH\Database\MySQLi\Connection.php(292): mysqli->query('SELECT `role_permission_mapping`.`id`, `role_permission_mapping`.`role_id`, `role_permission_mapping`.`per_id`, `user_master`.`rolename`, `permissionmaster`.`featurename`, `role_permission_mapping`.`is_access`
FROM `role_permission_mapping`
JOIN `user_master` ON `user_master`.`roleid` = `role_permission_mapping`.`role_id`
JOIN `permissionmaster` ON `permissionmaster`.`id` = `role_permission_mapping`.`per_id`
WHERE `role_permission_mapping`.`role_id` = \'1\'', 0)
 2 SYSTEMPATH\Database\BaseConnection.php(666): CodeIgniter\Database\MySQLi\Connection->execute('SELECT `role_permission_mapping`.`id`, `role_permission_mapping`.`role_id`, `role_permission_mapping`.`per_id`, `user_master`.`rolename`, `permissionmaster`.`featurename`, `role_permission_mapping`.`is_access`
FROM `role_permission_mapping`
JOIN `user_master` ON `user_master`.`roleid` = `role_permission_mapping`.`role_id`
JOIN `permissionmaster` ON `permissionmaster`.`id` = `role_permission_mapping`.`per_id`
WHERE `role_permission_mapping`.`role_id` = \'1\'')
 3 SYSTEMPATH\Database\BaseConnection.php(593): CodeIgniter\Database\BaseConnection->simpleQuery('SELECT `role_permission_mapping`.`id`, `role_permission_mapping`.`role_id`, `role_permission_mapping`.`per_id`, `user_master`.`rolename`, `permissionmaster`.`featurename`, `role_permission_mapping`.`is_access`
FROM `role_permission_mapping`
JOIN `user_master` ON `user_master`.`roleid` = `role_permission_mapping`.`role_id`
JOIN `permissionmaster` ON `permissionmaster`.`id` = `role_permission_mapping`.`per_id`
WHERE `role_permission_mapping`.`role_id` = \'1\'')
 4 SYSTEMPATH\Database\BaseBuilder.php(1585): CodeIgniter\Database\BaseConnection->query('SELECT `role_permission_mapping`.`id`, `role_permission_mapping`.`role_id`, `role_permission_mapping`.`per_id`, `user_master`.`rolename`, `permissionmaster`.`featurename`, `role_permission_mapping`.`is_access`
FROM `role_permission_mapping`
JOIN `user_master` ON `user_master`.`roleid` = `role_permission_mapping`.`role_id`
JOIN `permissionmaster` ON `permissionmaster`.`id` = `role_permission_mapping`.`per_id`
WHERE `role_permission_mapping`.`role_id` = :role_permission_mapping.role_id:', [...], false)
 5 APPPATH\Models\RolepermissionsModel.php(56): CodeIgniter\Database\BaseBuilder->get()
 6 APPPATH\Controllers\RoleManagementController.php(185): App\Models\RolepermissionsModel->getRolePermissions('1')
 7 SYSTEMPATH\CodeIgniter.php(925): App\Controllers\RoleManagementController->getrolegroupaccesslist('1')
 8 SYSTEMPATH\CodeIgniter.php(480): CodeIgniter\CodeIgniter->runController(Object(App\Controllers\RoleManagementController))
 9 SYSTEMPATH\CodeIgniter.php(349): CodeIgniter\CodeIgniter->handleRequest(null, Object(Config\Cache), false)
10 FCPATH\index.php(67): CodeIgniter\CodeIgniter->run()
ERROR - 2023-12-19 10:23:54 --> mysqli_sql_exception: Table 'ithelpdesk.permissionmaster' doesn't exist in C:\xampp\htdocs\ITHelpDesk\system\Database\MySQLi\Connection.php:292
Stack trace:
#0 C:\xampp\htdocs\ITHelpDesk\system\Database\MySQLi\Connection.php(292): mysqli->query('SELECT `role_pe...', 0)
#1 C:\xampp\htdocs\ITHelpDesk\system\Database\BaseConnection.php(666): CodeIgniter\Database\MySQLi\Connection->execute('SELECT `role_pe...')
#2 C:\xampp\htdocs\ITHelpDesk\system\Database\BaseConnection.php(593): CodeIgniter\Database\BaseConnection->simpleQuery('SELECT `role_pe...')
#3 C:\xampp\htdocs\ITHelpDesk\system\Database\BaseBuilder.php(1585): CodeIgniter\Database\BaseConnection->query('SELECT `role_pe...', Array, false)
#4 C:\xampp\htdocs\ITHelpDesk\app\Models\RolepermissionsModel.php(56): CodeIgniter\Database\BaseBuilder->get()
#5 C:\xampp\htdocs\ITHelpDesk\app\Controllers\RoleManagementController.php(185): App\Models\RolepermissionsModel->getRolePermissions('1')
#6 C:\xampp\htdocs\ITHelpDesk\system\CodeIgniter.php(925): App\Controllers\RoleManagementController->getrolegroupaccesslist('1')
#7 C:\xampp\htdocs\ITHelpDesk\system\CodeIgniter.php(480): CodeIgniter\CodeIgniter->runController(Object(App\Controllers\RoleManagementController))
#8 C:\xampp\htdocs\ITHelpDesk\system\CodeIgniter.php(349): CodeIgniter\CodeIgniter->handleRequest(NULL, Object(Config\Cache), false)
#9 C:\xampp\htdocs\ITHelpDesk\public\index.php(67): CodeIgniter\CodeIgniter->run()
#10 {main}
CRITICAL - 2023-12-19 10:23:54 --> Table 'ithelpdesk.permissionmaster' doesn't exist
in SYSTEMPATH\Database\MySQLi\Connection.php on line 292.
 1 SYSTEMPATH\Database\MySQLi\Connection.php(292): mysqli->query('SELECT `role_permission_mapping`.`id`, `role_permission_mapping`.`role_id`, `role_permission_mapping`.`per_id`, `user_master`.`rolename`, `permissionmaster`.`featurename`, `role_permission_mapping`.`is_access`
FROM `role_permission_mapping`
JOIN `user_master` ON `user_master`.`roleid` = `role_permission_mapping`.`role_id`
JOIN `permissionmaster` ON `permissionmaster`.`id` = `role_permission_mapping`.`per_id`
WHERE `role_permission_mapping`.`role_id` = \'1\'', 0)
 2 SYSTEMPATH\Database\BaseConnection.php(666): CodeIgniter\Database\MySQLi\Connection->execute('SELECT `role_permission_mapping`.`id`, `role_permission_mapping`.`role_id`, `role_permission_mapping`.`per_id`, `user_master`.`rolename`, `permissionmaster`.`featurename`, `role_permission_mapping`.`is_access`
FROM `role_permission_mapping`
JOIN `user_master` ON `user_master`.`roleid` = `role_permission_mapping`.`role_id`
JOIN `permissionmaster` ON `permissionmaster`.`id` = `role_permission_mapping`.`per_id`
WHERE `role_permission_mapping`.`role_id` = \'1\'')
 3 SYSTEMPATH\Database\BaseConnection.php(593): CodeIgniter\Database\BaseConnection->simpleQuery('SELECT `role_permission_mapping`.`id`, `role_permission_mapping`.`role_id`, `role_permission_mapping`.`per_id`, `user_master`.`rolename`, `permissionmaster`.`featurename`, `role_permission_mapping`.`is_access`
FROM `role_permission_mapping`
JOIN `user_master` ON `user_master`.`roleid` = `role_permission_mapping`.`role_id`
JOIN `permissionmaster` ON `permissionmaster`.`id` = `role_permission_mapping`.`per_id`
WHERE `role_permission_mapping`.`role_id` = \'1\'')
 4 SYSTEMPATH\Database\BaseBuilder.php(1585): CodeIgniter\Database\BaseConnection->query('SELECT `role_permission_mapping`.`id`, `role_permission_mapping`.`role_id`, `role_permission_mapping`.`per_id`, `user_master`.`rolename`, `permissionmaster`.`featurename`, `role_permission_mapping`.`is_access`
FROM `role_permission_mapping`
JOIN `user_master` ON `user_master`.`roleid` = `role_permission_mapping`.`role_id`
JOIN `permissionmaster` ON `permissionmaster`.`id` = `role_permission_mapping`.`per_id`
WHERE `role_permission_mapping`.`role_id` = :role_permission_mapping.role_id:', [...], false)
 5 APPPATH\Models\RolepermissionsModel.php(56): CodeIgniter\Database\BaseBuilder->get()
 6 APPPATH\Controllers\RoleManagementController.php(185): App\Models\RolepermissionsModel->getRolePermissions('1')
 7 SYSTEMPATH\CodeIgniter.php(925): App\Controllers\RoleManagementController->getrolegroupaccesslist('1')
 8 SYSTEMPATH\CodeIgniter.php(480): CodeIgniter\CodeIgniter->runController(Object(App\Controllers\RoleManagementController))
 9 SYSTEMPATH\CodeIgniter.php(349): CodeIgniter\CodeIgniter->handleRequest(null, Object(Config\Cache), false)
10 FCPATH\index.php(67): CodeIgniter\CodeIgniter->run()
ERROR - 2023-12-19 10:24:25 --> mysqli_sql_exception: Unknown column 'user_master.rolename' in 'field list' in C:\xampp\htdocs\ITHelpDesk\system\Database\MySQLi\Connection.php:292
Stack trace:
#0 C:\xampp\htdocs\ITHelpDesk\system\Database\MySQLi\Connection.php(292): mysqli->query('SELECT `role_pe...', 0)
#1 C:\xampp\htdocs\ITHelpDesk\system\Database\BaseConnection.php(666): CodeIgniter\Database\MySQLi\Connection->execute('SELECT `role_pe...')
#2 C:\xampp\htdocs\ITHelpDesk\system\Database\BaseConnection.php(593): CodeIgniter\Database\BaseConnection->simpleQuery('SELECT `role_pe...')
#3 C:\xampp\htdocs\ITHelpDesk\system\Database\BaseBuilder.php(1585): CodeIgniter\Database\BaseConnection->query('SELECT `role_pe...', Array, false)
#4 C:\xampp\htdocs\ITHelpDesk\app\Models\RolepermissionsModel.php(56): CodeIgniter\Database\BaseBuilder->get()
#5 C:\xampp\htdocs\ITHelpDesk\app\Controllers\RoleManagementController.php(185): App\Models\RolepermissionsModel->getRolePermissions('1')
#6 C:\xampp\htdocs\ITHelpDesk\system\CodeIgniter.php(925): App\Controllers\RoleManagementController->getrolegroupaccesslist('1')
#7 C:\xampp\htdocs\ITHelpDesk\system\CodeIgniter.php(480): CodeIgniter\CodeIgniter->runController(Object(App\Controllers\RoleManagementController))
#8 C:\xampp\htdocs\ITHelpDesk\system\CodeIgniter.php(349): CodeIgniter\CodeIgniter->handleRequest(NULL, Object(Config\Cache), false)
#9 C:\xampp\htdocs\ITHelpDesk\public\index.php(67): CodeIgniter\CodeIgniter->run()
#10 {main}
CRITICAL - 2023-12-19 10:24:25 --> Unknown column 'user_master.rolename' in 'field list'
in SYSTEMPATH\Database\MySQLi\Connection.php on line 292.
 1 SYSTEMPATH\Database\MySQLi\Connection.php(292): mysqli->query('SELECT `role_permission_mapping`.`id`, `role_permission_mapping`.`role_id`, `role_permission_mapping`.`per_id`, `user_master`.`rolename`, `permission_master`.`featurename`, `role_permission_mapping`.`is_access`
FROM `role_permission_mapping`
JOIN `user_master` ON `user_master`.`roleid` = `role_permission_mapping`.`role_id`
JOIN `permission_master` ON `permission_master`.`id` = `role_permission_mapping`.`per_id`
WHERE `role_permission_mapping`.`role_id` = \'1\'', 0)
 2 SYSTEMPATH\Database\BaseConnection.php(666): CodeIgniter\Database\MySQLi\Connection->execute('SELECT `role_permission_mapping`.`id`, `role_permission_mapping`.`role_id`, `role_permission_mapping`.`per_id`, `user_master`.`rolename`, `permission_master`.`featurename`, `role_permission_mapping`.`is_access`
FROM `role_permission_mapping`
JOIN `user_master` ON `user_master`.`roleid` = `role_permission_mapping`.`role_id`
JOIN `permission_master` ON `permission_master`.`id` = `role_permission_mapping`.`per_id`
WHERE `role_permission_mapping`.`role_id` = \'1\'')
 3 SYSTEMPATH\Database\BaseConnection.php(593): CodeIgniter\Database\BaseConnection->simpleQuery('SELECT `role_permission_mapping`.`id`, `role_permission_mapping`.`role_id`, `role_permission_mapping`.`per_id`, `user_master`.`rolename`, `permission_master`.`featurename`, `role_permission_mapping`.`is_access`
FROM `role_permission_mapping`
JOIN `user_master` ON `user_master`.`roleid` = `role_permission_mapping`.`role_id`
JOIN `permission_master` ON `permission_master`.`id` = `role_permission_mapping`.`per_id`
WHERE `role_permission_mapping`.`role_id` = \'1\'')
 4 SYSTEMPATH\Database\BaseBuilder.php(1585): CodeIgniter\Database\BaseConnection->query('SELECT `role_permission_mapping`.`id`, `role_permission_mapping`.`role_id`, `role_permission_mapping`.`per_id`, `user_master`.`rolename`, `permission_master`.`featurename`, `role_permission_mapping`.`is_access`
FROM `role_permission_mapping`
JOIN `user_master` ON `user_master`.`roleid` = `role_permission_mapping`.`role_id`
JOIN `permission_master` ON `permission_master`.`id` = `role_permission_mapping`.`per_id`
WHERE `role_permission_mapping`.`role_id` = :role_permission_mapping.role_id:', [...], false)
 5 APPPATH\Models\RolepermissionsModel.php(56): CodeIgniter\Database\BaseBuilder->get()
 6 APPPATH\Controllers\RoleManagementController.php(185): App\Models\RolepermissionsModel->getRolePermissions('1')
 7 SYSTEMPATH\CodeIgniter.php(925): App\Controllers\RoleManagementController->getrolegroupaccesslist('1')
 8 SYSTEMPATH\CodeIgniter.php(480): CodeIgniter\CodeIgniter->runController(Object(App\Controllers\RoleManagementController))
 9 SYSTEMPATH\CodeIgniter.php(349): CodeIgniter\CodeIgniter->handleRequest(null, Object(Config\Cache), false)
10 FCPATH\index.php(67): CodeIgniter\CodeIgniter->run()
ERROR - 2023-12-19 10:24:26 --> mysqli_sql_exception: Unknown column 'user_master.rolename' in 'field list' in C:\xampp\htdocs\ITHelpDesk\system\Database\MySQLi\Connection.php:292
Stack trace:
#0 C:\xampp\htdocs\ITHelpDesk\system\Database\MySQLi\Connection.php(292): mysqli->query('SELECT `role_pe...', 0)
#1 C:\xampp\htdocs\ITHelpDesk\system\Database\BaseConnection.php(666): CodeIgniter\Database\MySQLi\Connection->execute('SELECT `role_pe...')
#2 C:\xampp\htdocs\ITHelpDesk\system\Database\BaseConnection.php(593): CodeIgniter\Database\BaseConnection->simpleQuery('SELECT `role_pe...')
#3 C:\xampp\htdocs\ITHelpDesk\system\Database\BaseBuilder.php(1585): CodeIgniter\Database\BaseConnection->query('SELECT `role_pe...', Array, false)
#4 C:\xampp\htdocs\ITHelpDesk\app\Models\RolepermissionsModel.php(56): CodeIgniter\Database\BaseBuilder->get()
#5 C:\xampp\htdocs\ITHelpDesk\app\Controllers\RoleManagementController.php(185): App\Models\RolepermissionsModel->getRolePermissions('1')
#6 C:\xampp\htdocs\ITHelpDesk\system\CodeIgniter.php(925): App\Controllers\RoleManagementController->getrolegroupaccesslist('1')
#7 C:\xampp\htdocs\ITHelpDesk\system\CodeIgniter.php(480): CodeIgniter\CodeIgniter->runController(Object(App\Controllers\RoleManagementController))
#8 C:\xampp\htdocs\ITHelpDesk\system\CodeIgniter.php(349): CodeIgniter\CodeIgniter->handleRequest(NULL, Object(Config\Cache), false)
#9 C:\xampp\htdocs\ITHelpDesk\public\index.php(67): CodeIgniter\CodeIgniter->run()
#10 {main}
CRITICAL - 2023-12-19 10:24:26 --> Unknown column 'user_master.rolename' in 'field list'
in SYSTEMPATH\Database\MySQLi\Connection.php on line 292.
 1 SYSTEMPATH\Database\MySQLi\Connection.php(292): mysqli->query('SELECT `role_permission_mapping`.`id`, `role_permission_mapping`.`role_id`, `role_permission_mapping`.`per_id`, `user_master`.`rolename`, `permission_master`.`featurename`, `role_permission_mapping`.`is_access`
FROM `role_permission_mapping`
JOIN `user_master` ON `user_master`.`roleid` = `role_permission_mapping`.`role_id`
JOIN `permission_master` ON `permission_master`.`id` = `role_permission_mapping`.`per_id`
WHERE `role_permission_mapping`.`role_id` = \'1\'', 0)
 2 SYSTEMPATH\Database\BaseConnection.php(666): CodeIgniter\Database\MySQLi\Connection->execute('SELECT `role_permission_mapping`.`id`, `role_permission_mapping`.`role_id`, `role_permission_mapping`.`per_id`, `user_master`.`rolename`, `permission_master`.`featurename`, `role_permission_mapping`.`is_access`
FROM `role_permission_mapping`
JOIN `user_master` ON `user_master`.`roleid` = `role_permission_mapping`.`role_id`
JOIN `permission_master` ON `permission_master`.`id` = `role_permission_mapping`.`per_id`
WHERE `role_permission_mapping`.`role_id` = \'1\'')
 3 SYSTEMPATH\Database\BaseConnection.php(593): CodeIgniter\Database\BaseConnection->simpleQuery('SELECT `role_permission_mapping`.`id`, `role_permission_mapping`.`role_id`, `role_permission_mapping`.`per_id`, `user_master`.`rolename`, `permission_master`.`featurename`, `role_permission_mapping`.`is_access`
FROM `role_permission_mapping`
JOIN `user_master` ON `user_master`.`roleid` = `role_permission_mapping`.`role_id`
JOIN `permission_master` ON `permission_master`.`id` = `role_permission_mapping`.`per_id`
WHERE `role_permission_mapping`.`role_id` = \'1\'')
 4 SYSTEMPATH\Database\BaseBuilder.php(1585): CodeIgniter\Database\BaseConnection->query('SELECT `role_permission_mapping`.`id`, `role_permission_mapping`.`role_id`, `role_permission_mapping`.`per_id`, `user_master`.`rolename`, `permission_master`.`featurename`, `role_permission_mapping`.`is_access`
FROM `role_permission_mapping`
JOIN `user_master` ON `user_master`.`roleid` = `role_permission_mapping`.`role_id`
JOIN `permission_master` ON `permission_master`.`id` = `role_permission_mapping`.`per_id`
WHERE `role_permission_mapping`.`role_id` = :role_permission_mapping.role_id:', [...], false)
 5 APPPATH\Models\RolepermissionsModel.php(56): CodeIgniter\Database\BaseBuilder->get()
 6 APPPATH\Controllers\RoleManagementController.php(185): App\Models\RolepermissionsModel->getRolePermissions('1')
 7 SYSTEMPATH\CodeIgniter.php(925): App\Controllers\RoleManagementController->getrolegroupaccesslist('1')
 8 SYSTEMPATH\CodeIgniter.php(480): CodeIgniter\CodeIgniter->runController(Object(App\Controllers\RoleManagementController))
 9 SYSTEMPATH\CodeIgniter.php(349): CodeIgniter\CodeIgniter->handleRequest(null, Object(Config\Cache), false)
10 FCPATH\index.php(67): CodeIgniter\CodeIgniter->run()
ERROR - 2023-12-19 10:24:47 --> mysqli_sql_exception: Unknown column 'user_master.role_name' in 'field list' in C:\xampp\htdocs\ITHelpDesk\system\Database\MySQLi\Connection.php:292
Stack trace:
#0 C:\xampp\htdocs\ITHelpDesk\system\Database\MySQLi\Connection.php(292): mysqli->query('SELECT `role_pe...', 0)
#1 C:\xampp\htdocs\ITHelpDesk\system\Database\BaseConnection.php(666): CodeIgniter\Database\MySQLi\Connection->execute('SELECT `role_pe...')
#2 C:\xampp\htdocs\ITHelpDesk\system\Database\BaseConnection.php(593): CodeIgniter\Database\BaseConnection->simpleQuery('SELECT `role_pe...')
#3 C:\xampp\htdocs\ITHelpDesk\system\Database\BaseBuilder.php(1585): CodeIgniter\Database\BaseConnection->query('SELECT `role_pe...', Array, false)
#4 C:\xampp\htdocs\ITHelpDesk\app\Models\RolepermissionsModel.php(56): CodeIgniter\Database\BaseBuilder->get()
#5 C:\xampp\htdocs\ITHelpDesk\app\Controllers\RoleManagementController.php(185): App\Models\RolepermissionsModel->getRolePermissions('1')
#6 C:\xampp\htdocs\ITHelpDesk\system\CodeIgniter.php(925): App\Controllers\RoleManagementController->getrolegroupaccesslist('1')
#7 C:\xampp\htdocs\ITHelpDesk\system\CodeIgniter.php(480): CodeIgniter\CodeIgniter->runController(Object(App\Controllers\RoleManagementController))
#8 C:\xampp\htdocs\ITHelpDesk\system\CodeIgniter.php(349): CodeIgniter\CodeIgniter->handleRequest(NULL, Object(Config\Cache), false)
#9 C:\xampp\htdocs\ITHelpDesk\public\index.php(67): CodeIgniter\CodeIgniter->run()
#10 {main}
CRITICAL - 2023-12-19 10:24:47 --> Unknown column 'user_master.role_name' in 'field list'
in SYSTEMPATH\Database\MySQLi\Connection.php on line 292.
 1 SYSTEMPATH\Database\MySQLi\Connection.php(292): mysqli->query('SELECT `role_permission_mapping`.`id`, `role_permission_mapping`.`role_id`, `role_permission_mapping`.`per_id`, `user_master`.`role_name`, `permission_master`.`featurename`, `role_permission_mapping`.`is_access`
FROM `role_permission_mapping`
JOIN `user_master` ON `user_master`.`role_id` = `role_permission_mapping`.`role_id`
JOIN `permission_master` ON `permission_master`.`id` = `role_permission_mapping`.`per_id`
WHERE `role_permission_mapping`.`role_id` = \'1\'', 0)
 2 SYSTEMPATH\Database\BaseConnection.php(666): CodeIgniter\Database\MySQLi\Connection->execute('SELECT `role_permission_mapping`.`id`, `role_permission_mapping`.`role_id`, `role_permission_mapping`.`per_id`, `user_master`.`role_name`, `permission_master`.`featurename`, `role_permission_mapping`.`is_access`
FROM `role_permission_mapping`
JOIN `user_master` ON `user_master`.`role_id` = `role_permission_mapping`.`role_id`
JOIN `permission_master` ON `permission_master`.`id` = `role_permission_mapping`.`per_id`
WHERE `role_permission_mapping`.`role_id` = \'1\'')
 3 SYSTEMPATH\Database\BaseConnection.php(593): CodeIgniter\Database\BaseConnection->simpleQuery('SELECT `role_permission_mapping`.`id`, `role_permission_mapping`.`role_id`, `role_permission_mapping`.`per_id`, `user_master`.`role_name`, `permission_master`.`featurename`, `role_permission_mapping`.`is_access`
FROM `role_permission_mapping`
JOIN `user_master` ON `user_master`.`role_id` = `role_permission_mapping`.`role_id`
JOIN `permission_master` ON `permission_master`.`id` = `role_permission_mapping`.`per_id`
WHERE `role_permission_mapping`.`role_id` = \'1\'')
 4 SYSTEMPATH\Database\BaseBuilder.php(1585): CodeIgniter\Database\BaseConnection->query('SELECT `role_permission_mapping`.`id`, `role_permission_mapping`.`role_id`, `role_permission_mapping`.`per_id`, `user_master`.`role_name`, `permission_master`.`featurename`, `role_permission_mapping`.`is_access`
FROM `role_permission_mapping`
JOIN `user_master` ON `user_master`.`role_id` = `role_permission_mapping`.`role_id`
JOIN `permission_master` ON `permission_master`.`id` = `role_permission_mapping`.`per_id`
WHERE `role_permission_mapping`.`role_id` = :role_permission_mapping.role_id:', [...], false)
 5 APPPATH\Models\RolepermissionsModel.php(56): CodeIgniter\Database\BaseBuilder->get()
 6 APPPATH\Controllers\RoleManagementController.php(185): App\Models\RolepermissionsModel->getRolePermissions('1')
 7 SYSTEMPATH\CodeIgniter.php(925): App\Controllers\RoleManagementController->getrolegroupaccesslist('1')
 8 SYSTEMPATH\CodeIgniter.php(480): CodeIgniter\CodeIgniter->runController(Object(App\Controllers\RoleManagementController))
 9 SYSTEMPATH\CodeIgniter.php(349): CodeIgniter\CodeIgniter->handleRequest(null, Object(Config\Cache), false)
10 FCPATH\index.php(67): CodeIgniter\CodeIgniter->run()
ERROR - 2023-12-19 10:24:47 --> mysqli_sql_exception: Unknown column 'user_master.role_name' in 'field list' in C:\xampp\htdocs\ITHelpDesk\system\Database\MySQLi\Connection.php:292
Stack trace:
#0 C:\xampp\htdocs\ITHelpDesk\system\Database\MySQLi\Connection.php(292): mysqli->query('SELECT `role_pe...', 0)
#1 C:\xampp\htdocs\ITHelpDesk\system\Database\BaseConnection.php(666): CodeIgniter\Database\MySQLi\Connection->execute('SELECT `role_pe...')
#2 C:\xampp\htdocs\ITHelpDesk\system\Database\BaseConnection.php(593): CodeIgniter\Database\BaseConnection->simpleQuery('SELECT `role_pe...')
#3 C:\xampp\htdocs\ITHelpDesk\system\Database\BaseBuilder.php(1585): CodeIgniter\Database\BaseConnection->query('SELECT `role_pe...', Array, false)
#4 C:\xampp\htdocs\ITHelpDesk\app\Models\RolepermissionsModel.php(56): CodeIgniter\Database\BaseBuilder->get()
#5 C:\xampp\htdocs\ITHelpDesk\app\Controllers\RoleManagementController.php(185): App\Models\RolepermissionsModel->getRolePermissions('1')
#6 C:\xampp\htdocs\ITHelpDesk\system\CodeIgniter.php(925): App\Controllers\RoleManagementController->getrolegroupaccesslist('1')
#7 C:\xampp\htdocs\ITHelpDesk\system\CodeIgniter.php(480): CodeIgniter\CodeIgniter->runController(Object(App\Controllers\RoleManagementController))
#8 C:\xampp\htdocs\ITHelpDesk\system\CodeIgniter.php(349): CodeIgniter\CodeIgniter->handleRequest(NULL, Object(Config\Cache), false)
#9 C:\xampp\htdocs\ITHelpDesk\public\index.php(67): CodeIgniter\CodeIgniter->run()
#10 {main}
CRITICAL - 2023-12-19 10:24:47 --> Unknown column 'user_master.role_name' in 'field list'
in SYSTEMPATH\Database\MySQLi\Connection.php on line 292.
 1 SYSTEMPATH\Database\MySQLi\Connection.php(292): mysqli->query('SELECT `role_permission_mapping`.`id`, `role_permission_mapping`.`role_id`, `role_permission_mapping`.`per_id`, `user_master`.`role_name`, `permission_master`.`featurename`, `role_permission_mapping`.`is_access`
FROM `role_permission_mapping`
JOIN `user_master` ON `user_master`.`role_id` = `role_permission_mapping`.`role_id`
JOIN `permission_master` ON `permission_master`.`id` = `role_permission_mapping`.`per_id`
WHERE `role_permission_mapping`.`role_id` = \'1\'', 0)
 2 SYSTEMPATH\Database\BaseConnection.php(666): CodeIgniter\Database\MySQLi\Connection->execute('SELECT `role_permission_mapping`.`id`, `role_permission_mapping`.`role_id`, `role_permission_mapping`.`per_id`, `user_master`.`role_name`, `permission_master`.`featurename`, `role_permission_mapping`.`is_access`
FROM `role_permission_mapping`
JOIN `user_master` ON `user_master`.`role_id` = `role_permission_mapping`.`role_id`
JOIN `permission_master` ON `permission_master`.`id` = `role_permission_mapping`.`per_id`
WHERE `role_permission_mapping`.`role_id` = \'1\'')
 3 SYSTEMPATH\Database\BaseConnection.php(593): CodeIgniter\Database\BaseConnection->simpleQuery('SELECT `role_permission_mapping`.`id`, `role_permission_mapping`.`role_id`, `role_permission_mapping`.`per_id`, `user_master`.`role_name`, `permission_master`.`featurename`, `role_permission_mapping`.`is_access`
FROM `role_permission_mapping`
JOIN `user_master` ON `user_master`.`role_id` = `role_permission_mapping`.`role_id`
JOIN `permission_master` ON `permission_master`.`id` = `role_permission_mapping`.`per_id`
WHERE `role_permission_mapping`.`role_id` = \'1\'')
 4 SYSTEMPATH\Database\BaseBuilder.php(1585): CodeIgniter\Database\BaseConnection->query('SELECT `role_permission_mapping`.`id`, `role_permission_mapping`.`role_id`, `role_permission_mapping`.`per_id`, `user_master`.`role_name`, `permission_master`.`featurename`, `role_permission_mapping`.`is_access`
FROM `role_permission_mapping`
JOIN `user_master` ON `user_master`.`role_id` = `role_permission_mapping`.`role_id`
JOIN `permission_master` ON `permission_master`.`id` = `role_permission_mapping`.`per_id`
WHERE `role_permission_mapping`.`role_id` = :role_permission_mapping.role_id:', [...], false)
 5 APPPATH\Models\RolepermissionsModel.php(56): CodeIgniter\Database\BaseBuilder->get()
 6 APPPATH\Controllers\RoleManagementController.php(185): App\Models\RolepermissionsModel->getRolePermissions('1')
 7 SYSTEMPATH\CodeIgniter.php(925): App\Controllers\RoleManagementController->getrolegroupaccesslist('1')
 8 SYSTEMPATH\CodeIgniter.php(480): CodeIgniter\CodeIgniter->runController(Object(App\Controllers\RoleManagementController))
 9 SYSTEMPATH\CodeIgniter.php(349): CodeIgniter\CodeIgniter->handleRequest(null, Object(Config\Cache), false)
10 FCPATH\index.php(67): CodeIgniter\CodeIgniter->run()
CRITICAL - 2023-12-19 11:08:04 --> Undefined property: stdClass::$assign_group
in APPPATH\Views\UserManagementView\ViewUser.php on line 73.
 1 APPPATH\Views\UserManagementView\ViewUser.php(73): CodeIgniter\Debug\Exceptions->errorHandler(2, 'Undefined property: stdClass::$assign_group', 'APPPATH\\Views\\UserManagementView\\ViewUser.php', 73)
 2 SYSTEMPATH\View\View.php(213): include('APPPATH\\Views\\UserManagementView\\ViewUser.php')
 3 SYSTEMPATH\View\View.php(216): CodeIgniter\View\View->CodeIgniter\View\{closure}()
 4 SYSTEMPATH\Common.php(1135): CodeIgniter\View\View->render('UserManagementView/ViewUser', [], true)
 5 APPPATH\Controllers\UserManagementController.php(102): view('UserManagementView/ViewUser', [...])
 6 SYSTEMPATH\CodeIgniter.php(925): App\Controllers\UserManagementController->getuserlist()
 7 SYSTEMPATH\CodeIgniter.php(480): CodeIgniter\CodeIgniter->runController(Object(App\Controllers\UserManagementController))
 8 SYSTEMPATH\CodeIgniter.php(349): CodeIgniter\CodeIgniter->handleRequest(null, Object(Config\Cache), false)
 9 FCPATH\index.php(67): CodeIgniter\CodeIgniter->run()
CRITICAL - 2023-12-19 11:39:49 --> Class "App\Controllers\FirewallRequestModel" not found
in APPPATH\Controllers\Login.php on line 16.
 1 SYSTEMPATH\CodeIgniter.php(887): App\Controllers\Login->__construct()
 2 SYSTEMPATH\CodeIgniter.php(471): CodeIgniter\CodeIgniter->createController()
 3 SYSTEMPATH\CodeIgniter.php(349): CodeIgniter\CodeIgniter->handleRequest(null, Object(Config\Cache), false)
 4 FCPATH\index.php(67): CodeIgniter\CodeIgniter->run()
CRITICAL - 2023-12-19 11:40:09 --> Undefined property: stdClass::$role_id
in APPPATH\Controllers\Login.php on line 49.
 1 APPPATH\Controllers\Login.php(49): CodeIgniter\Debug\Exceptions->errorHandler(2, 'Undefined property: stdClass::$role_id', 'APPPATH\\Controllers\\Login.php', 49)
 2 SYSTEMPATH\CodeIgniter.php(925): App\Controllers\Login->login()
 3 SYSTEMPATH\CodeIgniter.php(480): CodeIgniter\CodeIgniter->runController(Object(App\Controllers\Login))
 4 SYSTEMPATH\CodeIgniter.php(349): CodeIgniter\CodeIgniter->handleRequest(null, Object(Config\Cache), false)
 5 FCPATH\index.php(67): CodeIgniter\CodeIgniter->run()
CRITICAL - 2023-12-19 11:42:35 --> Undefined variable $userData
in APPPATH\Views\common\baselayout.php on line 311.
 1 APPPATH\Views\common\baselayout.php(311): CodeIgniter\Debug\Exceptions->errorHandler(2, 'Undefined variable $userData', 'APPPATH\\Views\\common\\baselayout.php', 311)
 2 SYSTEMPATH\View\View.php(213): include('APPPATH\\Views\\common\\baselayout.php')
 3 SYSTEMPATH\View\View.php(216): CodeIgniter\View\View->CodeIgniter\View\{closure}()
 4 SYSTEMPATH\View\View.php(229): CodeIgniter\View\View->render('App\\Views\\common\\baselayout', [], true)
 5 SYSTEMPATH\Common.php(1135): CodeIgniter\View\View->render('common/home', [], true)
 6 APPPATH\Controllers\Home.php(20): view('common/home', [...])
 7 SYSTEMPATH\CodeIgniter.php(925): App\Controllers\Home->home()
 8 SYSTEMPATH\CodeIgniter.php(480): CodeIgniter\CodeIgniter->runController(Object(App\Controllers\Home))
 9 SYSTEMPATH\CodeIgniter.php(349): CodeIgniter\CodeIgniter->handleRequest(null, Object(Config\Cache), false)
10 FCPATH\index.php(67): CodeIgniter\CodeIgniter->run()
CRITICAL - 2023-12-19 12:38:23 --> Undefined property: stdClass::$assign_group
in APPPATH\Views\UserManagementView\AddUser.php on line 189.
 1 APPPATH\Views\UserManagementView\AddUser.php(189): CodeIgniter\Debug\Exceptions->errorHandler(2, 'Undefined property: stdClass::$assign_group', 'APPPATH\\Views\\UserManagementView\\AddUser.php', 189)
 2 SYSTEMPATH\View\View.php(213): include('APPPATH\\Views\\UserManagementView\\AddUser.php')
 3 SYSTEMPATH\View\View.php(216): CodeIgniter\View\View->CodeIgniter\View\{closure}()
 4 SYSTEMPATH\Common.php(1135): CodeIgniter\View\View->render('UserManagementView/AddUser', [], true)
 5 APPPATH\Controllers\UserManagementController.php(116): view('UserManagementView/AddUser', [...])
 6 SYSTEMPATH\CodeIgniter.php(925): App\Controllers\UserManagementController->getuserlisttoadd()
 7 SYSTEMPATH\CodeIgniter.php(480): CodeIgniter\CodeIgniter->runController(Object(App\Controllers\UserManagementController))
 8 SYSTEMPATH\CodeIgniter.php(349): CodeIgniter\CodeIgniter->handleRequest(null, Object(Config\Cache), false)
 9 FCPATH\index.php(67): CodeIgniter\CodeIgniter->run()
